[2025-10-04T04:38:51.389Z] [ERROR] Admin token verification error | {"error":"Access token verification failed: jwt expired","tokenPrefix":"eyJhbGciOiJIUzI1NiIs...","endpoint":"/api/admin/dashboard"}
[2025-10-04T05:28:58.873Z] [ERROR] Error sending OneSignal notification to vendor | {"error":"Request failed with status code 403","vendorId":"68e0ae0d22166485e08dfd71","title":"🔧 New Service Booking Assigned","response":{"errors":["Access denied.  Please include an 'Authorization: ...' header with a valid API key (https://documentation.onesignal.com/docs/accounts-and-keys)."]}}
[2025-10-04T05:28:58.874Z] [ERROR] Error sending task assignment notification | {"error":"Request failed with status code 403","vendorId":"68e0ae0d22166485e08dfd71","taskType":"booking","taskId":"68dfabea6370e2deef8239fc"}
[2025-10-04T05:28:58.875Z] [ERROR] Failed to send booking push notification via OneSignal | {"error":"Request failed with status code 403","vendorId":"920","bookingId":"68dfabea6370e2deef8239fc"}
[2025-10-04T05:29:01.841Z] [ERROR] Error sending task assignment SMS | {"vendorId":"68e0ae0d22166485e08dfd71","vendorPhone":"7610416911","taskType":"booking","error":"smsService.sendSMS is not a function"}
[2025-10-04T05:37:16.614Z] [ERROR] Error sending OneSignal notification to vendor | {"error":"Request failed with status code 403","vendorId":"68e0ae0d22166485e08dfd71","title":"🔧 New Service Booking Assigned","response":{"errors":["Access denied.  Please include an 'Authorization: ...' header with a valid API key (https://documentation.onesignal.com/docs/accounts-and-keys)."]}}
[2025-10-04T05:37:16.616Z] [ERROR] Error sending task assignment notification | {"error":"Request failed with status code 403","vendorId":"68e0ae0d22166485e08dfd71","taskType":"booking","taskId":"68dfac046370e2deef823a0c"}
[2025-10-04T05:37:16.618Z] [ERROR] Failed to send booking push notification via OneSignal | {"error":"Request failed with status code 403","vendorId":"920","bookingId":"68dfac046370e2deef823a0c"}
[2025-10-04T05:37:19.741Z] [ERROR] Error sending task assignment SMS | {"vendorId":"68e0ae0d22166485e08dfd71","vendorPhone":"7610416911","taskType":"booking","error":"smsService.sendSMS is not a function"}
[2025-10-04T05:53:56.889Z] [ERROR] Error sending OneSignal notification to vendor | {"error":"Request failed with status code 403","vendorId":"68e0ae0d22166485e08dfd71","title":"🔧 New Service Booking Assigned","response":{"errors":["Access denied.  Please include an 'Authorization: ...' header with a valid API key (https://documentation.onesignal.com/docs/accounts-and-keys)."]}}
[2025-10-04T05:53:56.891Z] [ERROR] Error sending task assignment notification | {"error":"Request failed with status code 403","vendorId":"68e0ae0d22166485e08dfd71","taskType":"booking","taskId":"68dfac226370e2deef823a1d"}
[2025-10-04T05:53:56.896Z] [ERROR] Failed to send booking push notification via OneSignal | {"error":"Request failed with status code 403","vendorId":"920","bookingId":"68dfac226370e2deef823a1d"}
[2025-10-04T05:54:00.597Z] [ERROR] Error sending task assignment SMS | {"vendorId":"68e0ae0d22166485e08dfd71","vendorPhone":"7610416911","taskType":"booking","error":"smsService.sendSMS is not a function"}
[2025-10-04T05:57:14.165Z] [ERROR] Error sending OneSignal notification to vendor | {"error":"Request failed with status code 403","vendorId":"68e0ae0d22166485e08dfd71","title":"🧪 Test Notification","response":{"errors":["Access denied.  Please include an 'Authorization: ...' header with a valid API key (https://documentation.onesignal.com/docs/accounts-and-keys)."]}}
[2025-10-04T05:58:51.124Z] [ERROR] Error sending OneSignal notification to vendor | {"error":"Request failed with status code 400","vendorId":"68e0ae0d22166485e08dfd71","title":"🧪 Test Notification","response":{"errors":["target_channel must be specified when using targeting by alias"]}}
[2025-10-04T07:39:01.236Z] [ERROR] Error sending push notification for booking assignment:
[2025-10-04T07:39:05.235Z] [ERROR] Error sending task assignment SMS | {"vendorId":"68e0ae0d22166485e08dfd71","vendorPhone":"7610416911","taskType":"booking","error":"smsService.sendSMS is not a function"}
[2025-10-04T07:42:44.014Z] [ERROR] Admin token verification error | {"error":"Access token verification failed: jwt expired","tokenPrefix":"eyJhbGciOiJIUzI1NiIs...","endpoint":"/api/admin/bookings/68dfac046370e2deef823a0c/assign-vendor"}
[2025-10-04T07:43:49.777Z] [ERROR] Error in sendPushToVendor: | {"stringValue":"\"920\"","valueType":"string","kind":"ObjectId","value":"920","path":"vendorId","reason":{},"name":"CastError","message":"Cast to ObjectId failed for value \"920\" (type string) at path \"vendorId\" for model \"Subscription\""}
[2025-10-04T07:43:49.784Z] [ERROR] Error sending push notification for booking assignment: | {"stringValue":"\"920\"","valueType":"string","kind":"ObjectId","value":"920","path":"vendorId","reason":{},"name":"CastError","message":"Cast to ObjectId failed for value \"920\" (type string) at path \"vendorId\" for model \"Subscription\""}
[2025-10-04T07:43:52.916Z] [ERROR] Error sending task assignment SMS | {"vendorId":"68e0ae0d22166485e08dfd71","vendorPhone":"7610416911","taskType":"booking","error":"smsService.sendSMS is not a function"}
[2025-10-04T07:45:41.368Z] [ERROR] Error sending push notification to subscription 68e0cf904708226dcc26bf9d: | {"name":"WebPushError","message":"Received unexpected response code","statusCode":410,"headers":{"content-security-policy-report-only":"script-src 'none'; form-action 'none'; frame-src 'none'; report-uri https://csp.withgoogle.com/csp/goa-520bfc14_2","content-type":"text/plain; charset=utf-8","cross-origin-opener-policy":"same-origin","vary":"Sec-Fetch-Site, Sec-Fetch-Mode, Sec-Fetch-Dest","x-content-type-options":"nosniff","x-frame-options":"SAMEORIGIN","x-xss-protection":"0","date":"Sat, 04 Oct 2025 07:45:41 GMT","content-length":"47","alt-svc":"h3=\":443\"; ma=2592000,h3-29=\":443\"; ma=2592000"},"body":"push subscription has unsubscribed or expired.\n","endpoint":"https://fcm.googleapis.com/fcm/send/cTvCjTiCE10:APA91bEX5NoAXBsowB9Ha9LVyQ8D1_sszALT69wmbfROWKGC0WFrgFXcUKOjDblhiY4uSe9f4pC6MTv9TAmW8FAol77AqHsTC0-8SImJ9phj9-jPObg6mquxhJY7-fw6EmxC8IT__tjr"}
[2025-10-04T07:47:47.383Z] [ERROR] Error in sendPushToVendor: | {"stringValue":"\"920\"","valueType":"string","kind":"ObjectId","value":"920","path":"vendorId","reason":{},"name":"CastError","message":"Cast to ObjectId failed for value \"920\" (type string) at path \"vendorId\" for model \"Subscription\""}
[2025-10-04T07:47:47.393Z] [ERROR] Error sending push notification for booking assignment: | {"stringValue":"\"920\"","valueType":"string","kind":"ObjectId","value":"920","path":"vendorId","reason":{},"name":"CastError","message":"Cast to ObjectId failed for value \"920\" (type string) at path \"vendorId\" for model \"Subscription\""}
[2025-10-04T07:53:27.363Z] [ERROR] Error in sendPushToVendor: | {"stringValue":"\"920\"","valueType":"string","kind":"ObjectId","value":"920","path":"vendorId","reason":{},"name":"CastError","message":"Cast to ObjectId failed for value \"920\" (type string) at path \"vendorId\" for model \"Subscription\""}
[2025-10-04T07:53:27.368Z] [ERROR] Error sending push notification for booking assignment: | {"stringValue":"\"920\"","valueType":"string","kind":"ObjectId","value":"920","path":"vendorId","reason":{},"name":"CastError","message":"Cast to ObjectId failed for value \"920\" (type string) at path \"vendorId\" for model \"Subscription\""}
[2025-10-04T07:53:30.574Z] [ERROR] Error sending task assignment SMS | {"vendorId":"68e0ae0d22166485e08dfd71","vendorPhone":"7610416911","taskType":"booking","error":"smsService.sendSMS is not a function"}
[2025-10-04T07:55:56.849Z] [ERROR] Error in sendPushToVendor: | {"stringValue":"\"920\"","valueType":"string","kind":"ObjectId","value":"920","path":"vendorId","reason":{},"name":"CastError","message":"Cast to ObjectId failed for value \"920\" (type string) at path \"vendorId\" for model \"Subscription\""}
[2025-10-04T07:55:56.853Z] [ERROR] Error sending push notification for booking assignment: | {"stringValue":"\"920\"","valueType":"string","kind":"ObjectId","value":"920","path":"vendorId","reason":{},"name":"CastError","message":"Cast to ObjectId failed for value \"920\" (type string) at path \"vendorId\" for model \"Subscription\""}
[2025-10-04T07:55:59.900Z] [ERROR] Error sending task assignment SMS | {"vendorId":"68e0ae0d22166485e08dfd71","vendorPhone":"7610416911","taskType":"booking","error":"smsService.sendSMS is not a function"}
[2025-10-04T07:58:38.832Z] [ERROR] Error sending push notification to subscription 68e0d05aee07dba83b1c25d2: | {"name":"WebPushError","message":"Received unexpected response code","statusCode":410,"headers":{"content-security-policy-report-only":"script-src 'none'; form-action 'none'; frame-src 'none'; report-uri https://csp.withgoogle.com/csp/goa-520bfc14_2","content-type":"text/plain; charset=utf-8","cross-origin-opener-policy":"same-origin","vary":"Sec-Fetch-Site, Sec-Fetch-Mode, Sec-Fetch-Dest","x-content-type-options":"nosniff","x-frame-options":"SAMEORIGIN","x-xss-protection":"0","date":"Sat, 04 Oct 2025 07:58:38 GMT","content-length":"47","alt-svc":"h3=\":443\"; ma=2592000,h3-29=\":443\"; ma=2592000"},"body":"push subscription has unsubscribed or expired.\n","endpoint":"https://fcm.googleapis.com/fcm/send/co91t33jW8c:APA91bHPwGgkRpHYGZd2x52WBBzCg3HVfCiYot1C7klrkX13guCDkv2hItIUR1S6KAoLlb4eVZboFF3jswTyeDP0Wjv9rDH1jnUYh7j2SSt7npzUDqGvBjeEWeutpq9oPpxpREOLrrzF"}
[2025-10-04T07:59:21.442Z] [ERROR] Error in sendPushToVendor: | {"stringValue":"\"920\"","valueType":"string","kind":"ObjectId","value":"920","path":"vendorId","reason":{},"name":"CastError","message":"Cast to ObjectId failed for value \"920\" (type string) at path \"vendorId\" for model \"Subscription\""}
[2025-10-04T07:59:21.446Z] [ERROR] Error sending push notification for booking assignment: | {"stringValue":"\"920\"","valueType":"string","kind":"ObjectId","value":"920","path":"vendorId","reason":{},"name":"CastError","message":"Cast to ObjectId failed for value \"920\" (type string) at path \"vendorId\" for model \"Subscription\""}
[2025-10-04T07:59:24.834Z] [ERROR] Error sending task assignment SMS | {"vendorId":"68e0ae0d22166485e08dfd71","vendorPhone":"7610416911","taskType":"booking","error":"smsService.sendSMS is not a function"}
[2025-10-04T08:02:05.802Z] [ERROR] Error in sendPushToVendor: | {"stringValue":"\"920\"","valueType":"string","kind":"ObjectId","value":"920","path":"vendorId","reason":{},"name":"CastError","message":"Cast to ObjectId failed for value \"920\" (type string) at path \"vendorId\" for model \"Subscription\""}
[2025-10-04T08:02:06.209Z] [ERROR] ❌ Error sending push notification for booking assignment: | {"stringValue":"\"920\"","valueType":"string","kind":"ObjectId","value":"920","path":"vendorId","reason":{},"name":"CastError","message":"Cast to ObjectId failed for value \"920\" (type string) at path \"vendorId\" for model \"Subscription\""}
[2025-10-04T08:03:05.556Z] [ERROR] Error in sendPushToVendor: | {"stringValue":"\"920\"","valueType":"string","kind":"ObjectId","value":"920","path":"vendorId","reason":{},"name":"CastError","message":"Cast to ObjectId failed for value \"920\" (type string) at path \"vendorId\" for model \"Subscription\""}
[2025-10-04T08:03:05.563Z] [ERROR] ❌ Error sending push notification for booking assignment: | {"stringValue":"\"920\"","valueType":"string","kind":"ObjectId","value":"920","path":"vendorId","reason":{},"name":"CastError","message":"Cast to ObjectId failed for value \"920\" (type string) at path \"vendorId\" for model \"Subscription\""}
[2025-10-04T08:03:08.707Z] [ERROR] Error sending task assignment SMS | {"vendorId":"68e0ae0d22166485e08dfd71","vendorPhone":"7610416911","taskType":"booking","error":"smsService.sendSMS is not a function"}
[2025-10-04T08:04:28.132Z] [ERROR] Error in sendPushToVendor: | {"stringValue":"\"920\"","valueType":"string","kind":"ObjectId","value":"920","path":"vendorId","reason":{},"name":"CastError","message":"Cast to ObjectId failed for value \"920\" (type string) at path \"vendorId\" for model \"Subscription\""}
[2025-10-04T08:04:28.137Z] [ERROR] ❌ Error sending push notification for booking assignment: | {"stringValue":"\"920\"","valueType":"string","kind":"ObjectId","value":"920","path":"vendorId","reason":{},"name":"CastError","message":"Cast to ObjectId failed for value \"920\" (type string) at path \"vendorId\" for model \"Subscription\""}
[2025-10-04T08:04:31.234Z] [ERROR] Error sending task assignment SMS | {"vendorId":"68e0ae0d22166485e08dfd71","vendorPhone":"7610416911","taskType":"booking","error":"smsService.sendSMS is not a function"}
[2025-10-04T08:07:15.041Z] [ERROR] Error in sendPushToVendor: | {"stringValue":"\"920\"","valueType":"string","kind":"ObjectId","value":"920","path":"vendorId","reason":{},"name":"CastError","message":"Cast to ObjectId failed for value \"920\" (type string) at path \"vendorId\" for model \"Subscription\""}
[2025-10-04T08:07:15.047Z] [ERROR] ❌ Error sending push notification for booking assignment: | {"stringValue":"\"920\"","valueType":"string","kind":"ObjectId","value":"920","path":"vendorId","reason":{},"name":"CastError","message":"Cast to ObjectId failed for value \"920\" (type string) at path \"vendorId\" for model \"Subscription\""}
[2025-10-04T08:07:18.389Z] [ERROR] Error sending task assignment SMS | {"vendorId":"68e0ae0d22166485e08dfd71","vendorPhone":"7610416911","taskType":"booking","error":"smsService.sendSMS is not a function"}
[2025-10-04T08:09:00.172Z] [ERROR] Error sending push notification to subscription 68e0d3355632c71c9340cb6e: | {"name":"WebPushError","message":"Received unexpected response code","statusCode":410,"headers":{"content-security-policy-report-only":"script-src 'none'; form-action 'none'; frame-src 'none'; report-uri https://csp.withgoogle.com/csp/goa-520bfc14_2","content-type":"text/plain; charset=utf-8","cross-origin-opener-policy":"same-origin","vary":"Sec-Fetch-Site, Sec-Fetch-Mode, Sec-Fetch-Dest","x-content-type-options":"nosniff","x-frame-options":"SAMEORIGIN","x-xss-protection":"0","date":"Sat, 04 Oct 2025 08:08:59 GMT","content-length":"47","alt-svc":"h3=\":443\"; ma=2592000,h3-29=\":443\"; ma=2592000"},"body":"push subscription has unsubscribed or expired.\n","endpoint":"https://fcm.googleapis.com/fcm/send/eON9NhRVh7I:APA91bExUVN2ivR1PpZTr0AmAybj2TFL_4pE7h4oj5XoPGejHEgBt1s_Q-Ckrz2JFFNaMPmWbFuvJ1m671YenOi61A9vDTJjnBYICLZOSjt_71reAXiNH3PVX3OeHJp1xBLlIiPVluIT"}
[2025-10-04T08:13:51.073Z] [ERROR] Error in sendPushToVendor: | {"stringValue":"\"990\"","valueType":"string","kind":"ObjectId","value":"990","path":"vendorId","reason":{},"name":"CastError","message":"Cast to ObjectId failed for value \"990\" (type string) at path \"vendorId\" for model \"Subscription\""}
[2025-10-04T08:13:51.078Z] [ERROR] ❌ Error sending push notification for booking assignment: | {"stringValue":"\"990\"","valueType":"string","kind":"ObjectId","value":"990","path":"vendorId","reason":{},"name":"CastError","message":"Cast to ObjectId failed for value \"990\" (type string) at path \"vendorId\" for model \"Subscription\""}
[2025-10-04T08:13:54.141Z] [ERROR] Error sending task assignment SMS | {"vendorId":"68e0d6a869faeeee6c95d758","vendorPhone":"7610416911","taskType":"booking","error":"smsService.sendSMS is not a function"}
[2025-10-04T08:16:42.538Z] [ERROR] Error in sendPushToVendor: | {"stringValue":"\"990\"","valueType":"string","kind":"ObjectId","value":"990","path":"vendorId","reason":{},"name":"CastError","message":"Cast to ObjectId failed for value \"990\" (type string) at path \"vendorId\" for model \"Subscription\""}
[2025-10-04T08:16:42.542Z] [ERROR] ❌ Error sending push notification for booking assignment: | {"stringValue":"\"990\"","valueType":"string","kind":"ObjectId","value":"990","path":"vendorId","reason":{},"name":"CastError","message":"Cast to ObjectId failed for value \"990\" (type string) at path \"vendorId\" for model \"Subscription\""}
[2025-10-04T08:16:45.704Z] [ERROR] Error sending task assignment SMS | {"vendorId":"68e0d6a869faeeee6c95d758","vendorPhone":"7610416911","taskType":"booking","error":"smsService.sendSMS is not a function"}
[2025-10-04T08:17:32.918Z] [ERROR] Error in sendPushToVendor: | {"stringValue":"\"990\"","valueType":"string","kind":"ObjectId","value":"990","path":"vendorId","reason":{},"name":"CastError","message":"Cast to ObjectId failed for value \"990\" (type string) at path \"vendorId\" for model \"Subscription\""}
[2025-10-04T08:17:32.942Z] [ERROR] ❌ Error sending push notification for booking assignment: | {"stringValue":"\"990\"","valueType":"string","kind":"ObjectId","value":"990","path":"vendorId","reason":{},"name":"CastError","message":"Cast to ObjectId failed for value \"990\" (type string) at path \"vendorId\" for model \"Subscription\""}
[2025-10-04T08:17:36.565Z] [ERROR] Error sending task assignment SMS | {"vendorId":"68e0d6a869faeeee6c95d758","vendorPhone":"7610416911","taskType":"booking","error":"smsService.sendSMS is not a function"}
[2025-10-04T08:21:37.672Z] [ERROR] Error in sendPushToVendor: | {"stringValue":"\"990\"","valueType":"string","kind":"ObjectId","value":"990","path":"vendorId","reason":{},"name":"CastError","message":"Cast to ObjectId failed for value \"990\" (type string) at path \"vendorId\" for model \"Subscription\""}
[2025-10-04T08:21:37.679Z] [ERROR] ❌ Error sending push notification for booking assignment: | {"stringValue":"\"990\"","valueType":"string","kind":"ObjectId","value":"990","path":"vendorId","reason":{},"name":"CastError","message":"Cast to ObjectId failed for value \"990\" (type string) at path \"vendorId\" for model \"Subscription\""}
[2025-10-04T08:21:41.032Z] [ERROR] Error sending task assignment SMS | {"vendorId":"68e0d6a869faeeee6c95d758","vendorPhone":"7610416911","taskType":"booking","error":"smsService.sendSMS is not a function"}
[2025-10-04T08:25:48.552Z] [ERROR] Error in sendPushToVendor: | {"stringValue":"\"990\"","valueType":"string","kind":"ObjectId","value":"990","path":"vendorId","reason":{},"name":"CastError","message":"Cast to ObjectId failed for value \"990\" (type string) at path \"vendorId\" for model \"Subscription\""}
[2025-10-04T08:25:48.562Z] [ERROR] ❌ Error sending push notification for booking assignment: | {"stringValue":"\"990\"","valueType":"string","kind":"ObjectId","value":"990","path":"vendorId","reason":{},"name":"CastError","message":"Cast to ObjectId failed for value \"990\" (type string) at path \"vendorId\" for model \"Subscription\""}
[2025-10-04T08:25:51.679Z] [ERROR] Error sending task assignment SMS | {"vendorId":"68e0d6a869faeeee6c95d758","vendorPhone":"7610416911","taskType":"booking","error":"smsService.sendSMS is not a function"}
[2025-10-04T08:26:26.188Z] [ERROR] Error in sendPushToVendor: | {"stringValue":"\"990\"","valueType":"string","kind":"ObjectId","value":"990","path":"vendorId","reason":{},"name":"CastError","message":"Cast to ObjectId failed for value \"990\" (type string) at path \"vendorId\" for model \"Subscription\""}
[2025-10-04T08:26:26.193Z] [ERROR] ❌ Error sending push notification for booking assignment: | {"stringValue":"\"990\"","valueType":"string","kind":"ObjectId","value":"990","path":"vendorId","reason":{},"name":"CastError","message":"Cast to ObjectId failed for value \"990\" (type string) at path \"vendorId\" for model \"Subscription\""}
[2025-10-04T08:26:29.223Z] [ERROR] Error sending task assignment SMS | {"vendorId":"68e0d6a869faeeee6c95d758","vendorPhone":"7610416911","taskType":"booking","error":"smsService.sendSMS is not a function"}
[2025-10-04T08:31:10.881Z] [ERROR] Error sending push notification to admin subscription 68e0db4eaf97503afb4d5dd1:
[2025-10-04T08:35:48.482Z] [ERROR] Error in sendPushToVendor: | {"stringValue":"\"990\"","valueType":"string","kind":"ObjectId","value":"990","path":"vendorId","reason":{},"name":"CastError","message":"Cast to ObjectId failed for value \"990\" (type string) at path \"vendorId\" for model \"Subscription\""}
[2025-10-04T08:35:48.487Z] [ERROR] ❌ Error sending push notification for booking assignment: | {"stringValue":"\"990\"","valueType":"string","kind":"ObjectId","value":"990","path":"vendorId","reason":{},"name":"CastError","message":"Cast to ObjectId failed for value \"990\" (type string) at path \"vendorId\" for model \"Subscription\""}
[2025-10-04T08:35:51.769Z] [ERROR] Error sending task assignment SMS | {"vendorId":"68e0d6a869faeeee6c95d758","vendorPhone":"7610416911","taskType":"booking","error":"smsService.sendSMS is not a function"}
[2025-10-04T08:36:49.424Z] [ERROR] Error sending push notification to admin subscription 68e0db4eaf97503afb4d5dd1:
[2025-10-04T08:38:38.940Z] [ERROR] Error sending push notification to admin subscription 68e0db4eaf97503afb4d5dd1:
[2025-10-04T08:39:48.298Z] [ERROR] Error sending push notification to admin subscription 68e0db4eaf97503afb4d5dd1:
[2025-10-04T08:43:48.414Z] [ERROR] Error in sendPushToVendor: | {"stringValue":"\"990\"","valueType":"string","kind":"ObjectId","value":"990","path":"vendorId","reason":{},"name":"CastError","message":"Cast to ObjectId failed for value \"990\" (type string) at path \"vendorId\" for model \"Subscription\""}
[2025-10-04T08:43:48.421Z] [ERROR] ❌ Error sending push notification for booking assignment: | {"stringValue":"\"990\"","valueType":"string","kind":"ObjectId","value":"990","path":"vendorId","reason":{},"name":"CastError","message":"Cast to ObjectId failed for value \"990\" (type string) at path \"vendorId\" for model \"Subscription\""}
[2025-10-04T08:43:51.898Z] [ERROR] Error sending task assignment SMS | {"vendorId":"68e0d6a869faeeee6c95d758","vendorPhone":"7610416911","taskType":"booking","error":"smsService.sendSMS is not a function"}
[2025-10-04T08:48:31.068Z] [ERROR] Error in sendPushToVendor: | {"stringValue":"\"990\"","valueType":"string","kind":"ObjectId","value":"990","path":"vendorId","reason":{},"name":"CastError","message":"Cast to ObjectId failed for value \"990\" (type string) at path \"vendorId\" for model \"Subscription\""}
[2025-10-04T08:48:31.080Z] [ERROR] ❌ Error sending push notification for booking assignment: | {"stringValue":"\"990\"","valueType":"string","kind":"ObjectId","value":"990","path":"vendorId","reason":{},"name":"CastError","message":"Cast to ObjectId failed for value \"990\" (type string) at path \"vendorId\" for model \"Subscription\""}
[2025-10-04T08:48:34.310Z] [ERROR] Error sending task assignment SMS | {"vendorId":"68e0d6a869faeeee6c95d758","vendorPhone":"7610416911","taskType":"booking","error":"smsService.sendSMS is not a function"}
[2025-10-04T08:52:27.326Z] [ERROR] Error in sendPushToVendor: | {"stringValue":"\"990\"","valueType":"string","kind":"ObjectId","value":"990","path":"vendorId","reason":{},"name":"CastError","message":"Cast to ObjectId failed for value \"990\" (type string) at path \"vendorId\" for model \"Subscription\""}
[2025-10-04T08:52:27.329Z] [ERROR] ❌ Error sending push notification for booking assignment: | {"stringValue":"\"990\"","valueType":"string","kind":"ObjectId","value":"990","path":"vendorId","reason":{},"name":"CastError","message":"Cast to ObjectId failed for value \"990\" (type string) at path \"vendorId\" for model \"Subscription\""}
[2025-10-04T08:52:30.577Z] [ERROR] Error sending task assignment SMS | {"vendorId":"68e0d6a869faeeee6c95d758","vendorPhone":"7610416911","taskType":"booking","error":"smsService.sendSMS is not a function"}
[2025-10-04T08:57:21.009Z] [ERROR] Token verification failed | {"error":"jwt malformed","tokenPrefix":"null...","tokenLength":4,"endpoint":"/api/push/subscribe"}
[2025-10-04T08:58:19.236Z] [ERROR] ❌ Error sending push notification for booking assignment:
[2025-10-04T08:58:22.615Z] [ERROR] Error sending task assignment SMS | {"vendorId":"68e0d6a869faeeee6c95d758","vendorPhone":"7610416911","taskType":"booking","error":"smsService.sendSMS is not a function"}
[2025-10-04T09:00:34.682Z] [ERROR] Error sending push notification to subscription 68e0e1b20e77af2b6bd43088: | {"name":"WebPushError","message":"Received unexpected response code","statusCode":410,"headers":{"content-security-policy-report-only":"script-src 'none'; form-action 'none'; frame-src 'none'; report-uri https://csp.withgoogle.com/csp/goa-520bfc14_2","content-type":"text/plain; charset=utf-8","cross-origin-opener-policy":"same-origin","vary":"Sec-Fetch-Site, Sec-Fetch-Mode, Sec-Fetch-Dest","x-content-type-options":"nosniff","x-frame-options":"SAMEORIGIN","x-xss-protection":"0","date":"Sat, 04 Oct 2025 09:00:34 GMT","content-length":"47","alt-svc":"h3=\":443\"; ma=2592000,h3-29=\":443\"; ma=2592000"},"body":"push subscription has unsubscribed or expired.\n","endpoint":"https://fcm.googleapis.com/fcm/send/eCU9mQlXqwU:APA91bEdGMG_OTWkzkrn6P7J6IY21wjjM-ABCaz-5S8aFg_UQD6hl9Bs3xSqyQq-gKdXGJ-QS2uFeSksqCAqTtEQGgiAOIcWIQgpKVeKwCEBXuSTknp4nJW-twYQpbW89z1WyhIoIqp7"}
[2025-10-04T09:00:34.699Z] [ERROR] Error sending push notification to subscription 68e0d7d297691f3a6b7f4d19: | {"name":"WebPushError","message":"Received unexpected response code","statusCode":410,"headers":{"content-security-policy-report-only":"script-src 'none'; form-action 'none'; frame-src 'none'; report-uri https://csp.withgoogle.com/csp/goa-520bfc14_2","content-type":"text/plain; charset=utf-8","cross-origin-opener-policy":"same-origin","vary":"Sec-Fetch-Site, Sec-Fetch-Mode, Sec-Fetch-Dest","x-content-type-options":"nosniff","x-frame-options":"SAMEORIGIN","x-xss-protection":"0","date":"Sat, 04 Oct 2025 09:00:34 GMT","content-length":"47","alt-svc":"h3=\":443\"; ma=2592000,h3-29=\":443\"; ma=2592000"},"body":"push subscription has unsubscribed or expired.\n","endpoint":"https://fcm.googleapis.com/fcm/send/eCqIY-gOki0:APA91bF21v2xGcJK5b0D25UrBn0YzhsND5PK9iY5yP_K8Yu-dGRmq2qxLl71aUZsRq8CjmJQHh30_uVFX1s5X4-Y8oPzCi85buu0pZEtI6LnqyEahrkUacoB15bfixoPFbSUiwTnNJKn"}
[2025-10-04T09:03:28.453Z] [ERROR] ❌ Error sending push notification for booking assignment:
[2025-10-04T09:03:31.624Z] [ERROR] Error sending task assignment SMS | {"vendorId":"68e0d6a869faeeee6c95d758","vendorPhone":"7610416911","taskType":"booking","error":"smsService.sendSMS is not a function"}
[2025-10-04T09:18:27.234Z] [ERROR] ❌ Error sending push notification for booking assignment:
[2025-10-04T09:18:30.856Z] [ERROR] Error sending task assignment SMS | {"vendorId":"68e0d6a869faeeee6c95d758","vendorPhone":"7610416911","taskType":"booking","error":"smsService.sendSMS is not a function"}
[2025-10-04T09:25:23.470Z] [ERROR] ❌ Error sending push notification for booking assignment:
[2025-10-04T09:25:26.691Z] [ERROR] Error sending task assignment SMS | {"vendorId":"68e0d6a869faeeee6c95d758","vendorPhone":"7610416911","taskType":"booking","error":"smsService.sendSMS is not a function"}
[2025-10-04T09:27:30.628Z] [ERROR] ❌ Error sending push notification for booking assignment:
[2025-10-04T09:27:33.797Z] [ERROR] Error sending task assignment SMS | {"vendorId":"68e0d6a869faeeee6c95d758","vendorPhone":"7610416911","taskType":"booking","error":"smsService.sendSMS is not a function"}
[2025-10-04T09:30:59.884Z] [ERROR] Error sending push notification to subscription 68e0d6299294c314cded213b: | {"name":"WebPushError","message":"Received unexpected response code","statusCode":410,"headers":{"content-security-policy-report-only":"script-src 'none'; form-action 'none'; frame-src 'none'; report-uri https://csp.withgoogle.com/csp/goa-520bfc14_2","content-type":"text/plain; charset=utf-8","cross-origin-opener-policy":"same-origin","vary":"Sec-Fetch-Site, Sec-Fetch-Mode, Sec-Fetch-Dest","x-content-type-options":"nosniff","x-frame-options":"SAMEORIGIN","x-xss-protection":"0","date":"Sat, 04 Oct 2025 09:30:59 GMT","content-length":"47","alt-svc":"h3=\":443\"; ma=2592000,h3-29=\":443\"; ma=2592000"},"body":"push subscription has unsubscribed or expired.\n","endpoint":"https://fcm.googleapis.com/fcm/send/eCqIY-gOki0:APA91bF21v2xGcJK5b0D25UrBn0YzhsND5PK9iY5yP_K8Yu-dGRmq2qxLl71aUZsRq8CjmJQHh30_uVFX1s5X4-Y8oPzCi85buu0pZEtI6LnqyEahrkUacoB15bfixoPFbSUiwTnNJKn"}
[2025-10-04T09:32:17.014Z] [ERROR] ❌ Error sending push notification for booking assignment:
[2025-10-04T09:32:20.250Z] [ERROR] Error sending task assignment SMS | {"vendorId":"68e0d6a869faeeee6c95d758","vendorPhone":"7610416911","taskType":"booking","error":"smsService.sendSMS is not a function"}
[2025-10-04T09:39:26.758Z] [ERROR] ❌ Error sending push notification for booking assignment:
[2025-10-04T09:39:30.042Z] [ERROR] Error sending task assignment SMS | {"vendorId":"68e0d6a869faeeee6c95d758","vendorPhone":"7610416911","taskType":"booking","error":"smsService.sendSMS is not a function"}
[2025-10-04T09:40:43.149Z] [ERROR] Error sending push notification to subscription 68e0e1da0e77af2b6bd430ce: | {"name":"WebPushError","message":"Received unexpected response code","statusCode":410,"headers":{"content-security-policy-report-only":"script-src 'none'; form-action 'none'; frame-src 'none'; report-uri https://csp.withgoogle.com/csp/goa-520bfc14_2","content-type":"text/plain; charset=utf-8","cross-origin-opener-policy":"same-origin","vary":"Sec-Fetch-Site, Sec-Fetch-Mode, Sec-Fetch-Dest","x-content-type-options":"nosniff","x-frame-options":"SAMEORIGIN","x-xss-protection":"0","date":"Sat, 04 Oct 2025 09:40:42 GMT","content-length":"47","alt-svc":"h3=\":443\"; ma=2592000,h3-29=\":443\"; ma=2592000"},"body":"push subscription has unsubscribed or expired.\n","endpoint":"https://fcm.googleapis.com/fcm/send/e2QzP4aFHxg:APA91bGw5uf8pjTdX7G0OS3_5wzkld6IbumKLY93n_IE8Ucod2BQcRDfzgKVSw95F-36LmEfoEoHsdFdshyLuRWGiSrvwNz6G4VnHqVLovieih7gvh75YCdIy57BHMcrUOOAXFC2mx91"}
[2025-10-04T09:42:17.341Z] [ERROR] ❌ Error sending push notification for booking assignment:
[2025-10-04T09:42:26.216Z] [ERROR] Error sending task assignment SMS | {"vendorId":"68e0d6a869faeeee6c95d758","vendorPhone":"7610416911","taskType":"booking","error":"smsService.sendSMS is not a function"}
[2025-10-04T09:43:42.792Z] [ERROR] ❌ Error sending push notification for booking assignment:
[2025-10-04T09:43:46.349Z] [ERROR] Error sending task assignment SMS | {"vendorId":"68e0d6a869faeeee6c95d758","vendorPhone":"7610416911","taskType":"booking","error":"smsService.sendSMS is not a function"}
[2025-10-04T10:09:03.764Z] [ERROR] Failed to initialize Firebase Admin SDK: | {"code":"app/invalid-credential","message":"Failed to parse private key: Error: Invalid PEM formatted message."}
[2025-10-04T10:15:12.412Z] [ERROR] Error sending task assignment SMS | {"vendorId":"68e0d6a869faeeee6c95d758","vendorPhone":"7610416911","taskType":"booking","error":"smsService.sendSMS is not a function"}
[2025-10-04T10:19:38.973Z] [ERROR] Error sending task assignment SMS | {"vendorId":"68e0d6a869faeeee6c95d758","vendorPhone":"7610416911","taskType":"booking","error":"smsService.sendSMS is not a function"}
[2025-10-04T10:26:52.829Z] [ERROR] Error sending task assignment SMS | {"vendorId":"68e0d6a869faeeee6c95d758","vendorPhone":"7610416911","taskType":"booking","error":"smsService.sendSMS is not a function"}
[2025-10-04T10:31:36.708Z] [ERROR] Failed to initialize Firebase Admin SDK: | {"code":"app/invalid-credential","message":"Service account object must contain a string \"private_key\" property."}
[2025-10-04T10:34:18.814Z] [ERROR] Failed to initialize Firebase Admin SDK: | {"code":"app/invalid-credential","message":"Service account object must contain a string \"private_key\" property."}
[2025-10-04T10:34:22.119Z] [ERROR] Failed to send push notification: | {"error":"The default Firebase app does not exist. Make sure you call initializeApp() before using any of the Firebase services.","fcmToken":"mock_fcm_token_17595..."}
[2025-10-04T10:34:25.331Z] [ERROR] Error creating support ticket assignment notification: | {"error":"Socket connection establishment was cancelled after 1161","vendorId":"68e0d6a869faeeee6c95d758","ticketId":"TEST-1759574063971"}
[2025-10-04T10:35:06.248Z] [ERROR] Failed to send push notification: | {"error":"Invalid JSON payload received. Unknown name \"icon\" at 'message.notification': Cannot find field.\nInvalid JSON payload received. Unknown name \"badge\" at 'message.notification': Cannot find field.","fcmToken":"mock_fcm_token_17595..."}
[2025-10-04T10:35:07.096Z] [ERROR] Error sending task assignment notification | {"error":"Client must be connected before running operations","vendorId":"68e0d6a869faeeee6c95d758","taskType":"support_ticket","taskId":"TEST-1759574106646"}
[2025-10-04T10:35:07.143Z] [ERROR] Failed to send push notification for support ticket assignment | {"error":"Client must be connected before running operations","stack":"MongoNotConnectedError: Client must be connected before running operations\n    at autoConnect (C:\\Users\\ss\\OneDrive\\Desktop\\CompanyProjects\\Fixifly\\backend\\node_modules\\mongoose\\node_modules\\mongodb\\lib\\operations\\execute_operation.js:95:19)\n    at executeOperation (C:\\Users\\ss\\OneDrive\\Desktop\\CompanyProjects\\Fixifly\\backend\\node_modules\\mongoose\\node_modules\\mongodb\\lib\\operations\\execute_operation.js:38:40)\n    at FindCursor._initialize (C:\\Users\\ss\\OneDrive\\Desktop\\CompanyProjects\\Fixifly\\backend\\node_modules\\mongoose\\node_modules\\mongodb\\lib\\cursor\\find_cursor.js:61:73)\n    at FindCursor.cursorInit (C:\\Users\\ss\\OneDrive\\Desktop\\CompanyProjects\\Fixifly\\backend\\node_modules\\mongoose\\node_modules\\mongodb\\lib\\cursor\\abstract_cursor.js:632:38)\n    at FindCursor.fetchBatch (C:\\Users\\ss\\OneDrive\\Desktop\\CompanyProjects\\Fixifly\\backend\\node_modules\\mongoose\\node_modules\\mongodb\\lib\\cursor\\abstract_cursor.js:666:24)\n    at FindCursor.next (C:\\Users\\ss\\OneDrive\\Desktop\\CompanyProjects\\Fixifly\\backend\\node_modules\\mongoose\\node_modules\\mongodb\\lib\\cursor\\abstract_cursor.js:342:28)\n    at Collection.findOne (C:\\Users\\ss\\OneDrive\\Desktop\\CompanyProjects\\Fixifly\\backend\\node_modules\\mongoose\\node_modules\\mongodb\\lib\\collection.js:277:34)\n    at NativeCollection.<computed> [as findOne] (C:\\Users\\ss\\OneDrive\\Desktop\\CompanyProjects\\Fixifly\\backend\\node_modules\\mongoose\\lib\\drivers\\node-mongodb-native\\collection.js:246:33)\n    at model.Query._findOne (C:\\Users\\ss\\OneDrive\\Desktop\\CompanyProjects\\Fixifly\\backend\\node_modules\\mongoose\\lib\\query.js:2710:45)\n    at model.Query.exec (C:\\Users\\ss\\OneDrive\\Desktop\\CompanyProjects\\Fixifly\\backend\\node_modules\\mongoose\\lib\\query.js:4627:80)","vendorId":"68e0d6a869faeeee6c95d758","ticketId":"TEST-1759574106646"}
[2025-10-04T10:35:43.856Z] [ERROR] Failed to send push notification: | {"error":"The registration token is not a valid FCM registration token","fcmToken":"mock_fcm_token_17595..."}
[2025-10-04T10:41:55.594Z] [ERROR] Error sending task assignment SMS | {"vendorId":"68e0d6a869faeeee6c95d758","vendorPhone":"7610416911","taskType":"booking","error":"smsService.sendSMS is not a function"}
[2025-10-04T10:43:49.225Z] [ERROR] Error creating support ticket assignment notification: | {"error":"Attempted to check out a connection from closed connection pool","vendorId":"990","ticketId":"TEST-1759574627294"}
[2025-10-04T10:54:34.140Z] [ERROR] Failed to send push notification: | {"error":"The registration token is not a valid FCM registration token","fcmToken":"mock_fcm_token_17595..."}
[2025-10-04T10:55:41.407Z] [ERROR] Error sending task assignment SMS | {"vendorId":"68e0d6a869faeeee6c95d758","vendorPhone":"7610416911","taskType":"booking","error":"smsService.sendSMS is not a function"}
[2025-10-04T11:03:14.124Z] [ERROR] Error creating support ticket assignment notification: | {"error":"Attempted to check out a connection from closed connection pool","vendorId":"990","ticketId":"TEST-1759575794078"}
[2025-10-04T11:03:19.222Z] [ERROR] Failed to send push notification: | {"error":"The registration token is not a valid FCM registration token","fcmToken":"mock_fcm_token_17595..."}
[2025-10-04T11:05:02.440Z] [ERROR] Error sending task assignment SMS | {"vendorId":"68e0d6a869faeeee6c95d758","vendorPhone":"7610416911","taskType":"booking","error":"smsService.sendSMS is not a function"}
[2025-10-04T11:05:03.513Z] [ERROR] Failed to send push notification: | {"error":"data must only contain string values","fcmToken":"test_fcm_token_17595..."}
[2025-10-04T11:11:49.957Z] [ERROR] Error creating support ticket assignment notification: | {"error":"Client must be connected before running operations","vendorId":"990","ticketId":"TEST-1759576309926"}
[2025-10-04T11:13:00.727Z] [ERROR] Error sending task assignment SMS | {"vendorId":"68e0d6a869faeeee6c95d758","vendorPhone":"7610416911","taskType":"support_ticket","error":"smsService.sendSMS is not a function"}
[2025-10-04T11:13:01.784Z] [ERROR] Failed to send push notification: | {"error":"The registration token is not a valid FCM registration token","fcmToken":"test_fcm_token_17595..."}
[2025-10-04T11:13:57.542Z] [ERROR] Error sending task assignment SMS | {"vendorId":"68e0d6a869faeeee6c95d758","vendorPhone":"7610416911","taskType":"booking","error":"smsService.sendSMS is not a function"}
[2025-10-04T11:13:58.834Z] [ERROR] Failed to send push notification: | {"error":"data must only contain string values","fcmToken":"test_fcm_token_17595..."}
[2025-10-04T11:16:01.818Z] [ERROR] Error sending task assignment SMS | {"vendorId":"68e0d6a869faeeee6c95d758","vendorPhone":"7610416911","taskType":"booking","error":"smsService.sendSMS is not a function"}
[2025-10-04T11:16:01.860Z] [ERROR] Failed to send push notification: | {"error":"data must only contain string values","fcmToken":"test_fcm_token_17595..."}
[2025-10-04T11:18:09.411Z] [ERROR] Error creating support ticket assignment notification: | {"error":"Client must be connected before running operations","vendorId":"990","ticketId":"TEST-1759576689359"}
[2025-10-04T11:20:47.692Z] [ERROR] Error creating support ticket assignment notification: | {"error":"Client must be connected before running operations","vendorId":"990","ticketId":"TEST-1759576847287"}
[2025-10-04T11:21:48.294Z] [ERROR] Failed to send push notification: | {"error":"data must only contain string values","fcmToken":"test_fcm_token_17595..."}
[2025-10-04T11:28:52.609Z] [ERROR] Error creating booking assignment notification: | {"error":"Attempted to check out a connection from closed connection pool","vendorId":"990","bookingId":"test_booking_1759577332491"}
[2025-10-04T11:29:32.122Z] [ERROR] Failed to send push notification: | {"error":"data must only contain string values","fcmToken":"test_fcm_token_17595..."}
[2025-10-04T11:31:53.310Z] [ERROR] Failed to send push notification: | {"error":"The registration token is not a valid FCM registration token","fcmToken":"test_fcm_token_17595..."}
[2025-10-04T11:40:59.336Z] [ERROR] Failed to send realtime notification: | {"error":"set failed: value argument contains undefined in property 'notifications.990.-Oaj0b84fyZcTJKb0fwx.message'","vendorId":"990"}
[2025-10-04T11:41:01.276Z] [ERROR] Failed to send push notification: | {"error":"The registration token is not a valid FCM registration token","fcmToken":"test_fcm_token_17595..."}
[2025-10-04T11:41:01.281Z] [ERROR] Failed to send realtime notification: | {"error":"set failed: value argument contains undefined in property 'notifications.990.-Oaj0bbUPn83V6qupEua.message'","vendorId":"990"}
[2025-10-04T11:42:12.222Z] [ERROR] Failed to send push notification: | {"error":"The registration token is not a valid FCM registration token","fcmToken":"test_fcm_token_17595..."}
[2025-10-04T11:43:41.937Z] [ERROR] Failed to send push notification: | {"error":"data must only contain string values","fcmToken":"test_fcm_token_17595..."}
[2025-10-04T11:43:41.980Z] [ERROR] Failed to send realtime notification: | {"error":"Can't determine Firebase Database URL.","vendorId":"990"}
[2025-10-04T11:46:44.495Z] [ERROR] Error creating booking assignment notification: | {"error":"Attempted to check out a connection from closed connection pool","vendorId":"990","bookingId":"real_test_booking_1759578404412"}
[2025-10-04T11:48:08.361Z] [ERROR] Error creating booking assignment notification: | {"error":"Attempted to check out a connection from closed connection pool","vendorId":"990","bookingId":"fixed_test_booking_1759578488264"}
[2025-10-04T11:51:23.220Z] [ERROR] Error creating booking assignment notification: | {"error":"Cannot use a session that has ended","vendorId":"990","bookingId":"68e10a392bb34547b8fd6381"}
[2025-10-04T11:52:12.478Z] [ERROR] Error creating booking assignment notification: | {"error":"Topology is closed","vendorId":"990","bookingId":"68e10a6608df0aeaa921a1f7"}
[2025-10-04T12:09:55.241Z] [ERROR] Failed to send push notification: | {"error":"data must only contain string values","fcmToken":"real_fcm_token_17595..."}
[2025-10-04T12:11:49.556Z] [ERROR] Failed to send push notification: | {"error":"The registration token is not a valid FCM registration token","fcmToken":"real_fcm_token_17595..."}
[2025-10-04T12:25:28.403Z] [ERROR] Admin token verification error | {"error":"Access token verification failed: jwt expired","tokenPrefix":"eyJhbGciOiJIUzI1NiIs...","endpoint":"/api/admin/bookings/stats?period=30d"}
[2025-10-04T12:25:28.435Z] [ERROR] Admin token verification error | {"error":"Access token verification failed: jwt expired","tokenPrefix":"eyJhbGciOiJIUzI1NiIs...","endpoint":"/api/admin/vendors?page=1&limit=100"}
[2025-10-04T12:25:28.514Z] [ERROR] Admin token verification error | {"error":"Access token verification failed: jwt expired","tokenPrefix":"eyJhbGciOiJIUzI1NiIs...","endpoint":"/api/admin/bookings?page=1&limit=10&sortBy=createdAt&sortOrder=desc"}
[2025-10-04T18:42:31.382Z] [ERROR] Admin token verification error | {"error":"Access token verification failed: jwt expired","tokenPrefix":"eyJhbGciOiJIUzI1NiIs...","endpoint":"/api/admin/dashboard"}
[2025-10-04T19:20:13.676Z] [ERROR] Failed to send multicast push notification:
[2025-10-04T19:24:31.063Z] [ERROR] Failed to send multicast push notification:
[2025-10-04T19:28:12.181Z] [ERROR] Failed to send multicast push notification:
[2025-10-04T19:31:37.723Z] [ERROR] Failed to initialize Firebase Admin SDK:
[2025-10-04T19:31:37.729Z] [ERROR] Failed to initialize Firebase Admin SDK
[2025-10-04T19:31:56.242Z] [ERROR] Failed to send multicast push notification:
[2025-10-04T19:34:37.232Z] [ERROR] Failed to send realtime notification: | {"error":"Can't determine Firebase Database URL.","vendorId":"572"}
[2025-10-04T20:23:02.909Z] [ERROR] Token verification failed | {"error":"jwt malformed","tokenPrefix":"null...","tokenLength":4,"endpoint":"/api/vendors/update-fcm-token"}
[2025-10-04T20:23:03.918Z] [ERROR] Token verification failed | {"error":"jwt malformed","tokenPrefix":"null...","tokenLength":4,"endpoint":"/api/vendors/update-fcm-token"}
[2025-10-04T20:23:06.782Z] [ERROR] Token verification failed | {"error":"jwt malformed","tokenPrefix":"null...","tokenLength":4,"endpoint":"/api/vendors/update-fcm-token"}
[2025-10-04T20:23:36.429Z] [ERROR] Get vendor profile failed | {"error":"E11000 duplicate key error collection: FixFly.vendorwallets index: transactions.transactionId_1 dup key: { transactions.transactionId: null }","vendorId":"68e18221ec9e8ac7425e0b40"}
