[2025-10-05T08:33:34.370Z] [ERROR] Admin token verification error | {"error":"Access token verification failed: jwt expired","tokenPrefix":"eyJhbGciOiJIUzI1NiIs...","endpoint":"/api/admin/dashboard"}
[2025-10-05T08:33:35.571Z] [ERROR] Admin token verification error | {"error":"Access token verification failed: jwt malformed","tokenPrefix":"null...","endpoint":"/api/admin/update-fcm-token"}
[2025-10-05T08:35:22.283Z] [ERROR] Failed to send realtime notification: | {"error":"Can't determine Firebase Database URL.","vendorId":"625"}
[2025-10-05T08:36:23.268Z] [ERROR] Failed to send realtime notification: | {"error":"Can't determine Firebase Database URL.","vendorId":"625"}
[2025-10-05T09:15:03.817Z] [ERROR] Booking not ready for payment: | {"paymentMode":"online","paymentStatus":"payment_done"}
[2025-10-05T09:34:22.545Z] [ERROR] Error in auto-reject check: | {"errorLabelSet":{},"reason":{"type":"ReplicaSetNoPrimary","servers":{"ac-cj6h43u-shard-00-02.okjqrni.mongodb.net:27017":{"address":"ac-cj6h43u-shard-00-02.okjqrni.mongodb.net:27017","type":"Unknown","hosts":[],"passives":[],"arbiters":[],"tags":{},"minWireVersion":0,"maxWireVersion":0,"roundTripTime":-1,"minRoundTripTime":0,"lastUpdateTime":1700959343,"lastWriteDate":0,"error":{"errorLabelSet":{},"beforeHandshake":false},"topologyVersion":null,"setName":null,"setVersion":null,"electionId":null,"logicalSessionTimeoutMinutes":null,"maxMessageSizeBytes":null,"maxWriteBatchSize":null,"maxBsonObjectSize":null,"primary":null,"me":null,"$clusterTime":null,"iscryptd":false},"ac-cj6h43u-shard-00-00.okjqrni.mongodb.net:27017":{"address":"ac-cj6h43u-shard-00-00.okjqrni.mongodb.net:27017","type":"Unknown","hosts":[],"passives":[],"arbiters":[],"tags":{},"minWireVersion":0,"maxWireVersion":0,"roundTripTime":-1,"minRoundTripTime":0,"lastUpdateTime":1700959437,"lastWriteDate":0,"error":{"errorLabelSet":{},"beforeHandshake":false},"topologyVersion":null,"setName":null,"setVersion":null,"electionId":null,"logicalSessionTimeoutMinutes":null,"maxMessageSizeBytes":null,"maxWriteBatchSize":null,"maxBsonObjectSize":null,"primary":null,"me":null,"$clusterTime":null,"iscryptd":false},"ac-cj6h43u-shard-00-01.okjqrni.mongodb.net:27017":{"address":"ac-cj6h43u-shard-00-01.okjqrni.mongodb.net:27017","type":"RSSecondary","hosts":["ac-cj6h43u-shard-00-00.okjqrni.mongodb.net:27017","ac-cj6h43u-shard-00-01.okjqrni.mongodb.net:27017","ac-cj6h43u-shard-00-02.okjqrni.mongodb.net:27017"],"passives":[],"arbiters":[],"tags":{"provider":"AWS","diskState":"READY","region":"AP_SOUTH_1","workloadType":"OPERATIONAL","availabilityZone":"aps1-az3","nodeType":"ELECTABLE"},"minWireVersion":0,"maxWireVersion":25,"roundTripTime":123.7,"minRoundTripTime":57,"lastUpdateTime":1700920130,"lastWriteDate":{"$date":"2025-10-05T09:33:35Z"},"error":null,"topologyVersion":{"processId":{"$oid":"68e02bde63270514b2b2b060"},"counter":3},"setName":"atlas-11l9dq-shard-0","setVersion":37,"electionId":null,"logicalSessionTimeoutMinutes":30,"maxMessageSizeBytes":48000000,"maxWriteBatchSize":100000,"maxBsonObjectSize":16777216,"primary":"ac-cj6h43u-shard-00-02.okjqrni.mongodb.net:27017","me":"ac-cj6h43u-shard-00-01.okjqrni.mongodb.net:27017","$clusterTime":{"clusterTime":{"$timestamp":{"t":1759656815,"i":1}},"signature":{"hash":{"$binary":{"base64":"P4s25COkpd+fDcRXjEJhMma10Cw=","subType":"00"}},"keyId":7502908597362229000}},"iscryptd":false}},"stale":false,"compatible":true,"heartbeatFrequencyMS":10000,"localThresholdMS":15,"setName":"atlas-11l9dq-shard-0","maxElectionId":{"$oid":"7fffffff0000000000000056"},"maxSetVersion":37,"commonWireVersion":0,"logicalSessionTimeoutMinutes":30}}
[2025-10-05T09:35:03.275Z] [ERROR] Error in auto-reject check: | {"errorLabelSet":{},"reason":{"type":"ReplicaSetNoPrimary","servers":{"ac-cj6h43u-shard-00-02.okjqrni.mongodb.net:27017":{"address":"ac-cj6h43u-shard-00-02.okjqrni.mongodb.net:27017","type":"Unknown","hosts":[],"passives":[],"arbiters":[],"tags":{},"minWireVersion":0,"maxWireVersion":0,"roundTripTime":-1,"minRoundTripTime":0,"lastUpdateTime":1701000092,"lastWriteDate":0,"error":{"errorLabelSet":{},"beforeHandshake":false},"topologyVersion":null,"setName":null,"setVersion":null,"electionId":null,"logicalSessionTimeoutMinutes":null,"maxMessageSizeBytes":null,"maxWriteBatchSize":null,"maxBsonObjectSize":null,"primary":null,"me":null,"$clusterTime":null,"iscryptd":false},"ac-cj6h43u-shard-00-00.okjqrni.mongodb.net:27017":{"address":"ac-cj6h43u-shard-00-00.okjqrni.mongodb.net:27017","type":"Unknown","hosts":[],"passives":[],"arbiters":[],"tags":{},"minWireVersion":0,"maxWireVersion":0,"roundTripTime":-1,"minRoundTripTime":0,"lastUpdateTime":1701000092,"lastWriteDate":0,"error":{"errorLabelSet":{},"beforeHandshake":false},"topologyVersion":null,"setName":null,"setVersion":null,"electionId":null,"logicalSessionTimeoutMinutes":null,"maxMessageSizeBytes":null,"maxWriteBatchSize":null,"maxBsonObjectSize":null,"primary":null,"me":null,"$clusterTime":null,"iscryptd":false},"ac-cj6h43u-shard-00-01.okjqrni.mongodb.net:27017":{"address":"ac-cj6h43u-shard-00-01.okjqrni.mongodb.net:27017","type":"Unknown","hosts":[],"passives":[],"arbiters":[],"tags":{},"minWireVersion":0,"maxWireVersion":0,"roundTripTime":-1,"minRoundTripTime":0,"lastUpdateTime":1701000092,"lastWriteDate":0,"error":{"errorLabelSet":{},"beforeHandshake":false},"topologyVersion":null,"setName":null,"setVersion":null,"electionId":null,"logicalSessionTimeoutMinutes":null,"maxMessageSizeBytes":null,"maxWriteBatchSize":null,"maxBsonObjectSize":null,"primary":null,"me":null,"$clusterTime":null,"iscryptd":false}},"stale":false,"compatible":true,"heartbeatFrequencyMS":10000,"localThresholdMS":15,"setName":"atlas-11l9dq-shard-0","maxElectionId":{"$oid":"7fffffff0000000000000056"},"maxSetVersion":37,"commonWireVersion":0,"logicalSessionTimeoutMinutes":null}}
[2025-10-05T09:36:03.284Z] [ERROR] Error in auto-reject check: | {"errorLabelSet":{},"reason":{"type":"ReplicaSetNoPrimary","servers":{"ac-cj6h43u-shard-00-02.okjqrni.mongodb.net:27017":{"address":"ac-cj6h43u-shard-00-02.okjqrni.mongodb.net:27017","type":"Unknown","hosts":[],"passives":[],"arbiters":[],"tags":{},"minWireVersion":0,"maxWireVersion":0,"roundTripTime":-1,"minRoundTripTime":0,"lastUpdateTime":1701060104,"lastWriteDate":0,"error":{"errorLabelSet":{},"beforeHandshake":false},"topologyVersion":null,"setName":null,"setVersion":null,"electionId":null,"logicalSessionTimeoutMinutes":null,"maxMessageSizeBytes":null,"maxWriteBatchSize":null,"maxBsonObjectSize":null,"primary":null,"me":null,"$clusterTime":null,"iscryptd":false},"ac-cj6h43u-shard-00-00.okjqrni.mongodb.net:27017":{"address":"ac-cj6h43u-shard-00-00.okjqrni.mongodb.net:27017","type":"Unknown","hosts":[],"passives":[],"arbiters":[],"tags":{},"minWireVersion":0,"maxWireVersion":0,"roundTripTime":-1,"minRoundTripTime":0,"lastUpdateTime":1701060105,"lastWriteDate":0,"error":{"errorLabelSet":{},"beforeHandshake":false},"topologyVersion":null,"setName":null,"setVersion":null,"electionId":null,"logicalSessionTimeoutMinutes":null,"maxMessageSizeBytes":null,"maxWriteBatchSize":null,"maxBsonObjectSize":null,"primary":null,"me":null,"$clusterTime":null,"iscryptd":false},"ac-cj6h43u-shard-00-01.okjqrni.mongodb.net:27017":{"address":"ac-cj6h43u-shard-00-01.okjqrni.mongodb.net:27017","type":"Unknown","hosts":[],"passives":[],"arbiters":[],"tags":{},"minWireVersion":0,"maxWireVersion":0,"roundTripTime":-1,"minRoundTripTime":0,"lastUpdateTime":1701060105,"lastWriteDate":0,"error":{"errorLabelSet":{},"beforeHandshake":false},"topologyVersion":null,"setName":null,"setVersion":null,"electionId":null,"logicalSessionTimeoutMinutes":null,"maxMessageSizeBytes":null,"maxWriteBatchSize":null,"maxBsonObjectSize":null,"primary":null,"me":null,"$clusterTime":null,"iscryptd":false}},"stale":false,"compatible":true,"heartbeatFrequencyMS":10000,"localThresholdMS":15,"setName":"atlas-11l9dq-shard-0","maxElectionId":{"$oid":"7fffffff0000000000000056"},"maxSetVersion":37,"commonWireVersion":0,"logicalSessionTimeoutMinutes":null}}
[2025-10-05T09:42:35.113Z] [ERROR] Failed to send realtime notification: | {"error":"Can't determine Firebase Database URL.","vendorId":"625"}
[2025-10-05T11:15:54.527Z] [ERROR] Error in auto-reject check: | {"errorLabelSet":{},"reason":{"type":"ReplicaSetNoPrimary","servers":{"ac-cj6h43u-shard-00-01.okjqrni.mongodb.net:27017":{"address":"ac-cj6h43u-shard-00-01.okjqrni.mongodb.net:27017","type":"Unknown","hosts":[],"passives":[],"arbiters":[],"tags":{},"minWireVersion":0,"maxWireVersion":0,"roundTripTime":-1,"minRoundTripTime":0,"lastUpdateTime":1706716714,"lastWriteDate":0,"error":{"errorLabelSet":{},"beforeHandshake":false},"topologyVersion":null,"setName":null,"setVersion":null,"electionId":null,"logicalSessionTimeoutMinutes":null,"maxMessageSizeBytes":null,"maxWriteBatchSize":null,"maxBsonObjectSize":null,"primary":null,"me":null,"$clusterTime":null,"iscryptd":false},"ac-cj6h43u-shard-00-02.okjqrni.mongodb.net:27017":{"address":"ac-cj6h43u-shard-00-02.okjqrni.mongodb.net:27017","type":"Unknown","hosts":[],"passives":[],"arbiters":[],"tags":{},"minWireVersion":0,"maxWireVersion":0,"roundTripTime":-1,"minRoundTripTime":0,"lastUpdateTime":1706716714,"lastWriteDate":0,"error":{"errorLabelSet":{},"beforeHandshake":false},"topologyVersion":null,"setName":null,"setVersion":null,"electionId":null,"logicalSessionTimeoutMinutes":null,"maxMessageSizeBytes":null,"maxWriteBatchSize":null,"maxBsonObjectSize":null,"primary":null,"me":null,"$clusterTime":null,"iscryptd":false},"ac-cj6h43u-shard-00-00.okjqrni.mongodb.net:27017":{"address":"ac-cj6h43u-shard-00-00.okjqrni.mongodb.net:27017","type":"Unknown","hosts":[],"passives":[],"arbiters":[],"tags":{},"minWireVersion":0,"maxWireVersion":0,"roundTripTime":-1,"minRoundTripTime":0,"lastUpdateTime":1706716715,"lastWriteDate":0,"error":{"errorLabelSet":{},"beforeHandshake":false},"topologyVersion":null,"setName":null,"setVersion":null,"electionId":null,"logicalSessionTimeoutMinutes":null,"maxMessageSizeBytes":null,"maxWriteBatchSize":null,"maxBsonObjectSize":null,"primary":null,"me":null,"$clusterTime":null,"iscryptd":false}},"stale":false,"compatible":true,"heartbeatFrequencyMS":10000,"localThresholdMS":15,"setName":"atlas-11l9dq-shard-0","maxElectionId":{"$oid":"7fffffff0000000000000056"},"maxSetVersion":37,"commonWireVersion":0,"logicalSessionTimeoutMinutes":null}}
[2025-10-05T11:42:17.380Z] [ERROR] Admin token verification error | {"error":"Access token verification failed: jwt expired","tokenPrefix":"eyJhbGciOiJIUzI1NiIs...","endpoint":"/api/admin/bookings?page=1&limit=10&sortBy=createdAt&sortOrder=desc"}
[2025-10-05T11:42:24.043Z] [ERROR] Admin token verification error | {"error":"Access token verification failed: jwt expired","tokenPrefix":"eyJhbGciOiJIUzI1NiIs...","endpoint":"/api/admin/bookings/stats?period=30d"}
[2025-10-05T11:42:24.077Z] [ERROR] Admin token verification error | {"error":"Access token verification failed: jwt expired","tokenPrefix":"eyJhbGciOiJIUzI1NiIs...","endpoint":"/api/admin/vendors?page=1&limit=100"}
[2025-10-05T16:09:53.562Z] [ERROR] Admin token verification error | {"error":"Access token verification failed: jwt expired","tokenPrefix":"eyJhbGciOiJIUzI1NiIs...","endpoint":"/api/admin/dashboard"}
[2025-10-05T16:09:54.733Z] [ERROR] Admin token verification error | {"error":"Access token verification failed: jwt malformed","tokenPrefix":"null...","endpoint":"/api/admin/update-fcm-token"}
[2025-10-05T16:42:37.095Z] [ERROR] Token verification failed | {"error":"jwt malformed","tokenPrefix":"null...","tokenLength":4,"endpoint":"/api/vendors/update-fcm-token"}
[2025-10-05T16:42:40.178Z] [ERROR] Token verification failed | {"error":"jwt malformed","tokenPrefix":"null...","tokenLength":4,"endpoint":"/api/vendors/update-fcm-token"}
[2025-10-05T16:42:43.052Z] [ERROR] Token verification failed | {"error":"jwt malformed","tokenPrefix":"null...","tokenLength":4,"endpoint":"/api/vendors/update-fcm-token"}
[2025-10-05T16:43:00.442Z] [ERROR] Token verification failed | {"error":"jwt malformed","tokenPrefix":"null...","tokenLength":4,"endpoint":"/api/vendors/update-fcm-token"}
[2025-10-05T16:43:02.053Z] [ERROR] Token verification failed | {"error":"jwt malformed","tokenPrefix":"null...","tokenLength":4,"endpoint":"/api/vendors/update-fcm-token"}
[2025-10-05T16:45:18.565Z] [ERROR] Token verification failed | {"error":"jwt malformed","tokenPrefix":"null...","tokenLength":4,"endpoint":"/api/vendors/update-fcm-token"}
[2025-10-05T16:47:05.531Z] [ERROR] Token verification failed | {"error":"jwt malformed","tokenPrefix":"null...","tokenLength":4,"endpoint":"/api/vendors/update-fcm-token"}
[2025-10-05T16:48:55.938Z] [ERROR] Token verification failed | {"error":"jwt malformed","tokenPrefix":"null...","tokenLength":4,"endpoint":"/api/vendors/update-fcm-token"}
[2025-10-05T16:49:12.174Z] [ERROR] Token verification failed | {"error":"jwt malformed","tokenPrefix":"null...","tokenLength":4,"endpoint":"/api/vendors/update-fcm-token"}
[2025-10-05T16:49:42.637Z] [ERROR] Token verification failed | {"error":"jwt malformed","tokenPrefix":"null...","tokenLength":4,"endpoint":"/api/vendors/update-fcm-token"}
[2025-10-05T16:49:58.994Z] [ERROR] Token verification failed | {"error":"jwt malformed","tokenPrefix":"null...","tokenLength":4,"endpoint":"/api/vendors/update-fcm-token"}
[2025-10-05T17:18:29.722Z] [ERROR] Failed to send push notification: | {"error":"Requested entity was not found.","fcmToken":"eHftonwJ6O1DZzsSJqlt..."}
[2025-10-05T17:18:29.849Z] [ERROR] Failed to send realtime notification: | {"error":"Can't determine Firebase Database URL.","vendorId":"68e18221ec9e8ac7425e0b40"}
[2025-10-05T18:22:03.701Z] [ERROR] Failed to send realtime notification: | {"error":"Can't determine Firebase Database URL.","vendorId":"68e18221ec9e8ac7425e0b40"}
[2025-10-05T18:22:50.130Z] [ERROR] Error updating vendor wallet for support ticket completion:
[2025-10-05T18:28:50.966Z] [ERROR] Failed to send realtime notification: | {"error":"Can't determine Firebase Database URL.","vendorId":"68e18221ec9e8ac7425e0b40"}
[2025-10-05T18:32:23.122Z] [ERROR] Error updating vendor wallet for support ticket completion:
[2025-10-05T18:40:40.856Z] [ERROR] Failed to send realtime notification: | {"error":"Can't determine Firebase Database URL.","vendorId":"68e18221ec9e8ac7425e0b40"}
[2025-10-05T18:41:08.961Z] [ERROR] Error updating vendor wallet for support ticket completion:
[2025-10-05T18:59:25.561Z] [ERROR] Failed to send realtime notification: | {"error":"Can't determine Firebase Database URL.","vendorId":"68e2bfa97cfdafbb44758dc4"}
[2025-10-05T18:59:56.855Z] [ERROR] Error updating vendor wallet for support ticket completion:
[2025-10-05T19:00:26.542Z] [ERROR] Support ticket payment verification error: | {"errors":{"paymentStatus":{"name":"ValidatorError","message":"`paid` is not a valid enum value for path `paymentStatus`.","properties":{"message":"`paid` is not a valid enum value for path `paymentStatus`.","type":"enum","enumValues":["pending","collected","failed"],"path":"paymentStatus","value":"paid","length":4},"kind":"enum","path":"paymentStatus","value":"paid"}},"_message":"SupportTicket validation failed","name":"ValidationError","message":"SupportTicket validation failed: paymentStatus: `paid` is not a valid enum value for path `paymentStatus`."}
[2025-10-05T19:03:12.876Z] [ERROR] Failed to send realtime notification: | {"error":"Can't determine Firebase Database URL.","vendorId":"68e2bfa97cfdafbb44758dc4"}
[2025-10-05T19:03:49.424Z] [ERROR] Error updating vendor wallet for support ticket completion:
[2025-10-05T19:09:24.344Z] [ERROR] Failed to send realtime notification: | {"error":"Can't determine Firebase Database URL.","vendorId":"68e2bfa97cfdafbb44758dc4"}
[2025-10-05T19:09:52.504Z] [ERROR] Error updating vendor wallet for support ticket completion:
[2025-10-05T19:18:10.889Z] [ERROR] Failed to send realtime notification: | {"error":"Can't determine Firebase Database URL.","vendorId":"68e2bfa97cfdafbb44758dc4"}
[2025-10-05T19:18:38.781Z] [ERROR] Error updating vendor wallet for support ticket completion:
[2025-10-05T19:34:23.323Z] [ERROR] Failed to send realtime notification: | {"error":"Can't determine Firebase Database URL.","vendorId":"68e2c7ed27879fe5e2c47afb"}
[2025-10-05T19:34:50.021Z] [ERROR] Error updating vendor wallet for support ticket completion:
[2025-10-05T19:47:36.755Z] [ERROR] SMTP connection verification failed: | {"errno":-4077,"code":"ESOCKET","syscall":"read","command":"CONN"}
[2025-10-05T19:55:45.004Z] [ERROR] Admin token verification error | {"error":"Access token verification failed: jwt expired","tokenPrefix":"eyJhbGciOiJIUzI1NiIs...","endpoint":"/api/support-tickets/admin/all?page=1&limit=100&status=all&priority=all"}
[2025-10-05T19:58:14.223Z] [ERROR] Failed to send realtime notification: | {"error":"Can't determine Firebase Database URL.","vendorId":"68e2c7ed27879fe5e2c47afb"}
[2025-10-05T19:59:27.887Z] [ERROR] Error updating vendor wallet for support ticket completion:
[2025-10-05T20:05:19.095Z] [ERROR] Token verification failed | {"error":"jwt malformed","tokenPrefix":"test-token...","tokenLength":10,"endpoint":"/api/vendor/wallet"}
[2025-10-05T20:07:56.921Z] [ERROR] Failed to send realtime notification: | {"error":"Can't determine Firebase Database URL.","vendorId":"68e2c7ed27879fe5e2c47afb"}
[2025-10-05T20:08:30.700Z] [ERROR] Error updating vendor wallet for support ticket completion:
[2025-10-05T20:16:41.780Z] [ERROR] Failed to send realtime notification: | {"error":"Can't determine Firebase Database URL.","vendorId":"68e2c7ed27879fe5e2c47afb"}
[2025-10-05T20:17:27.282Z] [ERROR] Error updating vendor wallet for support ticket completion:
[2025-10-05T20:29:27.745Z] [ERROR] Failed to send realtime notification: | {"error":"Can't determine Firebase Database URL.","vendorId":"68e2c7ed27879fe5e2c47afb"}
[2025-10-05T20:29:55.899Z] [ERROR] Error updating vendor wallet for support ticket completion:
[2025-10-05T20:31:28.393Z] [ERROR] Failed to send realtime notification: | {"error":"Can't determine Firebase Database URL.","vendorId":"68e2c7ed27879fe5e2c47afb"}
[2025-10-05T20:31:56.547Z] [ERROR] Error updating vendor wallet for support ticket completion:
[2025-10-05T20:33:54.150Z] [ERROR] Failed to send realtime notification: | {"error":"Can't determine Firebase Database URL.","vendorId":"68e2c7ed27879fe5e2c47afb"}
[2025-10-05T20:38:49.562Z] [ERROR] Failed to send realtime notification: | {"error":"Can't determine Firebase Database URL.","vendorId":"68e2c7ed27879fe5e2c47afb"}
[2025-10-05T20:42:13.056Z] [ERROR] Failed to send realtime notification: | {"error":"Can't determine Firebase Database URL.","vendorId":"68e2c7ed27879fe5e2c47afb"}
[2025-10-05T21:04:00.829Z] [ERROR] Failed to send realtime notification: | {"error":"Can't determine Firebase Database URL.","vendorId":"68e2c7ed27879fe5e2c47afb"}
[2025-10-05T21:05:56.381Z] [ERROR] Failed to send realtime notification: | {"error":"Can't determine Firebase Database URL.","vendorId":"68e2c7ed27879fe5e2c47afb"}
[2025-10-05T21:30:22.611Z] [ERROR] Failed to send realtime notification: | {"error":"Can't determine Firebase Database URL.","vendorId":"68e2c7ed27879fe5e2c47afb"}
[2025-10-05T21:31:09.951Z] [ERROR] Failed to send realtime notification: | {"error":"Can't determine Firebase Database URL.","vendorId":"68e2c7ed27879fe5e2c47afb"}
[2025-10-05T21:41:33.386Z] [ERROR] Error updating vendor wallet for support ticket completion:
[2025-10-05T21:44:10.855Z] [ERROR] Failed to send realtime notification: | {"error":"Can't determine Firebase Database URL.","vendorId":"68e2c7ed27879fe5e2c47afb"}
[2025-10-05T21:48:49.613Z] [ERROR] Error updating vendor wallet for support ticket completion:
