[2025-09-19T05:08:14.174Z] [ERROR] Admin token verification error | {"error":"Access token verification failed: jwt expired","tokenPrefix":"eyJhbGciOiJIUzI1NiIs...","endpoint":"/api/admin/dashboard"}
[2025-09-19T05:09:35.026Z] [ERROR] Admin token verification error | {"error":"Access token verification failed: jwt expired","tokenPrefix":"eyJhbGciOiJIUzI1NiIs...","endpoint":"/api/admin/vendors?page=1&limit=20&sortBy=createdAt&sortOrder=desc"}
[2025-09-19T05:09:35.071Z] [ERROR] Admin token verification error | {"error":"Access token verification failed: jwt expired","tokenPrefix":"eyJhbGciOiJIUzI1NiIs...","endpoint":"/api/admin/vendors/stats"}
[2025-09-19T05:09:40.049Z] [ERROR] Admin token verification error | {"error":"Access token verification failed: jwt expired","tokenPrefix":"eyJhbGciOiJIUzI1NiIs...","endpoint":"/api/admin/logout"}
[2025-09-19T06:20:50.921Z] [ERROR] Failed to upload product image | {"productName":"Monitor","error":"cloudinaryService.uploadProductImage is not a function"}
[2025-09-19T06:22:30.795Z] [ERROR] Failed to upload product image | {"productName":"Monitor","error":"cloudinaryService.uploadProductImage is not a function"}
[2025-09-19T06:24:57.672Z] [ERROR] Admin token verification error | {"error":"Access token verification failed: jwt malformed","tokenPrefix":"test-token...","endpoint":"/api/admin/products"}
[2025-09-19T06:26:59.013Z] [ERROR] Admin token verification error | {"error":"Cannot call `admins.findOne()` before initial connection is complete if `bufferCommands = false`. Make sure you `await mongoose.connect()` if you have `bufferCommands = false`.","tokenPrefix":"eyJhbGciOiJIUzI1NiIs...","endpoint":"/api/admin/products"}
[2025-09-19T06:27:25.620Z] [ERROR] Error creating product: | {"errors":{"createdBy":{"stringValue":"\"ADMIN001\"","valueType":"string","kind":"ObjectId","value":"ADMIN001","path":"createdBy","reason":{},"name":"CastError","message":"Cast to ObjectId failed for value \"ADMIN001\" (type string) at path \"createdBy\" because of \"BSONError\""}},"_message":"Product validation failed","name":"ValidationError","message":"Product validation failed: createdBy: Cast to ObjectId failed for value \"ADMIN001\" (type string) at path \"createdBy\" because of \"BSONError\""}
[2025-09-19T06:31:14.392Z] [ERROR] Error creating product: | {"errors":{"createdBy":{"stringValue":"\"ADMIN001\"","valueType":"string","kind":"ObjectId","value":"ADMIN001","path":"createdBy","reason":{},"name":"CastError","message":"Cast to ObjectId failed for value \"ADMIN001\" (type string) at path \"createdBy\" because of \"BSONError\""}},"_message":"Product validation failed","name":"ValidationError","message":"Product validation failed: createdBy: Cast to ObjectId failed for value \"ADMIN001\" (type string) at path \"createdBy\" because of \"BSONError\""}
[2025-09-19T06:33:33.943Z] [ERROR] Error creating product: | {"errors":{"productName":{"name":"ValidatorError","message":"Product name is required","properties":{"message":"Product name is required","type":"required","path":"productName"},"kind":"required","path":"productName"},"serviceType":{"name":"ValidatorError","message":"Service type is required","properties":{"message":"Service type is required","type":"required","path":"serviceType"},"kind":"required","path":"serviceType"}},"_message":"Product validation failed","name":"ValidationError","message":"Product validation failed: productName: Product name is required, serviceType: Service type is required"}
[2025-09-19T06:34:36.165Z] [ERROR] Error creating product: | {"errorLabelSet":{},"errorResponse":{"index":0,"code":11000,"errmsg":"E11000 duplicate key error collection: FixFly.products index: productId_1 dup key: { productId: null }","keyPattern":{"productId":1},"keyValue":{"productId":null}},"index":0,"code":11000,"keyPattern":{"productId":1},"keyValue":{"productId":null}}
[2025-09-19T06:35:54.711Z] [ERROR] Error creating product: | {"errorLabelSet":{},"errorResponse":{"index":0,"code":11000,"errmsg":"E11000 duplicate key error collection: FixFly.products index: seo.slug_1 dup key: { seo.slug: null }","keyPattern":{"seo.slug":1},"keyValue":{"seo.slug":null}},"index":0,"code":11000,"keyPattern":{"seo.slug":1},"keyValue":{"seo.slug":null}}
[2025-09-19T06:36:28.629Z] [ERROR] Admin token verification error | {"error":"Cannot call `admins.findOne()` before initial connection is complete if `bufferCommands = false`. Make sure you `await mongoose.connect()` if you have `bufferCommands = false`.","tokenPrefix":"eyJhbGciOiJIUzI1NiIs...","endpoint":"/api/admin/products"}
[2025-09-19T06:55:25.704Z] [ERROR] Failed to upload from buffer | {"error":"Request Timeout"}
[2025-09-19T07:06:34.964Z] [ERROR] Error retrieving product statistics:
[2025-09-19T07:06:48.147Z] [ERROR] Error retrieving product statistics:
[2025-09-19T07:07:01.291Z] [ERROR] Error retrieving product statistics:
[2025-09-19T07:08:45.165Z] [ERROR] Error creating product: | {"errors":{"categories.A.0.discountPrice":{"name":"ValidatorError","message":"Discount price must be less than regular price","properties":{"message":"Discount price must be less than regular price","type":"user defined","path":"discountPrice","value":100},"kind":"user defined","path":"discountPrice","value":100},"categories.A.1.discountPrice":{"name":"ValidatorError","message":"Discount price must be less than regular price","properties":{"message":"Discount price must be less than regular price","type":"user defined","path":"discountPrice","value":100},"kind":"user defined","path":"discountPrice","value":100},"categories.B.0.discountPrice":{"name":"ValidatorError","message":"Discount price must be less than regular price","properties":{"message":"Discount price must be less than regular price","type":"user defined","path":"discountPrice","value":100},"kind":"user defined","path":"discountPrice","value":100}},"_message":"Product validation failed","name":"ValidationError","message":"Product validation failed: categories.A.0.discountPrice: Discount price must be less than regular price, categories.A.1.discountPrice: Discount price must be less than regular price, categories.B.0.discountPrice: Discount price must be less than regular price"}
[2025-09-19T07:09:27.455Z] [ERROR] Error retrieving product statistics:
[2025-09-19T07:14:23.057Z] [ERROR] Error creating product: | {"errors":{"categories.A.0.discountPrice":{"name":"ValidatorError","message":"Discount price must be less than regular price","properties":{"message":"Discount price must be less than regular price","type":"user defined","path":"discountPrice","value":999},"kind":"user defined","path":"discountPrice","value":999}},"_message":"Product validation failed","name":"ValidationError","message":"Product validation failed: categories.A.0.discountPrice: Discount price must be less than regular price"}
[2025-09-19T07:15:37.210Z] [ERROR] Error retrieving product statistics:
[2025-09-19T07:16:06.632Z] [ERROR] Error creating product: | {"errors":{"categories.A.0.discountPrice":{"name":"ValidatorError","message":"Discount price must be less than regular price","properties":{"message":"Discount price must be less than regular price","type":"user defined","path":"discountPrice","value":1500},"kind":"user defined","path":"discountPrice","value":1500}},"_message":"Product validation failed","name":"ValidationError","message":"Product validation failed: categories.A.0.discountPrice: Discount price must be less than regular price"}
[2025-09-19T07:16:26.150Z] [ERROR] Admin token verification error | {"error":"Cannot call `admins.findOne()` before initial connection is complete if `bufferCommands = false`. Make sure you `await mongoose.connect()` if you have `bufferCommands = false`.","tokenPrefix":"eyJhbGciOiJIUzI1NiIs...","endpoint":"/api/admin/products"}
[2025-09-19T07:16:41.283Z] [ERROR] Error creating product: | {"errors":{"categories.A.0.discountPrice":{"name":"ValidatorError","message":"Discount price must be less than regular price","properties":{"message":"Discount price must be less than regular price","type":"user defined","path":"discountPrice","value":999},"kind":"user defined","path":"discountPrice","value":999}},"_message":"Product validation failed","name":"ValidationError","message":"Product validation failed: categories.A.0.discountPrice: Discount price must be less than regular price"}
[2025-09-19T07:17:02.372Z] [ERROR] Failed to upload from buffer | {"error":"Request Timeout"}
[2025-09-19T07:18:57.571Z] [ERROR] Error retrieving product statistics:
[2025-09-19T07:22:53.577Z] [ERROR] Admin token verification error | {"error":"Access token verification failed: jwt expired","tokenPrefix":"eyJhbGciOiJIUzI1NiIs...","endpoint":"/api/admin/products"}
[2025-09-19T07:23:39.116Z] [ERROR] Admin token verification error | {"error":"Access token verification failed: jwt expired","tokenPrefix":"eyJhbGciOiJIUzI1NiIs...","endpoint":"/api/admin/products"}
[2025-09-19T07:23:46.042Z] [ERROR] Admin token verification error | {"error":"Access token verification failed: jwt expired","tokenPrefix":"eyJhbGciOiJIUzI1NiIs...","endpoint":"/api/admin/logout"}
[2025-09-19T07:29:00.839Z] [ERROR] Error retrieving product statistics:
[2025-09-19T07:46:46.431Z] [ERROR] Admin token verification error | {"error":"Cannot call `admins.findOne()` before initial connection is complete if `bufferCommands = false`. Make sure you `await mongoose.connect()` if you have `bufferCommands = false`.","tokenPrefix":"eyJhbGciOiJIUzI1NiIs...","endpoint":"/api/admin/products?"}
[2025-09-19T08:25:40.709Z] [ERROR] Admin token verification error | {"error":"Access token verification failed: jwt expired","tokenPrefix":"eyJhbGciOiJIUzI1NiIs...","endpoint":"/api/admin/products/68cd0c85749f59379b5d2eea"}
[2025-09-19T08:25:50.617Z] [ERROR] Admin token verification error | {"error":"Access token verification failed: jwt expired","tokenPrefix":"eyJhbGciOiJIUzI1NiIs...","endpoint":"/api/admin/products/68cd0c85749f59379b5d2eea"}
[2025-09-19T08:25:58.694Z] [ERROR] Admin token verification error | {"error":"Access token verification failed: jwt expired","tokenPrefix":"eyJhbGciOiJIUzI1NiIs...","endpoint":"/api/admin/products?"}
[2025-09-19T08:26:05.275Z] [ERROR] Admin token verification error | {"error":"Access token verification failed: jwt expired","tokenPrefix":"eyJhbGciOiJIUzI1NiIs...","endpoint":"/api/admin/logout"}
[2025-09-19T08:40:25.739Z] [ERROR] Failed to upload from buffer | {"error":"Request Timeout"}
[2025-09-19T09:31:53.797Z] [ERROR] Error retrieving featured products:
[2025-09-19T09:40:53.673Z] [ERROR] Admin token verification error | {"error":"Access token verification failed: jwt expired","tokenPrefix":"eyJhbGciOiJIUzI1NiIs...","endpoint":"/api/admin/products"}
[2025-09-19T09:41:07.506Z] [ERROR] Admin token verification error | {"error":"Access token verification failed: jwt expired","tokenPrefix":"eyJhbGciOiJIUzI1NiIs...","endpoint":"/api/admin/products"}
[2025-09-19T09:41:31.052Z] [ERROR] Admin token verification error | {"error":"Access token verification failed: jwt expired","tokenPrefix":"eyJhbGciOiJIUzI1NiIs...","endpoint":"/api/admin/logout"}
[2025-09-19T09:52:45.772Z] [ERROR] Failed to delete image from Cloudinary | {"public_id":"fixifly/products/gaming-console-repair/photo-1606144042614-b2417e99c4e3"}
[2025-09-19T10:02:18.501Z] [ERROR] Error retrieving featured products:
[2025-09-19T10:02:18.521Z] [ERROR] Error retrieving all active products:
[2025-09-19T10:41:14.643Z] [ERROR] Error creating Razorpay order:
[2025-09-19T10:41:33.653Z] [ERROR] Error creating Razorpay order:
[2025-09-19T10:47:37.553Z] [ERROR] Admin token verification error | {"error":"Access token verification failed: jwt expired","tokenPrefix":"eyJhbGciOiJIUzI1NiIs...","endpoint":"/api/admin/products?"}
[2025-09-19T10:47:42.472Z] [ERROR] Admin token verification error | {"error":"Access token verification failed: jwt expired","tokenPrefix":"eyJhbGciOiJIUzI1NiIs...","endpoint":"/api/admin/products?"}
[2025-09-19T10:47:53.600Z] [ERROR] Admin token verification error | {"error":"Access token verification failed: jwt expired","tokenPrefix":"eyJhbGciOiJIUzI1NiIs...","endpoint":"/api/admin/logout"}
[2025-09-19T10:56:13.449Z] [ERROR] Admin token verification error | {"error":"Access token verification failed: jwt malformed","tokenPrefix":"test-token...","endpoint":"/api/admin/bookings"}
[2025-09-19T11:09:21.203Z] [ERROR] Error creating booking with payment: | {"errors":{"customer.phone":{"name":"ValidatorError","message":"Please enter a valid 10-digit phone number","properties":{"message":"Please enter a valid 10-digit phone number","type":"regexp","regexp":{},"path":"customer.phone","value":"+917610416911","length":13},"kind":"regexp","path":"customer.phone","value":"+917610416911"}},"_message":"Booking validation failed","name":"ValidationError","message":"Booking validation failed: customer.phone: Please enter a valid 10-digit phone number"}
[2025-09-19T11:10:41.098Z] [ERROR] Error creating booking with payment: | {"errors":{"customer.phone":{"name":"ValidatorError","message":"Please enter a valid 10-digit phone number","properties":{"message":"Please enter a valid 10-digit phone number","type":"regexp","regexp":{},"path":"customer.phone","value":"+917610416911","length":13},"kind":"regexp","path":"customer.phone","value":"+917610416911"}},"_message":"Booking validation failed","name":"ValidationError","message":"Booking validation failed: customer.phone: Please enter a valid 10-digit phone number"}
[2025-09-19T11:18:17.664Z] [ERROR] Error creating booking with payment: | {"errors":{"customer.phone":{"name":"ValidatorError","message":"Please enter a valid 10-digit phone number","properties":{"message":"Please enter a valid 10-digit phone number","type":"regexp","regexp":{},"path":"customer.phone","value":"+917610416911","length":13},"kind":"regexp","path":"customer.phone","value":"+917610416911"}},"_message":"Booking validation failed","name":"ValidationError","message":"Booking validation failed: customer.phone: Please enter a valid 10-digit phone number"}
[2025-09-19T12:11:09.004Z] [ERROR] Admin token verification error | {"error":"Cannot call `admins.findOne()` before initial connection is complete if `bufferCommands = false`. Make sure you `await mongoose.connect()` if you have `bufferCommands = false`.","tokenPrefix":"eyJhbGciOiJIUzI1NiIs...","endpoint":"/api/admin/bookings/stats?period=30d"}
[2025-09-19T12:11:09.019Z] [ERROR] Admin token verification error | {"error":"Cannot call `admins.findOne()` before initial connection is complete if `bufferCommands = false`. Make sure you `await mongoose.connect()` if you have `bufferCommands = false`.","tokenPrefix":"eyJhbGciOiJIUzI1NiIs...","endpoint":"/api/admin/bookings?page=1&limit=10&sortBy=createdAt&sortOrder=desc"}
[2025-09-19T12:52:29.809Z] [ERROR] Admin token verification error | {"error":"Access token verification failed: jwt expired","tokenPrefix":"eyJhbGciOiJIUzI1NiIs...","endpoint":"/api/admin/bookings?page=1&limit=10&sortBy=createdAt&sortOrder=desc"}
[2025-09-19T12:52:30.067Z] [ERROR] Admin token verification error | {"error":"Access token verification failed: jwt expired","tokenPrefix":"eyJhbGciOiJIUzI1NiIs...","endpoint":"/api/admin/bookings/stats?period=30d"}
[2025-09-19T12:52:30.198Z] [ERROR] Admin token verification error | {"error":"Access token verification failed: jwt expired","tokenPrefix":"eyJhbGciOiJIUzI1NiIs...","endpoint":"/api/admin/vendors?page=1&limit=100&status=active"}
[2025-09-19T12:52:41.965Z] [ERROR] Admin token verification error | {"error":"Access token verification failed: jwt expired","tokenPrefix":"eyJhbGciOiJIUzI1NiIs...","endpoint":"/api/admin/bookings?page=1&limit=10&sortBy=createdAt&sortOrder=desc"}
[2025-09-19T12:52:42.167Z] [ERROR] Admin token verification error | {"error":"Access token verification failed: jwt expired","tokenPrefix":"eyJhbGciOiJIUzI1NiIs...","endpoint":"/api/admin/bookings/stats?period=30d"}
[2025-09-19T12:52:42.301Z] [ERROR] Admin token verification error | {"error":"Access token verification failed: jwt expired","tokenPrefix":"eyJhbGciOiJIUzI1NiIs...","endpoint":"/api/admin/vendors?page=1&limit=100&status=active"}
[2025-09-19T12:52:46.060Z] [ERROR] Admin token verification error | {"error":"Access token verification failed: jwt expired","tokenPrefix":"eyJhbGciOiJIUzI1NiIs...","endpoint":"/api/admin/bookings?page=1&limit=10&sortBy=createdAt&sortOrder=desc"}
[2025-09-19T12:52:46.117Z] [ERROR] Admin token verification error | {"error":"Access token verification failed: jwt expired","tokenPrefix":"eyJhbGciOiJIUzI1NiIs...","endpoint":"/api/admin/bookings/stats?period=30d"}
[2025-09-19T12:52:46.180Z] [ERROR] Admin token verification error | {"error":"Access token verification failed: jwt expired","tokenPrefix":"eyJhbGciOiJIUzI1NiIs...","endpoint":"/api/admin/vendors?page=1&limit=100&status=active"}
[2025-09-19T12:52:51.932Z] [ERROR] Admin token verification error | {"error":"Access token verification failed: jwt expired","tokenPrefix":"eyJhbGciOiJIUzI1NiIs...","endpoint":"/api/admin/bookings?page=1&limit=10&sortBy=createdAt&sortOrder=desc"}
[2025-09-19T12:52:51.976Z] [ERROR] Admin token verification error | {"error":"Access token verification failed: jwt expired","tokenPrefix":"eyJhbGciOiJIUzI1NiIs...","endpoint":"/api/admin/bookings/stats?period=30d"}
[2025-09-19T12:52:52.048Z] [ERROR] Admin token verification error | {"error":"Access token verification failed: jwt expired","tokenPrefix":"eyJhbGciOiJIUzI1NiIs...","endpoint":"/api/admin/vendors?page=1&limit=100&status=active"}
[2025-09-19T12:53:01.473Z] [ERROR] Admin token verification error | {"error":"Access token verification failed: jwt expired","tokenPrefix":"eyJhbGciOiJIUzI1NiIs...","endpoint":"/api/admin/bookings?page=1&limit=10&sortBy=createdAt&sortOrder=desc"}
[2025-09-19T12:53:01.582Z] [ERROR] Admin token verification error | {"error":"Access token verification failed: jwt expired","tokenPrefix":"eyJhbGciOiJIUzI1NiIs...","endpoint":"/api/admin/bookings/stats?period=30d"}
[2025-09-19T12:53:01.615Z] [ERROR] Admin token verification error | {"error":"Access token verification failed: jwt expired","tokenPrefix":"eyJhbGciOiJIUzI1NiIs...","endpoint":"/api/admin/vendors?page=1&limit=100&status=active"}
[2025-09-19T12:53:25.449Z] [ERROR] Admin token verification error | {"error":"Access token verification failed: jwt expired","tokenPrefix":"eyJhbGciOiJIUzI1NiIs...","endpoint":"/api/admin/bookings?page=1&limit=10&sortBy=createdAt&sortOrder=desc"}
[2025-09-19T12:53:25.463Z] [ERROR] Admin token verification error | {"error":"Access token verification failed: jwt expired","tokenPrefix":"eyJhbGciOiJIUzI1NiIs...","endpoint":"/api/admin/bookings/stats?period=30d"}
[2025-09-19T12:53:25.582Z] [ERROR] Admin token verification error | {"error":"Access token verification failed: jwt expired","tokenPrefix":"eyJhbGciOiJIUzI1NiIs...","endpoint":"/api/admin/vendors?page=1&limit=100&status=active"}
[2025-09-19T12:53:51.639Z] [ERROR] Admin token verification error | {"error":"Access token verification failed: jwt expired","tokenPrefix":"eyJhbGciOiJIUzI1NiIs...","endpoint":"/api/admin/bookings?page=1&limit=10&sortBy=createdAt&sortOrder=desc"}
[2025-09-19T12:53:51.648Z] [ERROR] Admin token verification error | {"error":"Access token verification failed: jwt expired","tokenPrefix":"eyJhbGciOiJIUzI1NiIs...","endpoint":"/api/admin/bookings/stats?period=30d"}
[2025-09-19T12:53:51.653Z] [ERROR] Admin token verification error | {"error":"Access token verification failed: jwt expired","tokenPrefix":"eyJhbGciOiJIUzI1NiIs...","endpoint":"/api/admin/vendors?page=1&limit=100&status=active"}
[2025-09-19T12:53:55.609Z] [ERROR] Admin token verification error | {"error":"Access token verification failed: jwt expired","tokenPrefix":"eyJhbGciOiJIUzI1NiIs...","endpoint":"/api/admin/logout"}
[2025-09-19T13:06:13.496Z] [ERROR] Admin token verification error | {"error":"Cannot call `admins.findOne()` before initial connection is complete if `bufferCommands = false`. Make sure you `await mongoose.connect()` if you have `bufferCommands = false`.","tokenPrefix":"eyJhbGciOiJIUzI1NiIs...","endpoint":"/api/admin/bookings?page=1&limit=10&sortBy=createdAt&sortOrder=desc"}
[2025-09-19T13:06:13.528Z] [ERROR] Admin token verification error | {"error":"Cannot call `admins.findOne()` before initial connection is complete if `bufferCommands = false`. Make sure you `await mongoose.connect()` if you have `bufferCommands = false`.","tokenPrefix":"eyJhbGciOiJIUzI1NiIs...","endpoint":"/api/admin/bookings/stats?period=30d"}
[2025-09-19T13:06:13.557Z] [ERROR] Admin token verification error | {"error":"Cannot call `admins.findOne()` before initial connection is complete if `bufferCommands = false`. Make sure you `await mongoose.connect()` if you have `bufferCommands = false`.","tokenPrefix":"eyJhbGciOiJIUzI1NiIs...","endpoint":"/api/admin/vendors?page=1&limit=100&status=active"}
[2025-09-19T16:22:16.013Z] [ERROR] Admin token verification error | {"error":"Access token verification failed: jwt expired","tokenPrefix":"eyJhbGciOiJIUzI1NiIs...","endpoint":"/api/admin/dashboard"}
[2025-09-19T16:22:19.943Z] [ERROR] Admin token verification error | {"error":"Access token verification failed: jwt expired","tokenPrefix":"eyJhbGciOiJIUzI1NiIs...","endpoint":"/api/admin/logout"}
[2025-09-19T17:31:52.259Z] [ERROR] Admin token verification error | {"error":"Cannot call `admins.findOne()` before initial connection is complete if `bufferCommands = false`. Make sure you `await mongoose.connect()` if you have `bufferCommands = false`.","tokenPrefix":"eyJhbGciOiJIUzI1NiIs...","endpoint":"/api/admin/bookings?page=1&limit=10&sortBy=createdAt&sortOrder=desc"}
[2025-09-19T17:31:52.441Z] [ERROR] Admin token verification error | {"error":"Cannot call `admins.findOne()` before initial connection is complete if `bufferCommands = false`. Make sure you `await mongoose.connect()` if you have `bufferCommands = false`.","tokenPrefix":"eyJhbGciOiJIUzI1NiIs...","endpoint":"/api/admin/bookings/stats?period=30d"}
[2025-09-19T17:31:52.549Z] [ERROR] Admin token verification error | {"error":"Cannot call `admins.findOne()` before initial connection is complete if `bufferCommands = false`. Make sure you `await mongoose.connect()` if you have `bufferCommands = false`.","tokenPrefix":"eyJhbGciOiJIUzI1NiIs...","endpoint":"/api/admin/vendors?page=1&limit=100"}
[2025-09-19T17:39:54.290Z] [ERROR] Error retrieving customer bookings:
[2025-09-19T17:40:22.058Z] [ERROR] Error retrieving customer bookings:
[2025-09-19T17:41:04.966Z] [ERROR] Admin token verification error | {"error":"Cannot call `admins.findOne()` before initial connection is complete if `bufferCommands = false`. Make sure you `await mongoose.connect()` if you have `bufferCommands = false`.","tokenPrefix":"eyJhbGciOiJIUzI1NiIs...","endpoint":"/api/admin/vendors/68cd8f7cd705f99cf792882b"}
[2025-09-19T17:41:05.177Z] [ERROR] Error retrieving customer bookings:
[2025-09-19T17:41:09.233Z] [ERROR] Admin token verification error | {"error":"Cannot call `admins.findOne()` before initial connection is complete if `bufferCommands = false`. Make sure you `await mongoose.connect()` if you have `bufferCommands = false`.","tokenPrefix":"eyJhbGciOiJIUzI1NiIs...","endpoint":"/api/admin/logout"}
[2025-09-19T18:18:04.294Z] [ERROR] Logout error | {"error":"No matching document found for id \"68ca7f8988ac97b4e9c16645\" version 225 modifiedPaths \"activityLog, stats, stats.totalActions\""}
[2025-09-19T18:18:08.072Z] [ERROR] Logout error | {"error":"No matching document found for id \"68ca7f8988ac97b4e9c16645\" version 225 modifiedPaths \"activityLog, stats, stats.totalActions\""}
[2025-09-19T18:23:42.156Z] [ERROR] Error retrieving customer bookings:
[2025-09-19T18:23:45.991Z] [ERROR] Admin token verification error | {"error":"Cannot call `admins.findOne()` before initial connection is complete if `bufferCommands = false`. Make sure you `await mongoose.connect()` if you have `bufferCommands = false`.","tokenPrefix":"eyJhbGciOiJIUzI1NiIs...","endpoint":"/api/admin/bookings?page=1&limit=10&sortBy=createdAt&sortOrder=desc"}
[2025-09-19T18:23:46.000Z] [ERROR] Admin token verification error | {"error":"Cannot call `admins.findOne()` before initial connection is complete if `bufferCommands = false`. Make sure you `await mongoose.connect()` if you have `bufferCommands = false`.","tokenPrefix":"eyJhbGciOiJIUzI1NiIs...","endpoint":"/api/admin/bookings/stats?period=30d"}
[2025-09-19T18:23:46.006Z] [ERROR] Admin token verification error | {"error":"Cannot call `admins.findOne()` before initial connection is complete if `bufferCommands = false`. Make sure you `await mongoose.connect()` if you have `bufferCommands = false`.","tokenPrefix":"eyJhbGciOiJIUzI1NiIs...","endpoint":"/api/admin/vendors?page=1&limit=100"}
[2025-09-19T18:23:49.168Z] [ERROR] Admin token verification error | {"error":"Cannot call `admins.findOne()` before initial connection is complete if `bufferCommands = false`. Make sure you `await mongoose.connect()` if you have `bufferCommands = false`.","tokenPrefix":"eyJhbGciOiJIUzI1NiIs...","endpoint":"/api/admin/bookings?page=1&limit=10&sortBy=createdAt&sortOrder=desc"}
[2025-09-19T18:23:49.239Z] [ERROR] Admin token verification error | {"error":"Cannot call `admins.findOne()` before initial connection is complete if `bufferCommands = false`. Make sure you `await mongoose.connect()` if you have `bufferCommands = false`.","tokenPrefix":"eyJhbGciOiJIUzI1NiIs...","endpoint":"/api/admin/bookings/stats?period=30d"}
[2025-09-19T18:23:49.338Z] [ERROR] Admin token verification error | {"error":"Cannot call `admins.findOne()` before initial connection is complete if `bufferCommands = false`. Make sure you `await mongoose.connect()` if you have `bufferCommands = false`.","tokenPrefix":"eyJhbGciOiJIUzI1NiIs...","endpoint":"/api/admin/vendors?page=1&limit=100"}
[2025-09-19T18:26:46.259Z] [ERROR] Admin token verification error | {"error":"Cannot call `admins.findOne()` before initial connection is complete if `bufferCommands = false`. Make sure you `await mongoose.connect()` if you have `bufferCommands = false`.","tokenPrefix":"eyJhbGciOiJIUzI1NiIs...","endpoint":"/api/admin/bookings?page=1&limit=10&sortBy=createdAt&sortOrder=desc"}
[2025-09-19T18:26:46.271Z] [ERROR] Admin token verification error | {"error":"Cannot call `admins.findOne()` before initial connection is complete if `bufferCommands = false`. Make sure you `await mongoose.connect()` if you have `bufferCommands = false`.","tokenPrefix":"eyJhbGciOiJIUzI1NiIs...","endpoint":"/api/admin/bookings/stats?period=30d"}
[2025-09-19T18:26:46.288Z] [ERROR] Admin token verification error | {"error":"Cannot call `admins.findOne()` before initial connection is complete if `bufferCommands = false`. Make sure you `await mongoose.connect()` if you have `bufferCommands = false`.","tokenPrefix":"eyJhbGciOiJIUzI1NiIs...","endpoint":"/api/admin/vendors?page=1&limit=100"}
[2025-09-19T18:26:47.173Z] [ERROR] Error retrieving customer bookings:
[2025-09-19T18:43:27.223Z] [ERROR] Error retrieving customer bookings:
[2025-09-19T18:43:27.347Z] [ERROR] Admin token verification error | {"error":"Cannot call `admins.findOne()` before initial connection is complete if `bufferCommands = false`. Make sure you `await mongoose.connect()` if you have `bufferCommands = false`.","tokenPrefix":"eyJhbGciOiJIUzI1NiIs...","endpoint":"/api/admin/bookings?page=1&limit=10&sortBy=createdAt&sortOrder=desc"}
[2025-09-19T18:43:27.361Z] [ERROR] Admin token verification error | {"error":"Cannot call `admins.findOne()` before initial connection is complete if `bufferCommands = false`. Make sure you `await mongoose.connect()` if you have `bufferCommands = false`.","tokenPrefix":"eyJhbGciOiJIUzI1NiIs...","endpoint":"/api/admin/bookings/stats?period=30d"}
[2025-09-19T18:43:27.376Z] [ERROR] Admin token verification error | {"error":"Cannot call `admins.findOne()` before initial connection is complete if `bufferCommands = false`. Make sure you `await mongoose.connect()` if you have `bufferCommands = false`.","tokenPrefix":"eyJhbGciOiJIUzI1NiIs...","endpoint":"/api/admin/vendors?page=1&limit=100"}
[2025-09-19T18:48:54.574Z] [ERROR] Admin token verification error | {"error":"Cannot call `admins.findOne()` before initial connection is complete if `bufferCommands = false`. Make sure you `await mongoose.connect()` if you have `bufferCommands = false`.","tokenPrefix":"eyJhbGciOiJIUzI1NiIs...","endpoint":"/api/admin/bookings?page=1&limit=10&sortBy=createdAt&sortOrder=desc"}
[2025-09-19T18:48:54.590Z] [ERROR] Admin token verification error | {"error":"Cannot call `admins.findOne()` before initial connection is complete if `bufferCommands = false`. Make sure you `await mongoose.connect()` if you have `bufferCommands = false`.","tokenPrefix":"eyJhbGciOiJIUzI1NiIs...","endpoint":"/api/admin/bookings/stats?period=30d"}
[2025-09-19T18:48:54.606Z] [ERROR] Admin token verification error | {"error":"Cannot call `admins.findOne()` before initial connection is complete if `bufferCommands = false`. Make sure you `await mongoose.connect()` if you have `bufferCommands = false`.","tokenPrefix":"eyJhbGciOiJIUzI1NiIs...","endpoint":"/api/admin/vendors?page=1&limit=100"}
[2025-09-19T19:05:36.018Z] [ERROR] Error retrieving featured products: | {"errorLabelSet":{},"beforeHandshake":false,"address":"ac-cj6h43u-shard-00-02.okjqrni.mongodb.net:27017"}
[2025-09-19T19:10:05.477Z] [ERROR] Admin token verification error | {"error":"Cannot call `admins.findOne()` before initial connection is complete if `bufferCommands = false`. Make sure you `await mongoose.connect()` if you have `bufferCommands = false`.","tokenPrefix":"eyJhbGciOiJIUzI1NiIs...","endpoint":"/api/admin/bookings?page=1&limit=10&sortBy=createdAt&sortOrder=desc"}
[2025-09-19T19:10:05.491Z] [ERROR] Admin token verification error | {"error":"Cannot call `admins.findOne()` before initial connection is complete if `bufferCommands = false`. Make sure you `await mongoose.connect()` if you have `bufferCommands = false`.","tokenPrefix":"eyJhbGciOiJIUzI1NiIs...","endpoint":"/api/admin/bookings/stats?period=30d"}
[2025-09-19T19:10:05.500Z] [ERROR] Admin token verification error | {"error":"Cannot call `admins.findOne()` before initial connection is complete if `bufferCommands = false`. Make sure you `await mongoose.connect()` if you have `bufferCommands = false`.","tokenPrefix":"eyJhbGciOiJIUzI1NiIs...","endpoint":"/api/admin/vendors?page=1&limit=100"}
[2025-09-19T19:13:33.251Z] [ERROR] Error retrieving vendor bookings: | {"stringValue":"\"me\"","valueType":"string","kind":"ObjectId","value":"me","path":"vendor.vendorId","reason":{},"name":"CastError","message":"Cast to ObjectId failed for value \"me\" (type string) at path \"vendor.vendorId\" for model \"Booking\""}
[2025-09-19T19:14:11.151Z] [ERROR] Error retrieving vendor bookings: | {"stringValue":"\"me\"","valueType":"string","kind":"ObjectId","value":"me","path":"vendor.vendorId","reason":{},"name":"CastError","message":"Cast to ObjectId failed for value \"me\" (type string) at path \"vendor.vendorId\" for model \"Booking\""}
[2025-09-19T19:15:52.220Z] [ERROR] Error retrieving vendor bookings: | {"stringValue":"\"me\"","valueType":"string","kind":"ObjectId","value":"me","path":"vendor.vendorId","reason":{},"name":"CastError","message":"Cast to ObjectId failed for value \"me\" (type string) at path \"vendor.vendorId\" for model \"Booking\""}
[2025-09-19T19:17:04.432Z] [ERROR] Error retrieving vendor bookings: | {"stringValue":"\"me\"","valueType":"string","kind":"ObjectId","value":"me","path":"vendor.vendorId","reason":{},"name":"CastError","message":"Cast to ObjectId failed for value \"me\" (type string) at path \"vendor.vendorId\" for model \"Booking\""}
[2025-09-19T19:17:05.127Z] [ERROR] Error retrieving vendor bookings: | {"stringValue":"\"me\"","valueType":"string","kind":"ObjectId","value":"me","path":"vendor.vendorId","reason":{},"name":"CastError","message":"Cast to ObjectId failed for value \"me\" (type string) at path \"vendor.vendorId\" for model \"Booking\""}
[2025-09-19T19:17:05.386Z] [ERROR] Error retrieving vendor bookings: | {"stringValue":"\"me\"","valueType":"string","kind":"ObjectId","value":"me","path":"vendor.vendorId","reason":{},"name":"CastError","message":"Cast to ObjectId failed for value \"me\" (type string) at path \"vendor.vendorId\" for model \"Booking\""}
[2025-09-19T19:17:05.610Z] [ERROR] Error retrieving vendor bookings: | {"stringValue":"\"me\"","valueType":"string","kind":"ObjectId","value":"me","path":"vendor.vendorId","reason":{},"name":"CastError","message":"Cast to ObjectId failed for value \"me\" (type string) at path \"vendor.vendorId\" for model \"Booking\""}
[2025-09-19T19:17:05.856Z] [ERROR] Error retrieving vendor bookings: | {"stringValue":"\"me\"","valueType":"string","kind":"ObjectId","value":"me","path":"vendor.vendorId","reason":{},"name":"CastError","message":"Cast to ObjectId failed for value \"me\" (type string) at path \"vendor.vendorId\" for model \"Booking\""}
[2025-09-19T19:17:12.279Z] [ERROR] Error retrieving vendor bookings: | {"stringValue":"\"me\"","valueType":"string","kind":"ObjectId","value":"me","path":"vendor.vendorId","reason":{},"name":"CastError","message":"Cast to ObjectId failed for value \"me\" (type string) at path \"vendor.vendorId\" for model \"Booking\""}
[2025-09-19T19:17:43.864Z] [ERROR] Error retrieving vendor bookings: | {"stringValue":"\"me\"","valueType":"string","kind":"ObjectId","value":"me","path":"vendor.vendorId","reason":{},"name":"CastError","message":"Cast to ObjectId failed for value \"me\" (type string) at path \"vendor.vendorId\" for model \"Booking\""}
[2025-09-19T19:18:02.131Z] [ERROR] Error retrieving vendor bookings: | {"stringValue":"\"me\"","valueType":"string","kind":"ObjectId","value":"me","path":"vendor.vendorId","reason":{},"name":"CastError","message":"Cast to ObjectId failed for value \"me\" (type string) at path \"vendor.vendorId\" for model \"Booking\""}
[2025-09-19T19:19:42.316Z] [ERROR] Error retrieving vendor bookings: | {"stringValue":"\"me\"","valueType":"string","kind":"ObjectId","value":"me","path":"vendor.vendorId","reason":{},"name":"CastError","message":"Cast to ObjectId failed for value \"me\" (type string) at path \"vendor.vendorId\" for model \"Booking\""}
[2025-09-19T19:20:20.989Z] [ERROR] Error retrieving vendor bookings: | {"stringValue":"\"me\"","valueType":"string","kind":"ObjectId","value":"me","path":"vendor.vendorId","reason":{},"name":"CastError","message":"Cast to ObjectId failed for value \"me\" (type string) at path \"vendor.vendorId\" for model \"Booking\""}
[2025-09-19T19:20:32.403Z] [ERROR] Admin token verification error | {"error":"Access token verification failed: jwt expired","tokenPrefix":"eyJhbGciOiJIUzI1NiIs...","endpoint":"/api/admin/bookings?page=1&limit=10&sortBy=createdAt&sortOrder=desc"}
[2025-09-19T19:20:32.529Z] [ERROR] Admin token verification error | {"error":"Access token verification failed: jwt expired","tokenPrefix":"eyJhbGciOiJIUzI1NiIs...","endpoint":"/api/admin/bookings/stats?period=30d"}
[2025-09-19T19:20:32.572Z] [ERROR] Admin token verification error | {"error":"Access token verification failed: jwt expired","tokenPrefix":"eyJhbGciOiJIUzI1NiIs...","endpoint":"/api/admin/vendors?page=1&limit=100"}
[2025-09-19T19:20:53.271Z] [ERROR] Admin token verification error | {"error":"Access token verification failed: jwt expired","tokenPrefix":"eyJhbGciOiJIUzI1NiIs...","endpoint":"/api/admin/bookings?page=1&limit=10&sortBy=createdAt&sortOrder=desc"}
[2025-09-19T19:20:53.305Z] [ERROR] Admin token verification error | {"error":"Access token verification failed: jwt expired","tokenPrefix":"eyJhbGciOiJIUzI1NiIs...","endpoint":"/api/admin/bookings/stats?period=30d"}
[2025-09-19T19:20:53.480Z] [ERROR] Admin token verification error | {"error":"Access token verification failed: jwt expired","tokenPrefix":"eyJhbGciOiJIUzI1NiIs...","endpoint":"/api/admin/vendors?page=1&limit=100"}
[2025-09-19T19:20:57.505Z] [ERROR] Admin token verification error | {"error":"Access token verification failed: jwt expired","tokenPrefix":"eyJhbGciOiJIUzI1NiIs...","endpoint":"/api/admin/bookings?page=1&limit=10&sortBy=createdAt&sortOrder=desc"}
[2025-09-19T19:20:57.511Z] [ERROR] Admin token verification error | {"error":"Access token verification failed: jwt expired","tokenPrefix":"eyJhbGciOiJIUzI1NiIs...","endpoint":"/api/admin/bookings/stats?period=30d"}
[2025-09-19T19:20:57.526Z] [ERROR] Admin token verification error | {"error":"Access token verification failed: jwt expired","tokenPrefix":"eyJhbGciOiJIUzI1NiIs...","endpoint":"/api/admin/vendors?page=1&limit=100"}
[2025-09-19T19:21:05.950Z] [ERROR] Error retrieving vendor bookings: | {"stringValue":"\"me\"","valueType":"string","kind":"ObjectId","value":"me","path":"vendor.vendorId","reason":{},"name":"CastError","message":"Cast to ObjectId failed for value \"me\" (type string) at path \"vendor.vendorId\" for model \"Booking\""}
[2025-09-19T19:21:05.966Z] [ERROR] Admin token verification error | {"error":"Access token verification failed: jwt expired","tokenPrefix":"eyJhbGciOiJIUzI1NiIs...","endpoint":"/api/admin/bookings?page=1&limit=10&sortBy=createdAt&sortOrder=desc"}
[2025-09-19T19:21:05.974Z] [ERROR] Admin token verification error | {"error":"Access token verification failed: jwt expired","tokenPrefix":"eyJhbGciOiJIUzI1NiIs...","endpoint":"/api/admin/bookings/stats?period=30d"}
[2025-09-19T19:21:05.981Z] [ERROR] Admin token verification error | {"error":"Access token verification failed: jwt expired","tokenPrefix":"eyJhbGciOiJIUzI1NiIs...","endpoint":"/api/admin/vendors?page=1&limit=100"}
[2025-09-19T19:21:19.306Z] [ERROR] Error retrieving vendor bookings: | {"stringValue":"\"me\"","valueType":"string","kind":"ObjectId","value":"me","path":"vendor.vendorId","reason":{},"name":"CastError","message":"Cast to ObjectId failed for value \"me\" (type string) at path \"vendor.vendorId\" for model \"Booking\""}
[2025-09-19T19:21:21.059Z] [ERROR] Error retrieving vendor bookings: | {"stringValue":"\"me\"","valueType":"string","kind":"ObjectId","value":"me","path":"vendor.vendorId","reason":{},"name":"CastError","message":"Cast to ObjectId failed for value \"me\" (type string) at path \"vendor.vendorId\" for model \"Booking\""}
[2025-09-19T19:21:21.698Z] [ERROR] Error retrieving vendor bookings: | {"stringValue":"\"me\"","valueType":"string","kind":"ObjectId","value":"me","path":"vendor.vendorId","reason":{},"name":"CastError","message":"Cast to ObjectId failed for value \"me\" (type string) at path \"vendor.vendorId\" for model \"Booking\""}
[2025-09-19T19:21:29.921Z] [ERROR] Error retrieving vendor bookings: | {"stringValue":"\"me\"","valueType":"string","kind":"ObjectId","value":"me","path":"vendor.vendorId","reason":{},"name":"CastError","message":"Cast to ObjectId failed for value \"me\" (type string) at path \"vendor.vendorId\" for model \"Booking\""}
[2025-09-19T19:21:58.453Z] [ERROR] Error retrieving vendor bookings: | {"stringValue":"\"me\"","valueType":"string","kind":"ObjectId","value":"me","path":"vendor.vendorId","reason":{},"name":"CastError","message":"Cast to ObjectId failed for value \"me\" (type string) at path \"vendor.vendorId\" for model \"Booking\""}
[2025-09-19T19:22:15.300Z] [ERROR] Token verification failed | {"error":"jwt malformed","tokenPrefix":"test-token...","tokenLength":10,"endpoint":"/api/bookings/vendor/me"}
[2025-09-19T19:22:24.300Z] [ERROR] Error retrieving vendor bookings: | {"stringValue":"\"217\"","valueType":"string","kind":"ObjectId","value":"217","path":"vendor.vendorId","reason":{},"name":"CastError","message":"Cast to ObjectId failed for value \"217\" (type string) at path \"vendor.vendorId\" for model \"Booking\""}
[2025-09-19T19:22:29.211Z] [ERROR] Error retrieving vendor bookings: | {"stringValue":"\"217\"","valueType":"string","kind":"ObjectId","value":"217","path":"vendor.vendorId","reason":{},"name":"CastError","message":"Cast to ObjectId failed for value \"217\" (type string) at path \"vendor.vendorId\" for model \"Booking\""}
[2025-09-19T19:23:13.794Z] [ERROR] Error retrieving vendor bookings: | {"stringValue":"\"217\"","valueType":"string","kind":"ObjectId","value":"217","path":"vendor.vendorId","reason":{},"name":"CastError","message":"Cast to ObjectId failed for value \"217\" (type string) at path \"vendor.vendorId\" for model \"Booking\""}
[2025-09-19T19:23:13.961Z] [ERROR] Error retrieving vendor bookings: | {"stringValue":"\"429\"","valueType":"string","kind":"ObjectId","value":"429","path":"vendor.vendorId","reason":{},"name":"CastError","message":"Cast to ObjectId failed for value \"429\" (type string) at path \"vendor.vendorId\" for model \"Booking\""}
[2025-09-19T19:23:15.077Z] [ERROR] Error retrieving vendor bookings: | {"stringValue":"\"217\"","valueType":"string","kind":"ObjectId","value":"217","path":"vendor.vendorId","reason":{},"name":"CastError","message":"Cast to ObjectId failed for value \"217\" (type string) at path \"vendor.vendorId\" for model \"Booking\""}
[2025-09-19T19:23:20.490Z] [ERROR] Error retrieving vendor bookings: | {"stringValue":"\"217\"","valueType":"string","kind":"ObjectId","value":"217","path":"vendor.vendorId","reason":{},"name":"CastError","message":"Cast to ObjectId failed for value \"217\" (type string) at path \"vendor.vendorId\" for model \"Booking\""}
[2025-09-19T19:24:27.031Z] [ERROR] Error retrieving vendor bookings: | {"stringValue":"\"429\"","valueType":"string","kind":"ObjectId","value":"429","path":"_id","reason":{},"name":"CastError","message":"Cast to ObjectId failed for value \"429\" (type string) at path \"_id\" for model \"Vendor\""}
[2025-09-19T19:25:40.567Z] [ERROR] Token verification failed | {"error":"Cannot call `vendors.findOne()` before initial connection is complete if `bufferCommands = false`. Make sure you `await mongoose.connect()` if you have `bufferCommands = false`.","tokenPrefix":"eyJhbGciOiJIUzI1NiIs...","tokenLength":179,"endpoint":"/api/bookings/vendor/me"}
[2025-09-19T19:27:22.518Z] [ERROR] Error retrieving customer bookings: | {"stringValue":"\"429\"","valueType":"string","kind":"ObjectId","value":"429","path":"_id","reason":{},"name":"CastError","message":"Cast to ObjectId failed for value \"429\" (type string) at path \"_id\" for model \"Vendor\""}
[2025-09-19T19:27:28.858Z] [ERROR] Error retrieving customer bookings: | {"stringValue":"\"429\"","valueType":"string","kind":"ObjectId","value":"429","path":"_id","reason":{},"name":"CastError","message":"Cast to ObjectId failed for value \"429\" (type string) at path \"_id\" for model \"Vendor\""}
[2025-09-19T19:27:29.505Z] [ERROR] Error retrieving customer bookings: | {"stringValue":"\"429\"","valueType":"string","kind":"ObjectId","value":"429","path":"_id","reason":{},"name":"CastError","message":"Cast to ObjectId failed for value \"429\" (type string) at path \"_id\" for model \"Vendor\""}
[2025-09-19T19:27:31.604Z] [ERROR] Error retrieving customer bookings: | {"stringValue":"\"429\"","valueType":"string","kind":"ObjectId","value":"429","path":"_id","reason":{},"name":"CastError","message":"Cast to ObjectId failed for value \"429\" (type string) at path \"_id\" for model \"Vendor\""}
[2025-09-19T19:27:33.857Z] [ERROR] Error retrieving customer bookings: | {"stringValue":"\"429\"","valueType":"string","kind":"ObjectId","value":"429","path":"_id","reason":{},"name":"CastError","message":"Cast to ObjectId failed for value \"429\" (type string) at path \"_id\" for model \"Vendor\""}
[2025-09-19T19:27:36.478Z] [ERROR] Error retrieving customer bookings: | {"stringValue":"\"429\"","valueType":"string","kind":"ObjectId","value":"429","path":"_id","reason":{},"name":"CastError","message":"Cast to ObjectId failed for value \"429\" (type string) at path \"_id\" for model \"Vendor\""}
[2025-09-19T19:27:46.124Z] [ERROR] Error retrieving customer bookings: | {"stringValue":"\"429\"","valueType":"string","kind":"ObjectId","value":"429","path":"_id","reason":{},"name":"CastError","message":"Cast to ObjectId failed for value \"429\" (type string) at path \"_id\" for model \"Vendor\""}
[2025-09-19T19:32:44.858Z] [ERROR] Admin token verification error | {"error":"Access token verification failed: jwt expired","tokenPrefix":"eyJhbGciOiJIUzI1NiIs...","endpoint":"/api/admin/bookings/stats?period=30d"}
[2025-09-19T19:32:44.869Z] [ERROR] Admin token verification error | {"error":"Access token verification failed: jwt expired","tokenPrefix":"eyJhbGciOiJIUzI1NiIs...","endpoint":"/api/admin/vendors?page=1&limit=100"}
[2025-09-19T19:32:44.883Z] [ERROR] Admin token verification error | {"error":"Access token verification failed: jwt expired","tokenPrefix":"eyJhbGciOiJIUzI1NiIs...","endpoint":"/api/admin/bookings?page=1&limit=10&sortBy=createdAt&sortOrder=desc"}
[2025-09-19T19:38:04.195Z] [ERROR] Error retrieving customer bookings:
[2025-09-19T19:38:05.279Z] [ERROR] Admin token verification error | {"error":"Access token verification failed: jwt expired","tokenPrefix":"eyJhbGciOiJIUzI1NiIs...","endpoint":"/api/admin/bookings?page=1&limit=10&sortBy=createdAt&sortOrder=desc"}
[2025-09-19T19:38:05.308Z] [ERROR] Admin token verification error | {"error":"Access token verification failed: jwt expired","tokenPrefix":"eyJhbGciOiJIUzI1NiIs...","endpoint":"/api/admin/bookings/stats?period=30d"}
[2025-09-19T19:38:05.325Z] [ERROR] Admin token verification error | {"error":"Access token verification failed: jwt expired","tokenPrefix":"eyJhbGciOiJIUzI1NiIs...","endpoint":"/api/admin/vendors?page=1&limit=100"}
[2025-09-19T19:39:26.383Z] [ERROR] Admin token verification error | {"error":"Access token verification failed: jwt expired","tokenPrefix":"eyJhbGciOiJIUzI1NiIs...","endpoint":"/api/admin/vendors?page=1&limit=100"}
[2025-09-19T19:39:26.443Z] [ERROR] Admin token verification error | {"error":"Access token verification failed: jwt expired","tokenPrefix":"eyJhbGciOiJIUzI1NiIs...","endpoint":"/api/admin/bookings/stats?period=30d"}
[2025-09-19T19:39:26.489Z] [ERROR] Admin token verification error | {"error":"Access token verification failed: jwt expired","tokenPrefix":"eyJhbGciOiJIUzI1NiIs...","endpoint":"/api/admin/bookings?page=1&limit=10&sortBy=createdAt&sortOrder=desc"}
[2025-09-19T19:39:29.651Z] [ERROR] Admin token verification error | {"error":"Access token verification failed: jwt expired","tokenPrefix":"eyJhbGciOiJIUzI1NiIs...","endpoint":"/api/admin/bookings?page=1&limit=10&sortBy=createdAt&sortOrder=desc"}
[2025-09-19T19:39:29.782Z] [ERROR] Admin token verification error | {"error":"Access token verification failed: jwt expired","tokenPrefix":"eyJhbGciOiJIUzI1NiIs...","endpoint":"/api/admin/bookings/stats?period=30d"}
[2025-09-19T19:39:29.849Z] [ERROR] Admin token verification error | {"error":"Access token verification failed: jwt expired","tokenPrefix":"eyJhbGciOiJIUzI1NiIs...","endpoint":"/api/admin/vendors?page=1&limit=100"}
[2025-09-19T19:39:31.164Z] [ERROR] Admin token verification error | {"error":"Access token verification failed: jwt expired","tokenPrefix":"eyJhbGciOiJIUzI1NiIs...","endpoint":"/api/admin/logout"}
[2025-09-19T19:57:29.174Z] [ERROR] Token verification failed | {"error":"Cannot call `vendors.findOne()` before initial connection is complete if `bufferCommands = false`. Make sure you `await mongoose.connect()` if you have `bufferCommands = false`.","tokenPrefix":"eyJhbGciOiJIUzI1NiIs...","tokenLength":179,"endpoint":"/api/bookings/vendor/me"}
[2025-09-19T19:57:31.827Z] [ERROR] Admin token verification error | {"error":"Cannot call `admins.findOne()` before initial connection is complete if `bufferCommands = false`. Make sure you `await mongoose.connect()` if you have `bufferCommands = false`.","tokenPrefix":"eyJhbGciOiJIUzI1NiIs...","endpoint":"/api/admin/bookings?page=1&limit=10&sortBy=createdAt&sortOrder=desc"}
[2025-09-19T19:57:31.858Z] [ERROR] Admin token verification error | {"error":"Cannot call `admins.findOne()` before initial connection is complete if `bufferCommands = false`. Make sure you `await mongoose.connect()` if you have `bufferCommands = false`.","tokenPrefix":"eyJhbGciOiJIUzI1NiIs...","endpoint":"/api/admin/bookings/stats?period=30d"}
[2025-09-19T19:57:31.885Z] [ERROR] Admin token verification error | {"error":"Cannot call `admins.findOne()` before initial connection is complete if `bufferCommands = false`. Make sure you `await mongoose.connect()` if you have `bufferCommands = false`.","tokenPrefix":"eyJhbGciOiJIUzI1NiIs...","endpoint":"/api/admin/vendors?page=1&limit=100"}
[2025-09-19T20:37:20.069Z] [ERROR] Token verification failed | {"error":"Cannot call `vendors.findOne()` before initial connection is complete if `bufferCommands = false`. Make sure you `await mongoose.connect()` if you have `bufferCommands = false`.","tokenPrefix":"eyJhbGciOiJIUzI1NiIs...","tokenLength":179,"endpoint":"/api/bookings/vendor/me"}
[2025-09-19T20:49:28.234Z] [ERROR] Admin token verification error | {"error":"Access token verification failed: jwt expired","tokenPrefix":"eyJhbGciOiJIUzI1NiIs...","endpoint":"/api/admin/bookings?page=1&limit=10&sortBy=createdAt&sortOrder=desc"}
[2025-09-19T20:49:28.246Z] [ERROR] Admin token verification error | {"error":"Access token verification failed: jwt expired","tokenPrefix":"eyJhbGciOiJIUzI1NiIs...","endpoint":"/api/admin/bookings/stats?period=30d"}
[2025-09-19T20:49:28.251Z] [ERROR] Admin token verification error | {"error":"Access token verification failed: jwt expired","tokenPrefix":"eyJhbGciOiJIUzI1NiIs...","endpoint":"/api/admin/vendors?page=1&limit=100"}
[2025-09-19T20:50:09.191Z] [ERROR] Admin token verification error | {"error":"Access token verification failed: jwt expired","tokenPrefix":"eyJhbGciOiJIUzI1NiIs...","endpoint":"/api/admin/bookings?page=1&limit=10&sortBy=createdAt&sortOrder=desc"}
[2025-09-19T20:50:09.200Z] [ERROR] Admin token verification error | {"error":"Access token verification failed: jwt expired","tokenPrefix":"eyJhbGciOiJIUzI1NiIs...","endpoint":"/api/admin/bookings/stats?period=30d"}
[2025-09-19T20:50:09.223Z] [ERROR] Admin token verification error | {"error":"Access token verification failed: jwt expired","tokenPrefix":"eyJhbGciOiJIUzI1NiIs...","endpoint":"/api/admin/vendors?page=1&limit=100"}
[2025-09-19T20:50:27.251Z] [ERROR] Admin token verification error | {"error":"Access token verification failed: jwt expired","tokenPrefix":"eyJhbGciOiJIUzI1NiIs...","endpoint":"/api/admin/bookings?page=1&limit=10&sortBy=createdAt&sortOrder=desc"}
[2025-09-19T20:50:27.259Z] [ERROR] Admin token verification error | {"error":"Access token verification failed: jwt expired","tokenPrefix":"eyJhbGciOiJIUzI1NiIs...","endpoint":"/api/admin/bookings/stats?period=30d"}
[2025-09-19T20:50:27.266Z] [ERROR] Admin token verification error | {"error":"Access token verification failed: jwt expired","tokenPrefix":"eyJhbGciOiJIUzI1NiIs...","endpoint":"/api/admin/vendors?page=1&limit=100"}
[2025-09-19T20:51:00.504Z] [ERROR] Admin token verification error | {"error":"Access token verification failed: jwt expired","tokenPrefix":"eyJhbGciOiJIUzI1NiIs...","endpoint":"/api/admin/bookings?page=1&limit=10&sortBy=createdAt&sortOrder=desc"}
[2025-09-19T20:51:00.558Z] [ERROR] Admin token verification error | {"error":"Access token verification failed: jwt expired","tokenPrefix":"eyJhbGciOiJIUzI1NiIs...","endpoint":"/api/admin/bookings/stats?period=30d"}
[2025-09-19T20:51:00.580Z] [ERROR] Admin token verification error | {"error":"Access token verification failed: jwt expired","tokenPrefix":"eyJhbGciOiJIUzI1NiIs...","endpoint":"/api/admin/vendors?page=1&limit=100"}
[2025-09-19T20:51:22.202Z] [ERROR] Admin token verification error | {"error":"Access token verification failed: jwt expired","tokenPrefix":"eyJhbGciOiJIUzI1NiIs...","endpoint":"/api/admin/bookings?page=1&limit=10&sortBy=createdAt&sortOrder=desc"}
[2025-09-19T20:51:22.206Z] [ERROR] Admin token verification error | {"error":"Access token verification failed: jwt expired","tokenPrefix":"eyJhbGciOiJIUzI1NiIs...","endpoint":"/api/admin/bookings/stats?period=30d"}
[2025-09-19T20:51:22.218Z] [ERROR] Admin token verification error | {"error":"Access token verification failed: jwt expired","tokenPrefix":"eyJhbGciOiJIUzI1NiIs...","endpoint":"/api/admin/vendors?page=1&limit=100"}
[2025-09-19T20:58:18.165Z] [ERROR] Token verification failed | {"error":"Cannot call `vendors.findOne()` before initial connection is complete if `bufferCommands = false`. Make sure you `await mongoose.connect()` if you have `bufferCommands = false`.","tokenPrefix":"eyJhbGciOiJIUzI1NiIs...","tokenLength":179,"endpoint":"/api/bookings/vendor/me"}
[2025-09-19T21:05:06.358Z] [ERROR] Admin token verification error | {"error":"Access token verification failed: jwt expired","tokenPrefix":"eyJhbGciOiJIUzI1NiIs...","endpoint":"/api/admin/bookings?page=1&limit=10&sortBy=createdAt&sortOrder=desc"}
[2025-09-19T21:05:06.365Z] [ERROR] Admin token verification error | {"error":"Access token verification failed: jwt expired","tokenPrefix":"eyJhbGciOiJIUzI1NiIs...","endpoint":"/api/admin/bookings/stats?period=30d"}
[2025-09-19T21:05:06.371Z] [ERROR] Admin token verification error | {"error":"Access token verification failed: jwt expired","tokenPrefix":"eyJhbGciOiJIUzI1NiIs...","endpoint":"/api/admin/vendors?page=1&limit=100"}
