[2025-09-27T06:50:32.770Z] [ERROR] Admin token verification error | {"error":"Access token verification failed: jwt expired","tokenPrefix":"eyJhbGciOiJIUzI1NiIs...","endpoint":"/api/admin/dashboard"}
[2025-09-27T06:50:36.112Z] [ERROR] Admin token verification error | {"error":"Access token verification failed: jwt expired","tokenPrefix":"eyJhbGciOiJIUzI1NiIs...","endpoint":"/api/admin/logout"}
[2025-09-27T07:53:17.660Z] [ERROR] Admin token verification error | {"error":"Access token verification failed: jwt expired","tokenPrefix":"eyJhbGciOiJIUzI1NiIs...","endpoint":"/api/support-tickets/admin/all?page=1&limit=100&status=all&priority=all"}
[2025-09-27T08:33:02.009Z] [ERROR] Admin token verification error | {"error":"Access token verification failed: jwt malformed","tokenPrefix":"test-token...","endpoint":"/api/admin/withdrawal-requests"}
[2025-09-27T08:35:02.380Z] [ERROR] Token verification failed | {"error":"jwt malformed","tokenPrefix":"test-token...","tokenLength":10,"endpoint":"/api/vendor/wallet"}
[2025-09-27T08:37:23.504Z] [ERROR] Token verification failed | {"error":"jwt malformed","tokenPrefix":"invalid-token...","tokenLength":13,"endpoint":"/api/vendor/wallet"}
[2025-09-27T08:37:26.478Z] [ERROR] Token verification failed | {"error":"jwt malformed","tokenPrefix":"test...","tokenLength":4,"endpoint":"/api/vendor/wallet"}
[2025-09-27T08:57:51.710Z] [ERROR] Admin token verification error | {"error":"Access token verification failed: jwt expired","tokenPrefix":"eyJhbGciOiJIUzI1NiIs...","endpoint":"/api/admin/dashboard"}
[2025-09-27T08:58:00.196Z] [ERROR] Admin token verification error | {"error":"Access token verification failed: jwt expired","tokenPrefix":"eyJhbGciOiJIUzI1NiIs...","endpoint":"/api/admin/logout"}
[2025-09-27T09:01:03.620Z] [ERROR] Admin token verification error | {"error":"Access token verification failed: invalid signature","tokenPrefix":"eyJhbGciOiJIUzI1NiIs...","endpoint":"/api/admin/withdrawals"}
[2025-09-27T09:01:20.040Z] [ERROR] Vendor registration failed | {"error":"Vendor validation failed: experience: `2-5 years` is not a valid enum value for path `experience`., serviceCategories.0: `Electronics` is not a valid enum value for path `serviceCategories.0`.","email":"test@vendor.com","phone":"9876543210"}
[2025-09-27T09:05:55.867Z] [ERROR] Error approving withdrawal request:
[2025-09-27T09:06:07.523Z] [ERROR] Error approving withdrawal request:
[2025-09-27T09:07:27.828Z] [ERROR] Error approving withdrawal request:
[2025-09-27T09:14:10.561Z] [ERROR] Token verification failed | {"error":"getaddrinfo ENOTFOUND ac-cj6h43u-shard-00-02.okjqrni.mongodb.net","tokenPrefix":"eyJhbGciOiJIUzI1NiIs...","tokenLength":179,"endpoint":"/api/vendor/wallet"}
[2025-09-27T09:14:11.325Z] [ERROR] Token verification failed | {"error":"getaddrinfo ENOTFOUND ac-cj6h43u-shard-00-02.okjqrni.mongodb.net","tokenPrefix":"eyJhbGciOiJIUzI1NiIs...","tokenLength":179,"endpoint":"/api/vendor/wallet"}
[2025-09-27T09:14:51.301Z] [ERROR] Token verification failed | {"error":"getaddrinfo ENOTFOUND ac-cj6h43u-shard-00-02.okjqrni.mongodb.net","tokenPrefix":"eyJhbGciOiJIUzI1NiIs...","tokenLength":179,"endpoint":"/api/vendor/wallet"}
[2025-09-27T09:14:56.316Z] [ERROR] Token verification failed | {"error":"getaddrinfo ENOTFOUND ac-cj6h43u-shard-00-02.okjqrni.mongodb.net","tokenPrefix":"eyJhbGciOiJIUzI1NiIs...","tokenLength":179,"endpoint":"/api/vendor/wallet"}
[2025-09-27T09:15:51.301Z] [ERROR] Token verification failed | {"error":"getaddrinfo ENOTFOUND ac-cj6h43u-shard-00-02.okjqrni.mongodb.net","tokenPrefix":"eyJhbGciOiJIUzI1NiIs...","tokenLength":179,"endpoint":"/api/vendor/wallet"}
[2025-09-27T09:15:56.321Z] [ERROR] Token verification failed | {"error":"getaddrinfo ENOTFOUND ac-cj6h43u-shard-00-02.okjqrni.mongodb.net","tokenPrefix":"eyJhbGciOiJIUzI1NiIs...","tokenLength":179,"endpoint":"/api/vendor/wallet"}
[2025-09-27T09:16:51.305Z] [ERROR] Token verification failed | {"error":"getaddrinfo ENOTFOUND ac-cj6h43u-shard-00-02.okjqrni.mongodb.net","tokenPrefix":"eyJhbGciOiJIUzI1NiIs...","tokenLength":179,"endpoint":"/api/vendor/wallet"}
[2025-09-27T09:16:56.319Z] [ERROR] Token verification failed | {"error":"getaddrinfo ENOTFOUND ac-cj6h43u-shard-00-02.okjqrni.mongodb.net","tokenPrefix":"eyJhbGciOiJIUzI1NiIs...","tokenLength":179,"endpoint":"/api/vendor/wallet"}
[2025-09-27T09:17:51.293Z] [ERROR] Token verification failed | {"error":"getaddrinfo ENOTFOUND ac-cj6h43u-shard-00-02.okjqrni.mongodb.net","tokenPrefix":"eyJhbGciOiJIUzI1NiIs...","tokenLength":179,"endpoint":"/api/vendor/wallet"}
[2025-09-27T09:17:56.496Z] [ERROR] Token verification failed | {"error":"getaddrinfo ENOTFOUND ac-cj6h43u-shard-00-02.okjqrni.mongodb.net","tokenPrefix":"eyJhbGciOiJIUzI1NiIs...","tokenLength":179,"endpoint":"/api/vendor/wallet"}
[2025-09-27T09:19:03.373Z] [ERROR] Token verification failed | {"error":"getaddrinfo ENOTFOUND ac-cj6h43u-shard-00-02.okjqrni.mongodb.net","tokenPrefix":"eyJhbGciOiJIUzI1NiIs...","tokenLength":179,"endpoint":"/api/vendor/wallet"}
[2025-09-27T09:19:08.598Z] [ERROR] Admin token verification error | {"error":"getaddrinfo ENOTFOUND ac-cj6h43u-shard-00-02.okjqrni.mongodb.net","tokenPrefix":"eyJhbGciOiJIUzI1NiIs...","endpoint":"/api/admin/wallets"}
[2025-09-27T09:19:12.032Z] [ERROR] Token verification failed | {"error":"getaddrinfo ENOTFOUND ac-cj6h43u-shard-00-02.okjqrni.mongodb.net","tokenPrefix":"eyJhbGciOiJIUzI1NiIs...","tokenLength":179,"endpoint":"/api/vendor/wallet"}
[2025-09-27T09:19:12.987Z] [ERROR] Admin token verification error | {"error":"getaddrinfo ENOTFOUND ac-cj6h43u-shard-00-02.okjqrni.mongodb.net","tokenPrefix":"eyJhbGciOiJIUzI1NiIs...","endpoint":"/api/admin/withdrawals"}
[2025-09-27T09:19:13.736Z] [ERROR] Token refresh failed | {"error":"getaddrinfo ENOTFOUND ac-cj6h43u-shard-00-02.okjqrni.mongodb.net","ip":"::1"}
[2025-09-27T09:19:17.082Z] [ERROR] Token verification failed | {"error":"getaddrinfo ENOTFOUND ac-cj6h43u-shard-00-02.okjqrni.mongodb.net","tokenPrefix":"eyJhbGciOiJIUzI1NiIs...","tokenLength":179,"endpoint":"/api/vendor/wallet"}
[2025-09-27T09:19:18.123Z] [ERROR] Token refresh failed | {"error":"getaddrinfo ENOTFOUND ac-cj6h43u-shard-00-02.okjqrni.mongodb.net"}
[2025-09-27T09:19:22.099Z] [ERROR] Token verification failed | {"error":"getaddrinfo ENOTFOUND ac-cj6h43u-shard-00-02.okjqrni.mongodb.net","tokenPrefix":"eyJhbGciOiJIUzI1NiIs...","tokenLength":179,"endpoint":"/api/vendor/wallet"}
[2025-09-27T09:19:36.639Z] [ERROR] Token verification failed | {"error":"getaddrinfo ENOTFOUND ac-cj6h43u-shard-00-02.okjqrni.mongodb.net","tokenPrefix":"eyJhbGciOiJIUzI1NiIs...","tokenLength":179,"endpoint":"/api/vendor/wallet"}
[2025-09-27T09:19:41.755Z] [ERROR] Token verification failed | {"error":"getaddrinfo ENOTFOUND ac-cj6h43u-shard-00-02.okjqrni.mongodb.net","tokenPrefix":"eyJhbGciOiJIUzI1NiIs...","tokenLength":179,"endpoint":"/api/vendor/wallet"}
[2025-09-27T09:20:01.308Z] [ERROR] Token verification failed | {"error":"getaddrinfo ENOTFOUND ac-cj6h43u-shard-00-02.okjqrni.mongodb.net","tokenPrefix":"eyJhbGciOiJIUzI1NiIs...","tokenLength":179,"endpoint":"/api/vendor/wallet"}
[2025-09-27T09:20:06.746Z] [ERROR] Token verification failed | {"error":"getaddrinfo ENOTFOUND ac-cj6h43u-shard-00-02.okjqrni.mongodb.net","tokenPrefix":"eyJhbGciOiJIUzI1NiIs...","tokenLength":179,"endpoint":"/api/vendor/wallet"}
[2025-09-27T09:20:31.289Z] [ERROR] Token verification failed | {"error":"getaddrinfo ENOTFOUND ac-cj6h43u-shard-00-02.okjqrni.mongodb.net","tokenPrefix":"eyJhbGciOiJIUzI1NiIs...","tokenLength":179,"endpoint":"/api/vendor/wallet"}
[2025-09-27T09:20:36.310Z] [ERROR] Token verification failed | {"error":"getaddrinfo ENOTFOUND ac-cj6h43u-shard-00-02.okjqrni.mongodb.net","tokenPrefix":"eyJhbGciOiJIUzI1NiIs...","tokenLength":179,"endpoint":"/api/vendor/wallet"}
[2025-09-27T09:21:01.295Z] [ERROR] Token verification failed | {"error":"getaddrinfo ENOTFOUND ac-cj6h43u-shard-00-02.okjqrni.mongodb.net","tokenPrefix":"eyJhbGciOiJIUzI1NiIs...","tokenLength":179,"endpoint":"/api/vendor/wallet"}
[2025-09-27T09:21:06.325Z] [ERROR] Token verification failed | {"error":"getaddrinfo ENOTFOUND ac-cj6h43u-shard-00-02.okjqrni.mongodb.net","tokenPrefix":"eyJhbGciOiJIUzI1NiIs...","tokenLength":179,"endpoint":"/api/vendor/wallet"}
[2025-09-27T09:21:31.302Z] [ERROR] Token verification failed | {"error":"getaddrinfo ENOTFOUND ac-cj6h43u-shard-00-02.okjqrni.mongodb.net","tokenPrefix":"eyJhbGciOiJIUzI1NiIs...","tokenLength":179,"endpoint":"/api/vendor/wallet"}
[2025-09-27T09:21:36.319Z] [ERROR] Token verification failed | {"error":"getaddrinfo ENOTFOUND ac-cj6h43u-shard-00-02.okjqrni.mongodb.net","tokenPrefix":"eyJhbGciOiJIUzI1NiIs...","tokenLength":179,"endpoint":"/api/vendor/wallet"}
[2025-09-27T09:22:01.392Z] [ERROR] Token verification failed | {"error":"getaddrinfo ENOTFOUND ac-cj6h43u-shard-00-02.okjqrni.mongodb.net","tokenPrefix":"eyJhbGciOiJIUzI1NiIs...","tokenLength":179,"endpoint":"/api/vendor/wallet"}
[2025-09-27T09:22:06.414Z] [ERROR] Token verification failed | {"error":"getaddrinfo ENOTFOUND ac-cj6h43u-shard-00-02.okjqrni.mongodb.net","tokenPrefix":"eyJhbGciOiJIUzI1NiIs...","tokenLength":179,"endpoint":"/api/vendor/wallet"}
[2025-09-27T09:22:51.350Z] [ERROR] Token verification failed | {"error":"getaddrinfo ENOTFOUND ac-cj6h43u-shard-00-02.okjqrni.mongodb.net","tokenPrefix":"eyJhbGciOiJIUzI1NiIs...","tokenLength":179,"endpoint":"/api/vendor/wallet"}
[2025-09-27T09:22:56.396Z] [ERROR] Token verification failed | {"error":"getaddrinfo ENOTFOUND ac-cj6h43u-shard-00-02.okjqrni.mongodb.net","tokenPrefix":"eyJhbGciOiJIUzI1NiIs...","tokenLength":179,"endpoint":"/api/vendor/wallet"}
[2025-09-27T09:23:02.378Z] [ERROR] Token verification failed | {"error":"getaddrinfo ENOTFOUND ac-cj6h43u-shard-00-02.okjqrni.mongodb.net","tokenPrefix":"eyJhbGciOiJIUzI1NiIs...","tokenLength":179,"endpoint":"/api/vendor/wallet"}
[2025-09-27T09:23:07.421Z] [ERROR] Token verification failed | {"error":"getaddrinfo ENOTFOUND ac-cj6h43u-shard-00-02.okjqrni.mongodb.net","tokenPrefix":"eyJhbGciOiJIUzI1NiIs...","tokenLength":179,"endpoint":"/api/vendor/wallet"}
[2025-09-27T09:23:51.632Z] [ERROR] Token verification failed | {"error":"getaddrinfo ENOTFOUND ac-cj6h43u-shard-00-02.okjqrni.mongodb.net","tokenPrefix":"eyJhbGciOiJIUzI1NiIs...","tokenLength":179,"endpoint":"/api/vendor/wallet"}
[2025-09-27T09:23:56.644Z] [ERROR] Token verification failed | {"error":"getaddrinfo ENOTFOUND ac-cj6h43u-shard-00-02.okjqrni.mongodb.net","tokenPrefix":"eyJhbGciOiJIUzI1NiIs...","tokenLength":179,"endpoint":"/api/vendor/wallet"}
[2025-09-27T09:24:02.304Z] [ERROR] Token verification failed | {"error":"getaddrinfo ENOTFOUND ac-cj6h43u-shard-00-02.okjqrni.mongodb.net","tokenPrefix":"eyJhbGciOiJIUzI1NiIs...","tokenLength":179,"endpoint":"/api/vendor/wallet"}
[2025-09-27T09:24:07.324Z] [ERROR] Token verification failed | {"error":"getaddrinfo ENOTFOUND ac-cj6h43u-shard-00-02.okjqrni.mongodb.net","tokenPrefix":"eyJhbGciOiJIUzI1NiIs...","tokenLength":179,"endpoint":"/api/vendor/wallet"}
[2025-09-27T09:24:52.712Z] [ERROR] Token verification failed | {"error":"getaddrinfo ENOTFOUND ac-cj6h43u-shard-00-02.okjqrni.mongodb.net","tokenPrefix":"eyJhbGciOiJIUzI1NiIs...","tokenLength":179,"endpoint":"/api/vendor/wallet"}
[2025-09-27T09:24:57.747Z] [ERROR] Token verification failed | {"error":"getaddrinfo ENOTFOUND ac-cj6h43u-shard-00-02.okjqrni.mongodb.net","tokenPrefix":"eyJhbGciOiJIUzI1NiIs...","tokenLength":179,"endpoint":"/api/vendor/wallet"}
[2025-09-27T09:25:03.304Z] [ERROR] Token verification failed | {"error":"getaddrinfo ENOTFOUND ac-cj6h43u-shard-00-02.okjqrni.mongodb.net","tokenPrefix":"eyJhbGciOiJIUzI1NiIs...","tokenLength":179,"endpoint":"/api/vendor/wallet"}
[2025-09-27T09:25:08.612Z] [ERROR] Token verification failed | {"error":"getaddrinfo ENOTFOUND ac-cj6h43u-shard-00-02.okjqrni.mongodb.net","tokenPrefix":"eyJhbGciOiJIUzI1NiIs...","tokenLength":179,"endpoint":"/api/vendor/wallet"}
[2025-09-27T09:25:51.298Z] [ERROR] Token verification failed | {"error":"getaddrinfo ENOTFOUND ac-cj6h43u-shard-00-02.okjqrni.mongodb.net","tokenPrefix":"eyJhbGciOiJIUzI1NiIs...","tokenLength":179,"endpoint":"/api/vendor/wallet"}
[2025-09-27T09:25:56.315Z] [ERROR] Token verification failed | {"error":"getaddrinfo ENOTFOUND ac-cj6h43u-shard-00-02.okjqrni.mongodb.net","tokenPrefix":"eyJhbGciOiJIUzI1NiIs...","tokenLength":179,"endpoint":"/api/vendor/wallet"}
[2025-09-27T09:26:02.322Z] [ERROR] Token verification failed | {"error":"getaddrinfo ENOTFOUND ac-cj6h43u-shard-00-02.okjqrni.mongodb.net","tokenPrefix":"eyJhbGciOiJIUzI1NiIs...","tokenLength":179,"endpoint":"/api/vendor/wallet"}
[2025-09-27T09:26:07.345Z] [ERROR] Token verification failed | {"error":"getaddrinfo ENOTFOUND ac-cj6h43u-shard-00-02.okjqrni.mongodb.net","tokenPrefix":"eyJhbGciOiJIUzI1NiIs...","tokenLength":179,"endpoint":"/api/vendor/wallet"}
[2025-09-27T09:26:51.315Z] [ERROR] Token verification failed | {"error":"getaddrinfo ENOTFOUND ac-cj6h43u-shard-00-02.okjqrni.mongodb.net","tokenPrefix":"eyJhbGciOiJIUzI1NiIs...","tokenLength":179,"endpoint":"/api/vendor/wallet"}
[2025-09-27T09:26:56.333Z] [ERROR] Token verification failed | {"error":"getaddrinfo ENOTFOUND ac-cj6h43u-shard-00-02.okjqrni.mongodb.net","tokenPrefix":"eyJhbGciOiJIUzI1NiIs...","tokenLength":179,"endpoint":"/api/vendor/wallet"}
[2025-09-27T09:27:03.326Z] [ERROR] Token verification failed | {"error":"getaddrinfo ENOTFOUND ac-cj6h43u-shard-00-02.okjqrni.mongodb.net","tokenPrefix":"eyJhbGciOiJIUzI1NiIs...","tokenLength":179,"endpoint":"/api/vendor/wallet"}
[2025-09-27T09:27:08.338Z] [ERROR] Token verification failed | {"error":"getaddrinfo ENOTFOUND ac-cj6h43u-shard-00-02.okjqrni.mongodb.net","tokenPrefix":"eyJhbGciOiJIUzI1NiIs...","tokenLength":179,"endpoint":"/api/vendor/wallet"}
[2025-09-27T09:27:53.090Z] [ERROR] Token verification failed | {"error":"getaddrinfo ENOTFOUND ac-cj6h43u-shard-00-02.okjqrni.mongodb.net","tokenPrefix":"eyJhbGciOiJIUzI1NiIs...","tokenLength":179,"endpoint":"/api/vendor/wallet"}
[2025-09-27T09:27:58.505Z] [ERROR] Token verification failed | {"error":"getaddrinfo ENOTFOUND ac-cj6h43u-shard-00-02.okjqrni.mongodb.net","tokenPrefix":"eyJhbGciOiJIUzI1NiIs...","tokenLength":179,"endpoint":"/api/vendor/wallet"}
[2025-09-27T09:28:05.408Z] [ERROR] Token verification failed | {"error":"getaddrinfo ENOTFOUND ac-cj6h43u-shard-00-02.okjqrni.mongodb.net","tokenPrefix":"eyJhbGciOiJIUzI1NiIs...","tokenLength":179,"endpoint":"/api/vendor/wallet"}
[2025-09-27T09:28:10.464Z] [ERROR] Token verification failed | {"error":"getaddrinfo ENOTFOUND ac-cj6h43u-shard-00-02.okjqrni.mongodb.net","tokenPrefix":"eyJhbGciOiJIUzI1NiIs...","tokenLength":179,"endpoint":"/api/vendor/wallet"}
[2025-09-27T09:28:51.289Z] [ERROR] Token verification failed | {"error":"getaddrinfo ENOTFOUND ac-cj6h43u-shard-00-02.okjqrni.mongodb.net","tokenPrefix":"eyJhbGciOiJIUzI1NiIs...","tokenLength":179,"endpoint":"/api/vendor/wallet"}
[2025-09-27T09:28:56.987Z] [ERROR] Token verification failed | {"error":"getaddrinfo ENOTFOUND ac-cj6h43u-shard-00-02.okjqrni.mongodb.net","tokenPrefix":"eyJhbGciOiJIUzI1NiIs...","tokenLength":179,"endpoint":"/api/vendor/wallet"}
[2025-09-27T09:29:03.711Z] [ERROR] Token verification failed | {"error":"getaddrinfo ENOTFOUND ac-cj6h43u-shard-00-02.okjqrni.mongodb.net","tokenPrefix":"eyJhbGciOiJIUzI1NiIs...","tokenLength":179,"endpoint":"/api/vendor/wallet"}
[2025-09-27T09:29:08.791Z] [ERROR] Token verification failed | {"error":"getaddrinfo ENOTFOUND ac-cj6h43u-shard-00-02.okjqrni.mongodb.net","tokenPrefix":"eyJhbGciOiJIUzI1NiIs...","tokenLength":179,"endpoint":"/api/vendor/wallet"}
[2025-09-27T09:49:08.850Z] [ERROR] Token verification failed | {"error":"getaddrinfo ENOTFOUND ac-cj6h43u-shard-00-02.okjqrni.mongodb.net","tokenPrefix":"eyJhbGciOiJIUzI1NiIs...","tokenLength":179,"endpoint":"/api/vendor/wallet"}
[2025-09-27T09:49:13.871Z] [ERROR] Token verification failed | {"error":"getaddrinfo ENOTFOUND ac-cj6h43u-shard-00-02.okjqrni.mongodb.net","tokenPrefix":"eyJhbGciOiJIUzI1NiIs...","tokenLength":179,"endpoint":"/api/vendor/wallet"}
[2025-09-27T09:49:53.080Z] [ERROR] Token verification failed | {"error":"getaddrinfo ENOTFOUND ac-cj6h43u-shard-00-02.okjqrni.mongodb.net","tokenPrefix":"eyJhbGciOiJIUzI1NiIs...","tokenLength":179,"endpoint":"/api/vendor/wallet"}
[2025-09-27T09:49:58.091Z] [ERROR] Token verification failed | {"error":"getaddrinfo ENOTFOUND ac-cj6h43u-shard-00-02.okjqrni.mongodb.net","tokenPrefix":"eyJhbGciOiJIUzI1NiIs...","tokenLength":179,"endpoint":"/api/vendor/wallet"}
