[2025-09-20T05:17:46.536Z] [ERROR] Admin token verification error | {"error":"Access token verification failed: jwt expired","tokenPrefix":"eyJhbGciOiJIUzI1NiIs...","endpoint":"/api/admin/dashboard"}
[2025-09-20T05:32:50.623Z] [ERROR] Admin token verification error | {"error":"Access token verification failed: jwt expired","tokenPrefix":"eyJhbGciOiJIUzI1NiIs...","endpoint":"/api/admin/logout"}
[2025-09-20T06:05:34.778Z] [ERROR] Admin token verification error | {"error":"Cannot call `admins.findOne()` before initial connection is complete if `bufferCommands = false`. Make sure you `await mongoose.connect()` if you have `bufferCommands = false`.","tokenPrefix":"eyJhbGciOiJIUzI1NiIs...","endpoint":"/api/admin/vendors?page=1&limit=100"}
[2025-09-20T06:05:34.801Z] [ERROR] Admin token verification error | {"error":"Cannot call `admins.findOne()` before initial connection is complete if `bufferCommands = false`. Make sure you `await mongoose.connect()` if you have `bufferCommands = false`.","tokenPrefix":"eyJhbGciOiJIUzI1NiIs...","endpoint":"/api/admin/bookings?page=1&limit=20"}
[2025-09-20T06:35:25.682Z] [ERROR] Admin token verification error | {"error":"Access token verification failed: jwt expired","tokenPrefix":"eyJhbGciOiJIUzI1NiIs...","endpoint":"/api/admin/bookings?page=1&limit=20"}
[2025-09-20T06:35:25.694Z] [ERROR] Admin token verification error | {"error":"Access token verification failed: jwt expired","tokenPrefix":"eyJhbGciOiJIUzI1NiIs...","endpoint":"/api/admin/vendors?page=1&limit=100"}
[2025-09-20T06:35:51.490Z] [ERROR] Token verification failed | {"error":"Cannot call `vendors.findOne()` before initial connection is complete if `bufferCommands = false`. Make sure you `await mongoose.connect()` if you have `bufferCommands = false`.","tokenPrefix":"eyJhbGciOiJIUzI1NiIs...","tokenLength":179,"endpoint":"/api/bookings/vendor/me"}
[2025-09-20T06:35:51.531Z] [ERROR] Admin token verification error | {"error":"Access token verification failed: jwt expired","tokenPrefix":"eyJhbGciOiJIUzI1NiIs...","endpoint":"/api/admin/bookings?page=1&limit=20"}
[2025-09-20T06:35:51.553Z] [ERROR] Admin token verification error | {"error":"Access token verification failed: jwt expired","tokenPrefix":"eyJhbGciOiJIUzI1NiIs...","endpoint":"/api/admin/vendors?page=1&limit=100"}
[2025-09-20T06:36:58.473Z] [ERROR] Admin token verification error | {"error":"Access token verification failed: jwt expired","tokenPrefix":"eyJhbGciOiJIUzI1NiIs...","endpoint":"/api/admin/logout"}
[2025-09-20T07:26:18.893Z] [ERROR] Token verification failed | {"error":"Cannot call `vendors.findOne()` before initial connection is complete if `bufferCommands = false`. Make sure you `await mongoose.connect()` if you have `bufferCommands = false`.","tokenPrefix":"eyJhbGciOiJIUzI1NiIs...","tokenLength":179,"endpoint":"/api/bookings/vendor/me"}
[2025-09-20T07:46:30.526Z] [ERROR] Admin token verification error | {"error":"Access token verification failed: jwt expired","tokenPrefix":"eyJhbGciOiJIUzI1NiIs...","endpoint":"/api/admin/bookings?page=1&limit=20"}
[2025-09-20T07:46:30.536Z] [ERROR] Admin token verification error | {"error":"Access token verification failed: jwt expired","tokenPrefix":"eyJhbGciOiJIUzI1NiIs...","endpoint":"/api/admin/vendors?page=1&limit=100"}
[2025-09-20T07:51:14.406Z] [ERROR] Token verification failed | {"error":"Cannot call `vendors.findOne()` before initial connection is complete if `bufferCommands = false`. Make sure you `await mongoose.connect()` if you have `bufferCommands = false`.","tokenPrefix":"eyJhbGciOiJIUzI1NiIs...","tokenLength":179,"endpoint":"/api/bookings/vendor/me"}
[2025-09-20T08:00:11.699Z] [ERROR] Token verification failed | {"error":"Cannot call `vendors.findOne()` before initial connection is complete if `bufferCommands = false`. Make sure you `await mongoose.connect()` if you have `bufferCommands = false`.","tokenPrefix":"eyJhbGciOiJIUzI1NiIs...","tokenLength":179,"endpoint":"/api/bookings/vendor/me"}
[2025-09-20T08:02:14.084Z] [ERROR] Error creating payment order:
[2025-09-20T08:04:40.087Z] [ERROR] Admin token verification error | {"error":"Access token verification failed: jwt expired","tokenPrefix":"eyJhbGciOiJIUzI1NiIs...","endpoint":"/api/admin/bookings?page=1&limit=20"}
[2025-09-20T08:04:40.105Z] [ERROR] Admin token verification error | {"error":"Access token verification failed: jwt expired","tokenPrefix":"eyJhbGciOiJIUzI1NiIs...","endpoint":"/api/admin/vendors?page=1&limit=100"}
[2025-09-20T08:05:12.023Z] [ERROR] Error retrieving customer bookings:
[2025-09-20T08:05:12.471Z] [ERROR] Admin token verification error | {"error":"Access token verification failed: jwt expired","tokenPrefix":"eyJhbGciOiJIUzI1NiIs...","endpoint":"/api/admin/bookings?page=1&limit=20"}
[2025-09-20T08:05:12.483Z] [ERROR] Admin token verification error | {"error":"Access token verification failed: jwt expired","tokenPrefix":"eyJhbGciOiJIUzI1NiIs...","endpoint":"/api/admin/vendors?page=1&limit=100"}
[2025-09-20T08:05:18.872Z] [ERROR] Error creating payment order:
[2025-09-20T08:05:33.868Z] [ERROR] Error creating payment order:
[2025-09-20T08:07:11.039Z] [ERROR] Error retrieving customer bookings:
[2025-09-20T08:07:19.841Z] [ERROR] Error creating payment order: | {"error":"Failed to create order: undefined","stack":"Error: Failed to create order: undefined\n    at RazorpayService.createOrder (C:\\Users\\ss\\OneDrive\\Desktop\\CompanyProjects\\Fixifly\\backend\\services\\razorpayService.js:92:13)\n    at process.processTicksAndRejections (node:internal/process/task_queues:105:5)\n    at async C:\\Users\\ss\\OneDrive\\Desktop\\CompanyProjects\\Fixifly\\backend\\controllers\\bookingController.js:800:27","bookingId":"68ce54ad4bcec17e2c159223"}
[2025-09-20T08:07:30.100Z] [ERROR] Error creating payment order: | {"error":"Failed to create order: undefined","stack":"Error: Failed to create order: undefined\n    at RazorpayService.createOrder (C:\\Users\\ss\\OneDrive\\Desktop\\CompanyProjects\\Fixifly\\backend\\services\\razorpayService.js:92:13)\n    at process.processTicksAndRejections (node:internal/process/task_queues:105:5)\n    at async C:\\Users\\ss\\OneDrive\\Desktop\\CompanyProjects\\Fixifly\\backend\\controllers\\bookingController.js:800:27","bookingId":"68ce54ad4bcec17e2c159223"}
[2025-09-20T08:11:13.328Z] [ERROR] Error creating payment order: | {"error":"options is not defined","stack":"ReferenceError: options is not defined\n    at RazorpayService.createOrder (C:\\Users\\ss\\OneDrive\\Desktop\\CompanyProjects\\Fixifly\\backend\\services\\razorpayService.js:105:18)\n    at process.processTicksAndRejections (node:internal/process/task_queues:105:5)\n    at async C:\\Users\\ss\\OneDrive\\Desktop\\CompanyProjects\\Fixifly\\backend\\controllers\\bookingController.js:806:27","bookingId":"68ce54ad4bcec17e2c159223"}
[2025-09-20T08:12:28.514Z] [ERROR] Admin token verification error | {"error":"Access token verification failed: jwt expired","tokenPrefix":"eyJhbGciOiJIUzI1NiIs...","endpoint":"/api/admin/bookings?page=1&limit=20"}
[2025-09-20T08:12:28.525Z] [ERROR] Admin token verification error | {"error":"Access token verification failed: jwt expired","tokenPrefix":"eyJhbGciOiJIUzI1NiIs...","endpoint":"/api/admin/vendors?page=1&limit=100"}
[2025-09-20T08:12:33.625Z] [ERROR] Admin token verification error | {"error":"Access token verification failed: jwt expired","tokenPrefix":"eyJhbGciOiJIUzI1NiIs...","endpoint":"/api/admin/bookings?page=1&limit=20"}
[2025-09-20T08:12:33.630Z] [ERROR] Admin token verification error | {"error":"Access token verification failed: jwt expired","tokenPrefix":"eyJhbGciOiJIUzI1NiIs...","endpoint":"/api/admin/vendors?page=1&limit=100"}
[2025-09-20T08:15:35.375Z] [ERROR] Error retrieving customer bookings:
[2025-09-20T08:16:07.581Z] [ERROR] Error creating payment order: | {"error":"Failed to create order: [object Object]","stack":"Error: Failed to create order: [object Object]\n    at RazorpayService.createOrder (C:\\Users\\ss\\OneDrive\\Desktop\\CompanyProjects\\Fixifly\\backend\\services\\razorpayService.js:112:13)\n    at process.processTicksAndRejections (node:internal/process/task_queues:105:5)\n    at async C:\\Users\\ss\\OneDrive\\Desktop\\CompanyProjects\\Fixifly\\backend\\controllers\\bookingController.js:806:27","bookingId":"68ce54ad4bcec17e2c159223"}
[2025-09-20T08:16:19.141Z] [ERROR] Admin token verification error | {"error":"Access token verification failed: jwt expired","tokenPrefix":"eyJhbGciOiJIUzI1NiIs...","endpoint":"/api/admin/bookings?page=1&limit=20"}
[2025-09-20T08:16:19.149Z] [ERROR] Admin token verification error | {"error":"Access token verification failed: jwt expired","tokenPrefix":"eyJhbGciOiJIUzI1NiIs...","endpoint":"/api/admin/vendors?page=1&limit=100"}
[2025-09-20T08:16:22.326Z] [ERROR] Admin token verification error | {"error":"Access token verification failed: jwt expired","tokenPrefix":"eyJhbGciOiJIUzI1NiIs...","endpoint":"/api/admin/vendors?page=1&limit=100"}
[2025-09-20T08:16:22.336Z] [ERROR] Admin token verification error | {"error":"Access token verification failed: jwt expired","tokenPrefix":"eyJhbGciOiJIUzI1NiIs...","endpoint":"/api/admin/bookings?page=1&limit=10&sortBy=createdAt&sortOrder=desc"}
[2025-09-20T08:16:22.346Z] [ERROR] Admin token verification error | {"error":"Access token verification failed: jwt expired","tokenPrefix":"eyJhbGciOiJIUzI1NiIs...","endpoint":"/api/admin/bookings/stats?period=30d"}
[2025-09-20T08:16:25.919Z] [ERROR] Admin token verification error | {"error":"Access token verification failed: jwt expired","tokenPrefix":"eyJhbGciOiJIUzI1NiIs...","endpoint":"/api/admin/logout"}
[2025-09-20T08:18:08.261Z] [ERROR] Error creating payment order: | {"error":"Failed to create order: [object Object]","stack":"Error: Failed to create order: [object Object]\n    at RazorpayService.createOrder (C:\\Users\\ss\\OneDrive\\Desktop\\CompanyProjects\\Fixifly\\backend\\services\\razorpayService.js:112:13)\n    at process.processTicksAndRejections (node:internal/process/task_queues:105:5)\n    at async C:\\Users\\ss\\OneDrive\\Desktop\\CompanyProjects\\Fixifly\\backend\\controllers\\bookingController.js:806:27","bookingId":"68ce54eb04aab30b666fe35c"}
[2025-09-20T08:21:11.362Z] [ERROR] Error creating payment order: | {"error":"Failed to create order: receipt: the length must be no more than 40.","stack":"Error: Failed to create order: receipt: the length must be no more than 40.\n    at RazorpayService.createOrder (C:\\Users\\ss\\OneDrive\\Desktop\\CompanyProjects\\Fixifly\\backend\\services\\razorpayService.js:128:13)\n    at process.processTicksAndRejections (node:internal/process/task_queues:105:5)\n    at async C:\\Users\\ss\\OneDrive\\Desktop\\CompanyProjects\\Fixifly\\backend\\controllers\\bookingController.js:806:27","bookingId":"68ce54eb04aab30b666fe35c"}
[2025-09-20T08:26:01.365Z] [ERROR] Error verifying payment: | {"code":"ERR_INVALID_ARG_TYPE"}
[2025-09-20T08:29:40.729Z] [ERROR] Error verifying payment: | {"code":"ERR_INVALID_ARG_TYPE"}
[2025-09-20T08:30:16.462Z] [ERROR] Error verifying payment: | {"code":"ERR_INVALID_ARG_TYPE"}
[2025-09-20T09:09:51.460Z] [ERROR] Error creating booking with payment:
[2025-09-20T09:11:31.258Z] [ERROR] Error creating booking with payment:
[2025-09-20T09:12:41.797Z] [ERROR] Error retrieving customer bookings:
[2025-09-20T09:14:03.424Z] [ERROR] Error creating booking with payment:
[2025-09-20T09:20:24.178Z] [ERROR] Admin token verification error | {"error":"Cannot call `admins.findOne()` before initial connection is complete if `bufferCommands = false`. Make sure you `await mongoose.connect()` if you have `bufferCommands = false`.","tokenPrefix":"eyJhbGciOiJIUzI1NiIs...","endpoint":"/api/admin/vendors?page=1&limit=100"}
[2025-09-20T09:20:24.190Z] [ERROR] Admin token verification error | {"error":"Cannot call `admins.findOne()` before initial connection is complete if `bufferCommands = false`. Make sure you `await mongoose.connect()` if you have `bufferCommands = false`.","tokenPrefix":"eyJhbGciOiJIUzI1NiIs...","endpoint":"/api/admin/bookings?page=1&limit=10&sortBy=createdAt&sortOrder=desc"}
[2025-09-20T09:20:24.198Z] [ERROR] Admin token verification error | {"error":"Cannot call `admins.findOne()` before initial connection is complete if `bufferCommands = false`. Make sure you `await mongoose.connect()` if you have `bufferCommands = false`.","tokenPrefix":"eyJhbGciOiJIUzI1NiIs...","endpoint":"/api/admin/bookings/stats?period=30d"}
[2025-09-20T09:32:51.524Z] [ERROR] Admin token verification error | {"error":"Cannot call `admins.findOne()` before initial connection is complete if `bufferCommands = false`. Make sure you `await mongoose.connect()` if you have `bufferCommands = false`.","tokenPrefix":"eyJhbGciOiJIUzI1NiIs...","endpoint":"/api/admin/bookings?page=1&limit=1000"}
[2025-09-20T09:42:52.377Z] [ERROR] Error retrieving customer bookings:
[2025-09-20T10:34:07.494Z] [ERROR] Admin token verification error | {"error":"Access token verification failed: jwt expired","tokenPrefix":"eyJhbGciOiJIUzI1NiIs...","endpoint":"/api/admin/bookings?page=1&limit=10&sortBy=createdAt&sortOrder=desc"}
[2025-09-20T10:34:07.542Z] [ERROR] Admin token verification error | {"error":"Access token verification failed: jwt expired","tokenPrefix":"eyJhbGciOiJIUzI1NiIs...","endpoint":"/api/admin/bookings/stats?period=30d"}
[2025-09-20T10:34:07.656Z] [ERROR] Admin token verification error | {"error":"Access token verification failed: jwt expired","tokenPrefix":"eyJhbGciOiJIUzI1NiIs...","endpoint":"/api/admin/vendors?page=1&limit=100"}
[2025-09-20T10:34:11.143Z] [ERROR] Admin token verification error | {"error":"Access token verification failed: jwt expired","tokenPrefix":"eyJhbGciOiJIUzI1NiIs...","endpoint":"/api/admin/logout"}
[2025-09-20T11:22:35.111Z] [ERROR] Token verification failed | {"error":"Cannot call `vendors.findOne()` before initial connection is complete if `bufferCommands = false`. Make sure you `await mongoose.connect()` if you have `bufferCommands = false`.","tokenPrefix":"eyJhbGciOiJIUzI1NiIs...","tokenLength":179,"endpoint":"/api/bookings/vendor/me"}
[2025-09-20T11:24:07.074Z] [ERROR] Vendor login failed | {"error":"Cannot call `vendors.findOne()` before initial connection is complete if `bufferCommands = false`. Make sure you `await mongoose.connect()` if you have `bufferCommands = false`.","email":"panchalajay717@gmail.com"}
[2025-09-20T11:24:23.300Z] [ERROR] Vendor login failed | {"error":"Cannot call `vendors.findOne()` before initial connection is complete if `bufferCommands = false`. Make sure you `await mongoose.connect()` if you have `bufferCommands = false`.","email":"panchalajay717@gmail.com"}
[2025-09-20T11:26:30.637Z] [ERROR] Token verification failed | {"error":"Cannot call `vendors.findOne()` before initial connection is complete if `bufferCommands = false`. Make sure you `await mongoose.connect()` if you have `bufferCommands = false`.","tokenPrefix":"eyJhbGciOiJIUzI1NiIs...","tokenLength":179,"endpoint":"/api/bookings/vendor/me"}
[2025-09-20T11:37:41.854Z] [ERROR] Token verification failed | {"error":"Cannot call `vendors.findOne()` before initial connection is complete if `bufferCommands = false`. Make sure you `await mongoose.connect()` if you have `bufferCommands = false`.","tokenPrefix":"eyJhbGciOiJIUzI1NiIs...","tokenLength":179,"endpoint":"/api/bookings/vendor/me"}
[2025-09-20T12:20:34.597Z] [ERROR] Admin token verification error | {"error":"Access token verification failed: jwt expired","tokenPrefix":"eyJhbGciOiJIUzI1NiIs...","endpoint":"/api/admin/vendors?page=1&limit=20&sortBy=createdAt&sortOrder=desc"}
[2025-09-20T12:20:34.609Z] [ERROR] Admin token verification error | {"error":"Access token verification failed: jwt expired","tokenPrefix":"eyJhbGciOiJIUzI1NiIs...","endpoint":"/api/admin/vendors/stats"}
[2025-09-20T12:20:37.952Z] [ERROR] Admin token verification error | {"error":"Access token verification failed: jwt expired","tokenPrefix":"eyJhbGciOiJIUzI1NiIs...","endpoint":"/api/admin/logout"}
[2025-09-20T12:58:55.046Z] [ERROR] Admin token verification error | {"error":"Cannot call `admins.findOne()` before initial connection is complete if `bufferCommands = false`. Make sure you `await mongoose.connect()` if you have `bufferCommands = false`.","tokenPrefix":"eyJhbGciOiJIUzI1NiIs...","endpoint":"/api/admin/vendors?page=1&limit=20&sortBy=createdAt&sortOrder=desc"}
[2025-09-20T12:58:55.065Z] [ERROR] Admin token verification error | {"error":"Cannot call `admins.findOne()` before initial connection is complete if `bufferCommands = false`. Make sure you `await mongoose.connect()` if you have `bufferCommands = false`.","tokenPrefix":"eyJhbGciOiJIUzI1NiIs...","endpoint":"/api/admin/vendors/stats"}
[2025-09-20T13:19:09.460Z] [ERROR] Failed to initialize SMTP transporter:
[2025-09-20T13:19:19.934Z] [ERROR] Failed to initialize SMTP transporter:
[2025-09-20T13:19:25.807Z] [ERROR] Failed to initialize SMTP transporter:
[2025-09-20T13:19:35.205Z] [ERROR] Failed to initialize SMTP transporter:
[2025-09-20T13:19:41.071Z] [ERROR] Failed to initialize SMTP transporter:
[2025-09-20T13:20:15.104Z] [ERROR] Failed to initialize SMTP transporter:
[2025-09-20T13:20:58.753Z] [ERROR] Failed to initialize SMTP transporter:
[2025-09-20T13:21:06.666Z] [ERROR] Failed to initialize SMTP transporter:
[2025-09-20T13:21:13.129Z] [ERROR] Failed to initialize SMTP transporter:
[2025-09-20T13:21:49.166Z] [ERROR] Failed to initialize SMTP transporter:
[2025-09-20T13:23:32.815Z] [ERROR] Failed to initialize SMTP transporter:
[2025-09-20T13:24:15.757Z] [ERROR] Failed to initialize SMTP transporter:
[2025-09-20T13:24:50.166Z] [ERROR] Failed to initialize SMTP transporter:
[2025-09-20T13:24:52.521Z] [ERROR] Admin token verification error | {"error":"Cannot call `admins.findOne()` before initial connection is complete if `bufferCommands = false`. Make sure you `await mongoose.connect()` if you have `bufferCommands = false`.","tokenPrefix":"eyJhbGciOiJIUzI1NiIs...","endpoint":"/api/admin/vendors/68ce9e3d032bd006396e2b5a/status"}
[2025-09-20T13:25:13.245Z] [ERROR] Failed to initialize SMTP transporter:
[2025-09-20T13:25:31.827Z] [ERROR] Failed to initialize SMTP transporter:
[2025-09-20T13:28:44.435Z] [ERROR] Failed to initialize SMTP transporter:
[2025-09-20T13:28:59.175Z] [ERROR] Failed to initialize SMTP transporter:
[2025-09-20T13:29:12.608Z] [ERROR] Failed to initialize SMTP transporter:
[2025-09-20T13:29:45.380Z] [ERROR] Failed to initialize SMTP transporter:
[2025-09-20T13:29:46.813Z] [ERROR] Failed to initialize SMTP transporter:
[2025-09-20T13:35:57.704Z] [ERROR] Error verifying vendor deposit payment: | {"error":"E11000 duplicate key error collection: FixFly.wallettransactions index: transactionId_1 dup key: { transactionId: \"DEP_271_1758375330598\" }","stack":"MongoServerError: E11000 duplicate key error collection: FixFly.wallettransactions index: transactionId_1 dup key: { transactionId: \"DEP_271_1758375330598\" }\n    at InsertOneOperation.execute (C:\\Users\\ss\\OneDrive\\Desktop\\CompanyProjects\\Fixifly\\backend\\node_modules\\mongoose\\node_modules\\mongodb\\lib\\operations\\insert.js:51:19)\n    at process.processTicksAndRejections (node:internal/process/task_queues:105:5)\n    at async tryOperation (C:\\Users\\ss\\OneDrive\\Desktop\\CompanyProjects\\Fixifly\\backend\\node_modules\\mongoose\\node_modules\\mongodb\\lib\\operations\\execute_operation.js:207:20)\n    at async executeOperation (C:\\Users\\ss\\OneDrive\\Desktop\\CompanyProjects\\Fixifly\\backend\\node_modules\\mongoose\\node_modules\\mongodb\\lib\\operations\\execute_operation.js:75:16)\n    at async Collection.insertOne (C:\\Users\\ss\\OneDrive\\Desktop\\CompanyProjects\\Fixifly\\backend\\node_modules\\mongoose\\node_modules\\mongodb\\lib\\collection.js:157:16)","vendorId":"68ce9e3d032bd006396e2b5a"}
