[2025-10-14T17:50:55.046Z] [ERROR] Admin token verification error | {"error":"Access token verification failed: Invalid token type","tokenPrefix":"eyJhbGciOiJIUzI1NiIs...","endpoint":"/api/admin/dashboard"}
[2025-10-14T17:50:56.062Z] [ERROR] Admin token verification error | {"error":"Access token verification failed: jwt malformed","tokenPrefix":"null...","endpoint":"/api/admin/update-fcm-token"}
[2025-10-14T18:05:24.640Z] [ERROR] Error sending multicast notification to users | {"error":"UserNotification validation failed: type: `admin_notification` is not a valid enum value for path `type`.","userIds":["68e5560f4152df81db3bbb29","68e69119a4e862811cfdb7bc","68edf61f7984d05642cb9014","68ee25287984d05642cba678"]}
[2025-10-14T18:07:16.503Z] [ERROR] Error sending multicast notification to users | {"error":"UserNotification validation failed: type: `admin_notification` is not a valid enum value for path `type`.","userIds":["68e5560f4152df81db3bbb29","68e69119a4e862811cfdb7bc","68edf61f7984d05642cb9014","68ee25287984d05642cba678"]}
[2025-10-14T18:09:19.721Z] [ERROR] Failed to send realtime notification: | {"error":"Can't determine Firebase Database URL.","vendorId":"440"}
[2025-10-14T18:10:40.351Z] [ERROR] Error sending multicast notification to users | {"error":"UserNotification validation failed: type: `admin_notification` is not a valid enum value for path `type`.","userIds":["68e5560f4152df81db3bbb29","68e69119a4e862811cfdb7bc","68edf61f7984d05642cb9014","68ee25287984d05642cba678"]}
[2025-10-14T18:14:25.295Z] [ERROR] Error sending multicast notification to users | {"error":"UserNotification validation failed: type: `admin_notification` is not a valid enum value for path `type`.","userIds":["68e5560f4152df81db3bbb29","68e69119a4e862811cfdb7bc","68edf61f7984d05642cb9014","68ee25287984d05642cba678"]}
[2025-10-14T18:19:04.381Z] [ERROR] Admin notification test failed: | {"message":"connect ECONNREFUSED ::1:27017, connect ECONNREFUSED 127.0.0.1:27017","errorLabelSet":{},"reason":{"type":"Unknown","servers":{"localhost:27017":{"address":"localhost:27017","type":"Unknown","hosts":[],"passives":[],"arbiters":[],"tags":{},"minWireVersion":0,"maxWireVersion":0,"roundTripTime":-1,"minRoundTripTime":0,"lastUpdateTime":36882762,"lastWriteDate":0,"error":{"errorLabelSet":{},"beforeHandshake":false},"topologyVersion":null,"setName":null,"setVersion":null,"electionId":null,"logicalSessionTimeoutMinutes":null,"maxMessageSizeBytes":null,"maxWriteBatchSize":null,"maxBsonObjectSize":null,"primary":null,"me":null,"$clusterTime":null,"iscryptd":false}},"stale":false,"compatible":true,"heartbeatFrequencyMS":10000,"localThresholdMS":15,"setName":null,"maxElectionId":null,"maxSetVersion":null,"commonWireVersion":0,"logicalSessionTimeoutMinutes":null},"cause":{"type":"Unknown","servers":{"localhost:27017":{"address":"localhost:27017","type":"Unknown","hosts":[],"passives":[],"arbiters":[],"tags":{},"minWireVersion":0,"maxWireVersion":0,"roundTripTime":-1,"minRoundTripTime":0,"lastUpdateTime":36882762,"lastWriteDate":0,"error":{"errorLabelSet":{},"beforeHandshake":false},"topologyVersion":null,"setName":null,"setVersion":null,"electionId":null,"logicalSessionTimeoutMinutes":null,"maxMessageSizeBytes":null,"maxWriteBatchSize":null,"maxBsonObjectSize":null,"primary":null,"me":null,"$clusterTime":null,"iscryptd":false}},"stale":false,"compatible":true,"heartbeatFrequencyMS":10000,"localThresholdMS":15,"setName":null,"maxElectionId":null,"maxSetVersion":null,"commonWireVersion":0,"logicalSessionTimeoutMinutes":null}}
[2025-10-14T18:19:14.949Z] [ERROR] Error sending multicast notification to users | {"error":"UserNotification validation failed: type: `admin_notification` is not a valid enum value for path `type`.","userIds":["68e5560f4152df81db3bbb29"]}
[2025-10-14T18:19:15.014Z] [ERROR] Error sending multicast notification to users | {"error":"UserNotification validation failed: type: `admin_notification` is not a valid enum value for path `type`.","userIds":["68e5560f4152df81db3bbb29"]}
[2025-10-14T18:19:15.090Z] [ERROR] Error sending notification to user | {"error":"UserNotification validation failed: type: `admin_notification` is not a valid enum value for path `type`.","userId":"68e5560f4152df81db3bbb29"}
[2025-10-14T18:19:15.175Z] [ERROR] Error sending multicast notification to users | {"error":"UserNotification validation failed: type: `admin_notification` is not a valid enum value for path `type`.","userIds":["68e5560f4152df81db3bbb29"]}
[2025-10-14T18:19:15.247Z] [ERROR] Error sending multicast notification to users | {"error":"UserNotification validation failed: type: `admin_notification` is not a valid enum value for path `type`.","userIds":["68e5560f4152df81db3bbb29"]}
[2025-10-14T18:19:35.023Z] [ERROR] Failed to initialize Firebase Admin SDK:
[2025-10-14T18:19:35.050Z] [ERROR] Failed to initialize Firebase Admin SDK
[2025-10-14T18:19:35.346Z] [ERROR] Failed to initialize Firebase Admin SDK:
[2025-10-14T18:19:35.347Z] [ERROR] Failed to initialize Firebase Admin SDK
[2025-10-14T18:19:35.507Z] [ERROR] Failed to initialize Firebase Admin SDK:
[2025-10-14T18:19:35.509Z] [ERROR] Failed to initialize Firebase Admin SDK
[2025-10-14T18:19:35.513Z] [ERROR] Push notification failed for user | {"userId":"68e5560f4152df81db3bbb29","userEmail":"panchalajay717@gmail.com","notificationId":"68ee943702e93387274ccd37"}
[2025-10-14T18:19:35.634Z] [ERROR] Failed to initialize Firebase Admin SDK:
[2025-10-14T18:19:35.635Z] [ERROR] Failed to initialize Firebase Admin SDK
[2025-10-14T18:19:35.748Z] [ERROR] Failed to initialize Firebase Admin SDK:
[2025-10-14T18:19:35.751Z] [ERROR] Failed to initialize Firebase Admin SDK
[2025-10-14T18:20:38.481Z] [ERROR] Failed to send push notification: | {"error":"Requested entity was not found.","fcmToken":"fvbAprXa_HfcDtjW8Fuy..."}
[2025-10-14T18:20:38.487Z] [ERROR] Push notification failed for user | {"userId":"68e5560f4152df81db3bbb29","userEmail":"panchalajay717@gmail.com","notificationId":"68ee9476cbf7cb2266a4e769"}
[2025-10-14T18:26:33.208Z] [ERROR] Failed to send push notification: | {"error":"The registration token is not a valid FCM registration token","fcmToken":"fresh_fcm_token_68e5..."}
[2025-10-14T18:26:33.211Z] [ERROR] Push notification failed for user | {"userId":"68e5560f4152df81db3bbb29","userEmail":"panchalajay717@gmail.com","notificationId":"68ee95d8d10af4fefb9f7a7e"}
[2025-10-14T18:31:21.834Z] [ERROR] Failed to send push notification: | {"error":"The registration token is not a valid FCM registration token","fcmToken":"real_fcm_token_68e55..."}
[2025-10-14T18:31:21.846Z] [ERROR] Push notification failed for user | {"userId":"68e5560f4152df81db3bbb29","userEmail":"panchalajay717@gmail.com","notificationId":"68ee96f9c0312df6d14c6ead"}
[2025-10-14T18:34:21.391Z] [ERROR] Failed to send push notification: | {"error":"The registration token is not a valid FCM registration token","fcmToken":"uXv_rUdzEzZ3N2D-4FC-..."}
[2025-10-14T18:34:21.394Z] [ERROR] Push notification failed for user | {"userId":"68e5560f4152df81db3bbb29","userEmail":"panchalajay717@gmail.com","notificationId":"68ee97acefe347409cf7d4f4"}
[2025-10-14T19:01:26.209Z] [ERROR] Failed to send push notification: | {"error":"data must only contain string values","fcmToken":"fBe-q26if9eCXuv4FMry..."}
[2025-10-14T19:01:26.210Z] [ERROR] Push notification failed for user | {"userId":"68e5560f4152df81db3bbb29","userEmail":"panchalajay717@gmail.com","notificationId":"68ee9e063ba809d7d4650072"}
[2025-10-14T19:03:32.940Z] [ERROR] Failed to send push notification: | {"error":"data must only contain string values","fcmToken":"fBe-q26if9eCXuv4FMry..."}
[2025-10-14T19:03:32.941Z] [ERROR] Push notification failed for user | {"userId":"68e5560f4152df81db3bbb29","userEmail":"panchalajay717@gmail.com","notificationId":"68ee9e8431ba16c929be3223"}
[2025-10-14T19:15:06.414Z] [ERROR] Failed to send realtime notification: | {"error":"Can't determine Firebase Database URL.","vendorId":"440"}
