[2025-09-21T08:52:29.915Z] [ERROR] Admin token verification error | {"error":"Access token verification failed: jwt expired","tokenPrefix":"eyJhbGciOiJIUzI1NiIs...","endpoint":"/api/admin/dashboard"}
[2025-09-21T08:52:33.068Z] [ERROR] Admin token verification error | {"error":"Access token verification failed: jwt expired","tokenPrefix":"eyJhbGciOiJIUzI1NiIs...","endpoint":"/api/admin/logout"}
[2025-09-21T09:49:49.850Z] [ERROR] Token verification failed | {"error":"jwt malformed","tokenPrefix":"test-token...","tokenLength":10,"endpoint":"/api/vendor/wallet"}
[2025-09-21T09:50:57.018Z] [ERROR] Error fetching vendor wallet: | {"errorLabelSet":{}}
[2025-09-21T10:03:46.441Z] [ERROR] Admin token verification error | {"error":"Access token verification failed: jwt expired","tokenPrefix":"eyJhbGciOiJIUzI1NiIs...","endpoint":"/api/admin/vendors?page=1&limit=20&sortBy=createdAt&sortOrder=desc"}
[2025-09-21T10:03:46.572Z] [ERROR] Admin token verification error | {"error":"Access token verification failed: jwt expired","tokenPrefix":"eyJhbGciOiJIUzI1NiIs...","endpoint":"/api/admin/vendors/stats"}
[2025-09-21T10:03:49.506Z] [ERROR] Admin token verification error | {"error":"Access token verification failed: jwt expired","tokenPrefix":"eyJhbGciOiJIUzI1NiIs...","endpoint":"/api/admin/logout"}
[2025-09-21T10:43:58.645Z] [ERROR] Token verification failed | {"error":"Cannot call `vendors.findOne()` before initial connection is complete if `bufferCommands = false`. Make sure you `await mongoose.connect()` if you have `bufferCommands = false`.","tokenPrefix":"eyJhbGciOiJIUzI1NiIs...","tokenLength":179,"endpoint":"/api/vendor/wallet"}
[2025-09-21T11:07:54.074Z] [ERROR] Admin token verification error | {"error":"Access token verification failed: jwt expired","tokenPrefix":"eyJhbGciOiJIUzI1NiIs...","endpoint":"/api/admin/vendors?page=1&limit=20&sortBy=createdAt&sortOrder=desc"}
[2025-09-21T11:07:54.217Z] [ERROR] Admin token verification error | {"error":"Access token verification failed: jwt expired","tokenPrefix":"eyJhbGciOiJIUzI1NiIs...","endpoint":"/api/admin/vendors/stats"}
[2025-09-21T11:09:50.205Z] [ERROR] Admin token verification error | {"error":"Access token verification failed: jwt expired","tokenPrefix":"eyJhbGciOiJIUzI1NiIs...","endpoint":"/api/admin/vendors?page=1&limit=20&sortBy=createdAt&sortOrder=desc"}
[2025-09-21T11:09:50.257Z] [ERROR] Admin token verification error | {"error":"Access token verification failed: jwt expired","tokenPrefix":"eyJhbGciOiJIUzI1NiIs...","endpoint":"/api/admin/vendors/stats"}
[2025-09-21T11:11:33.386Z] [ERROR] Admin token verification error | {"error":"Access token verification failed: jwt expired","tokenPrefix":"eyJhbGciOiJIUzI1NiIs...","endpoint":"/api/admin/users?page=1&limit=20&sortBy=createdAt&sortOrder=desc"}
[2025-09-21T11:11:33.402Z] [ERROR] Admin token verification error | {"error":"Access token verification failed: jwt expired","tokenPrefix":"eyJhbGciOiJIUzI1NiIs...","endpoint":"/api/admin/users/stats"}
[2025-09-21T11:11:33.427Z] [ERROR] Admin token verification error | {"error":"Access token verification failed: jwt expired","tokenPrefix":"eyJhbGciOiJIUzI1NiIs...","endpoint":"/api/admin/users?page=1&limit=20&sortBy=createdAt&sortOrder=desc"}
[2025-09-21T11:11:33.882Z] [ERROR] Admin token verification error | {"error":"Access token verification failed: jwt expired","tokenPrefix":"eyJhbGciOiJIUzI1NiIs...","endpoint":"/api/admin/vendors?page=1&limit=20&sortBy=createdAt&sortOrder=desc"}
[2025-09-21T11:11:33.892Z] [ERROR] Admin token verification error | {"error":"Access token verification failed: jwt expired","tokenPrefix":"eyJhbGciOiJIUzI1NiIs...","endpoint":"/api/admin/vendors/stats"}
[2025-09-21T11:11:36.848Z] [ERROR] Admin token verification error | {"error":"Access token verification failed: jwt expired","tokenPrefix":"eyJhbGciOiJIUzI1NiIs...","endpoint":"/api/admin/logout"}
[2025-09-21T15:56:00.183Z] [ERROR] Admin token verification error | {"error":"Access token verification failed: jwt expired","tokenPrefix":"eyJhbGciOiJIUzI1NiIs...","endpoint":"/api/admin/dashboard"}
[2025-09-21T15:56:03.485Z] [ERROR] Admin token verification error | {"error":"Access token verification failed: jwt expired","tokenPrefix":"eyJhbGciOiJIUzI1NiIs...","endpoint":"/api/admin/logout"}
[2025-09-21T17:15:21.133Z] [ERROR] Admin token verification error | {"error":"Access token verification failed: jwt expired","tokenPrefix":"eyJhbGciOiJIUzI1NiIs...","endpoint":"/api/admin/users?page=1&limit=20&sortBy=createdAt&sortOrder=desc"}
[2025-09-21T17:15:21.171Z] [ERROR] Admin token verification error | {"error":"Access token verification failed: jwt expired","tokenPrefix":"eyJhbGciOiJIUzI1NiIs...","endpoint":"/api/admin/users/stats"}
[2025-09-21T17:15:21.190Z] [ERROR] Admin token verification error | {"error":"Access token verification failed: jwt expired","tokenPrefix":"eyJhbGciOiJIUzI1NiIs...","endpoint":"/api/admin/users?page=1&limit=20&sortBy=createdAt&sortOrder=desc"}
[2025-09-21T17:15:21.506Z] [ERROR] Admin token verification error | {"error":"Access token verification failed: jwt expired","tokenPrefix":"eyJhbGciOiJIUzI1NiIs...","endpoint":"/api/admin/vendors/stats"}
[2025-09-21T17:15:21.515Z] [ERROR] Admin token verification error | {"error":"Access token verification failed: jwt expired","tokenPrefix":"eyJhbGciOiJIUzI1NiIs...","endpoint":"/api/admin/vendors?page=1&limit=20&sortBy=createdAt&sortOrder=desc"}
[2025-09-21T17:15:24.422Z] [ERROR] Admin token verification error | {"error":"Access token verification failed: jwt expired","tokenPrefix":"eyJhbGciOiJIUzI1NiIs...","endpoint":"/api/admin/logout"}
[2025-09-21T17:18:16.819Z] [ERROR] Token verification failed | {"error":"jwt malformed","tokenPrefix":"test...","tokenLength":4,"endpoint":"/api/vendors/wallet"}
[2025-09-21T17:37:04.921Z] [ERROR] Token verification failed | {"error":"Cast to ObjectId failed for value \"287\" (type string) at path \"_id\" for model \"Vendor\"","tokenPrefix":"eyJhbGciOiJIUzI1NiIs...","tokenLength":232,"endpoint":"/api/vendors/wallet"}
[2025-09-21T17:37:23.226Z] [ERROR] Token verification failed | {"error":"Cast to ObjectId failed for value \"287\" (type string) at path \"_id\" for model \"Vendor\"","tokenPrefix":"eyJhbGciOiJIUzI1NiIs...","tokenLength":232,"endpoint":"/api/vendors/wallet"}
[2025-09-21T17:39:48.842Z] [ERROR] Token verification failed | {"error":"Cannot call `vendors.findOne()` before initial connection is complete if `bufferCommands = false`. Make sure you `await mongoose.connect()` if you have `bufferCommands = false`.","tokenPrefix":"eyJhbGciOiJIUzI1NiIs...","tokenLength":179,"endpoint":"/api/vendors/deposit/create-order"}
[2025-09-21T18:28:35.498Z] [ERROR] Admin token verification error | {"error":"Access token verification failed: jwt expired","tokenPrefix":"eyJhbGciOiJIUzI1NiIs...","endpoint":"/api/admin/bookings?"}
[2025-09-21T18:28:36.204Z] [ERROR] Admin token verification error | {"error":"Access token verification failed: jwt expired","tokenPrefix":"eyJhbGciOiJIUzI1NiIs...","endpoint":"/api/admin/bookings?page=1&limit=10&sortBy=createdAt&sortOrder=desc"}
[2025-09-21T18:28:36.225Z] [ERROR] Admin token verification error | {"error":"Access token verification failed: jwt expired","tokenPrefix":"eyJhbGciOiJIUzI1NiIs...","endpoint":"/api/admin/vendors?page=1&limit=100"}
[2025-09-21T18:28:36.272Z] [ERROR] Admin token verification error | {"error":"Access token verification failed: jwt expired","tokenPrefix":"eyJhbGciOiJIUzI1NiIs...","endpoint":"/api/admin/bookings/stats?period=30d"}
[2025-09-21T18:28:39.825Z] [ERROR] Admin token verification error | {"error":"Access token verification failed: jwt expired","tokenPrefix":"eyJhbGciOiJIUzI1NiIs...","endpoint":"/api/admin/logout"}
