[2025-11-05T05:13:29.027Z] [INFO] Cloudinary initialized successfully | {"cloud_name":"fixfly"}
[2025-11-05T05:13:29.370Z] [INFO] SMTP Email service initialized successfully | {"host":"smtp.gmail.com","port":587,"user":"fixfly.in@gmail.com"}
[2025-11-05T05:13:30.865Z] [INFO] Auto-reject service started - checking every minute for pending assignments
[2025-11-05T05:13:31.595Z] [INFO] SMTP connection verified successfully
[2025-11-05T05:14:09.710Z] [INFO] Products by service type retrieved: 6 for Home Appliance | {"serviceType":"Home Appliance","productNames":["Fridge Repair","AC Repair","TV Repair","Washing Machine","Electricain","Plumber"]}
[2025-11-05T05:14:09.776Z] [INFO] Featured products retrieved: 3 | {"productNames":["Laptop | Desktop","Printer Repair","MacBook | Imac"]}
[2025-11-05T05:14:10.139Z] [INFO] All active products retrieved: 13 | {"featuredCount":3,"totalCount":13}
[2025-11-05T05:14:30.895Z] [INFO] Found 0 pending assignments to check for auto-rejection
[2025-11-05T05:15:30.902Z] [INFO] Found 0 pending assignments to check for auto-rejection
[2025-11-05T05:16:30.904Z] [INFO] Found 0 pending assignments to check for auto-rejection
[2025-11-05T05:17:30.925Z] [INFO] Found 0 pending assignments to check for auto-rejection
[2025-11-05T05:17:44.445Z] [INFO] Featured products retrieved: 3 | {"productNames":["Laptop | Desktop","Printer Repair","MacBook | Imac"]}
[2025-11-05T05:17:45.229Z] [INFO] Products by service type retrieved: 6 for Home Appliance | {"serviceType":"Home Appliance","productNames":["Fridge Repair","AC Repair","TV Repair","Washing Machine","Electricain","Plumber"]}
[2025-11-05T05:17:45.597Z] [INFO] All active products retrieved: 13 | {"featuredCount":3,"totalCount":13}
[2025-11-05T05:18:01.385Z] [INFO] Products by service type retrieved: 6 for Home Appliance | {"serviceType":"Home Appliance","productNames":["Fridge Repair","AC Repair","TV Repair","Washing Machine","Electricain","Plumber"]}
[2025-11-05T05:18:01.435Z] [INFO] Featured products retrieved: 3 | {"productNames":["Laptop | Desktop","Printer Repair","MacBook | Imac"]}
[2025-11-05T05:18:01.510Z] [INFO] All active products retrieved: 13 | {"featuredCount":3,"totalCount":13}
[2025-11-05T05:18:30.929Z] [INFO] Found 0 pending assignments to check for auto-rejection
[2025-11-05T05:18:31.848Z] [INFO] Starting OTP send process | {"phone":"7610416911"}
[2025-11-05T05:18:31.901Z] [INFO] Existing user found | {"userId":"6901e4b4c025afdd528a9452","phone":"7610416911"}
[2025-11-05T05:18:31.902Z] [INFO] Generating random OTP | {"phone":"7610416911"}
[2025-11-05T05:18:31.970Z] [INFO] OTP generated and user saved | {"phone":"7610416911","userId":"6901e4b4c025afdd528a9452"}
[2025-11-05T05:18:31.971Z] [INFO] Attempting to send SMS via SMS India Hub | {"phone":"7610416911"}
[2025-11-05T05:18:32.298Z] [INFO] SMS sending result | {"phone":"7610416911","success":true,"messageId":"sms_1762319912298","provider":"SMSIndia Hub"}
[2025-11-05T05:18:49.403Z] [INFO] Featured products retrieved: 3 | {"productNames":["Laptop | Desktop","Printer Repair","MacBook | Imac"]}
[2025-11-05T05:18:49.441Z] [INFO] Products by service type retrieved: 6 for Home Appliance | {"serviceType":"Home Appliance","productNames":["Fridge Repair","AC Repair","TV Repair","Washing Machine","Electricain","Plumber"]}
[2025-11-05T05:18:49.518Z] [INFO] All active products retrieved: 13 | {"featuredCount":3,"totalCount":13}
[2025-11-05T05:19:30.922Z] [INFO] Found 0 pending assignments to check for auto-rejection
[2025-11-05T05:20:30.944Z] [INFO] Found 0 pending assignments to check for auto-rejection
[2025-11-05T05:21:30.967Z] [INFO] Found 0 pending assignments to check for auto-rejection
[2025-11-05T05:22:30.945Z] [INFO] Found 0 pending assignments to check for auto-rejection
[2025-11-05T05:23:30.960Z] [INFO] Found 0 pending assignments to check for auto-rejection
[2025-11-05T05:23:33.112Z] [INFO] Vendor login attempt | {"email":"panchalajay717@gmail.com","hasPassword":true,"hasDeviceToken":false}
[2025-11-05T05:23:33.158Z] [INFO] Vendor found for login | {"email":"panchalajay717@gmail.com","isActive":true,"isApproved":false,"isBlocked":false}
[2025-11-05T05:23:33.595Z] [INFO] Password validation result | {"email":"panchalajay717@gmail.com","isPasswordValid":true}
[2025-11-05T05:23:33.694Z] [INFO] Vendor logged in successfully | {"vendorId":"69024d18ee4a935e635b5b5b","email":"panchalajay717@gmail.com"}
[2025-11-05T05:23:33.919Z] [INFO] Vendor authentication attempt | {"tokenPrefix":"eyJhbGciOiJIUzI1NiIs...","tokenLength":179,"endpoint":"/api/vendors/profile"}
[2025-11-05T05:23:33.962Z] [INFO] Vendor authentication attempt | {"tokenPrefix":"eyJhbGciOiJIUzI1NiIs...","tokenLength":179,"endpoint":"/api/bookings/vendor/me"}
[2025-11-05T05:23:33.993Z] [INFO] Vendor authentication attempt | {"tokenPrefix":"eyJhbGciOiJIUzI1NiIs...","tokenLength":179,"endpoint":"/api/support-tickets/vendor/assigned?"}
[2025-11-05T05:23:34.061Z] [INFO] Getting bookings for vendor | {"vendorId":"283","page":1,"limit":10}
[2025-11-05T05:23:34.063Z] [INFO] Booking query | {"query":{"vendor.vendorId":"283"}}
[2025-11-05T05:23:34.096Z] [INFO] Vendor authentication attempt | {"tokenPrefix":"eyJhbGciOiJIUzI1NiIs...","tokenLength":179,"endpoint":"/api/vendors/wallet"}
[2025-11-05T05:23:34.105Z] [INFO] Vendor authentication attempt | {"tokenPrefix":"eyJhbGciOiJIUzI1NiIs...","tokenLength":179,"endpoint":"/api/vendors/withdrawal"}
[2025-11-05T05:23:34.148Z] [INFO] Vendor bookings retrieved: 0 for vendor 283 | {"vendorId":"283","totalBookings":0,"page":1}
[2025-11-05T05:23:34.177Z] [INFO] Vendor authentication attempt | {"tokenPrefix":"eyJhbGciOiJIUzI1NiIs...","tokenLength":179,"endpoint":"/api/vendors/profile"}
[2025-11-05T05:23:34.318Z] [INFO] Vendor authentication attempt | {"tokenPrefix":"eyJhbGciOiJIUzI1NiIs...","tokenLength":179,"endpoint":"/api/vendors/wallet"}
[2025-11-05T05:23:41.248Z] [INFO] Vendor authentication attempt | {"tokenPrefix":"eyJhbGciOiJIUzI1NiIs...","tokenLength":179,"endpoint":"/api/vendors/profile"}
[2025-11-05T05:23:41.265Z] [INFO] Vendor authentication attempt | {"tokenPrefix":"eyJhbGciOiJIUzI1NiIs...","tokenLength":179,"endpoint":"/api/bookings/vendor/me"}
[2025-11-05T05:23:41.272Z] [INFO] Vendor authentication attempt | {"tokenPrefix":"eyJhbGciOiJIUzI1NiIs...","tokenLength":179,"endpoint":"/api/support-tickets/vendor/assigned?"}
[2025-11-05T05:23:41.329Z] [INFO] Getting bookings for vendor | {"vendorId":"283","page":1,"limit":10}
[2025-11-05T05:23:41.331Z] [INFO] Booking query | {"query":{"vendor.vendorId":"283"}}
[2025-11-05T05:23:41.404Z] [INFO] Vendor authentication attempt | {"tokenPrefix":"eyJhbGciOiJIUzI1NiIs...","tokenLength":179,"endpoint":"/api/vendors/profile"}
[2025-11-05T05:23:41.416Z] [INFO] Vendor bookings retrieved: 0 for vendor 283 | {"vendorId":"283","totalBookings":0,"page":1}
[2025-11-05T05:23:43.616Z] [INFO] Vendor authentication attempt | {"tokenPrefix":"eyJhbGciOiJIUzI1NiIs...","tokenLength":179,"endpoint":"/api/vendors/wallet"}
[2025-11-05T05:23:43.634Z] [INFO] Vendor authentication attempt | {"tokenPrefix":"eyJhbGciOiJIUzI1NiIs...","tokenLength":179,"endpoint":"/api/vendors/withdrawal"}
[2025-11-05T05:23:43.834Z] [INFO] Vendor authentication attempt | {"tokenPrefix":"eyJhbGciOiJIUzI1NiIs...","tokenLength":179,"endpoint":"/api/vendors/wallet"}
[2025-11-05T05:23:46.708Z] [INFO] Vendor authentication attempt | {"tokenPrefix":"eyJhbGciOiJIUzI1NiIs...","tokenLength":179,"endpoint":"/api/vendors/profile"}
[2025-11-05T05:23:50.334Z] [INFO] Vendor authentication attempt | {"tokenPrefix":"eyJhbGciOiJIUzI1NiIs...","tokenLength":179,"endpoint":"/api/vendors/wallet"}
[2025-11-05T05:23:50.386Z] [INFO] Vendor authentication attempt | {"tokenPrefix":"eyJhbGciOiJIUzI1NiIs...","tokenLength":179,"endpoint":"/api/vendors/withdrawal"}
[2025-11-05T05:23:50.610Z] [INFO] Vendor authentication attempt | {"tokenPrefix":"eyJhbGciOiJIUzI1NiIs...","tokenLength":179,"endpoint":"/api/vendors/wallet"}
[2025-11-05T05:23:51.644Z] [INFO] Vendor authentication attempt | {"tokenPrefix":"eyJhbGciOiJIUzI1NiIs...","tokenLength":179,"endpoint":"/api/vendors/profile"}
[2025-11-05T05:23:51.651Z] [INFO] Vendor authentication attempt | {"tokenPrefix":"eyJhbGciOiJIUzI1NiIs...","tokenLength":179,"endpoint":"/api/bookings/vendor/me"}
[2025-11-05T05:23:51.663Z] [INFO] Vendor authentication attempt | {"tokenPrefix":"eyJhbGciOiJIUzI1NiIs...","tokenLength":179,"endpoint":"/api/support-tickets/vendor/assigned?"}
[2025-11-05T05:23:51.702Z] [INFO] Getting bookings for vendor | {"vendorId":"283","page":1,"limit":10}
[2025-11-05T05:23:51.704Z] [INFO] Booking query | {"query":{"vendor.vendorId":"283"}}
[2025-11-05T05:23:51.780Z] [INFO] Vendor bookings retrieved: 0 for vendor 283 | {"vendorId":"283","totalBookings":0,"page":1}
[2025-11-05T05:23:51.801Z] [INFO] Vendor authentication attempt | {"tokenPrefix":"eyJhbGciOiJIUzI1NiIs...","tokenLength":179,"endpoint":"/api/vendors/profile"}
[2025-11-05T05:24:30.962Z] [INFO] Found 0 pending assignments to check for auto-rejection
[2025-11-05T05:25:31.072Z] [INFO] Found 0 pending assignments to check for auto-rejection
[2025-11-05T05:25:48.248Z] [INFO] Vendor authentication attempt | {"tokenPrefix":"eyJhbGciOiJIUzI1NiIs...","tokenLength":179,"endpoint":"/api/vendors/profile"}
[2025-11-05T05:25:48.269Z] [INFO] Vendor authentication attempt | {"tokenPrefix":"eyJhbGciOiJIUzI1NiIs...","tokenLength":179,"endpoint":"/api/bookings/vendor/me"}
[2025-11-05T05:25:48.303Z] [INFO] Vendor authentication attempt | {"tokenPrefix":"eyJhbGciOiJIUzI1NiIs...","tokenLength":179,"endpoint":"/api/support-tickets/vendor/assigned?"}
[2025-11-05T05:25:48.317Z] [INFO] Getting bookings for vendor | {"vendorId":"283","page":1,"limit":10}
[2025-11-05T05:25:48.318Z] [INFO] Booking query | {"query":{"vendor.vendorId":"283"}}
[2025-11-05T05:25:48.367Z] [INFO] Vendor authentication attempt | {"tokenPrefix":"eyJhbGciOiJIUzI1NiIs...","tokenLength":179,"endpoint":"/api/vendors/profile"}
[2025-11-05T05:25:48.383Z] [INFO] Vendor bookings retrieved: 0 for vendor 283 | {"vendorId":"283","totalBookings":0,"page":1}
[2025-11-05T05:26:11.225Z] [INFO] Vendor authentication attempt | {"tokenPrefix":"eyJhbGciOiJIUzI1NiIs...","tokenLength":179,"endpoint":"/api/vendors/profile"}
[2025-11-05T05:26:11.248Z] [INFO] Vendor authentication attempt | {"tokenPrefix":"eyJhbGciOiJIUzI1NiIs...","tokenLength":179,"endpoint":"/api/bookings/vendor/me"}
[2025-11-05T05:26:11.257Z] [INFO] Vendor authentication attempt | {"tokenPrefix":"eyJhbGciOiJIUzI1NiIs...","tokenLength":179,"endpoint":"/api/support-tickets/vendor/assigned?"}
[2025-11-05T05:26:11.296Z] [INFO] Getting bookings for vendor | {"vendorId":"283","page":1,"limit":10}
[2025-11-05T05:26:11.300Z] [INFO] Booking query | {"query":{"vendor.vendorId":"283"}}
[2025-11-05T05:26:11.379Z] [INFO] Vendor bookings retrieved: 0 for vendor 283 | {"vendorId":"283","totalBookings":0,"page":1}
[2025-11-05T05:26:11.393Z] [INFO] Vendor authentication attempt | {"tokenPrefix":"eyJhbGciOiJIUzI1NiIs...","tokenLength":179,"endpoint":"/api/vendors/profile"}
[2025-11-05T05:26:13.244Z] [INFO] Vendor authentication attempt | {"tokenPrefix":"eyJhbGciOiJIUzI1NiIs...","tokenLength":179,"endpoint":"/api/vendors/profile"}
[2025-11-05T05:26:13.300Z] [INFO] Vendor authentication attempt | {"tokenPrefix":"eyJhbGciOiJIUzI1NiIs...","tokenLength":179,"endpoint":"/api/bookings/vendor/me"}
[2025-11-05T05:26:13.333Z] [INFO] Vendor authentication attempt | {"tokenPrefix":"eyJhbGciOiJIUzI1NiIs...","tokenLength":179,"endpoint":"/api/support-tickets/vendor/assigned?"}
[2025-11-05T05:26:13.346Z] [INFO] Getting bookings for vendor | {"vendorId":"283","page":1,"limit":10}
[2025-11-05T05:26:13.348Z] [INFO] Booking query | {"query":{"vendor.vendorId":"283"}}
[2025-11-05T05:26:13.360Z] [INFO] Vendor authentication attempt | {"tokenPrefix":"eyJhbGciOiJIUzI1NiIs...","tokenLength":179,"endpoint":"/api/vendors/profile"}
[2025-11-05T05:26:13.433Z] [INFO] Vendor bookings retrieved: 0 for vendor 283 | {"vendorId":"283","totalBookings":0,"page":1}
[2025-11-05T05:26:31.030Z] [INFO] Found 0 pending assignments to check for auto-rejection
[2025-11-05T05:27:13.803Z] [INFO] Vendor authentication attempt | {"tokenPrefix":"eyJhbGciOiJIUzI1NiIs...","tokenLength":179,"endpoint":"/api/vendors/profile"}
[2025-11-05T05:27:13.873Z] [INFO] Vendor authentication attempt | {"tokenPrefix":"eyJhbGciOiJIUzI1NiIs...","tokenLength":179,"endpoint":"/api/bookings/vendor/me"}
[2025-11-05T05:27:13.906Z] [INFO] Vendor authentication attempt | {"tokenPrefix":"eyJhbGciOiJIUzI1NiIs...","tokenLength":179,"endpoint":"/api/support-tickets/vendor/assigned?"}
[2025-11-05T05:27:13.912Z] [INFO] Getting bookings for vendor | {"vendorId":"283","page":1,"limit":10}
[2025-11-05T05:27:13.922Z] [INFO] Booking query | {"query":{"vendor.vendorId":"283"}}
[2025-11-05T05:27:13.939Z] [INFO] Vendor authentication attempt | {"tokenPrefix":"eyJhbGciOiJIUzI1NiIs...","tokenLength":179,"endpoint":"/api/vendors/profile"}
[2025-11-05T05:27:13.991Z] [INFO] Vendor bookings retrieved: 0 for vendor 283 | {"vendorId":"283","totalBookings":0,"page":1}
[2025-11-05T05:27:28.460Z] [INFO] Vendor authentication attempt | {"tokenPrefix":"eyJhbGciOiJIUzI1NiIs...","tokenLength":179,"endpoint":"/api/vendors/profile"}
[2025-11-05T05:27:28.467Z] [INFO] Vendor authentication attempt | {"tokenPrefix":"eyJhbGciOiJIUzI1NiIs...","tokenLength":179,"endpoint":"/api/bookings/vendor/me"}
[2025-11-05T05:27:28.474Z] [INFO] Vendor authentication attempt | {"tokenPrefix":"eyJhbGciOiJIUzI1NiIs...","tokenLength":179,"endpoint":"/api/support-tickets/vendor/assigned?"}
[2025-11-05T05:27:28.507Z] [INFO] Getting bookings for vendor | {"vendorId":"283","page":1,"limit":10}
[2025-11-05T05:27:28.507Z] [INFO] Booking query | {"query":{"vendor.vendorId":"283"}}
[2025-11-05T05:27:28.554Z] [INFO] Vendor authentication attempt | {"tokenPrefix":"eyJhbGciOiJIUzI1NiIs...","tokenLength":179,"endpoint":"/api/vendors/profile"}
[2025-11-05T05:27:28.579Z] [INFO] Vendor bookings retrieved: 0 for vendor 283 | {"vendorId":"283","totalBookings":0,"page":1}
[2025-11-05T05:27:31.038Z] [INFO] Found 0 pending assignments to check for auto-rejection
[2025-11-05T05:28:02.080Z] [INFO] Vendor authentication attempt | {"tokenPrefix":"eyJhbGciOiJIUzI1NiIs...","tokenLength":179,"endpoint":"/api/vendors/profile"}
[2025-11-05T05:28:02.120Z] [INFO] Vendor authentication attempt | {"tokenPrefix":"eyJhbGciOiJIUzI1NiIs...","tokenLength":179,"endpoint":"/api/bookings/vendor/me"}
[2025-11-05T05:28:02.131Z] [INFO] Vendor authentication attempt | {"tokenPrefix":"eyJhbGciOiJIUzI1NiIs...","tokenLength":179,"endpoint":"/api/support-tickets/vendor/assigned?"}
[2025-11-05T05:28:02.184Z] [INFO] Getting bookings for vendor | {"vendorId":"283","page":1,"limit":10}
[2025-11-05T05:28:02.199Z] [INFO] Booking query | {"query":{"vendor.vendorId":"283"}}
[2025-11-05T05:28:02.253Z] [INFO] Vendor authentication attempt | {"tokenPrefix":"eyJhbGciOiJIUzI1NiIs...","tokenLength":179,"endpoint":"/api/vendors/profile"}
[2025-11-05T05:28:02.259Z] [INFO] Vendor bookings retrieved: 0 for vendor 283 | {"vendorId":"283","totalBookings":0,"page":1}
[2025-11-05T05:28:31.052Z] [INFO] Found 0 pending assignments to check for auto-rejection
[2025-11-05T05:29:31.066Z] [INFO] Found 0 pending assignments to check for auto-rejection
[2025-11-05T05:30:31.084Z] [INFO] Found 0 pending assignments to check for auto-rejection
[2025-11-05T05:31:31.094Z] [INFO] Found 0 pending assignments to check for auto-rejection
[2025-11-05T05:32:03.449Z] [INFO] Cloudinary initialized successfully | {"cloud_name":"fixfly"}
[2025-11-05T05:32:03.606Z] [INFO] SMTP Email service initialized successfully | {"host":"smtp.gmail.com","port":587,"user":"fixfly.in@gmail.com"}
[2025-11-05T05:32:04.697Z] [INFO] Auto-reject service started - checking every minute for pending assignments
[2025-11-05T05:32:05.336Z] [INFO] SMTP connection verified successfully
[2025-11-05T05:33:04.773Z] [INFO] Found 0 pending assignments to check for auto-rejection
[2025-11-05T05:34:04.746Z] [INFO] Found 0 pending assignments to check for auto-rejection
[2025-11-05T05:35:04.760Z] [INFO] Found 0 pending assignments to check for auto-rejection
[2025-11-05T05:36:04.767Z] [INFO] Found 0 pending assignments to check for auto-rejection
[2025-11-05T05:37:04.792Z] [INFO] Found 0 pending assignments to check for auto-rejection
[2025-11-05T05:38:04.782Z] [INFO] Found 0 pending assignments to check for auto-rejection
[2025-11-05T05:39:04.793Z] [INFO] Found 0 pending assignments to check for auto-rejection
[2025-11-05T05:40:04.796Z] [INFO] Found 0 pending assignments to check for auto-rejection
[2025-11-05T05:41:04.796Z] [INFO] Found 0 pending assignments to check for auto-rejection
[2025-11-05T05:42:04.797Z] [INFO] Found 0 pending assignments to check for auto-rejection
[2025-11-05T05:43:04.808Z] [INFO] Found 0 pending assignments to check for auto-rejection
[2025-11-05T05:44:04.816Z] [INFO] Found 0 pending assignments to check for auto-rejection
[2025-11-05T05:45:04.819Z] [INFO] Found 0 pending assignments to check for auto-rejection
[2025-11-05T05:46:04.822Z] [INFO] Found 0 pending assignments to check for auto-rejection
[2025-11-05T05:47:04.826Z] [INFO] Found 0 pending assignments to check for auto-rejection
[2025-11-05T05:48:04.834Z] [INFO] Found 0 pending assignments to check for auto-rejection
[2025-11-05T05:50:32.150Z] [INFO] Found 0 pending assignments to check for auto-rejection
[2025-11-05T05:50:38.465Z] [INFO] Vendor authentication attempt | {"tokenPrefix":"eyJhbGciOiJIUzI1NiIs...","tokenLength":179,"endpoint":"/api/support-tickets/vendor/assigned?"}
[2025-11-05T05:50:38.510Z] [INFO] Vendor authentication attempt | {"tokenPrefix":"eyJhbGciOiJIUzI1NiIs...","tokenLength":179,"endpoint":"/api/vendors/profile"}
[2025-11-05T05:50:38.535Z] [INFO] Vendor authentication attempt | {"tokenPrefix":"eyJhbGciOiJIUzI1NiIs...","tokenLength":179,"endpoint":"/api/bookings/vendor/me"}
[2025-11-05T05:50:38.635Z] [INFO] Getting bookings for vendor | {"vendorId":"283","page":1,"limit":10}
[2025-11-05T05:50:38.648Z] [INFO] Booking query | {"query":{"vendor.vendorId":"283"}}
[2025-11-05T05:50:38.730Z] [INFO] Vendor bookings retrieved: 0 for vendor 283 | {"vendorId":"283","totalBookings":0,"page":1}
[2025-11-05T05:50:38.785Z] [INFO] Vendor authentication attempt | {"tokenPrefix":"eyJhbGciOiJIUzI1NiIs...","tokenLength":179,"endpoint":"/api/vendors/profile"}
[2025-11-05T05:50:41.877Z] [INFO] Featured products retrieved: 3 | {"productNames":["Laptop | Desktop","Printer Repair","MacBook | Imac"]}
[2025-11-05T05:50:41.930Z] [INFO] Products by service type retrieved: 6 for Home Appliance | {"serviceType":"Home Appliance","productNames":["Fridge Repair","AC Repair","TV Repair","Washing Machine","Electricain","Plumber"]}
[2025-11-05T05:50:42.606Z] [INFO] All active products retrieved: 13 | {"featuredCount":3,"totalCount":13}
[2025-11-05T05:51:35.185Z] [INFO] Found 0 pending assignments to check for auto-rejection
[2025-11-05T05:52:32.159Z] [INFO] Found 0 pending assignments to check for auto-rejection
[2025-11-05T05:53:32.178Z] [INFO] Found 0 pending assignments to check for auto-rejection
[2025-11-05T05:54:32.183Z] [INFO] Found 0 pending assignments to check for auto-rejection
[2025-11-05T05:55:32.199Z] [INFO] Found 0 pending assignments to check for auto-rejection
[2025-11-05T05:56:32.210Z] [INFO] Found 0 pending assignments to check for auto-rejection
[2025-11-05T05:57:32.217Z] [INFO] Found 0 pending assignments to check for auto-rejection
[2025-11-05T05:58:32.234Z] [INFO] Found 0 pending assignments to check for auto-rejection
[2025-11-05T05:59:32.519Z] [INFO] Found 0 pending assignments to check for auto-rejection
[2025-11-05T06:00:32.338Z] [INFO] Found 0 pending assignments to check for auto-rejection
