[2025-10-15T08:44:56.090Z] [INFO] Cloudinary initialized successfully | {"cloud_name":"fixfly"}
[2025-10-15T08:44:56.422Z] [INFO] SMTP Email service initialized successfully | {"host":"smtp.gmail.com","port":587,"user":"fixfly.in@gmail.com"}
[2025-10-15T08:44:58.585Z] [INFO] Auto-reject service started - checking every minute for pending assignments
[2025-10-15T08:44:59.640Z] [INFO] SMTP connection verified successfully
[2025-10-15T08:45:35.873Z] [INFO] Featured products retrieved: 3 | {"productNames":["MacBook | Imac","Laptop | Desktop","Printer Repair"]}
[2025-10-15T08:45:35.903Z] [INFO] Products by service type retrieved: 4 for Home Appliance | {"serviceType":"Home Appliance","productNames":["Test","qqqqqqqqqq","fiidge","Plumber"]}
[2025-10-15T08:45:36.775Z] [INFO] All active products retrieved: 10 | {"featuredCount":3,"totalCount":10}
[2025-10-15T08:45:50.843Z] [INFO] Featured products retrieved: 3 | {"productNames":["MacBook | Imac","Laptop | Desktop","Printer Repair"]}
[2025-10-15T08:45:50.867Z] [INFO] Products by service type retrieved: 4 for Home Appliance | {"serviceType":"Home Appliance","productNames":["Test","qqqqqqqqqq","fiidge","Plumber"]}
[2025-10-15T08:45:50.941Z] [INFO] All active products retrieved: 10 | {"featuredCount":3,"totalCount":10}
[2025-10-15T08:45:58.670Z] [INFO] Found 0 pending assignments to check for auto-rejection
[2025-10-15T08:46:02.615Z] [INFO] Admin authentication attempt | {"tokenPrefix":"eyJhbGciOiJIUzI1NiIs...","tokenLength":265,"endpoint":"/api/admin/dashboard"}
[2025-10-15T08:46:02.862Z] [INFO] Admin dashboard revenue calculation | {"monthlyRevenue":6185.5,"totalRevenue":6185.5,"monthlyBookingRevenue":4485.5,"totalBookingRevenue":4485.5,"monthlySupportTicketRevenue":1700,"totalSupportTicketRevenue":1700,"pendingBookings":0,"activeAMCSubscriptions":5,"totalAMCAmount":2703.38,"month":10,"year":2025,"startDate":"2025-09-30T18:30:00.000Z","endDate":"2025-10-31T18:29:59.000Z"}
[2025-10-15T08:46:02.914Z] [INFO] Dashboard stats fetched successfully | {"adminId":"68e556544152df81db3bbb41","month":10,"year":2025}
[2025-10-15T08:46:03.651Z] [INFO] Admin authentication attempt | {"tokenPrefix":"eyJhbGciOiJIUzI1NiIs...","tokenLength":265,"endpoint":"/api/admin/update-fcm-token"}
[2025-10-15T08:46:03.802Z] [INFO] FCM token updated for admin | {"adminId":"68e556544152df81db3bbb41","adminEmail":"panchalajay717@gmail.com","hasToken":true}
[2025-10-15T08:46:07.731Z] [INFO] Admin authentication attempt | {"tokenPrefix":"eyJhbGciOiJIUzI1NiIs...","tokenLength":265,"endpoint":"/api/admin/notifications?page=1&limit=10"}
[2025-10-15T08:46:07.743Z] [INFO] Admin authentication attempt | {"tokenPrefix":"eyJhbGciOiJIUzI1NiIs...","tokenLength":265,"endpoint":"/api/admin/vendors?page=1&limit=100"}
[2025-10-15T08:46:07.988Z] [INFO] Admin retrieved notifications | {"adminId":"68e556544152df81db3bbb41","totalNotifications":11,"page":1}
[2025-10-15T08:46:08.010Z] [INFO] Admin authentication attempt | {"tokenPrefix":"eyJhbGciOiJIUzI1NiIs...","tokenLength":265,"endpoint":"/api/admin/notifications/stats"}
[2025-10-15T08:46:08.110Z] [INFO] Admin retrieved notification stats | {"adminId":"68e556544152df81db3bbb41","stats":{"totalNotifications":11,"sentNotifications":11,"scheduledNotifications":0,"draftNotifications":0,"failedNotifications":0,"totalRecipients":6,"averageDeliveryRate":100,"averageReadRate":0}}
[2025-10-15T08:46:08.737Z] [INFO] Admin authentication attempt | {"tokenPrefix":"eyJhbGciOiJIUzI1NiIs...","tokenLength":265,"endpoint":"/api/admin/update-fcm-token"}
[2025-10-15T08:46:09.087Z] [INFO] FCM token updated for admin | {"adminId":"68e556544152df81db3bbb41","adminEmail":"panchalajay717@gmail.com","hasToken":true}
[2025-10-15T08:46:15.271Z] [INFO] Admin authentication attempt | {"tokenPrefix":"eyJhbGciOiJIUzI1NiIs...","tokenLength":265,"endpoint":"/api/admin/upload/image"}
[2025-10-15T08:46:15.403Z] [INFO] Uploading image to Cloudinary | {"originalName":"Untitlved.jpg","size":9961,"mimetype":"image/jpeg"}
[2025-10-15T08:46:19.847Z] [INFO] Image uploaded from buffer successfully | {"public_id":"fixifly/notification-images/x6psytud1tde2r0lzsqq","secure_url":"https://res.cloudinary.com/fixfly/image/upload/v1760517978/fixifly/notification-images/x6psytud1tde2r0lzsqq.jpg"}
[2025-10-15T08:46:19.849Z] [INFO] Image uploaded successfully | {"publicId":"fixifly/notification-images/x6psytud1tde2r0lzsqq","secureUrl":"https://res.cloudinary.com/fixfly/image/upload/v1760517978/fixifly/notification-images/x6psytud1tde2r0lzsqq.jpg","bytes":31913}
[2025-10-15T08:46:21.398Z] [INFO] Admin authentication attempt | {"tokenPrefix":"eyJhbGciOiJIUzI1NiIs...","tokenLength":265,"endpoint":"/api/admin/notifications/send"}
[2025-10-15T08:46:21.942Z] [INFO] Found users for "all" audience | {"totalUsers":4,"usersWithFcmTokens":4,"targetUserIds":4}
[2025-10-15T08:46:21.943Z] [INFO] Target audience analysis | {"targetAudience":"all","targetUserIds":4,"targetVendorIds":0}
[2025-10-15T08:46:22.383Z] [INFO] Firebase Admin SDK initialized successfully
[2025-10-15T08:46:23.329Z] [INFO] Multicast push notification sent: | {"successCount":1,"failureCount":3,"totalTokens":4}
[2025-10-15T08:46:23.332Z] [INFO] Multicast notification sent to users | {"totalUsers":4,"usersWithTokens":4,"successCount":1,"failureCount":3,"title":"bfbgfbngf"}
[2025-10-15T08:46:23.395Z] [INFO] Admin notification sent successfully | {"adminId":"68e556544152df81db3bbb41","adminNotificationId":"68ef5f5fb683d6ecae2e496d","title":"bfbgfbngf","targetAudience":"all","totalUsers":4,"totalVendors":0,"userNotificationsSent":1,"vendorNotificationsSent":0,"totalSentCount":1,"totalFailedCount":3}
[2025-10-15T08:46:23.413Z] [INFO] Admin authentication attempt | {"tokenPrefix":"eyJhbGciOiJIUzI1NiIs...","tokenLength":265,"endpoint":"/api/admin/notifications?page=1&limit=10"}
[2025-10-15T08:46:23.660Z] [INFO] Admin retrieved notifications | {"adminId":"68e556544152df81db3bbb41","totalNotifications":12,"page":1}
[2025-10-15T08:46:23.673Z] [INFO] Admin authentication attempt | {"tokenPrefix":"eyJhbGciOiJIUzI1NiIs...","tokenLength":265,"endpoint":"/api/admin/notifications/stats"}
[2025-10-15T08:46:23.773Z] [INFO] Admin retrieved notification stats | {"adminId":"68e556544152df81db3bbb41","stats":{"totalNotifications":12,"sentNotifications":12,"scheduledNotifications":0,"draftNotifications":0,"failedNotifications":0,"totalRecipients":7,"averageDeliveryRate":100,"averageReadRate":0}}
[2025-10-15T08:46:42.021Z] [INFO] User retrieved notifications: 10 | {"userId":"68e5560f4152df81db3bbb29","totalNotifications":10,"unreadCount":10,"page":1,"filters":{}}
[2025-10-15T08:46:42.260Z] [INFO] Customer bookings retrieved: 10 for panchalajay717@gmail.com | {"email":"panchalajay717@gmail.com","totalBookings":11,"page":1}
[2025-10-15T08:46:48.627Z] [INFO] Featured products retrieved: 3 | {"productNames":["MacBook | Imac","Laptop | Desktop","Printer Repair"]}
[2025-10-15T08:46:48.645Z] [INFO] Products by service type retrieved: 4 for Home Appliance | {"serviceType":"Home Appliance","productNames":["Test","qqqqqqqqqq","fiidge","Plumber"]}
[2025-10-15T08:46:48.743Z] [INFO] All active products retrieved: 10 | {"featuredCount":3,"totalCount":10}
[2025-10-15T08:46:58.648Z] [INFO] Found 0 pending assignments to check for auto-rejection
[2025-10-15T08:47:26.880Z] [INFO] Booking created with payment: FIXAE2E4B84 | {"bookingId":"68ef5f9eb683d6ecae2e4b84","customerEmail":"panchalajay717@gmail.com","totalAmount":471,"servicesCount":1,"paymentId":"pay_RTgiTw6ndaNssB"}
[2025-10-15T08:47:27.534Z] [INFO] Push notification sent successfully: | {"messageId":"projects/fixfly-d8e35/messages/2140c6ce-793a-47c9-90b0-c7086cd75dfc","fcmToken":"flgB2h524Xvm88tk0WVI..."}
[2025-10-15T08:47:27.535Z] [INFO] Push notification sent successfully to user | {"userId":"68e5560f4152df81db3bbb29","userEmail":"panchalajay717@gmail.com","notificationId":"68ef5f9eb683d6ecae2e4b8b","title":"🎉 Booking Confirmed!"}
[2025-10-15T08:47:27.537Z] [INFO] Push notification sent to user for booking confirmation with payment | {"bookingId":"68ef5f9eb683d6ecae2e4b84","userId":"68e5560f4152df81db3bbb29","userEmail":"panchalajay717@gmail.com","bookingReference":"FIXAE2E4B84"}
[2025-10-15T08:47:27.539Z] [INFO] Sending new booking notification to admins | {"bookingId":"68ef5f9eb683d6ecae2e4b84","bookingReference":"FIXAE2E4B84","customerName":"Ajay Panchal","totalAmount":471}
[2025-10-15T08:47:27.588Z] [INFO] Sending notification to 2 admins | {"notificationTitle":"🆕 New Booking Received","adminCount":2}
[2025-10-15T08:47:27.947Z] [INFO] Multicast push notification sent: | {"successCount":2,"failureCount":0,"totalTokens":2}
[2025-10-15T08:47:27.955Z] [INFO] Admin notification sent for new booking with payment | {"bookingId":"68ef5f9eb683d6ecae2e4b84","successCount":2,"failureCount":0}
[2025-10-15T08:47:28.722Z] [INFO] Customer bookings retrieved: 10 for panchalajay717@gmail.com | {"email":"panchalajay717@gmail.com","totalBookings":12,"page":1}
[2025-10-15T08:47:52.748Z] [INFO] Products by service type retrieved: 4 for Home Appliance | {"serviceType":"Home Appliance","productNames":["Test","qqqqqqqqqq","fiidge","Plumber"]}
[2025-10-15T08:47:52.755Z] [INFO] Featured products retrieved: 3 | {"productNames":["MacBook | Imac","Laptop | Desktop","Printer Repair"]}
[2025-10-15T08:47:52.860Z] [INFO] All active products retrieved: 10 | {"featuredCount":3,"totalCount":10}
[2025-10-15T08:47:58.774Z] [INFO] Found 0 pending assignments to check for auto-rejection
[2025-10-15T08:47:58.888Z] [INFO] Admin authentication attempt | {"tokenPrefix":"eyJhbGciOiJIUzI1NiIs...","tokenLength":265,"endpoint":"/api/admin/bookings?page=1&limit=10&sortBy=createdAt&sortOrder=desc"}
[2025-10-15T08:47:58.924Z] [INFO] Admin authentication attempt | {"tokenPrefix":"eyJhbGciOiJIUzI1NiIs...","tokenLength":265,"endpoint":"/api/admin/bookings/stats?period=30d"}
[2025-10-15T08:47:58.939Z] [INFO] Admin authentication attempt | {"tokenPrefix":"eyJhbGciOiJIUzI1NiIs...","tokenLength":265,"endpoint":"/api/admin/vendors?page=1&limit=100"}
[2025-10-15T08:47:59.598Z] [INFO] Admin retrieved booking statistics for period: 30d | {"totalBookings":15,"totalRevenue":6239}
[2025-10-15T08:47:59.883Z] [INFO] Admin authentication attempt | {"tokenPrefix":"eyJhbGciOiJIUzI1NiIs...","tokenLength":265,"endpoint":"/api/admin/update-fcm-token"}
[2025-10-15T08:48:00.153Z] [INFO] FCM token updated for admin | {"adminId":"68e556544152df81db3bbb41","adminEmail":"panchalajay717@gmail.com","hasToken":true}
[2025-10-15T08:48:00.694Z] [INFO] Admin retrieved bookings: 10 | {"totalBookings":15,"page":1,"filters":{}}
[2025-10-15T08:48:07.300Z] [INFO] Admin authentication attempt | {"tokenPrefix":"eyJhbGciOiJIUzI1NiIs...","tokenLength":265,"endpoint":"/api/admin/bookings/68ef5f9eb683d6ecae2e4b84/assign-vendor"}
[2025-10-15T08:48:08.881Z] [INFO] Simple notification service initialized
[2025-10-15T08:48:08.884Z] [INFO] Sending simple notification to vendor | {"vendorId":"440","title":"📅 New Service Booking Assigned","type":"booking_assignment"}
[2025-10-15T08:48:10.689Z] [INFO] Push notification sent successfully: | {"messageId":"projects/fixfly-d8e35/messages/f7be6e86-ed21-4b5b-a921-f59f9442b612","fcmToken":"dXQv7hyAiF7N5sXno0Wx..."}
[2025-10-15T08:48:10.694Z] [INFO] Push notification sent successfully | {"vendorId":"440","fcmToken":"dXQv7hyAiF7N5sXno0Wx..."}
[2025-10-15T08:48:10.697Z] [INFO] Simple notification sent successfully | {"vendorId":"440","title":"📅 New Service Booking Assigned","realtimeNotification":false,"pushNotification":true}
[2025-10-15T08:48:10.699Z] [INFO] Vendor notification sent successfully for booking assignment | {"vendorId":"440","bookingId":"68ef5f9eb683d6ecae2e4b84"}
[2025-10-15T08:48:11.362Z] [INFO] Push notification sent successfully: | {"messageId":"projects/fixfly-d8e35/messages/ae238850-49bb-4ed7-8813-e57420344db2","fcmToken":"flgB2h524Xvm88tk0WVI..."}
[2025-10-15T08:48:11.370Z] [INFO] Push notification sent successfully to user | {"userId":"68e5560f4152df81db3bbb29","userEmail":"panchalajay717@gmail.com","notificationId":"68ef5fcab683d6ecae2e4c9e","title":"👨‍🔧 Engineer Assigned!"}
[2025-10-15T08:48:11.375Z] [INFO] User notification sent successfully for vendor assignment | {"userId":"68e5560f4152df81db3bbb29","bookingId":"68ef5f9eb683d6ecae2e4b84","vendorId":"440"}
[2025-10-15T08:48:11.380Z] [INFO] Admin assigned vendor to booking: undefined | {"bookingId":"68ef5f9eb683d6ecae2e4b84","vendorId":"440","adminId":"68e556544152df81db3bbb41"}
[2025-10-15T08:48:11.409Z] [INFO] Admin authentication attempt | {"tokenPrefix":"eyJhbGciOiJIUzI1NiIs...","tokenLength":265,"endpoint":"/api/admin/bookings?page=1&limit=10&sortBy=createdAt&sortOrder=desc"}
[2025-10-15T08:48:12.039Z] [INFO] Admin retrieved bookings: 10 | {"totalBookings":15,"page":1,"filters":{}}
[2025-10-15T08:48:43.436Z] [INFO] User retrieved notifications: 12 | {"userId":"68e5560f4152df81db3bbb29","totalNotifications":12,"unreadCount":12,"page":1,"filters":{}}
[2025-10-15T08:48:58.769Z] [INFO] Found 0 pending assignments to check for auto-rejection
[2025-10-15T08:49:58.721Z] [INFO] Found 0 pending assignments to check for auto-rejection
[2025-10-15T08:50:40.738Z] [INFO] User retrieved notifications: 12 | {"userId":"68e5560f4152df81db3bbb29","totalNotifications":12,"unreadCount":12,"page":1,"filters":{}}
[2025-10-15T08:51:00.382Z] [INFO] Cloudinary initialized successfully | {"cloud_name":"fixfly"}
[2025-10-15T08:51:00.833Z] [INFO] SMTP Email service initialized successfully | {"host":"smtp.gmail.com","port":587,"user":"fixfly.in@gmail.com"}
[2025-10-15T08:51:04.831Z] [INFO] Auto-reject service started - checking every minute for pending assignments
[2025-10-15T08:51:04.933Z] [INFO] SMTP connection verified successfully
[2025-10-15T08:51:27.425Z] [INFO] Cloudinary initialized successfully | {"cloud_name":"fixfly"}
[2025-10-15T08:51:27.748Z] [INFO] SMTP Email service initialized successfully | {"host":"smtp.gmail.com","port":587,"user":"fixfly.in@gmail.com"}
[2025-10-15T08:51:29.934Z] [INFO] Auto-reject service started - checking every minute for pending assignments
[2025-10-15T08:51:30.825Z] [INFO] SMTP connection verified successfully
[2025-10-15T08:51:48.596Z] [INFO] Cloudinary initialized successfully | {"cloud_name":"fixfly"}
[2025-10-15T08:51:49.229Z] [INFO] SMTP Email service initialized successfully | {"host":"smtp.gmail.com","port":587,"user":"fixfly.in@gmail.com"}
[2025-10-15T08:51:51.892Z] [INFO] Auto-reject service started - checking every minute for pending assignments
[2025-10-15T08:51:52.358Z] [INFO] SMTP connection verified successfully
[2025-10-15T08:52:03.040Z] [INFO] Cloudinary initialized successfully | {"cloud_name":"fixfly"}
[2025-10-15T08:52:03.560Z] [INFO] SMTP Email service initialized successfully | {"host":"smtp.gmail.com","port":587,"user":"fixfly.in@gmail.com"}
[2025-10-15T08:52:06.207Z] [INFO] Auto-reject service started - checking every minute for pending assignments
[2025-10-15T08:52:06.954Z] [INFO] SMTP connection verified successfully
[2025-10-15T08:52:24.638Z] [INFO] Cloudinary initialized successfully | {"cloud_name":"fixfly"}
[2025-10-15T08:52:25.104Z] [INFO] SMTP Email service initialized successfully | {"host":"smtp.gmail.com","port":587,"user":"fixfly.in@gmail.com"}
[2025-10-15T08:52:28.911Z] [INFO] SMTP connection verified successfully
[2025-10-15T08:52:29.299Z] [INFO] Auto-reject service started - checking every minute for pending assignments
[2025-10-15T08:52:33.451Z] [INFO] Cloudinary initialized successfully | {"cloud_name":"fixfly"}
[2025-10-15T08:52:34.082Z] [INFO] SMTP Email service initialized successfully | {"host":"smtp.gmail.com","port":587,"user":"fixfly.in@gmail.com"}
[2025-10-15T08:52:39.853Z] [INFO] Cloudinary initialized successfully | {"cloud_name":"fixfly"}
[2025-10-15T08:52:40.152Z] [INFO] SMTP Email service initialized successfully | {"host":"smtp.gmail.com","port":587,"user":"fixfly.in@gmail.com"}
[2025-10-15T08:52:42.471Z] [INFO] Auto-reject service started - checking every minute for pending assignments
[2025-10-15T08:52:43.250Z] [INFO] SMTP connection verified successfully
[2025-10-15T08:53:42.513Z] [INFO] Found 0 pending assignments to check for auto-rejection
[2025-10-15T08:54:18.388Z] [INFO] User retrieved notifications: 12 | {"userId":"68e5560f4152df81db3bbb29","totalNotifications":12,"unreadCount":12,"page":1,"filters":{}}
[2025-10-15T08:54:32.266Z] [INFO] Vendor authentication attempt | {"tokenPrefix":"eyJhbGciOiJIUzI1NiIs...","tokenLength":179,"endpoint":"/api/bookings/vendor/me"}
[2025-10-15T08:54:32.572Z] [INFO] Vendor authentication attempt | {"tokenPrefix":"eyJhbGciOiJIUzI1NiIs...","tokenLength":179,"endpoint":"/api/vendors/profile"}
[2025-10-15T08:54:32.856Z] [INFO] Vendor authentication attempt | {"tokenPrefix":"eyJhbGciOiJIUzI1NiIs...","tokenLength":179,"endpoint":"/api/support-tickets/vendor/assigned?"}
[2025-10-15T08:54:34.524Z] [INFO] Getting bookings for vendor | {"vendorId":"440","page":1,"limit":10}
[2025-10-15T08:54:34.767Z] [INFO] Booking query | {"query":{"vendor.vendorId":"440"}}
[2025-10-15T08:54:38.654Z] [INFO] Vendor authentication attempt | {"tokenPrefix":"eyJhbGciOiJIUzI1NiIs...","tokenLength":179,"endpoint":"/api/vendors/update-fcm-token"}
[2025-10-15T08:54:38.936Z] [INFO] Vendor bookings retrieved: 1 for vendor 440 | {"vendorId":"440","totalBookings":1,"page":1}
[2025-10-15T08:54:39.621Z] [INFO] Vendor authentication attempt | {"tokenPrefix":"eyJhbGciOiJIUzI1NiIs...","tokenLength":179,"endpoint":"/api/support-tickets/vendor/assigned?"}
[2025-10-15T08:54:39.850Z] [INFO] FCM token updated for vendor | {"vendorId":"68eca22322e5bedeab6c67d5","vendorEmail":"panchalajay717@gmail.com","hasToken":true}
[2025-10-15T08:54:40.188Z] [INFO] Vendor authentication attempt | {"tokenPrefix":"eyJhbGciOiJIUzI1NiIs...","tokenLength":179,"endpoint":"/api/vendors/profile"}
[2025-10-15T08:54:40.440Z] [INFO] Vendor authentication attempt | {"tokenPrefix":"eyJhbGciOiJIUzI1NiIs...","tokenLength":179,"endpoint":"/api/bookings/vendor/me"}
[2025-10-15T08:54:40.987Z] [INFO] Getting bookings for vendor | {"vendorId":"440","page":1,"limit":10}
[2025-10-15T08:54:41.085Z] [INFO] Booking query | {"query":{"vendor.vendorId":"440"}}
[2025-10-15T08:54:42.056Z] [INFO] Vendor bookings retrieved: 1 for vendor 440 | {"vendorId":"440","totalBookings":1,"page":1}
[2025-10-15T08:54:42.668Z] [INFO] Found 0 pending assignments to check for auto-rejection
[2025-10-15T08:54:46.937Z] [INFO] User retrieved notifications: 12 | {"userId":"68e5560f4152df81db3bbb29","totalNotifications":12,"unreadCount":12,"page":1,"filters":{}}
[2025-10-15T08:54:52.305Z] [INFO] Featured products retrieved: 3 | {"productNames":["MacBook | Imac","Laptop | Desktop","Printer Repair"]}
[2025-10-15T08:54:52.787Z] [INFO] Products by service type retrieved: 4 for Home Appliance | {"serviceType":"Home Appliance","productNames":["Test","qqqqqqqqqq","fiidge","Plumber"]}
[2025-10-15T08:54:55.418Z] [INFO] All active products retrieved: 10 | {"featuredCount":3,"totalCount":10}
[2025-10-15T08:55:07.816Z] [INFO] Cloudinary initialized successfully | {"cloud_name":"fixfly"}
[2025-10-15T08:55:08.799Z] [INFO] SMTP Email service initialized successfully | {"host":"smtp.gmail.com","port":587,"user":"fixfly.in@gmail.com"}
[2025-10-15T08:55:16.664Z] [INFO] Auto-reject service started - checking every minute for pending assignments
[2025-10-15T08:55:16.849Z] [INFO] SMTP connection verified successfully
[2025-10-15T08:56:16.957Z] [INFO] Found 0 pending assignments to check for auto-rejection
[2025-10-15T08:56:30.974Z] [INFO] Cloudinary initialized successfully | {"cloud_name":"fixfly"}
[2025-10-15T08:56:31.474Z] [INFO] SMTP Email service initialized successfully | {"host":"smtp.gmail.com","port":587,"user":"fixfly.in@gmail.com"}
[2025-10-15T08:56:34.791Z] [INFO] Auto-reject service started - checking every minute for pending assignments
[2025-10-15T08:56:35.256Z] [INFO] SMTP connection verified successfully
[2025-10-15T08:56:56.233Z] [INFO] Cloudinary initialized successfully | {"cloud_name":"fixfly"}
[2025-10-15T08:56:57.238Z] [INFO] SMTP Email service initialized successfully | {"host":"smtp.gmail.com","port":587,"user":"fixfly.in@gmail.com"}
[2025-10-15T08:56:59.700Z] [INFO] Auto-reject service started - checking every minute for pending assignments
[2025-10-15T08:57:00.832Z] [INFO] SMTP connection verified successfully
[2025-10-15T08:57:04.251Z] [INFO] Admin authentication attempt | {"tokenPrefix":"eyJhbGciOiJIUzI1NiIs...","tokenLength":265,"endpoint":"/api/admin/notifications?page=1&limit=10"}
[2025-10-15T08:57:04.650Z] [INFO] Admin authentication attempt | {"tokenPrefix":"eyJhbGciOiJIUzI1NiIs...","tokenLength":265,"endpoint":"/api/admin/vendors?page=1&limit=100"}
[2025-10-15T08:57:05.152Z] [INFO] Admin retrieved notifications | {"adminId":"68e556544152df81db3bbb41","totalNotifications":13,"page":1}
[2025-10-15T08:57:05.368Z] [INFO] Admin authentication attempt | {"tokenPrefix":"eyJhbGciOiJIUzI1NiIs...","tokenLength":265,"endpoint":"/api/admin/update-fcm-token"}
[2025-10-15T08:57:05.465Z] [INFO] Admin authentication attempt | {"tokenPrefix":"eyJhbGciOiJIUzI1NiIs...","tokenLength":265,"endpoint":"/api/admin/notifications/stats"}
[2025-10-15T08:57:05.554Z] [INFO] FCM token updated for admin | {"adminId":"68e556544152df81db3bbb41","adminEmail":"panchalajay717@gmail.com","hasToken":true}
[2025-10-15T08:57:05.618Z] [INFO] Admin retrieved notification stats | {"adminId":"68e556544152df81db3bbb41","stats":{"totalNotifications":13,"sentNotifications":13,"scheduledNotifications":0,"draftNotifications":0,"failedNotifications":0,"totalRecipients":8,"averageDeliveryRate":100,"averageReadRate":0}}
[2025-10-15T08:57:16.331Z] [INFO] Admin authentication attempt | {"tokenPrefix":"eyJhbGciOiJIUzI1NiIs...","tokenLength":265,"endpoint":"/api/admin/upload/image"}
[2025-10-15T08:57:16.914Z] [INFO] Uploading image to Cloudinary | {"originalName":"Untitlved.jpg","size":9961,"mimetype":"image/jpeg"}
[2025-10-15T08:57:21.366Z] [INFO] Image uploaded from buffer successfully | {"public_id":"fixifly/notification-images/ugtaozwdx4mq74e1paok","secure_url":"https://res.cloudinary.com/fixfly/image/upload/v1760518639/fixifly/notification-images/ugtaozwdx4mq74e1paok.jpg"}
[2025-10-15T08:57:21.396Z] [INFO] Image uploaded successfully | {"publicId":"fixifly/notification-images/ugtaozwdx4mq74e1paok","secureUrl":"https://res.cloudinary.com/fixfly/image/upload/v1760518639/fixifly/notification-images/ugtaozwdx4mq74e1paok.jpg","bytes":31913}
[2025-10-15T08:57:23.467Z] [INFO] Admin authentication attempt | {"tokenPrefix":"eyJhbGciOiJIUzI1NiIs...","tokenLength":265,"endpoint":"/api/admin/notifications/send"}
[2025-10-15T08:57:24.383Z] [INFO] Found users for "all" audience | {"totalUsers":4,"usersWithFcmTokens":4,"targetUserIds":4}
[2025-10-15T08:57:24.450Z] [INFO] Target audience analysis | {"targetAudience":"all","targetUserIds":4,"targetVendorIds":0}
[2025-10-15T08:57:26.715Z] [INFO] Firebase Admin SDK initialized successfully
[2025-10-15T08:57:29.467Z] [INFO] Multicast push notification sent: | {"successCount":1,"failureCount":3,"totalTokens":4}
[2025-10-15T08:57:29.515Z] [INFO] Multicast notification sent to users | {"totalUsers":4,"usersWithTokens":4,"successCount":1,"failureCount":3,"title":"vc vc vc"}
[2025-10-15T08:57:29.897Z] [INFO] Admin notification sent successfully | {"adminId":"68e556544152df81db3bbb41","adminNotificationId":"68ef61f9e0e676533cfbd5c1","title":"vc vc vc","targetAudience":"all","totalUsers":4,"totalVendors":0,"userNotificationsSent":1,"vendorNotificationsSent":0,"totalSentCount":1,"totalFailedCount":3}
[2025-10-15T08:57:30.040Z] [INFO] Admin authentication attempt | {"tokenPrefix":"eyJhbGciOiJIUzI1NiIs...","tokenLength":265,"endpoint":"/api/admin/notifications?page=1&limit=10"}
[2025-10-15T08:57:30.659Z] [INFO] Admin retrieved notifications | {"adminId":"68e556544152df81db3bbb41","totalNotifications":14,"page":1}
[2025-10-15T08:57:30.899Z] [INFO] Admin authentication attempt | {"tokenPrefix":"eyJhbGciOiJIUzI1NiIs...","tokenLength":265,"endpoint":"/api/admin/notifications/stats"}
[2025-10-15T08:57:31.075Z] [INFO] Admin retrieved notification stats | {"adminId":"68e556544152df81db3bbb41","stats":{"totalNotifications":14,"sentNotifications":14,"scheduledNotifications":0,"draftNotifications":0,"failedNotifications":0,"totalRecipients":9,"averageDeliveryRate":100,"averageReadRate":0}}
[2025-10-15T08:57:59.744Z] [INFO] Found 0 pending assignments to check for auto-rejection
[2025-10-15T08:58:42.658Z] [INFO] Booking created: FIX3CFBD64D | {"bookingId":"68ef6242e0e676533cfbd64d","customerEmail":"panchalajay717@gmail.com","totalAmount":471,"servicesCount":1}
[2025-10-15T08:58:42.673Z] [INFO] Sending new booking notification to admins | {"bookingId":"68ef6242e0e676533cfbd64d","bookingReference":"FIX3CFBD64D","customerName":"Ajay Panchal","totalAmount":471}
[2025-10-15T08:58:42.732Z] [INFO] Sending notification to 2 admins | {"notificationTitle":"🆕 New Booking Received","adminCount":2}
[2025-10-15T08:58:43.300Z] [INFO] Multicast push notification sent: | {"successCount":2,"failureCount":0,"totalTokens":2}
[2025-10-15T08:58:43.308Z] [INFO] Admin notification sent for new booking | {"bookingId":"68ef6242e0e676533cfbd64d","successCount":2,"failureCount":0}
[2025-10-15T08:58:44.746Z] [INFO] Push notification sent successfully: | {"messageId":"projects/fixfly-d8e35/messages/723561e8-ef5d-4c9e-acbe-cee463eab22c","fcmToken":"flgB2h524Xvm88tk0WVI..."}
[2025-10-15T08:58:44.762Z] [INFO] Push notification sent successfully to user | {"userId":"68e5560f4152df81db3bbb29","userEmail":"panchalajay717@gmail.com","notificationId":"68ef6243e0e676533cfbd65a","title":"🎉 Booking Confirmed!"}
[2025-10-15T08:58:44.800Z] [INFO] Push notification sent to user for booking confirmation | {"bookingId":"68ef6242e0e676533cfbd64d","userId":"68e5560f4152df81db3bbb29","userEmail":"panchalajay717@gmail.com","bookingReference":"FIX3CFBD64D"}
[2025-10-15T08:58:45.630Z] [INFO] Customer bookings retrieved: 10 for panchalajay717@gmail.com | {"email":"panchalajay717@gmail.com","totalBookings":13,"page":1}
[2025-10-15T08:59:00.038Z] [INFO] Found 0 pending assignments to check for auto-rejection
[2025-10-15T08:59:59.989Z] [INFO] Found 0 pending assignments to check for auto-rejection
[2025-10-15T09:01:01.923Z] [INFO] Cloudinary initialized successfully | {"cloud_name":"fixfly"}
[2025-10-15T09:01:02.506Z] [INFO] SMTP Email service initialized successfully | {"host":"smtp.gmail.com","port":587,"user":"fixfly.in@gmail.com"}
[2025-10-15T09:01:06.541Z] [INFO] Cloudinary initialized successfully | {"cloud_name":"fixfly"}
[2025-10-15T09:01:06.702Z] [INFO] SMTP Email service initialized successfully | {"host":"smtp.gmail.com","port":587,"user":"fixfly.in@gmail.com"}
[2025-10-15T09:01:09.136Z] [INFO] Auto-reject service started - checking every minute for pending assignments
[2025-10-15T09:01:09.286Z] [INFO] SMTP connection verified successfully
[2025-10-15T09:01:53.264Z] [INFO] Cloudinary initialized successfully | {"cloud_name":"fixfly"}
[2025-10-15T09:01:53.647Z] [INFO] SMTP Email service initialized successfully | {"host":"smtp.gmail.com","port":587,"user":"fixfly.in@gmail.com"}
[2025-10-15T09:01:56.381Z] [INFO] Auto-reject service started - checking every minute for pending assignments
[2025-10-15T09:01:56.592Z] [INFO] SMTP connection verified successfully
[2025-10-15T09:02:13.229Z] [INFO] Cloudinary initialized successfully | {"cloud_name":"fixfly"}
[2025-10-15T09:02:13.880Z] [INFO] SMTP Email service initialized successfully | {"host":"smtp.gmail.com","port":587,"user":"fixfly.in@gmail.com"}
[2025-10-15T09:02:15.648Z] [INFO] Auto-reject service started - checking every minute for pending assignments
[2025-10-15T09:02:16.592Z] [INFO] SMTP connection verified successfully
[2025-10-15T09:02:37.420Z] [INFO] Cloudinary initialized successfully | {"cloud_name":"fixfly"}
[2025-10-15T09:02:37.783Z] [INFO] SMTP Email service initialized successfully | {"host":"smtp.gmail.com","port":587,"user":"fixfly.in@gmail.com"}
[2025-10-15T09:02:39.222Z] [INFO] Auto-reject service started - checking every minute for pending assignments
[2025-10-15T09:02:40.144Z] [INFO] SMTP connection verified successfully
[2025-10-15T09:03:05.057Z] [INFO] Cloudinary initialized successfully | {"cloud_name":"fixfly"}
[2025-10-15T09:03:05.191Z] [INFO] SMTP Email service initialized successfully | {"host":"smtp.gmail.com","port":587,"user":"fixfly.in@gmail.com"}
[2025-10-15T09:03:06.351Z] [INFO] Auto-reject service started - checking every minute for pending assignments
[2025-10-15T09:03:07.255Z] [INFO] SMTP connection verified successfully
[2025-10-15T09:03:17.412Z] [INFO] Customer bookings retrieved: 10 for panchalajay717@gmail.com | {"email":"panchalajay717@gmail.com","totalBookings":13,"page":1}
[2025-10-15T09:03:18.319Z] [INFO] Featured products retrieved: 3 | {"productNames":["MacBook | Imac","Laptop | Desktop","Printer Repair"]}
[2025-10-15T09:03:18.388Z] [INFO] Products by service type retrieved: 4 for Home Appliance | {"serviceType":"Home Appliance","productNames":["Test","qqqqqqqqqq","fiidge","Plumber"]}
[2025-10-15T09:03:18.731Z] [INFO] All active products retrieved: 10 | {"featuredCount":3,"totalCount":10}
[2025-10-15T09:03:50.857Z] [INFO] Booking created with payment: FIX70956618 | {"bookingId":"68ef637665a5126570956618","customerEmail":"panchalajay717@gmail.com","totalAmount":353,"servicesCount":1,"paymentId":"pay_RTgznypfvnNl6h"}
[2025-10-15T09:03:51.831Z] [INFO] Firebase Admin SDK initialized successfully
[2025-10-15T09:03:52.650Z] [INFO] Push notification sent successfully: | {"messageId":"projects/fixfly-d8e35/messages/833d9aa8-8435-42bb-842c-ab5d2c9cc3c7","fcmToken":"flgB2h524Xvm88tk0WVI..."}
[2025-10-15T09:03:52.660Z] [INFO] Push notification sent successfully to user | {"userId":"68e5560f4152df81db3bbb29","userEmail":"panchalajay717@gmail.com","notificationId":"68ef637765a512657095661e","title":"🎉 Booking Confirmed!"}
[2025-10-15T09:03:52.667Z] [INFO] Push notification sent to user for booking confirmation with payment | {"bookingId":"68ef637665a5126570956618","userId":"68e5560f4152df81db3bbb29","userEmail":"panchalajay717@gmail.com","bookingReference":"FIX70956618"}
[2025-10-15T09:03:52.679Z] [INFO] Sending new booking notification to admins | {"bookingId":"68ef637665a5126570956618","bookingReference":"FIX70956618","customerName":"Ajay Panchal","totalAmount":353}
[2025-10-15T09:03:52.739Z] [INFO] Sending notification to 2 admins | {"notificationTitle":"🆕 New Booking Received","adminCount":2}
[2025-10-15T09:03:53.098Z] [INFO] Multicast push notification sent: | {"successCount":2,"failureCount":0,"totalTokens":2}
[2025-10-15T09:03:53.109Z] [INFO] Admin notification sent for new booking with payment | {"bookingId":"68ef637665a5126570956618","successCount":2,"failureCount":0}
[2025-10-15T09:03:54.049Z] [INFO] Customer bookings retrieved: 10 for panchalajay717@gmail.com | {"email":"panchalajay717@gmail.com","totalBookings":14,"page":1}
[2025-10-15T09:03:59.805Z] [INFO] User retrieved notifications: 16 | {"userId":"68e5560f4152df81db3bbb29","totalNotifications":16,"unreadCount":16,"page":1,"filters":{}}
[2025-10-15T09:04:06.708Z] [INFO] Found 0 pending assignments to check for auto-rejection
[2025-10-15T09:04:32.846Z] [INFO] Cloudinary initialized successfully | {"cloud_name":"fixfly"}
[2025-10-15T09:04:33.058Z] [INFO] SMTP Email service initialized successfully | {"host":"smtp.gmail.com","port":587,"user":"fixfly.in@gmail.com"}
[2025-10-15T09:04:34.712Z] [INFO] Auto-reject service started - checking every minute for pending assignments
[2025-10-15T09:04:35.411Z] [INFO] Admin authentication attempt | {"tokenPrefix":"eyJhbGciOiJIUzI1NiIs...","tokenLength":265,"endpoint":"/api/admin/notifications?page=1&limit=10"}
[2025-10-15T09:04:35.445Z] [INFO] Admin authentication attempt | {"tokenPrefix":"eyJhbGciOiJIUzI1NiIs...","tokenLength":265,"endpoint":"/api/admin/vendors?page=1&limit=100"}
[2025-10-15T09:04:35.511Z] [INFO] SMTP connection verified successfully
[2025-10-15T09:04:36.153Z] [INFO] Admin retrieved notifications | {"adminId":"68e556544152df81db3bbb41","totalNotifications":14,"page":1}
[2025-10-15T09:04:38.091Z] [INFO] Admin authentication attempt | {"tokenPrefix":"eyJhbGciOiJIUzI1NiIs...","tokenLength":265,"endpoint":"/api/admin/notifications/stats"}
[2025-10-15T09:04:38.225Z] [INFO] Admin retrieved notification stats | {"adminId":"68e556544152df81db3bbb41","stats":{"totalNotifications":14,"sentNotifications":14,"scheduledNotifications":0,"draftNotifications":0,"failedNotifications":0,"totalRecipients":9,"averageDeliveryRate":100,"averageReadRate":0}}
[2025-10-15T09:04:38.593Z] [INFO] Admin authentication attempt | {"tokenPrefix":"eyJhbGciOiJIUzI1NiIs...","tokenLength":265,"endpoint":"/api/admin/update-fcm-token"}
[2025-10-15T09:04:38.730Z] [INFO] FCM token updated for admin | {"adminId":"68e556544152df81db3bbb41","adminEmail":"panchalajay717@gmail.com","hasToken":true}
[2025-10-15T09:05:19.819Z] [INFO] Cloudinary initialized successfully | {"cloud_name":"fixfly"}
[2025-10-15T09:05:20.356Z] [INFO] SMTP Email service initialized successfully | {"host":"smtp.gmail.com","port":587,"user":"fixfly.in@gmail.com"}
[2025-10-15T09:05:23.819Z] [INFO] Auto-reject service started - checking every minute for pending assignments
[2025-10-15T09:05:24.407Z] [INFO] SMTP connection verified successfully
[2025-10-15T09:05:55.222Z] [INFO] Cloudinary initialized successfully | {"cloud_name":"fixfly"}
[2025-10-15T09:05:55.444Z] [INFO] SMTP Email service initialized successfully | {"host":"smtp.gmail.com","port":587,"user":"fixfly.in@gmail.com"}
[2025-10-15T09:05:58.197Z] [INFO] Auto-reject service started - checking every minute for pending assignments
[2025-10-15T09:05:58.254Z] [INFO] SMTP connection verified successfully
[2025-10-15T09:06:11.288Z] [INFO] User retrieved notifications: 16 | {"userId":"68e5560f4152df81db3bbb29","totalNotifications":16,"unreadCount":16,"page":1,"filters":{}}
[2025-10-15T09:06:16.461Z] [INFO] Featured products retrieved: 3 | {"productNames":["MacBook | Imac","Laptop | Desktop","Printer Repair"]}
[2025-10-15T09:06:16.533Z] [INFO] Products by service type retrieved: 4 for Home Appliance | {"serviceType":"Home Appliance","productNames":["Test","qqqqqqqqqq","fiidge","Plumber"]}
[2025-10-15T09:06:16.908Z] [INFO] All active products retrieved: 10 | {"featuredCount":3,"totalCount":10}
[2025-10-15T09:06:50.161Z] [INFO] Booking created with payment: FIX416114AA | {"bookingId":"68ef642ae0362458416114aa","customerEmail":"panchalajay717@gmail.com","totalAmount":471,"servicesCount":1,"paymentId":"pay_RTh2xVmVo0X4W7"}
[2025-10-15T09:06:50.835Z] [INFO] Firebase Admin SDK initialized successfully
[2025-10-15T09:06:52.532Z] [INFO] Push notification sent successfully: | {"messageId":"projects/fixfly-d8e35/messages/2155fdc2-e41c-4053-942d-5c8f71e8aa8b","fcmToken":"flgB2h524Xvm88tk0WVI..."}
[2025-10-15T09:06:52.576Z] [INFO] Push notification sent successfully to user | {"userId":"68e5560f4152df81db3bbb29","userEmail":"panchalajay717@gmail.com","notificationId":"68ef642ae0362458416114b1","title":"🎉 Booking Confirmed!"}
[2025-10-15T09:06:52.639Z] [INFO] Push notification sent to user for booking confirmation with payment | {"bookingId":"68ef642ae0362458416114aa","userId":"68e5560f4152df81db3bbb29","userEmail":"panchalajay717@gmail.com","bookingReference":"FIX416114AA"}
[2025-10-15T09:06:52.669Z] [INFO] Sending new booking notification to admins | {"bookingId":"68ef642ae0362458416114aa","bookingReference":"FIX416114AA","customerName":"Ajay Panchal","totalAmount":471}
[2025-10-15T09:06:52.807Z] [INFO] Sending notification to 2 admins | {"notificationTitle":"🆕 New Booking Received","adminCount":2}
[2025-10-15T09:06:53.471Z] [INFO] Multicast push notification sent: | {"successCount":2,"failureCount":0,"totalTokens":2}
[2025-10-15T09:06:53.555Z] [INFO] Admin notification sent for new booking with payment | {"bookingId":"68ef642ae0362458416114aa","successCount":2,"failureCount":0}
[2025-10-15T09:06:54.061Z] [INFO] Customer bookings retrieved: 10 for panchalajay717@gmail.com | {"email":"panchalajay717@gmail.com","totalBookings":15,"page":1}
[2025-10-15T09:06:58.376Z] [INFO] Found 0 pending assignments to check for auto-rejection
[2025-10-15T09:07:13.322Z] [INFO] Featured products retrieved: 3 | {"productNames":["MacBook | Imac","Laptop | Desktop","Printer Repair"]}
[2025-10-15T09:07:13.340Z] [INFO] Products by service type retrieved: 4 for Home Appliance | {"serviceType":"Home Appliance","productNames":["Test","qqqqqqqqqq","fiidge","Plumber"]}
[2025-10-15T09:07:13.483Z] [INFO] All active products retrieved: 10 | {"featuredCount":3,"totalCount":10}
[2025-10-15T09:07:18.420Z] [INFO] User retrieved notifications: 17 | {"userId":"68e5560f4152df81db3bbb29","totalNotifications":17,"unreadCount":17,"page":1,"filters":{}}
[2025-10-15T09:07:50.462Z] [INFO] Cloudinary initialized successfully | {"cloud_name":"fixfly"}
[2025-10-15T09:07:51.020Z] [INFO] SMTP Email service initialized successfully | {"host":"smtp.gmail.com","port":587,"user":"fixfly.in@gmail.com"}
[2025-10-15T09:07:53.730Z] [INFO] Auto-reject service started - checking every minute for pending assignments
[2025-10-15T09:07:54.681Z] [INFO] SMTP connection verified successfully
[2025-10-15T09:08:04.641Z] [INFO] Cloudinary initialized successfully | {"cloud_name":"fixfly"}
[2025-10-15T09:08:05.615Z] [INFO] SMTP Email service initialized successfully | {"host":"smtp.gmail.com","port":587,"user":"fixfly.in@gmail.com"}
[2025-10-15T09:08:08.663Z] [INFO] Auto-reject service started - checking every minute for pending assignments
[2025-10-15T09:08:09.514Z] [INFO] SMTP connection verified successfully
[2025-10-15T09:08:33.158Z] [INFO] Cloudinary initialized successfully | {"cloud_name":"fixfly"}
[2025-10-15T09:08:33.725Z] [INFO] SMTP Email service initialized successfully | {"host":"smtp.gmail.com","port":587,"user":"fixfly.in@gmail.com"}
[2025-10-15T09:08:35.868Z] [INFO] Auto-reject service started - checking every minute for pending assignments
[2025-10-15T09:08:36.606Z] [INFO] SMTP connection verified successfully
[2025-10-15T09:09:36.188Z] [INFO] Found 0 pending assignments to check for auto-rejection
[2025-10-15T09:09:47.668Z] [INFO] Cloudinary initialized successfully | {"cloud_name":"fixfly"}
[2025-10-15T09:09:48.134Z] [INFO] SMTP Email service initialized successfully | {"host":"smtp.gmail.com","port":587,"user":"fixfly.in@gmail.com"}
[2025-10-15T09:09:50.147Z] [INFO] Auto-reject service started - checking every minute for pending assignments
[2025-10-15T09:09:50.933Z] [INFO] SMTP connection verified successfully
[2025-10-15T09:10:16.051Z] [INFO] Cloudinary initialized successfully | {"cloud_name":"fixfly"}
[2025-10-15T09:10:16.365Z] [INFO] SMTP Email service initialized successfully | {"host":"smtp.gmail.com","port":587,"user":"fixfly.in@gmail.com"}
[2025-10-15T09:10:19.133Z] [INFO] Auto-reject service started - checking every minute for pending assignments
[2025-10-15T09:10:19.447Z] [INFO] SMTP connection verified successfully
[2025-10-15T09:10:36.635Z] [INFO] Cloudinary initialized successfully | {"cloud_name":"fixfly"}
[2025-10-15T09:10:37.049Z] [INFO] SMTP Email service initialized successfully | {"host":"smtp.gmail.com","port":587,"user":"fixfly.in@gmail.com"}
[2025-10-15T09:10:39.012Z] [INFO] Auto-reject service started - checking every minute for pending assignments
[2025-10-15T09:10:39.861Z] [INFO] SMTP connection verified successfully
[2025-10-15T09:10:56.100Z] [INFO] Cloudinary initialized successfully | {"cloud_name":"fixfly"}
[2025-10-15T09:10:56.359Z] [INFO] SMTP Email service initialized successfully | {"host":"smtp.gmail.com","port":587,"user":"fixfly.in@gmail.com"}
[2025-10-15T09:11:05.412Z] [INFO] Cloudinary initialized successfully | {"cloud_name":"fixfly"}
[2025-10-15T09:11:10.193Z] [INFO] Cloudinary initialized successfully | {"cloud_name":"fixfly"}
[2025-10-15T09:11:10.793Z] [INFO] SMTP Email service initialized successfully | {"host":"smtp.gmail.com","port":587,"user":"fixfly.in@gmail.com"}
[2025-10-15T09:11:12.657Z] [INFO] Auto-reject service started - checking every minute for pending assignments
[2025-10-15T09:11:13.694Z] [INFO] SMTP connection verified successfully
[2025-10-15T09:11:21.885Z] [INFO] Cloudinary initialized successfully | {"cloud_name":"fixfly"}
[2025-10-15T09:11:22.137Z] [INFO] SMTP Email service initialized successfully | {"host":"smtp.gmail.com","port":587,"user":"fixfly.in@gmail.com"}
[2025-10-15T09:11:24.280Z] [INFO] Auto-reject service started - checking every minute for pending assignments
[2025-10-15T09:11:25.159Z] [INFO] SMTP connection verified successfully
[2025-10-15T09:11:26.184Z] [INFO] User retrieved notifications: 17 | {"userId":"68e5560f4152df81db3bbb29","totalNotifications":17,"unreadCount":17,"page":1,"filters":{}}
[2025-10-15T09:11:28.497Z] [INFO] Featured products retrieved: 3 | {"productNames":["MacBook | Imac","Laptop | Desktop","Printer Repair"]}
[2025-10-15T09:11:28.520Z] [INFO] Products by service type retrieved: 4 for Home Appliance | {"serviceType":"Home Appliance","productNames":["Test","qqqqqqqqqq","fiidge","Plumber"]}
[2025-10-15T09:11:28.841Z] [INFO] All active products retrieved: 10 | {"featuredCount":3,"totalCount":10}
[2025-10-15T09:12:16.795Z] [INFO] Products by service type retrieved: 4 for Home Appliance | {"serviceType":"Home Appliance","productNames":["Test","qqqqqqqqqq","fiidge","Plumber"]}
[2025-10-15T09:12:16.911Z] [INFO] Featured products retrieved: 3 | {"productNames":["MacBook | Imac","Laptop | Desktop","Printer Repair"]}
[2025-10-15T09:12:17.318Z] [INFO] All active products retrieved: 10 | {"featuredCount":3,"totalCount":10}
[2025-10-15T09:12:24.439Z] [INFO] Found 0 pending assignments to check for auto-rejection
[2025-10-15T09:12:30.799Z] [INFO] Booking created: FIX2721CB2E | {"bookingId":"68ef657ea99bf0462721cb2e","customerEmail":"panchalajay717@gmail.com","totalAmount":353,"servicesCount":1}
[2025-10-15T09:12:30.816Z] [INFO] Sending new booking notification to admins | {"bookingId":"68ef657ea99bf0462721cb2e","bookingReference":"FIX2721CB2E","customerName":"Ajay Panchal","totalAmount":353}
[2025-10-15T09:12:30.925Z] [INFO] Sending notification to 2 admins | {"notificationTitle":"🆕 New Booking Received","adminCount":2}
[2025-10-15T09:12:31.124Z] [INFO] Firebase Admin SDK initialized successfully
[2025-10-15T09:12:32.905Z] [INFO] Multicast push notification sent: | {"successCount":2,"failureCount":0,"totalTokens":2}
[2025-10-15T09:12:32.912Z] [INFO] Admin notification sent for new booking | {"bookingId":"68ef657ea99bf0462721cb2e","successCount":2,"failureCount":0}
[2025-10-15T09:12:34.458Z] [INFO] Push notification sent successfully: | {"messageId":"projects/fixfly-d8e35/messages/4241c30f-4c2a-41cd-a078-3aa239e18b3d","fcmToken":"flgB2h524Xvm88tk0WVI..."}
[2025-10-15T09:12:34.465Z] [INFO] Push notification sent successfully to user | {"userId":"68e5560f4152df81db3bbb29","userEmail":"panchalajay717@gmail.com","notificationId":"68ef6581a99bf0462721cb3d","title":"🎉 Booking Confirmed!"}
[2025-10-15T09:12:34.490Z] [INFO] Push notification sent to user for booking confirmation | {"bookingId":"68ef657ea99bf0462721cb2e","userId":"68e5560f4152df81db3bbb29","userEmail":"panchalajay717@gmail.com","bookingReference":"FIX2721CB2E"}
[2025-10-15T09:12:34.782Z] [INFO] Customer bookings retrieved: 10 for panchalajay717@gmail.com | {"email":"panchalajay717@gmail.com","totalBookings":16,"page":1}
[2025-10-15T09:12:36.954Z] [INFO] User retrieved notifications: 1 | {"userId":"68e5560f4152df81db3bbb29","totalNotifications":1,"unreadCount":1,"page":1,"filters":{}}
[2025-10-15T09:12:46.105Z] [INFO] User retrieved notifications: 1 | {"userId":"68e5560f4152df81db3bbb29","totalNotifications":1,"unreadCount":1,"page":1,"filters":{}}
[2025-10-15T09:12:48.130Z] [INFO] Featured products retrieved: 3 | {"productNames":["MacBook | Imac","Laptop | Desktop","Printer Repair"]}
[2025-10-15T09:12:48.181Z] [INFO] Products by service type retrieved: 4 for Home Appliance | {"serviceType":"Home Appliance","productNames":["Test","qqqqqqqqqq","fiidge","Plumber"]}
[2025-10-15T09:12:48.285Z] [INFO] All active products retrieved: 10 | {"featuredCount":3,"totalCount":10}
[2025-10-15T09:12:55.840Z] [INFO] Admin authentication attempt | {"tokenPrefix":"eyJhbGciOiJIUzI1NiIs...","tokenLength":265,"endpoint":"/api/admin/dashboard"}
[2025-10-15T09:12:56.693Z] [INFO] Admin authentication attempt | {"tokenPrefix":"eyJhbGciOiJIUzI1NiIs...","tokenLength":265,"endpoint":"/api/admin/update-fcm-token"}
[2025-10-15T09:12:56.824Z] [INFO] Admin dashboard revenue calculation | {"monthlyRevenue":6185.5,"totalRevenue":6185.5,"monthlyBookingRevenue":4485.5,"totalBookingRevenue":4485.5,"monthlySupportTicketRevenue":1700,"totalSupportTicketRevenue":1700,"pendingBookings":0,"activeAMCSubscriptions":5,"totalAMCAmount":2703.38,"month":10,"year":2025,"startDate":"2025-09-30T18:30:00.000Z","endDate":"2025-10-31T18:29:59.000Z"}
[2025-10-15T09:12:57.270Z] [INFO] Dashboard stats fetched successfully | {"adminId":"68e556544152df81db3bbb41","month":10,"year":2025}
[2025-10-15T09:12:57.768Z] [INFO] FCM token updated for admin | {"adminId":"68e556544152df81db3bbb41","adminEmail":"panchalajay717@gmail.com","hasToken":true}
[2025-10-15T09:13:17.384Z] [INFO] Booking created: FIX2721CC14 | {"bookingId":"68ef65ada99bf0462721cc14","customerEmail":"panchalajay717@gmail.com","totalAmount":353,"servicesCount":1}
[2025-10-15T09:13:17.386Z] [INFO] Sending new booking notification to admins | {"bookingId":"68ef65ada99bf0462721cc14","bookingReference":"FIX2721CC14","customerName":"Ajay Panchal","totalAmount":353}
[2025-10-15T09:13:17.432Z] [INFO] Sending notification to 2 admins | {"notificationTitle":"🆕 New Booking Received","adminCount":2}
[2025-10-15T09:13:17.787Z] [INFO] Multicast push notification sent: | {"successCount":2,"failureCount":0,"totalTokens":2}
[2025-10-15T09:13:17.795Z] [INFO] Admin notification sent for new booking | {"bookingId":"68ef65ada99bf0462721cc14","successCount":2,"failureCount":0}
[2025-10-15T09:13:18.518Z] [INFO] Push notification sent successfully: | {"messageId":"projects/fixfly-d8e35/messages/be7ffefb-f3b2-4efb-862e-ee9125ca5249","fcmToken":"flgB2h524Xvm88tk0WVI..."}
[2025-10-15T09:13:18.541Z] [INFO] Push notification sent successfully to user | {"userId":"68e5560f4152df81db3bbb29","userEmail":"panchalajay717@gmail.com","notificationId":"68ef65ada99bf0462721cc22","title":"🎉 Booking Confirmed!"}
[2025-10-15T09:13:18.545Z] [INFO] Push notification sent to user for booking confirmation | {"bookingId":"68ef65ada99bf0462721cc14","userId":"68e5560f4152df81db3bbb29","userEmail":"panchalajay717@gmail.com","bookingReference":"FIX2721CC14"}
[2025-10-15T09:13:18.924Z] [INFO] Customer bookings retrieved: 10 for panchalajay717@gmail.com | {"email":"panchalajay717@gmail.com","totalBookings":17,"page":1}
[2025-10-15T09:13:24.570Z] [INFO] Found 0 pending assignments to check for auto-rejection
[2025-10-15T09:13:29.794Z] [INFO] Featured products retrieved: 3 | {"productNames":["MacBook | Imac","Laptop | Desktop","Printer Repair"]}
[2025-10-15T09:13:29.840Z] [INFO] Products by service type retrieved: 4 for Home Appliance | {"serviceType":"Home Appliance","productNames":["Test","qqqqqqqqqq","fiidge","Plumber"]}
[2025-10-15T09:13:29.894Z] [INFO] All active products retrieved: 10 | {"featuredCount":3,"totalCount":10}
[2025-10-15T09:13:43.858Z] [INFO] Booking created: FIX2721CC6F | {"bookingId":"68ef65c7a99bf0462721cc6f","customerEmail":"panchalajay717@gmail.com","totalAmount":353,"servicesCount":1}
[2025-10-15T09:13:43.875Z] [INFO] Sending new booking notification to admins | {"bookingId":"68ef65c7a99bf0462721cc6f","bookingReference":"FIX2721CC6F","customerName":"Ajay Panchal","totalAmount":353}
[2025-10-15T09:13:43.934Z] [INFO] Sending notification to 2 admins | {"notificationTitle":"🆕 New Booking Received","adminCount":2}
[2025-10-15T09:13:44.305Z] [INFO] Multicast push notification sent: | {"successCount":2,"failureCount":0,"totalTokens":2}
[2025-10-15T09:13:44.323Z] [INFO] Admin notification sent for new booking | {"bookingId":"68ef65c7a99bf0462721cc6f","successCount":2,"failureCount":0}
[2025-10-15T09:13:46.465Z] [INFO] Push notification sent successfully: | {"messageId":"projects/fixfly-d8e35/messages/8a66f394-d5d3-46f5-829b-5931e6035def","fcmToken":"flgB2h524Xvm88tk0WVI..."}
[2025-10-15T09:13:46.470Z] [INFO] Push notification sent successfully to user | {"userId":"68e5560f4152df81db3bbb29","userEmail":"panchalajay717@gmail.com","notificationId":"68ef65c8a99bf0462721cc7a","title":"🎉 Booking Confirmed!"}
[2025-10-15T09:13:46.474Z] [INFO] Push notification sent to user for booking confirmation | {"bookingId":"68ef65c7a99bf0462721cc6f","userId":"68e5560f4152df81db3bbb29","userEmail":"panchalajay717@gmail.com","bookingReference":"FIX2721CC6F"}
[2025-10-15T09:13:46.827Z] [INFO] Customer bookings retrieved: 10 for panchalajay717@gmail.com | {"email":"panchalajay717@gmail.com","totalBookings":18,"page":1}
[2025-10-15T09:14:24.455Z] [INFO] Found 0 pending assignments to check for auto-rejection
[2025-10-15T09:15:24.350Z] [INFO] Found 0 pending assignments to check for auto-rejection
[2025-10-15T09:16:25.669Z] [INFO] Cloudinary initialized successfully | {"cloud_name":"fixfly"}
[2025-10-15T09:16:26.200Z] [INFO] SMTP Email service initialized successfully | {"host":"smtp.gmail.com","port":587,"user":"fixfly.in@gmail.com"}
[2025-10-15T09:16:31.236Z] [INFO] SMTP connection verified successfully
[2025-10-15T09:16:32.015Z] [INFO] Auto-reject service started - checking every minute for pending assignments
[2025-10-15T09:16:39.280Z] [INFO] Firebase Admin SDK initialized successfully
[2025-10-15T09:16:40.413Z] [INFO] Push notification sent successfully: | {"messageId":"projects/fixfly-d8e35/messages/b5ce3300-2f5d-433e-ba0c-b89624e0452a","fcmToken":"flgB2h524Xvm88tk0WVI..."}
[2025-10-15T09:16:40.428Z] [INFO] Push notification sent successfully to user | {"userId":"68e5560f4152df81db3bbb29","userEmail":"panchalajay717@gmail.com","notificationId":"68ef66766b16ed4be52dfa32","title":"🎉 Booking Confirmed!"}
[2025-10-15T09:16:46.834Z] [INFO] Customer bookings retrieved: 10 for panchalajay717@gmail.com | {"email":"panchalajay717@gmail.com","totalBookings":18,"page":1}
[2025-10-15T09:17:16.430Z] [INFO] Cloudinary initialized successfully | {"cloud_name":"fixfly"}
[2025-10-15T09:17:16.916Z] [INFO] SMTP Email service initialized successfully | {"host":"smtp.gmail.com","port":587,"user":"fixfly.in@gmail.com"}
[2025-10-15T09:17:18.676Z] [INFO] Auto-reject service started - checking every minute for pending assignments
[2025-10-15T09:17:19.529Z] [INFO] SMTP connection verified successfully
[2025-10-15T09:18:18.890Z] [INFO] Found 0 pending assignments to check for auto-rejection
[2025-10-15T09:18:25.136Z] [INFO] Cloudinary initialized successfully | {"cloud_name":"fixfly"}
[2025-10-15T09:18:25.619Z] [INFO] SMTP Email service initialized successfully | {"host":"smtp.gmail.com","port":587,"user":"fixfly.in@gmail.com"}
[2025-10-15T09:18:28.711Z] [INFO] Auto-reject service started - checking every minute for pending assignments
[2025-10-15T09:18:29.170Z] [INFO] SMTP connection verified successfully
[2025-10-15T09:18:29.919Z] [INFO] Firebase Admin SDK initialized successfully
[2025-10-15T09:18:30.966Z] [INFO] Push notification sent successfully: | {"messageId":"projects/fixfly-d8e35/messages/dc472484-c26b-4a83-91e7-8e587531026b","fcmToken":"flgB2h524Xvm88tk0WVI..."}
[2025-10-15T09:18:30.970Z] [INFO] Push notification sent successfully to user | {"userId":"68e5560f4152df81db3bbb29","userEmail":"panchalajay717@gmail.com","notificationId":"68ef66e5203cfbf41ea06dcd","title":"🎉 Booking Confirmed!"}
[2025-10-15T09:18:45.170Z] [INFO] Cloudinary initialized successfully | {"cloud_name":"fixfly"}
[2025-10-15T09:18:46.036Z] [INFO] SMTP Email service initialized successfully | {"host":"smtp.gmail.com","port":587,"user":"fixfly.in@gmail.com"}
[2025-10-15T09:18:49.517Z] [INFO] Cloudinary initialized successfully | {"cloud_name":"fixfly"}
[2025-10-15T09:18:49.981Z] [INFO] SMTP Email service initialized successfully | {"host":"smtp.gmail.com","port":587,"user":"fixfly.in@gmail.com"}
[2025-10-15T09:18:52.616Z] [INFO] Auto-reject service started - checking every minute for pending assignments
[2025-10-15T09:18:53.329Z] [INFO] SMTP connection verified successfully
[2025-10-15T09:19:09.524Z] [INFO] Featured products retrieved: 3 | {"productNames":["MacBook | Imac","Laptop | Desktop","Printer Repair"]}
[2025-10-15T09:19:09.638Z] [INFO] Products by service type retrieved: 4 for Home Appliance | {"serviceType":"Home Appliance","productNames":["Test","qqqqqqqqqq","fiidge","Plumber"]}
[2025-10-15T09:19:10.379Z] [INFO] All active products retrieved: 10 | {"featuredCount":3,"totalCount":10}
[2025-10-15T09:19:16.951Z] [INFO] Featured products retrieved: 3 | {"productNames":["MacBook | Imac","Laptop | Desktop","Printer Repair"]}
[2025-10-15T09:19:17.027Z] [INFO] Products by service type retrieved: 4 for Home Appliance | {"serviceType":"Home Appliance","productNames":["Test","qqqqqqqqqq","fiidge","Plumber"]}
[2025-10-15T09:19:17.368Z] [INFO] All active products retrieved: 10 | {"featuredCount":3,"totalCount":10}
[2025-10-15T09:19:31.970Z] [INFO] Booking created: FIX25A2A503 | {"bookingId":"68ef67238960830d25a2a503","customerEmail":"panchalajay717@gmail.com","totalAmount":471,"servicesCount":1}
[2025-10-15T09:19:32.012Z] [INFO] Sending new booking notification to admins | {"bookingId":"68ef67238960830d25a2a503","bookingReference":"FIX25A2A503","customerName":"Ajay Panchal","totalAmount":471}
[2025-10-15T09:19:32.106Z] [INFO] Sending notification to 2 admins | {"notificationTitle":"🆕 New Booking Received","adminCount":2}
[2025-10-15T09:19:32.300Z] [INFO] Firebase Admin SDK initialized successfully
[2025-10-15T09:19:33.062Z] [INFO] Multicast push notification sent: | {"successCount":2,"failureCount":0,"totalTokens":2}
[2025-10-15T09:19:33.087Z] [INFO] Admin notification sent for new booking | {"bookingId":"68ef67238960830d25a2a503","successCount":2,"failureCount":0}
[2025-10-15T09:19:33.984Z] [INFO] Push notification sent successfully: | {"messageId":"projects/fixfly-d8e35/messages/8f5995d9-cf41-4118-8610-9e173902ab7b","fcmToken":"flgB2h524Xvm88tk0WVI..."}
[2025-10-15T09:19:33.995Z] [INFO] Push notification sent successfully to user | {"userId":"68e5560f4152df81db3bbb29","userEmail":"panchalajay717@gmail.com","notificationId":"68ef67258960830d25a2a513","title":"🎉 Booking Confirmed!"}
[2025-10-15T09:19:34.056Z] [INFO] Push notification sent to user for booking confirmation | {"bookingId":"68ef67238960830d25a2a503","userId":"68e5560f4152df81db3bbb29","userEmail":"panchalajay717@gmail.com","bookingReference":"FIX25A2A503"}
[2025-10-15T09:19:34.452Z] [INFO] Customer bookings retrieved: 10 for panchalajay717@gmail.com | {"email":"panchalajay717@gmail.com","totalBookings":19,"page":1}
[2025-10-15T09:19:46.348Z] [INFO] User retrieved notifications: 6 | {"userId":"68e5560f4152df81db3bbb29","totalNotifications":6,"unreadCount":6,"page":1,"filters":{}}
[2025-10-15T09:19:52.706Z] [INFO] Found 0 pending assignments to check for auto-rejection
[2025-10-15T09:20:52.727Z] [INFO] Found 0 pending assignments to check for auto-rejection
[2025-10-15T09:21:40.004Z] [INFO] Admin authentication attempt | {"tokenPrefix":"eyJhbGciOiJIUzI1NiIs...","tokenLength":265,"endpoint":"/api/admin/dashboard"}
[2025-10-15T09:21:40.260Z] [INFO] Admin dashboard revenue calculation | {"monthlyRevenue":6185.5,"totalRevenue":6185.5,"monthlyBookingRevenue":4485.5,"totalBookingRevenue":4485.5,"monthlySupportTicketRevenue":1700,"totalSupportTicketRevenue":1700,"pendingBookings":0,"activeAMCSubscriptions":5,"totalAMCAmount":2703.38,"month":10,"year":2025,"startDate":"2025-09-30T18:30:00.000Z","endDate":"2025-10-31T18:29:59.000Z"}
[2025-10-15T09:21:40.309Z] [INFO] Dashboard stats fetched successfully | {"adminId":"68e556544152df81db3bbb41","month":10,"year":2025}
[2025-10-15T09:21:40.970Z] [INFO] User updated FCM token | {"userId":"68e5560f4152df81db3bbb29","fcmTokenLength":142}
[2025-10-15T09:21:42.250Z] [INFO] User updated FCM token | {"userId":"68e5560f4152df81db3bbb29","fcmTokenLength":142}
[2025-10-15T09:21:42.550Z] [INFO] Admin authentication attempt | {"tokenPrefix":"eyJhbGciOiJIUzI1NiIs...","tokenLength":265,"endpoint":"/api/admin/update-fcm-token"}
[2025-10-15T09:21:42.774Z] [INFO] FCM token updated for admin | {"adminId":"68e556544152df81db3bbb41","adminEmail":"panchalajay717@gmail.com","hasToken":true}
[2025-10-15T09:21:53.109Z] [INFO] Found 0 pending assignments to check for auto-rejection
[2025-10-15T09:22:06.860Z] [INFO] Cloudinary initialized successfully | {"cloud_name":"fixfly"}
[2025-10-15T09:22:07.387Z] [INFO] SMTP Email service initialized successfully | {"host":"smtp.gmail.com","port":587,"user":"fixfly.in@gmail.com"}
[2025-10-15T09:22:10.857Z] [INFO] Auto-reject service started - checking every minute for pending assignments
[2025-10-15T09:22:11.824Z] [INFO] SMTP connection verified successfully
[2025-10-15T09:22:12.475Z] [INFO] Firebase Admin SDK initialized successfully
[2025-10-15T09:22:13.238Z] [INFO] Push notification sent successfully: | {"messageId":"projects/fixfly-d8e35/messages/919f6fe0-572c-476f-b2c8-d047931935b3","fcmToken":"fBe-q26if9eCXuv4FMry..."}
[2025-10-15T09:22:13.241Z] [INFO] Push notification sent successfully to user | {"userId":"68e5560f4152df81db3bbb29","userEmail":"panchalajay717@gmail.com","notificationId":"68ef67c485e1f121f9837dba","title":"🎉 Booking Confirmed!"}
[2025-10-15T09:22:13.521Z] [INFO] Push notification sent successfully: | {"messageId":"projects/fixfly-d8e35/messages/6489b923-2581-4004-942a-1305f84904c8","fcmToken":"fBe-q26if9eCXuv4FMry..."}
[2025-10-15T09:22:13.525Z] [INFO] Push notification sent successfully to user | {"userId":"68e5560f4152df81db3bbb29","userEmail":"panchalajay717@gmail.com","notificationId":"68ef67c585e1f121f9837dc1","title":"👨‍🔧 Engineer Assigned!"}
[2025-10-15T09:22:27.636Z] [INFO] Cloudinary initialized successfully | {"cloud_name":"fixfly"}
[2025-10-15T09:22:28.059Z] [INFO] SMTP Email service initialized successfully | {"host":"smtp.gmail.com","port":587,"user":"fixfly.in@gmail.com"}
[2025-10-15T09:22:31.638Z] [INFO] Auto-reject service started - checking every minute for pending assignments
[2025-10-15T09:22:32.352Z] [INFO] SMTP connection verified successfully
[2025-10-15T09:22:37.296Z] [INFO] User updated FCM token | {"userId":"68e5560f4152df81db3bbb29","fcmTokenLength":142}
[2025-10-15T09:22:59.135Z] [INFO] User updated FCM token | {"userId":"68e5560f4152df81db3bbb29","fcmTokenLength":142}
[2025-10-15T09:22:59.141Z] [INFO] User retrieved notifications: 8 | {"userId":"68e5560f4152df81db3bbb29","totalNotifications":8,"unreadCount":8,"page":1,"filters":{}}
[2025-10-15T09:22:59.225Z] [INFO] User retrieved notifications: 8 | {"userId":"68e5560f4152df81db3bbb29","totalNotifications":8,"unreadCount":8,"page":1,"filters":{}}
[2025-10-15T09:22:59.411Z] [INFO] User updated FCM token | {"userId":"68e5560f4152df81db3bbb29","fcmTokenLength":142}
[2025-10-15T09:23:06.681Z] [INFO] Featured products retrieved: 3 | {"productNames":["MacBook | Imac","Laptop | Desktop","Printer Repair"]}
[2025-10-15T09:23:06.811Z] [INFO] Products by service type retrieved: 4 for Home Appliance | {"serviceType":"Home Appliance","productNames":["Test","qqqqqqqqqq","fiidge","Plumber"]}
[2025-10-15T09:23:06.949Z] [INFO] All active products retrieved: 10 | {"featuredCount":3,"totalCount":10}
[2025-10-15T09:23:10.608Z] [INFO] Featured products retrieved: 3 | {"productNames":["MacBook | Imac","Laptop | Desktop","Printer Repair"]}
[2025-10-15T09:23:10.698Z] [INFO] Products by service type retrieved: 4 for Home Appliance | {"serviceType":"Home Appliance","productNames":["Test","qqqqqqqqqq","fiidge","Plumber"]}
[2025-10-15T09:23:10.893Z] [INFO] All active products retrieved: 10 | {"featuredCount":3,"totalCount":10}
[2025-10-15T09:23:19.246Z] [INFO] Starting OTP send process | {"phone":"7610416911"}
[2025-10-15T09:23:19.345Z] [INFO] Existing user found | {"userId":"68e5560f4152df81db3bbb29","phone":"7610416911"}
[2025-10-15T09:23:19.349Z] [INFO] Generating random OTP | {"phone":"7610416911"}
[2025-10-15T09:23:19.648Z] [INFO] OTP generated and user saved | {"phone":"7610416911","userId":"68e5560f4152df81db3bbb29"}
[2025-10-15T09:23:19.651Z] [INFO] Attempting to send SMS via SMS India Hub | {"phone":"7610416911"}
[2025-10-15T09:23:21.065Z] [INFO] SMS sending result | {"phone":"7610416911","success":true,"messageId":"sms_1760520201065","provider":"SMSIndia Hub"}
[2025-10-15T09:23:31.783Z] [INFO] Found 0 pending assignments to check for auto-rejection
[2025-10-15T09:23:42.158Z] [INFO] Featured products retrieved: 3 | {"productNames":["MacBook | Imac","Laptop | Desktop","Printer Repair"]}
[2025-10-15T09:23:42.271Z] [INFO] Products by service type retrieved: 4 for Home Appliance | {"serviceType":"Home Appliance","productNames":["Test","qqqqqqqqqq","fiidge","Plumber"]}
[2025-10-15T09:23:42.457Z] [INFO] All active products retrieved: 10 | {"featuredCount":3,"totalCount":10}
[2025-10-15T09:23:42.497Z] [INFO] User updated FCM token | {"userId":"68e5560f4152df81db3bbb29","fcmTokenLength":142}
[2025-10-15T09:23:42.978Z] [INFO] User updated FCM token | {"userId":"68e5560f4152df81db3bbb29","fcmTokenLength":142}
[2025-10-15T09:23:51.640Z] [INFO] User updated FCM token | {"userId":"68e5560f4152df81db3bbb29","fcmTokenLength":142}
[2025-10-15T09:23:52.437Z] [INFO] User updated FCM token | {"userId":"68e5560f4152df81db3bbb29","fcmTokenLength":142}
[2025-10-15T09:23:53.302Z] [INFO] User updated FCM token | {"userId":"68e5560f4152df81db3bbb29","fcmTokenLength":142}
[2025-10-15T09:23:53.818Z] [INFO] User updated FCM token | {"userId":"68e5560f4152df81db3bbb29","fcmTokenLength":142}
[2025-10-15T09:23:54.516Z] [INFO] User updated FCM token | {"userId":"68e5560f4152df81db3bbb29","fcmTokenLength":142}
[2025-10-15T09:23:54.952Z] [INFO] User updated FCM token | {"userId":"68e5560f4152df81db3bbb29","fcmTokenLength":142}
[2025-10-15T09:23:55.765Z] [INFO] User updated FCM token | {"userId":"68e5560f4152df81db3bbb29","fcmTokenLength":142}
[2025-10-15T09:23:55.931Z] [INFO] User updated FCM token | {"userId":"68e5560f4152df81db3bbb29","fcmTokenLength":142}
[2025-10-15T09:23:56.156Z] [INFO] User updated FCM token | {"userId":"68e5560f4152df81db3bbb29","fcmTokenLength":142}
[2025-10-15T09:23:56.393Z] [INFO] User updated FCM token | {"userId":"68e5560f4152df81db3bbb29","fcmTokenLength":142}
[2025-10-15T09:23:56.581Z] [INFO] User updated FCM token | {"userId":"68e5560f4152df81db3bbb29","fcmTokenLength":142}
[2025-10-15T09:23:57.293Z] [INFO] User updated FCM token | {"userId":"68e5560f4152df81db3bbb29","fcmTokenLength":142}
[2025-10-15T09:23:57.517Z] [INFO] User updated FCM token | {"userId":"68e5560f4152df81db3bbb29","fcmTokenLength":142}
[2025-10-15T09:23:57.716Z] [INFO] User updated FCM token | {"userId":"68e5560f4152df81db3bbb29","fcmTokenLength":142}
[2025-10-15T09:23:58.084Z] [INFO] User updated FCM token | {"userId":"68e5560f4152df81db3bbb29","fcmTokenLength":142}
[2025-10-15T09:23:58.293Z] [INFO] User updated FCM token | {"userId":"68e5560f4152df81db3bbb29","fcmTokenLength":142}
[2025-10-15T09:23:58.481Z] [INFO] User updated FCM token | {"userId":"68e5560f4152df81db3bbb29","fcmTokenLength":142}
[2025-10-15T09:23:58.785Z] [INFO] User updated FCM token | {"userId":"68e5560f4152df81db3bbb29","fcmTokenLength":142}
[2025-10-15T09:23:58.932Z] [INFO] User updated FCM token | {"userId":"68e5560f4152df81db3bbb29","fcmTokenLength":142}
[2025-10-15T09:23:59.115Z] [INFO] User updated FCM token | {"userId":"68e5560f4152df81db3bbb29","fcmTokenLength":142}
[2025-10-15T09:23:59.309Z] [INFO] User updated FCM token | {"userId":"68e5560f4152df81db3bbb29","fcmTokenLength":142}
[2025-10-15T09:23:59.616Z] [INFO] User updated FCM token | {"userId":"68e5560f4152df81db3bbb29","fcmTokenLength":142}
[2025-10-15T09:24:00.492Z] [INFO] User updated FCM token | {"userId":"68e5560f4152df81db3bbb29","fcmTokenLength":142}
[2025-10-15T09:24:01.135Z] [INFO] User updated FCM token | {"userId":"68e5560f4152df81db3bbb29","fcmTokenLength":142}
[2025-10-15T09:24:03.586Z] [INFO] User updated FCM token | {"userId":"68e5560f4152df81db3bbb29","fcmTokenLength":142}
[2025-10-15T09:24:09.482Z] [INFO] User updated FCM token | {"userId":"68e5560f4152df81db3bbb29","fcmTokenLength":142}
[2025-10-15T09:24:10.475Z] [INFO] User updated FCM token | {"userId":"68e5560f4152df81db3bbb29","fcmTokenLength":142}
[2025-10-15T09:24:13.924Z] [INFO] User updated FCM token | {"userId":"68e5560f4152df81db3bbb29","fcmTokenLength":142}
[2025-10-15T09:24:14.149Z] [INFO] User updated FCM token | {"userId":"68e5560f4152df81db3bbb29","fcmTokenLength":142}
[2025-10-15T09:24:14.558Z] [INFO] User updated FCM token | {"userId":"68e5560f4152df81db3bbb29","fcmTokenLength":142}
[2025-10-15T09:24:16.403Z] [INFO] User updated FCM token | {"userId":"68e5560f4152df81db3bbb29","fcmTokenLength":142}
[2025-10-15T09:24:17.134Z] [INFO] User updated FCM token | {"userId":"68e5560f4152df81db3bbb29","fcmTokenLength":142}
[2025-10-15T09:24:17.841Z] [INFO] User updated FCM token | {"userId":"68e5560f4152df81db3bbb29","fcmTokenLength":142}
[2025-10-15T09:24:19.189Z] [INFO] User updated FCM token | {"userId":"68e5560f4152df81db3bbb29","fcmTokenLength":142}
[2025-10-15T09:24:19.925Z] [INFO] User updated FCM token | {"userId":"68e5560f4152df81db3bbb29","fcmTokenLength":142}
[2025-10-15T09:24:20.583Z] [INFO] User updated FCM token | {"userId":"68e5560f4152df81db3bbb29","fcmTokenLength":142}
[2025-10-15T09:24:21.454Z] [INFO] User updated FCM token | {"userId":"68e5560f4152df81db3bbb29","fcmTokenLength":142}
[2025-10-15T09:24:21.940Z] [INFO] User updated FCM token | {"userId":"68e5560f4152df81db3bbb29","fcmTokenLength":142}
[2025-10-15T09:24:22.299Z] [INFO] User updated FCM token | {"userId":"68e5560f4152df81db3bbb29","fcmTokenLength":142}
[2025-10-15T09:24:22.528Z] [INFO] User updated FCM token | {"userId":"68e5560f4152df81db3bbb29","fcmTokenLength":142}
[2025-10-15T09:24:22.765Z] [INFO] User updated FCM token | {"userId":"68e5560f4152df81db3bbb29","fcmTokenLength":142}
[2025-10-15T09:24:22.974Z] [INFO] User updated FCM token | {"userId":"68e5560f4152df81db3bbb29","fcmTokenLength":142}
[2025-10-15T09:24:23.203Z] [INFO] User updated FCM token | {"userId":"68e5560f4152df81db3bbb29","fcmTokenLength":142}
[2025-10-15T09:24:23.464Z] [INFO] User updated FCM token | {"userId":"68e5560f4152df81db3bbb29","fcmTokenLength":142}
[2025-10-15T09:24:23.722Z] [INFO] User updated FCM token | {"userId":"68e5560f4152df81db3bbb29","fcmTokenLength":142}
[2025-10-15T09:24:23.790Z] [INFO] Booking created: FIX3B42FDD0 | {"bookingId":"68ef6847813cb0fc3b42fdd0","customerEmail":"panchalajay717@gmail.com","totalAmount":353,"servicesCount":1}
[2025-10-15T09:24:23.848Z] [INFO] Sending new booking notification to admins | {"bookingId":"68ef6847813cb0fc3b42fdd0","bookingReference":"FIX3B42FDD0","customerName":"Ajay Panchal","totalAmount":353}
[2025-10-15T09:24:23.958Z] [INFO] Sending notification to 2 admins | {"notificationTitle":"🆕 New Booking Received","adminCount":2}
[2025-10-15T09:24:24.104Z] [INFO] Firebase Admin SDK initialized successfully
[2025-10-15T09:24:24.298Z] [INFO] User updated FCM token | {"userId":"68e5560f4152df81db3bbb29","fcmTokenLength":142}
[2025-10-15T09:24:24.506Z] [INFO] User updated FCM token | {"userId":"68e5560f4152df81db3bbb29","fcmTokenLength":142}
[2025-10-15T09:24:24.701Z] [INFO] Multicast push notification sent: | {"successCount":2,"failureCount":0,"totalTokens":2}
[2025-10-15T09:24:24.707Z] [INFO] Admin notification sent for new booking | {"bookingId":"68ef6847813cb0fc3b42fdd0","successCount":2,"failureCount":0}
[2025-10-15T09:24:24.733Z] [INFO] User updated FCM token | {"userId":"68e5560f4152df81db3bbb29","fcmTokenLength":142}
[2025-10-15T09:24:24.966Z] [INFO] User updated FCM token | {"userId":"68e5560f4152df81db3bbb29","fcmTokenLength":142}
[2025-10-15T09:24:25.322Z] [INFO] Push notification sent successfully: | {"messageId":"projects/fixfly-d8e35/messages/201f6fda-b7ff-47c5-ac70-1508ff610860","fcmToken":"fBe-q26if9eCXuv4FMry..."}
[2025-10-15T09:24:25.340Z] [INFO] Push notification sent successfully to user | {"userId":"68e5560f4152df81db3bbb29","userEmail":"panchalajay717@gmail.com","notificationId":"68ef6848813cb0fc3b42fde4","title":"🎉 Booking Confirmed!"}
[2025-10-15T09:24:25.392Z] [INFO] Push notification sent to user for booking confirmation | {"bookingId":"68ef6847813cb0fc3b42fdd0","userId":"68e5560f4152df81db3bbb29","userEmail":"panchalajay717@gmail.com","bookingReference":"FIX3B42FDD0"}
[2025-10-15T09:24:25.423Z] [INFO] User updated FCM token | {"userId":"68e5560f4152df81db3bbb29","fcmTokenLength":142}
[2025-10-15T09:24:25.867Z] [INFO] User updated FCM token | {"userId":"68e5560f4152df81db3bbb29","fcmTokenLength":142}
[2025-10-15T09:24:25.889Z] [INFO] Customer bookings retrieved: 10 for panchalajay717@gmail.com | {"email":"panchalajay717@gmail.com","totalBookings":20,"page":1}
[2025-10-15T09:24:31.960Z] [INFO] Found 0 pending assignments to check for auto-rejection
[2025-10-15T09:24:32.917Z] [INFO] Products by service type retrieved: 4 for Home Appliance | {"serviceType":"Home Appliance","productNames":["Test","qqqqqqqqqq","fiidge","Plumber"]}
[2025-10-15T09:24:32.967Z] [INFO] Featured products retrieved: 3 | {"productNames":["MacBook | Imac","Laptop | Desktop","Printer Repair"]}
[2025-10-15T09:24:33.117Z] [INFO] All active products retrieved: 10 | {"featuredCount":3,"totalCount":10}
[2025-10-15T09:24:40.010Z] [INFO] Customer bookings retrieved: 10 for panchalajay717@gmail.com | {"email":"panchalajay717@gmail.com","totalBookings":20,"page":1}
[2025-10-15T09:25:05.057Z] [INFO] Vendor authentication attempt | {"tokenPrefix":"eyJhbGciOiJIUzI1NiIs...","tokenLength":179,"endpoint":"/api/vendors/profile"}
[2025-10-15T09:25:05.150Z] [INFO] Vendor authentication attempt | {"tokenPrefix":"eyJhbGciOiJIUzI1NiIs...","tokenLength":179,"endpoint":"/api/bookings/vendor/me"}
[2025-10-15T09:25:05.231Z] [INFO] Vendor authentication attempt | {"tokenPrefix":"eyJhbGciOiJIUzI1NiIs...","tokenLength":179,"endpoint":"/api/support-tickets/vendor/assigned?"}
[2025-10-15T09:25:05.430Z] [INFO] Getting bookings for vendor | {"vendorId":"440","page":1,"limit":10}
[2025-10-15T09:25:05.435Z] [INFO] Booking query | {"query":{"vendor.vendorId":"440"}}
[2025-10-15T09:25:05.627Z] [INFO] Vendor authentication attempt | {"tokenPrefix":"eyJhbGciOiJIUzI1NiIs...","tokenLength":179,"endpoint":"/api/vendors/profile"}
[2025-10-15T09:25:05.659Z] [INFO] Vendor bookings retrieved: 0 for vendor 440 | {"vendorId":"440","totalBookings":0,"page":1}
[2025-10-15T09:25:05.679Z] [INFO] User updated FCM token | {"userId":"68e5560f4152df81db3bbb29","fcmTokenLength":142}
[2025-10-15T09:25:05.694Z] [INFO] Vendor authentication attempt | {"tokenPrefix":"eyJhbGciOiJIUzI1NiIs...","tokenLength":179,"endpoint":"/api/bookings/vendor/me"}
[2025-10-15T09:25:05.721Z] [INFO] Vendor authentication attempt | {"tokenPrefix":"eyJhbGciOiJIUzI1NiIs...","tokenLength":179,"endpoint":"/api/support-tickets/vendor/assigned?"}
[2025-10-15T09:25:05.821Z] [INFO] Getting bookings for vendor | {"vendorId":"440","page":1,"limit":10}
[2025-10-15T09:25:05.835Z] [INFO] Booking query | {"query":{"vendor.vendorId":"440"}}
[2025-10-15T09:25:05.939Z] [INFO] Vendor authentication attempt | {"tokenPrefix":"eyJhbGciOiJIUzI1NiIs...","tokenLength":179,"endpoint":"/api/vendors/update-fcm-token"}
[2025-10-15T09:25:06.217Z] [INFO] Vendor bookings retrieved: 0 for vendor 440 | {"vendorId":"440","totalBookings":0,"page":1}
[2025-10-15T09:25:06.226Z] [INFO] FCM token updated for vendor | {"vendorId":"68eca22322e5bedeab6c67d5","vendorEmail":"panchalajay717@gmail.com","hasToken":true}
[2025-10-15T09:25:06.947Z] [INFO] User updated FCM token | {"userId":"68e5560f4152df81db3bbb29","fcmTokenLength":142}
[2025-10-15T09:25:13.496Z] [INFO] Admin authentication attempt | {"tokenPrefix":"eyJhbGciOiJIUzI1NiIs...","tokenLength":265,"endpoint":"/api/admin/bookings?page=1&limit=10&sortBy=createdAt&sortOrder=desc"}
[2025-10-15T09:25:13.652Z] [INFO] Admin authentication attempt | {"tokenPrefix":"eyJhbGciOiJIUzI1NiIs...","tokenLength":265,"endpoint":"/api/admin/bookings/stats?period=30d"}
[2025-10-15T09:25:13.701Z] [INFO] Admin authentication attempt | {"tokenPrefix":"eyJhbGciOiJIUzI1NiIs...","tokenLength":265,"endpoint":"/api/admin/vendors?page=1&limit=100"}
[2025-10-15T09:25:14.109Z] [INFO] Admin retrieved booking statistics for period: 30d | {"totalBookings":23,"totalRevenue":9417}
[2025-10-15T09:25:14.386Z] [INFO] Admin authentication attempt | {"tokenPrefix":"eyJhbGciOiJIUzI1NiIs...","tokenLength":265,"endpoint":"/api/admin/update-fcm-token"}
[2025-10-15T09:25:14.481Z] [INFO] Admin retrieved bookings: 10 | {"totalBookings":23,"page":1,"filters":{}}
[2025-10-15T09:25:14.554Z] [INFO] FCM token updated for admin | {"adminId":"68e556544152df81db3bbb41","adminEmail":"panchalajay717@gmail.com","hasToken":true}
[2025-10-15T09:25:22.029Z] [INFO] Admin authentication attempt | {"tokenPrefix":"eyJhbGciOiJIUzI1NiIs...","tokenLength":265,"endpoint":"/api/admin/bookings/68ef6847813cb0fc3b42fdd0/assign-vendor"}
[2025-10-15T09:25:23.213Z] [INFO] Simple notification service initialized
[2025-10-15T09:25:23.215Z] [INFO] Sending simple notification to vendor | {"vendorId":"440","title":"📅 New Service Booking Assigned","type":"booking_assignment"}
[2025-10-15T09:25:24.141Z] [INFO] Push notification sent successfully: | {"messageId":"projects/fixfly-d8e35/messages/f03c381f-6636-4c03-9e87-fd0e9282fbeb","fcmToken":"fBe-q26if9eCXuv4FMry..."}
[2025-10-15T09:25:24.143Z] [INFO] Push notification sent successfully | {"vendorId":"440","fcmToken":"fBe-q26if9eCXuv4FMry..."}
[2025-10-15T09:25:24.144Z] [INFO] Simple notification sent successfully | {"vendorId":"440","title":"📅 New Service Booking Assigned","realtimeNotification":false,"pushNotification":true}
[2025-10-15T09:25:24.145Z] [INFO] Vendor notification sent successfully for booking assignment | {"vendorId":"440","bookingId":"68ef6847813cb0fc3b42fdd0"}
[2025-10-15T09:25:25.068Z] [INFO] Push notification sent successfully: | {"messageId":"projects/fixfly-d8e35/messages/36b3633b-8aa3-4098-b4e0-99184b642cbf","fcmToken":"fBe-q26if9eCXuv4FMry..."}
[2025-10-15T09:25:25.073Z] [INFO] Push notification sent successfully to user | {"userId":"68e5560f4152df81db3bbb29","userEmail":"panchalajay717@gmail.com","notificationId":"68ef6884813cb0fc3b42ff1a","title":"👨‍🔧 Engineer Assigned!"}
[2025-10-15T09:25:25.074Z] [INFO] User notification sent successfully for vendor assignment | {"userId":"68e5560f4152df81db3bbb29","bookingId":"68ef6847813cb0fc3b42fdd0","vendorId":"440"}
[2025-10-15T09:25:25.075Z] [INFO] Admin assigned vendor to booking: FIX3B42FDD0 | {"bookingId":"68ef6847813cb0fc3b42fdd0","vendorId":"440","adminId":"68e556544152df81db3bbb41"}
[2025-10-15T09:25:25.115Z] [INFO] Admin authentication attempt | {"tokenPrefix":"eyJhbGciOiJIUzI1NiIs...","tokenLength":265,"endpoint":"/api/admin/bookings?page=1&limit=10&sortBy=createdAt&sortOrder=desc"}
[2025-10-15T09:25:26.580Z] [INFO] Admin retrieved bookings: 10 | {"totalBookings":23,"page":1,"filters":{}}
[2025-10-15T09:25:31.842Z] [INFO] Found 0 pending assignments to check for auto-rejection
[2025-10-15T09:25:35.447Z] [INFO] Vendor authentication attempt | {"tokenPrefix":"eyJhbGciOiJIUzI1NiIs...","tokenLength":179,"endpoint":"/api/vendors/notifications?page=1&limit=50"}
[2025-10-15T09:25:39.148Z] [INFO] Vendor authentication attempt | {"tokenPrefix":"eyJhbGciOiJIUzI1NiIs...","tokenLength":179,"endpoint":"/api/support-tickets/vendor/assigned?"}
[2025-10-15T09:25:39.179Z] [INFO] Vendor authentication attempt | {"tokenPrefix":"eyJhbGciOiJIUzI1NiIs...","tokenLength":179,"endpoint":"/api/bookings/vendor/me"}
[2025-10-15T09:25:39.211Z] [INFO] Vendor authentication attempt | {"tokenPrefix":"eyJhbGciOiJIUzI1NiIs...","tokenLength":179,"endpoint":"/api/vendors/profile"}
[2025-10-15T09:25:39.325Z] [INFO] Getting bookings for vendor | {"vendorId":"440","page":1,"limit":10}
[2025-10-15T09:25:39.342Z] [INFO] Booking query | {"query":{"vendor.vendorId":"440"}}
[2025-10-15T09:25:39.477Z] [INFO] Vendor authentication attempt | {"tokenPrefix":"eyJhbGciOiJIUzI1NiIs...","tokenLength":179,"endpoint":"/api/support-tickets/vendor/assigned?"}
[2025-10-15T09:25:39.528Z] [INFO] Vendor bookings retrieved: 1 for vendor 440 | {"vendorId":"440","totalBookings":1,"page":1}
[2025-10-15T09:25:39.542Z] [INFO] Vendor authentication attempt | {"tokenPrefix":"eyJhbGciOiJIUzI1NiIs...","tokenLength":179,"endpoint":"/api/vendors/profile"}
[2025-10-15T09:25:39.647Z] [INFO] Vendor authentication attempt | {"tokenPrefix":"eyJhbGciOiJIUzI1NiIs...","tokenLength":179,"endpoint":"/api/bookings/vendor/me"}
[2025-10-15T09:25:39.718Z] [INFO] Getting bookings for vendor | {"vendorId":"440","page":1,"limit":10}
[2025-10-15T09:25:39.720Z] [INFO] Booking query | {"query":{"vendor.vendorId":"440"}}
[2025-10-15T09:25:39.859Z] [INFO] Vendor bookings retrieved: 1 for vendor 440 | {"vendorId":"440","totalBookings":1,"page":1}
[2025-10-15T09:25:40.096Z] [INFO] Vendor authentication attempt | {"tokenPrefix":"eyJhbGciOiJIUzI1NiIs...","tokenLength":179,"endpoint":"/api/vendors/update-fcm-token"}
[2025-10-15T09:25:40.444Z] [INFO] FCM token updated for vendor | {"vendorId":"68eca22322e5bedeab6c67d5","vendorEmail":"panchalajay717@gmail.com","hasToken":true}
[2025-10-15T09:25:52.201Z] [INFO] Admin authentication attempt | {"tokenPrefix":"eyJhbGciOiJIUzI1NiIs...","tokenLength":265,"endpoint":"/api/admin/notifications?page=1&limit=10"}
[2025-10-15T09:25:52.356Z] [INFO] Admin authentication attempt | {"tokenPrefix":"eyJhbGciOiJIUzI1NiIs...","tokenLength":265,"endpoint":"/api/admin/vendors?page=1&limit=100"}
[2025-10-15T09:25:52.787Z] [INFO] Admin retrieved notifications | {"adminId":"68e556544152df81db3bbb41","totalNotifications":14,"page":1}
[2025-10-15T09:25:52.867Z] [INFO] Admin authentication attempt | {"tokenPrefix":"eyJhbGciOiJIUzI1NiIs...","tokenLength":265,"endpoint":"/api/admin/notifications/stats"}
[2025-10-15T09:25:53.202Z] [INFO] Admin authentication attempt | {"tokenPrefix":"eyJhbGciOiJIUzI1NiIs...","tokenLength":265,"endpoint":"/api/admin/update-fcm-token"}
[2025-10-15T09:25:53.772Z] [INFO] Admin retrieved notification stats | {"adminId":"68e556544152df81db3bbb41","stats":{"totalNotifications":14,"sentNotifications":14,"scheduledNotifications":0,"draftNotifications":0,"failedNotifications":0,"totalRecipients":9,"averageDeliveryRate":100,"averageReadRate":0}}
[2025-10-15T09:25:53.846Z] [INFO] FCM token updated for admin | {"adminId":"68e556544152df81db3bbb41","adminEmail":"panchalajay717@gmail.com","hasToken":true}
[2025-10-15T09:26:02.785Z] [INFO] Featured products retrieved: 3 | {"productNames":["MacBook | Imac","Laptop | Desktop","Printer Repair"]}
[2025-10-15T09:26:02.804Z] [INFO] Products by service type retrieved: 4 for Home Appliance | {"serviceType":"Home Appliance","productNames":["Test","qqqqqqqqqq","fiidge","Plumber"]}
[2025-10-15T09:26:03.167Z] [INFO] All active products retrieved: 10 | {"featuredCount":3,"totalCount":10}
[2025-10-15T09:26:04.437Z] [INFO] User retrieved notifications: 10 | {"userId":"68e5560f4152df81db3bbb29","totalNotifications":10,"unreadCount":10,"page":1,"filters":{}}
[2025-10-15T09:26:17.720Z] [INFO] Admin authentication attempt | {"tokenPrefix":"eyJhbGciOiJIUzI1NiIs...","tokenLength":265,"endpoint":"/api/admin/upload/image"}
[2025-10-15T09:26:18.298Z] [INFO] Uploading image to Cloudinary | {"originalName":"Untitlved.jpg","size":9961,"mimetype":"image/jpeg"}
[2025-10-15T09:26:23.132Z] [INFO] Image uploaded from buffer successfully | {"public_id":"fixifly/notification-images/rl5khrfm2n3zogotqckq","secure_url":"https://res.cloudinary.com/fixfly/image/upload/v1760520381/fixifly/notification-images/rl5khrfm2n3zogotqckq.jpg"}
[2025-10-15T09:26:23.133Z] [INFO] Image uploaded successfully | {"publicId":"fixifly/notification-images/rl5khrfm2n3zogotqckq","secureUrl":"https://res.cloudinary.com/fixfly/image/upload/v1760520381/fixifly/notification-images/rl5khrfm2n3zogotqckq.jpg","bytes":31913}
[2025-10-15T09:26:27.271Z] [INFO] Admin authentication attempt | {"tokenPrefix":"eyJhbGciOiJIUzI1NiIs...","tokenLength":265,"endpoint":"/api/admin/notifications/send"}
[2025-10-15T09:26:27.520Z] [INFO] Found users for "all" audience | {"totalUsers":4,"usersWithFcmTokens":4,"targetUserIds":4}
[2025-10-15T09:26:27.521Z] [INFO] Target audience analysis | {"targetAudience":"all","targetUserIds":4,"targetVendorIds":0}
[2025-10-15T09:26:28.616Z] [INFO] Multicast push notification sent: | {"successCount":1,"failureCount":3,"totalTokens":4}
[2025-10-15T09:26:28.620Z] [INFO] Multicast notification sent to users | {"totalUsers":4,"usersWithTokens":4,"successCount":1,"failureCount":3,"title":"vfvvcb bcv"}
[2025-10-15T09:26:28.719Z] [INFO] Admin notification sent successfully | {"adminId":"68e556544152df81db3bbb41","adminNotificationId":"68ef68c4813cb0fc3b4300a6","title":"vfvvcb bcv","targetAudience":"all","totalUsers":4,"totalVendors":0,"userNotificationsSent":1,"vendorNotificationsSent":0,"totalSentCount":1,"totalFailedCount":3}
[2025-10-15T09:26:28.767Z] [INFO] Admin authentication attempt | {"tokenPrefix":"eyJhbGciOiJIUzI1NiIs...","tokenLength":265,"endpoint":"/api/admin/notifications?page=1&limit=10"}
[2025-10-15T09:26:29.837Z] [INFO] Admin retrieved notifications | {"adminId":"68e556544152df81db3bbb41","totalNotifications":15,"page":1}
[2025-10-15T09:26:30.005Z] [INFO] Admin authentication attempt | {"tokenPrefix":"eyJhbGciOiJIUzI1NiIs...","tokenLength":265,"endpoint":"/api/admin/notifications/stats"}
[2025-10-15T09:26:30.368Z] [INFO] Admin retrieved notification stats | {"adminId":"68e556544152df81db3bbb41","stats":{"totalNotifications":15,"sentNotifications":15,"scheduledNotifications":0,"draftNotifications":0,"failedNotifications":0,"totalRecipients":10,"averageDeliveryRate":100,"averageReadRate":0}}
[2025-10-15T09:26:31.720Z] [INFO] Found 0 pending assignments to check for auto-rejection
