[2025-11-18T08:52:09.053Z] [INFO] Cloudinary initialized successfully | {"cloud_name":"fixfly"}
[2025-11-18T08:52:09.361Z] [INFO] SMTP Email service initialized successfully | {"host":"smtp.gmail.com","port":587,"user":"fixfly.in@gmail.com"}
[2025-11-18T08:52:11.780Z] [INFO] Auto-reject service started - checking every minute for pending assignments
[2025-11-18T08:52:12.126Z] [INFO] SMTP connection verified successfully
[2025-11-18T08:52:49.820Z] [INFO] Featured products retrieved: 3 | {"productNames":["Laptop | Desktop","Printer Repair","MacBook | Imac"]}
[2025-11-18T08:52:50.000Z] [INFO] Products by service type retrieved: 6 for Home Appliance | {"serviceType":"Home Appliance","productNames":["Fridge Repair","AC Repair","TV Repair","Washing Machine","Electricain","Plumber"]}
[2025-11-18T08:52:50.449Z] [INFO] All active products retrieved: 13 | {"featuredCount":3,"totalCount":13}
[2025-11-18T08:53:04.025Z] [WARN] Failed admin login attempt | {"adminId":"ADMIN001","email":"panchalajay717@gmail.com","ip":"::1"}
[2025-11-18T08:53:11.953Z] [INFO] Found 0 pending assignments to check for auto-rejection
[2025-11-18T08:53:12.564Z] [INFO] Admin logged in successfully | {"adminId":"ADMIN001","email":"panchalajay717@gmail.com","ip":"::1"}
[2025-11-18T08:53:12.689Z] [INFO] Admin authentication attempt | {"tokenPrefix":"eyJhbGciOiJIUzI1NiIs...","tokenLength":265,"endpoint":"/api/admin/dashboard"}
[2025-11-18T08:53:13.145Z] [INFO] Admin dashboard revenue calculation | {"monthlyRevenue":0,"totalRevenue":6185.5,"monthlyBookingRevenue":0,"totalBookingRevenue":4485.5,"monthlySupportTicketRevenue":0,"totalSupportTicketRevenue":1700,"pendingBookings":0,"activeAMCSubscriptions":6,"totalAMCAmount":2938.2000000000003,"month":11,"year":2025,"startDate":"2025-10-31T18:30:00.000Z","endDate":"2025-11-30T18:29:59.000Z"}
[2025-11-18T08:53:13.193Z] [INFO] Dashboard stats fetched successfully | {"adminId":"68e556544152df81db3bbb41","month":11,"year":2025}
[2025-11-18T08:53:23.909Z] [INFO] Admin authentication attempt | {"tokenPrefix":"eyJhbGciOiJIUzI1NiIs...","tokenLength":265,"endpoint":"/api/admin/users?page=1&limit=20&sortBy=createdAt&sortOrder=desc"}
[2025-11-18T08:53:23.930Z] [INFO] Admin authentication attempt | {"tokenPrefix":"eyJhbGciOiJIUzI1NiIs...","tokenLength":265,"endpoint":"/api/admin/users/stats"}
[2025-11-18T08:53:24.150Z] [INFO] Admin authentication attempt | {"tokenPrefix":"eyJhbGciOiJIUzI1NiIs...","tokenLength":265,"endpoint":"/api/admin/users?page=1&limit=20&sortBy=createdAt&sortOrder=desc"}
[2025-11-18T08:53:24.546Z] [INFO] Admin authentication attempt | {"tokenPrefix":"eyJhbGciOiJIUzI1NiIs...","tokenLength":265,"endpoint":"/api/admin/users?page=1&limit=20&sortBy=createdAt&sortOrder=desc"}
[2025-11-18T08:53:40.895Z] [INFO] Admin authentication attempt | {"tokenPrefix":"eyJhbGciOiJIUzI1NiIs...","tokenLength":265,"endpoint":"/api/admin/vendors?page=1&limit=20&sortBy=createdAt&sortOrder=desc"}
[2025-11-18T08:53:40.910Z] [INFO] Admin authentication attempt | {"tokenPrefix":"eyJhbGciOiJIUzI1NiIs...","tokenLength":265,"endpoint":"/api/admin/vendors/stats"}
[2025-11-18T08:53:44.828Z] [INFO] Admin authentication attempt | {"tokenPrefix":"eyJhbGciOiJIUzI1NiIs...","tokenLength":265,"endpoint":"/api/admin/bookings?"}
[2025-11-18T08:53:49.313Z] [INFO] Admin retrieved bookings: 10 | {"totalBookings":49,"page":1,"filters":{}}
[2025-11-18T08:54:11.894Z] [INFO] Found 0 pending assignments to check for auto-rejection
[2025-11-18T08:55:06.928Z] [INFO] Admin authentication attempt | {"tokenPrefix":"eyJhbGciOiJIUzI1NiIs...","tokenLength":265,"endpoint":"/api/admin/blogs?page=1&limit=10"}
[2025-11-18T08:55:11.469Z] [INFO] Admin authentication attempt | {"tokenPrefix":"eyJhbGciOiJIUzI1NiIs...","tokenLength":265,"endpoint":"/api/admin/banners"}
[2025-11-18T08:55:11.883Z] [INFO] Found 0 pending assignments to check for auto-rejection
[2025-11-18T08:56:11.887Z] [INFO] Found 0 pending assignments to check for auto-rejection
[2025-11-18T08:57:11.902Z] [INFO] Found 0 pending assignments to check for auto-rejection
[2025-11-18T08:58:11.907Z] [INFO] Found 0 pending assignments to check for auto-rejection
[2025-11-18T08:59:11.913Z] [INFO] Found 0 pending assignments to check for auto-rejection
[2025-11-18T09:00:11.935Z] [INFO] Found 0 pending assignments to check for auto-rejection
[2025-11-18T09:00:13.752Z] [INFO] Featured products retrieved: 3 | {"productNames":["Laptop | Desktop","Printer Repair","MacBook | Imac"]}
[2025-11-18T09:00:13.790Z] [INFO] Products by service type retrieved: 6 for Home Appliance | {"serviceType":"Home Appliance","productNames":["Fridge Repair","AC Repair","TV Repair","Washing Machine","Electricain","Plumber"]}
[2025-11-18T09:00:13.899Z] [INFO] All active products retrieved: 13 | {"featuredCount":3,"totalCount":13}
[2025-11-18T09:01:12.177Z] [INFO] Found 0 pending assignments to check for auto-rejection
[2025-11-18T09:02:11.967Z] [INFO] Found 0 pending assignments to check for auto-rejection
[2025-11-18T09:03:12.236Z] [INFO] Found 0 pending assignments to check for auto-rejection
[2025-11-18T09:04:11.973Z] [INFO] Found 0 pending assignments to check for auto-rejection
[2025-11-18T09:05:11.986Z] [INFO] Found 0 pending assignments to check for auto-rejection
[2025-11-18T09:06:12.029Z] [INFO] Found 0 pending assignments to check for auto-rejection
[2025-11-18T09:07:12.003Z] [INFO] Found 0 pending assignments to check for auto-rejection
[2025-11-18T09:32:29.463Z] [INFO] Found 0 pending assignments to check for auto-rejection
[2025-11-18T09:32:46.074Z] [INFO] Admin authentication attempt | {"tokenPrefix":"eyJhbGciOiJIUzI1NiIs...","tokenLength":265,"endpoint":"/api/admin/banners"}
[2025-11-18T09:32:53.415Z] [INFO] Featured products retrieved: 3 | {"productNames":["Laptop | Desktop","Printer Repair","MacBook | Imac"]}
[2025-11-18T09:32:53.857Z] [INFO] Products by service type retrieved: 6 for Home Appliance | {"serviceType":"Home Appliance","productNames":["Fridge Repair","AC Repair","TV Repair","Washing Machine","Electricain","Plumber"]}
[2025-11-18T09:32:54.701Z] [INFO] All active products retrieved: 13 | {"featuredCount":3,"totalCount":13}
[2025-11-18T09:33:28.262Z] [INFO] Found 0 pending assignments to check for auto-rejection
[2025-11-18T09:34:28.324Z] [INFO] Found 0 pending assignments to check for auto-rejection
[2025-11-18T09:35:28.084Z] [INFO] Found 0 pending assignments to check for auto-rejection
[2025-11-18T09:36:28.198Z] [INFO] Found 0 pending assignments to check for auto-rejection
[2025-11-18T09:37:28.106Z] [INFO] Found 0 pending assignments to check for auto-rejection
[2025-11-18T09:38:28.371Z] [INFO] Found 0 pending assignments to check for auto-rejection
[2025-11-18T09:39:28.104Z] [INFO] Found 0 pending assignments to check for auto-rejection
[2025-11-18T09:40:28.116Z] [INFO] Found 0 pending assignments to check for auto-rejection
[2025-11-18T09:41:28.125Z] [INFO] Found 0 pending assignments to check for auto-rejection
[2025-11-18T09:42:28.142Z] [INFO] Found 0 pending assignments to check for auto-rejection
[2025-11-18T09:43:28.141Z] [INFO] Found 0 pending assignments to check for auto-rejection
[2025-11-18T09:44:28.168Z] [INFO] Found 0 pending assignments to check for auto-rejection
[2025-11-18T09:45:28.155Z] [INFO] Found 0 pending assignments to check for auto-rejection
[2025-11-18T09:46:28.455Z] [INFO] Found 0 pending assignments to check for auto-rejection
[2025-11-18T09:47:28.178Z] [INFO] Found 0 pending assignments to check for auto-rejection
[2025-11-18T09:48:28.196Z] [INFO] Found 0 pending assignments to check for auto-rejection
[2025-11-18T09:49:28.226Z] [INFO] Found 0 pending assignments to check for auto-rejection
[2025-11-18T09:50:28.217Z] [INFO] Found 0 pending assignments to check for auto-rejection
[2025-11-18T09:51:28.219Z] [INFO] Found 0 pending assignments to check for auto-rejection
[2025-11-18T09:52:28.222Z] [INFO] Found 0 pending assignments to check for auto-rejection
[2025-11-18T09:53:28.245Z] [INFO] Found 0 pending assignments to check for auto-rejection
[2025-11-18T11:31:28.007Z] [INFO] Cloudinary initialized successfully | {"cloud_name":"fixfly"}
[2025-11-18T11:31:28.361Z] [INFO] SMTP Email service initialized successfully | {"host":"smtp.gmail.com","port":587,"user":"fixfly.in@gmail.com"}
[2025-11-18T11:31:29.475Z] [INFO] Auto-reject service started - checking every minute for pending assignments
[2025-11-18T11:31:30.272Z] [INFO] SMTP connection verified successfully
[2025-11-18T11:31:55.144Z] [INFO] Featured products retrieved: 3 | {"productNames":["Laptop | Desktop","Printer Repair","MacBook | Imac"]}
[2025-11-18T11:31:55.211Z] [INFO] Products by service type retrieved: 6 for Home Appliance | {"serviceType":"Home Appliance","productNames":["Fridge Repair","AC Repair","TV Repair","Washing Machine","Electricain","Plumber"]}
[2025-11-18T11:31:56.202Z] [INFO] All active products retrieved: 13 | {"featuredCount":3,"totalCount":13}
[2025-11-18T11:31:56.410Z] [INFO] Admin authentication attempt | {"tokenPrefix":"eyJhbGciOiJIUzI1NiIs...","tokenLength":265,"endpoint":"/api/admin/banners"}
[2025-11-18T11:32:29.529Z] [INFO] Found 0 pending assignments to check for auto-rejection
[2025-11-18T11:33:29.532Z] [INFO] Found 0 pending assignments to check for auto-rejection
[2025-11-18T11:33:29.697Z] [INFO] Starting OTP send process | {"phone":"7610416911"}
[2025-11-18T11:33:29.739Z] [INFO] Creating new user for OTP | {"phone":"7610416911"}
[2025-11-18T11:33:29.749Z] [INFO] Detected default test number, applying static OTP | {"phone":"7610416911"}
[2025-11-18T11:33:29.823Z] [INFO] Static OTP assigned and user saved | {"phone":"7610416911","userId":"691c59893fdf33083d3cf7f8"}
[2025-11-18T11:34:16.255Z] [INFO] Products by service type retrieved: 6 for Home Appliance | {"serviceType":"Home Appliance","productNames":["Fridge Repair","AC Repair","TV Repair","Washing Machine","Electricain","Plumber"]}
[2025-11-18T11:34:16.271Z] [INFO] Featured products retrieved: 3 | {"productNames":["Laptop | Desktop","Printer Repair","MacBook | Imac"]}
[2025-11-18T11:34:16.384Z] [INFO] All active products retrieved: 13 | {"featuredCount":3,"totalCount":13}
[2025-11-18T11:34:29.585Z] [INFO] Found 0 pending assignments to check for auto-rejection
[2025-11-18T11:35:29.582Z] [INFO] Found 0 pending assignments to check for auto-rejection
[2025-11-18T11:35:35.807Z] [INFO] Admin authentication attempt | {"tokenPrefix":"eyJhbGciOiJIUzI1NiIs...","tokenLength":265,"endpoint":"/api/admin/banners"}
[2025-11-18T11:35:54.245Z] [INFO] Admin authentication attempt | {"tokenPrefix":"eyJhbGciOiJIUzI1NiIs...","tokenLength":265,"endpoint":"/api/admin/banners"}
[2025-11-18T11:36:29.560Z] [INFO] Found 0 pending assignments to check for auto-rejection
[2025-11-18T11:37:29.602Z] [INFO] Found 0 pending assignments to check for auto-rejection
[2025-11-18T11:37:51.428Z] [INFO] Admin authentication attempt | {"tokenPrefix":"eyJhbGciOiJIUzI1NiIs...","tokenLength":265,"endpoint":"/api/admin/banners"}
[2025-11-18T11:37:54.594Z] [INFO] Featured products retrieved: 3 | {"productNames":["Laptop | Desktop","Printer Repair","MacBook | Imac"]}
[2025-11-18T11:37:54.623Z] [INFO] Products by service type retrieved: 6 for Home Appliance | {"serviceType":"Home Appliance","productNames":["Fridge Repair","AC Repair","TV Repair","Washing Machine","Electricain","Plumber"]}
[2025-11-18T11:37:55.894Z] [INFO] All active products retrieved: 13 | {"featuredCount":3,"totalCount":13}
[2025-11-18T11:38:05.425Z] [INFO] Admin authentication attempt | {"tokenPrefix":"eyJhbGciOiJIUzI1NiIs...","tokenLength":265,"endpoint":"/api/admin/banners"}
[2025-11-18T11:38:16.253Z] [INFO] Admin authentication attempt | {"tokenPrefix":"eyJhbGciOiJIUzI1NiIs...","tokenLength":265,"endpoint":"/api/admin/banners"}
[2025-11-18T11:38:29.607Z] [INFO] Found 0 pending assignments to check for auto-rejection
[2025-11-18T11:39:29.611Z] [INFO] Found 0 pending assignments to check for auto-rejection
[2025-11-18T11:40:29.615Z] [INFO] Found 0 pending assignments to check for auto-rejection
[2025-11-18T11:41:29.616Z] [INFO] Found 0 pending assignments to check for auto-rejection
[2025-11-18T11:42:29.621Z] [INFO] Found 0 pending assignments to check for auto-rejection
[2025-11-18T11:43:29.902Z] [INFO] Found 0 pending assignments to check for auto-rejection
[2025-11-18T11:44:29.638Z] [INFO] Found 0 pending assignments to check for auto-rejection
[2025-11-18T11:45:29.654Z] [INFO] Found 0 pending assignments to check for auto-rejection
[2025-11-18T11:46:29.656Z] [INFO] Found 0 pending assignments to check for auto-rejection
[2025-11-18T11:47:29.663Z] [INFO] Found 0 pending assignments to check for auto-rejection
[2025-11-18T11:48:29.669Z] [INFO] Found 0 pending assignments to check for auto-rejection
[2025-11-18T11:49:29.699Z] [INFO] Found 0 pending assignments to check for auto-rejection
[2025-11-18T11:49:35.715Z] [INFO] Products by service type retrieved: 6 for Home Appliance | {"serviceType":"Home Appliance","productNames":["Fridge Repair","AC Repair","TV Repair","Washing Machine","Electricain","Plumber"]}
[2025-11-18T11:49:35.722Z] [INFO] Featured products retrieved: 3 | {"productNames":["Laptop | Desktop","Printer Repair","MacBook | Imac"]}
[2025-11-18T11:49:36.583Z] [INFO] All active products retrieved: 13 | {"featuredCount":3,"totalCount":13}
[2025-11-18T11:49:49.336Z] [INFO] Starting OTP send process | {"phone":"7610416911"}
[2025-11-18T11:49:49.380Z] [INFO] Creating new user for OTP | {"phone":"7610416911"}
[2025-11-18T11:49:49.382Z] [INFO] Detected default test number, applying static OTP | {"phone":"7610416911"}
[2025-11-18T11:49:49.434Z] [INFO] Static OTP assigned and user saved | {"phone":"7610416911","userId":"691c5d5d3fdf33083d3cf947"}
[2025-11-18T11:49:56.196Z] [INFO] Products by service type retrieved: 6 for Home Appliance | {"serviceType":"Home Appliance","productNames":["Fridge Repair","AC Repair","TV Repair","Washing Machine","Electricain","Plumber"]}
[2025-11-18T11:49:56.214Z] [INFO] Featured products retrieved: 3 | {"productNames":["Laptop | Desktop","Printer Repair","MacBook | Imac"]}
[2025-11-18T11:49:56.288Z] [INFO] All active products retrieved: 13 | {"featuredCount":3,"totalCount":13}
[2025-11-18T11:50:29.696Z] [INFO] Found 0 pending assignments to check for auto-rejection
[2025-11-18T11:51:03.075Z] [INFO] Admin authentication attempt | {"tokenPrefix":"eyJhbGciOiJIUzI1NiIs...","tokenLength":265,"endpoint":"/api/admin/banners"}
[2025-11-18T11:51:05.875Z] [INFO] Featured products retrieved: 3 | {"productNames":["Laptop | Desktop","Printer Repair","MacBook | Imac"]}
[2025-11-18T11:51:05.976Z] [INFO] Products by service type retrieved: 6 for Home Appliance | {"serviceType":"Home Appliance","productNames":["Fridge Repair","AC Repair","TV Repair","Washing Machine","Electricain","Plumber"]}
[2025-11-18T11:51:06.242Z] [INFO] All active products retrieved: 13 | {"featuredCount":3,"totalCount":13}
[2025-11-18T11:51:13.246Z] [INFO] Admin authentication attempt | {"tokenPrefix":"eyJhbGciOiJIUzI1NiIs...","tokenLength":265,"endpoint":"/api/admin/banners"}
[2025-11-18T11:51:29.705Z] [INFO] Found 0 pending assignments to check for auto-rejection
[2025-11-18T11:51:56.040Z] [INFO] Featured products retrieved: 3 | {"productNames":["Laptop | Desktop","Printer Repair","MacBook | Imac"]}
[2025-11-18T11:51:56.105Z] [INFO] Products by service type retrieved: 6 for Home Appliance | {"serviceType":"Home Appliance","productNames":["Fridge Repair","AC Repair","TV Repair","Washing Machine","Electricain","Plumber"]}
[2025-11-18T11:51:57.596Z] [INFO] All active products retrieved: 13 | {"featuredCount":3,"totalCount":13}
[2025-11-18T11:52:29.730Z] [INFO] Found 0 pending assignments to check for auto-rejection
[2025-11-18T11:52:51.678Z] [INFO] Starting OTP send process | {"phone":"7610416911"}
[2025-11-18T11:52:51.719Z] [INFO] Creating new user for OTP | {"phone":"7610416911"}
[2025-11-18T11:52:51.723Z] [INFO] Detected default test number, applying static OTP | {"phone":"7610416911"}
[2025-11-18T11:52:51.777Z] [INFO] Static OTP assigned and user saved | {"phone":"7610416911","userId":"691c5e133fdf33083d3cf9de"}
[2025-11-18T11:52:56.972Z] [INFO] Featured products retrieved: 3 | {"productNames":["Laptop | Desktop","Printer Repair","MacBook | Imac"]}
[2025-11-18T11:52:57.013Z] [INFO] Products by service type retrieved: 6 for Home Appliance | {"serviceType":"Home Appliance","productNames":["Fridge Repair","AC Repair","TV Repair","Washing Machine","Electricain","Plumber"]}
[2025-11-18T11:52:57.230Z] [INFO] All active products retrieved: 13 | {"featuredCount":3,"totalCount":13}
[2025-11-18T11:53:29.716Z] [INFO] Found 0 pending assignments to check for auto-rejection
[2025-11-18T11:54:29.735Z] [INFO] Found 0 pending assignments to check for auto-rejection
[2025-11-18T11:55:29.737Z] [INFO] Found 0 pending assignments to check for auto-rejection
[2025-11-18T11:55:34.755Z] [INFO] Featured products retrieved: 3 | {"productNames":["Laptop | Desktop","Printer Repair","MacBook | Imac"]}
[2025-11-18T11:55:35.745Z] [INFO] Products by service type retrieved: 6 for Home Appliance | {"serviceType":"Home Appliance","productNames":["Fridge Repair","AC Repair","TV Repair","Washing Machine","Electricain","Plumber"]}
[2025-11-18T11:55:36.003Z] [INFO] All active products retrieved: 13 | {"featuredCount":3,"totalCount":13}
[2025-11-18T11:56:00.453Z] [INFO] Cloudinary initialized successfully | {"cloud_name":"fixfly"}
[2025-11-18T11:56:00.616Z] [INFO] SMTP Email service initialized successfully | {"host":"smtp.gmail.com","port":587,"user":"fixfly.in@gmail.com"}
[2025-11-18T11:56:02.147Z] [INFO] Auto-reject service started - checking every minute for pending assignments
[2025-11-18T11:56:02.367Z] [INFO] SMTP connection verified successfully
[2025-11-18T11:56:12.688Z] [INFO] Starting OTP send process | {"phone":"7610416911"}
[2025-11-18T11:56:12.736Z] [INFO] Creating new user for OTP | {"phone":"7610416911"}
[2025-11-18T11:56:12.767Z] [INFO] Detected default test number, applying static OTP | {"phone":"7610416911"}
[2025-11-18T11:56:12.847Z] [INFO] Static OTP assigned and user saved | {"phone":"7610416911","userId":"691c5edccb3049d81ca4a677"}
[2025-11-18T11:56:18.397Z] [INFO] Featured products retrieved: 3 | {"productNames":["Laptop | Desktop","Printer Repair","MacBook | Imac"]}
[2025-11-18T11:56:18.499Z] [INFO] Products by service type retrieved: 6 for Home Appliance | {"serviceType":"Home Appliance","productNames":["Fridge Repair","AC Repair","TV Repair","Washing Machine","Electricain","Plumber"]}
[2025-11-18T11:56:18.650Z] [INFO] All active products retrieved: 13 | {"featuredCount":3,"totalCount":13}
[2025-11-18T11:57:02.214Z] [INFO] Found 0 pending assignments to check for auto-rejection
[2025-11-18T11:58:02.201Z] [INFO] Found 0 pending assignments to check for auto-rejection
[2025-11-18T11:59:02.247Z] [INFO] Found 0 pending assignments to check for auto-rejection
[2025-11-18T11:59:46.708Z] [INFO] Products by service type retrieved: 6 for Home Appliance | {"serviceType":"Home Appliance","productNames":["Fridge Repair","AC Repair","TV Repair","Washing Machine","Electricain","Plumber"]}
[2025-11-18T11:59:46.844Z] [INFO] Featured products retrieved: 3 | {"productNames":["Laptop | Desktop","Printer Repair","MacBook | Imac"]}
[2025-11-18T11:59:47.294Z] [INFO] All active products retrieved: 13 | {"featuredCount":3,"totalCount":13}
[2025-11-18T12:00:02.217Z] [INFO] Found 0 pending assignments to check for auto-rejection
[2025-11-18T12:00:03.631Z] [INFO] Featured products retrieved: 3 | {"productNames":["Laptop | Desktop","Printer Repair","MacBook | Imac"]}
[2025-11-18T12:00:03.656Z] [INFO] Products by service type retrieved: 6 for Home Appliance | {"serviceType":"Home Appliance","productNames":["Fridge Repair","AC Repair","TV Repair","Washing Machine","Electricain","Plumber"]}
[2025-11-18T12:00:04.176Z] [INFO] All active products retrieved: 13 | {"featuredCount":3,"totalCount":13}
[2025-11-18T12:00:28.739Z] [INFO] Starting OTP send process | {"phone":"7610416911"}
[2025-11-18T12:00:28.785Z] [INFO] Creating new user for OTP | {"phone":"7610416911"}
[2025-11-18T12:00:28.788Z] [INFO] Detected default test number, applying static OTP | {"phone":"7610416911"}
[2025-11-18T12:00:28.854Z] [INFO] Static OTP assigned and user saved | {"phone":"7610416911","userId":"691c5fdccb3049d81ca4a69d"}
[2025-11-18T12:00:33.464Z] [INFO] Featured products retrieved: 3 | {"productNames":["Laptop | Desktop","Printer Repair","MacBook | Imac"]}
[2025-11-18T12:00:33.537Z] [INFO] Products by service type retrieved: 6 for Home Appliance | {"serviceType":"Home Appliance","productNames":["Fridge Repair","AC Repair","TV Repair","Washing Machine","Electricain","Plumber"]}
[2025-11-18T12:00:33.652Z] [INFO] All active products retrieved: 13 | {"featuredCount":3,"totalCount":13}
[2025-11-18T12:00:38.581Z] [INFO] FCM token saved for user 691c5fdccb3049d81ca4a69d (platform: web)
[2025-11-18T12:01:02.226Z] [INFO] Found 0 pending assignments to check for auto-rejection
[2025-11-18T12:02:02.222Z] [INFO] Found 0 pending assignments to check for auto-rejection
[2025-11-18T12:02:54.829Z] [INFO] Cloudinary initialized successfully | {"cloud_name":"fixfly"}
[2025-11-18T12:02:55.587Z] [INFO] SMTP Email service initialized successfully | {"host":"smtp.gmail.com","port":587,"user":"fixfly.in@gmail.com"}
[2025-11-18T12:02:57.770Z] [INFO] Firebase Admin initialized from service account file
[2025-11-18T12:02:58.036Z] [INFO] Firebase Admin SDK initialized successfully
[2025-11-18T12:03:03.609Z] [INFO] Cloudinary initialized successfully | {"cloud_name":"fixfly"}
[2025-11-18T12:03:09.419Z] [INFO] Cloudinary initialized successfully | {"cloud_name":"fixfly"}
[2025-11-18T12:03:09.850Z] [INFO] SMTP Email service initialized successfully | {"host":"smtp.gmail.com","port":587,"user":"fixfly.in@gmail.com"}
[2025-11-18T12:03:10.950Z] [INFO] Firebase Admin initialized from service account file
[2025-11-18T12:03:11.212Z] [INFO] Firebase Admin SDK initialized successfully
[2025-11-18T12:03:12.981Z] [INFO] Auto-reject service started - checking every minute for pending assignments
[2025-11-18T12:03:13.513Z] [INFO] SMTP connection verified successfully
[2025-11-18T12:03:23.203Z] [INFO] Cloudinary initialized successfully | {"cloud_name":"fixfly"}
[2025-11-18T12:03:26.899Z] [INFO] Cloudinary initialized successfully | {"cloud_name":"fixfly"}
[2025-11-18T12:03:27.394Z] [INFO] SMTP Email service initialized successfully | {"host":"smtp.gmail.com","port":587,"user":"fixfly.in@gmail.com"}
[2025-11-18T12:03:27.658Z] [INFO] Firebase Admin initialized from service account file
[2025-11-18T12:03:27.719Z] [INFO] Firebase Admin SDK initialized successfully
[2025-11-18T12:03:28.401Z] [INFO] Auto-reject service started - checking every minute for pending assignments
[2025-11-18T12:03:29.376Z] [INFO] SMTP connection verified successfully
[2025-11-18T12:03:53.544Z] [INFO] Cloudinary initialized successfully | {"cloud_name":"fixfly"}
[2025-11-18T12:03:53.994Z] [INFO] SMTP Email service initialized successfully | {"host":"smtp.gmail.com","port":587,"user":"fixfly.in@gmail.com"}
[2025-11-18T12:03:54.611Z] [INFO] Firebase Admin initialized from service account file
[2025-11-18T12:03:54.728Z] [INFO] Firebase Admin SDK initialized successfully
[2025-11-18T12:03:55.893Z] [INFO] Auto-reject service started - checking every minute for pending assignments
[2025-11-18T12:03:56.695Z] [INFO] SMTP connection verified successfully
[2025-11-18T12:04:07.125Z] [INFO] Cloudinary initialized successfully | {"cloud_name":"fixfly"}
[2025-11-18T12:04:07.306Z] [INFO] SMTP Email service initialized successfully | {"host":"smtp.gmail.com","port":587,"user":"fixfly.in@gmail.com"}
[2025-11-18T12:04:07.525Z] [INFO] Firebase Admin initialized from service account file
[2025-11-18T12:04:07.562Z] [INFO] Firebase Admin SDK initialized successfully
[2025-11-18T12:04:08.659Z] [INFO] Auto-reject service started - checking every minute for pending assignments
[2025-11-18T12:04:09.618Z] [INFO] SMTP connection verified successfully
[2025-11-18T12:05:08.713Z] [INFO] Found 0 pending assignments to check for auto-rejection
[2025-11-18T12:06:08.708Z] [INFO] Found 0 pending assignments to check for auto-rejection
[2025-11-18T12:06:25.988Z] [INFO] Booking created: FIX448C1F94 | {"bookingId":"691c6141eb72b362448c1f94","customerEmail":"panchalajay717@gmail.com","totalAmount":353,"servicesCount":1}
[2025-11-18T12:06:25.994Z] [INFO] Sending new booking notification to admins | {"bookingId":"691c6141eb72b362448c1f94","bookingReference":"FIX448C1F94","customerName":"Ajay Panchal","totalAmount":353}
[2025-11-18T12:06:26.093Z] [WARN] No active admins with FCM tokens found
[2025-11-18T12:06:26.108Z] [INFO] Admin notification sent for new booking | {"bookingId":"691c6141eb72b362448c1f94","successCount":0,"failureCount":0}
[2025-11-18T12:06:27.059Z] [INFO] Push notification sent successfully to single token: projects/fixfly-fb12b/messages/6894af24-260e-446a-9d39-b46d911dd25d
[2025-11-18T12:06:27.072Z] [INFO] Push notification sent successfully to user | {"userId":"691c5fdccb3049d81ca4a69d","userEmail":"panchalajay717@gmail.com","notificationId":"691c6142eb72b362448c1f9c","title":"🎉 Booking Confirmed!","successCount":1,"failureCount":0}
[2025-11-18T12:06:27.077Z] [INFO] Push notification sent to user for booking confirmation | {"bookingId":"691c6141eb72b362448c1f94","userId":"691c5fdccb3049d81ca4a69d","userEmail":"panchalajay717@gmail.com","bookingReference":"FIX448C1F94"}
[2025-11-18T12:06:27.394Z] [INFO] Customer bookings retrieved: 1 for panchalajay717@gmail.com | {"email":"panchalajay717@gmail.com","totalBookings":1,"page":1}
[2025-11-18T12:07:08.727Z] [INFO] Found 0 pending assignments to check for auto-rejection
[2025-11-18T12:08:08.735Z] [INFO] Found 0 pending assignments to check for auto-rejection
[2025-11-18T12:09:08.732Z] [INFO] Found 0 pending assignments to check for auto-rejection
[2025-11-18T12:10:08.744Z] [INFO] Found 0 pending assignments to check for auto-rejection
[2025-11-18T12:11:05.706Z] [INFO] Customer bookings retrieved: 1 for panchalajay717@gmail.com | {"email":"panchalajay717@gmail.com","totalBookings":1,"page":1}
[2025-11-18T12:11:05.849Z] [INFO] FCM token saved for user 691c5fdccb3049d81ca4a69d (platform: web)
[2025-11-18T12:11:08.851Z] [INFO] Found 0 pending assignments to check for auto-rejection
[2025-11-18T12:11:31.169Z] [INFO] Customer bookings retrieved: 1 for panchalajay717@gmail.com | {"email":"panchalajay717@gmail.com","totalBookings":1,"page":1}
[2025-11-18T12:11:32.041Z] [INFO] FCM token saved for user 691c5fdccb3049d81ca4a69d (platform: web)
[2025-11-18T12:12:08.809Z] [INFO] Found 0 pending assignments to check for auto-rejection
[2025-11-18T12:13:08.786Z] [INFO] Found 0 pending assignments to check for auto-rejection
[2025-11-18T12:13:39.717Z] [INFO] Customer bookings retrieved: 1 for panchalajay717@gmail.com | {"email":"panchalajay717@gmail.com","totalBookings":1,"page":1}
[2025-11-18T12:13:41.448Z] [INFO] FCM token saved for user 691c5fdccb3049d81ca4a69d (platform: web)
[2025-11-18T12:14:08.800Z] [INFO] Found 0 pending assignments to check for auto-rejection
[2025-11-18T12:14:13.196Z] [INFO] Customer bookings retrieved: 1 for panchalajay717@gmail.com | {"email":"panchalajay717@gmail.com","totalBookings":1,"page":1}
[2025-11-18T12:14:13.688Z] [INFO] FCM token saved for user 691c5fdccb3049d81ca4a69d (platform: web)
[2025-11-18T12:15:08.797Z] [INFO] Found 0 pending assignments to check for auto-rejection
[2025-11-18T12:16:08.807Z] [INFO] Found 0 pending assignments to check for auto-rejection
[2025-11-18T12:17:08.800Z] [INFO] Found 0 pending assignments to check for auto-rejection
[2025-11-18T12:18:08.837Z] [INFO] Found 0 pending assignments to check for auto-rejection
[2025-11-18T12:19:08.826Z] [INFO] Found 0 pending assignments to check for auto-rejection
[2025-11-18T12:20:08.853Z] [INFO] Found 0 pending assignments to check for auto-rejection
[2025-11-18T12:21:08.836Z] [INFO] Found 0 pending assignments to check for auto-rejection
[2025-11-18T12:22:08.847Z] [INFO] Found 0 pending assignments to check for auto-rejection
[2025-11-18T12:23:08.847Z] [INFO] Found 0 pending assignments to check for auto-rejection
[2025-11-18T12:24:08.853Z] [INFO] Found 0 pending assignments to check for auto-rejection
[2025-11-18T12:25:08.894Z] [INFO] Found 0 pending assignments to check for auto-rejection
[2025-11-18T12:26:04.627Z] [INFO] Cloudinary initialized successfully | {"cloud_name":"fixfly"}
[2025-11-18T12:26:05.206Z] [INFO] SMTP Email service initialized successfully | {"host":"smtp.gmail.com","port":587,"user":"fixfly.in@gmail.com"}
[2025-11-18T12:26:05.957Z] [INFO] Firebase Admin initialized from service account file
[2025-11-18T12:26:06.117Z] [INFO] Firebase Admin SDK initialized successfully
[2025-11-18T12:26:07.304Z] [INFO] Auto-reject service started - checking every minute for pending assignments
[2025-11-18T12:26:08.046Z] [INFO] SMTP connection verified successfully
[2025-11-18T12:26:11.701Z] [INFO] Cloudinary initialized successfully | {"cloud_name":"fixfly"}
[2025-11-18T12:26:11.864Z] [INFO] SMTP Email service initialized successfully | {"host":"smtp.gmail.com","port":587,"user":"fixfly.in@gmail.com"}
[2025-11-18T12:26:12.286Z] [INFO] Firebase Admin initialized from service account file
[2025-11-18T12:26:12.336Z] [INFO] Firebase Admin SDK initialized successfully
[2025-11-18T12:26:13.153Z] [INFO] Auto-reject service started - checking every minute for pending assignments
[2025-11-18T12:26:14.105Z] [INFO] SMTP connection verified successfully
[2025-11-18T12:27:13.214Z] [INFO] Found 0 pending assignments to check for auto-rejection
[2025-11-18T12:28:13.200Z] [INFO] Found 0 pending assignments to check for auto-rejection
[2025-11-18T12:29:13.217Z] [INFO] Found 0 pending assignments to check for auto-rejection
[2025-11-18T12:30:13.224Z] [INFO] Found 0 pending assignments to check for auto-rejection
[2025-11-18T12:31:13.245Z] [INFO] Found 0 pending assignments to check for auto-rejection
[2025-11-18T12:32:13.270Z] [INFO] Found 0 pending assignments to check for auto-rejection
[2025-11-18T12:33:13.292Z] [INFO] Found 0 pending assignments to check for auto-rejection
[2025-11-18T12:34:13.290Z] [INFO] Found 0 pending assignments to check for auto-rejection
[2025-11-18T12:38:22.699Z] [INFO] Customer bookings retrieved: 1 for panchalajay717@gmail.com | {"email":"panchalajay717@gmail.com","totalBookings":1,"page":1}
[2025-11-18T12:38:23.300Z] [INFO] FCM token saved for user 691c5fdccb3049d81ca4a69d (platform: web)
[2025-11-18T12:38:29.926Z] [INFO] Found 0 pending assignments to check for auto-rejection
[2025-11-18T12:39:29.807Z] [INFO] Found 0 pending assignments to check for auto-rejection
[2025-11-18T12:40:30.012Z] [INFO] Found 0 pending assignments to check for auto-rejection
[2025-11-18T12:41:29.942Z] [INFO] Found 0 pending assignments to check for auto-rejection
[2025-11-18T12:42:29.852Z] [INFO] Found 0 pending assignments to check for auto-rejection
[2025-11-18T12:43:29.935Z] [INFO] Found 0 pending assignments to check for auto-rejection
[2025-11-18T12:44:29.936Z] [INFO] Found 0 pending assignments to check for auto-rejection
[2025-11-18T12:45:30.812Z] [INFO] Found 0 pending assignments to check for auto-rejection
[2025-11-18T12:46:29.868Z] [INFO] Found 0 pending assignments to check for auto-rejection
[2025-11-18T12:47:29.856Z] [INFO] Found 0 pending assignments to check for auto-rejection
[2025-11-18T12:48:30.171Z] [INFO] Found 0 pending assignments to check for auto-rejection
[2025-11-18T12:49:30.066Z] [INFO] Found 0 pending assignments to check for auto-rejection
[2025-11-18T12:50:30.090Z] [INFO] Found 0 pending assignments to check for auto-rejection
[2025-11-18T12:51:30.209Z] [INFO] Found 0 pending assignments to check for auto-rejection
[2025-11-18T12:52:30.102Z] [INFO] Found 0 pending assignments to check for auto-rejection
[2025-11-18T12:53:30.210Z] [INFO] Found 0 pending assignments to check for auto-rejection
[2025-11-18T12:54:32.106Z] [INFO] Found 0 pending assignments to check for auto-rejection
[2025-11-18T12:55:31.629Z] [INFO] Found 0 pending assignments to check for auto-rejection
[2025-11-18T12:56:30.303Z] [INFO] Found 0 pending assignments to check for auto-rejection
[2025-11-18T12:57:30.079Z] [INFO] Found 0 pending assignments to check for auto-rejection
[2025-11-18T12:58:30.090Z] [INFO] Found 0 pending assignments to check for auto-rejection
[2025-11-18T12:59:31.352Z] [INFO] Found 0 pending assignments to check for auto-rejection
[2025-11-18T13:00:30.127Z] [INFO] Found 0 pending assignments to check for auto-rejection
[2025-11-18T13:01:30.220Z] [INFO] Found 0 pending assignments to check for auto-rejection
[2025-11-18T13:02:30.179Z] [INFO] Found 0 pending assignments to check for auto-rejection
[2025-11-18T13:03:30.402Z] [INFO] Found 0 pending assignments to check for auto-rejection
[2025-11-18T13:04:30.178Z] [INFO] Found 0 pending assignments to check for auto-rejection
[2025-11-18T13:05:30.188Z] [INFO] Found 0 pending assignments to check for auto-rejection
[2025-11-18T13:06:30.200Z] [INFO] Found 0 pending assignments to check for auto-rejection
[2025-11-18T17:45:12.197Z] [INFO] Cleaned 1 old log files
[2025-11-18T17:45:12.524Z] [INFO] Cloudinary initialized successfully | {"cloud_name":"fixfly"}
[2025-11-18T17:45:12.680Z] [INFO] SMTP Email service initialized successfully | {"host":"smtp.gmail.com","port":587,"user":"fixfly.in@gmail.com"}
[2025-11-18T17:45:12.884Z] [INFO] Firebase Admin initialized from service account file
[2025-11-18T17:45:12.975Z] [INFO] Firebase Admin SDK initialized successfully
[2025-11-18T17:45:13.882Z] [INFO] Auto-reject service started - checking every minute for pending assignments
[2025-11-18T17:45:15.240Z] [INFO] SMTP connection verified successfully
[2025-11-18T17:46:08.874Z] [INFO] Featured products retrieved: 3 | {"productNames":["Laptop | Desktop","Printer Repair","MacBook | Imac"]}
[2025-11-18T17:46:09.004Z] [INFO] Products by service type retrieved: 6 for Home Appliance | {"serviceType":"Home Appliance","productNames":["Fridge Repair","AC Repair","TV Repair","Washing Machine","Electricain","Plumber"]}
[2025-11-18T17:46:09.235Z] [INFO] All active products retrieved: 13 | {"featuredCount":3,"totalCount":13}
[2025-11-18T17:46:13.939Z] [INFO] Found 0 pending assignments to check for auto-rejection
[2025-11-18T17:47:13.955Z] [INFO] Found 0 pending assignments to check for auto-rejection
[2025-11-18T17:48:13.957Z] [INFO] Found 0 pending assignments to check for auto-rejection
[2025-11-18T17:49:13.976Z] [INFO] Found 0 pending assignments to check for auto-rejection
[2025-11-18T17:50:13.966Z] [INFO] Found 0 pending assignments to check for auto-rejection
[2025-11-18T17:51:14.106Z] [INFO] Found 0 pending assignments to check for auto-rejection
[2025-11-18T17:52:14.044Z] [INFO] Found 0 pending assignments to check for auto-rejection
[2025-11-18T17:53:14.030Z] [INFO] Found 0 pending assignments to check for auto-rejection
[2025-11-18T17:54:14.048Z] [INFO] Found 0 pending assignments to check for auto-rejection
[2025-11-18T17:55:14.036Z] [INFO] Found 0 pending assignments to check for auto-rejection
[2025-11-18T17:56:14.051Z] [INFO] Found 0 pending assignments to check for auto-rejection
[2025-11-18T17:57:14.052Z] [INFO] Found 0 pending assignments to check for auto-rejection
[2025-11-18T17:58:14.206Z] [INFO] Found 0 pending assignments to check for auto-rejection
[2025-11-18T17:59:14.059Z] [INFO] Found 0 pending assignments to check for auto-rejection
[2025-11-18T18:00:14.065Z] [INFO] Found 0 pending assignments to check for auto-rejection
[2025-11-18T18:01:14.071Z] [INFO] Found 0 pending assignments to check for auto-rejection
[2025-11-18T18:02:14.094Z] [INFO] Found 0 pending assignments to check for auto-rejection
[2025-11-18T18:03:14.093Z] [INFO] Found 0 pending assignments to check for auto-rejection
[2025-11-18T18:04:14.153Z] [INFO] Found 0 pending assignments to check for auto-rejection
[2025-11-18T18:05:14.127Z] [INFO] Found 0 pending assignments to check for auto-rejection
[2025-11-18T18:05:43.391Z] [INFO] Cloudinary initialized successfully | {"cloud_name":"fixfly"}
[2025-11-18T18:05:43.560Z] [INFO] SMTP Email service initialized successfully | {"host":"smtp.gmail.com","port":587,"user":"fixfly.in@gmail.com"}
[2025-11-18T18:05:43.857Z] [INFO] Firebase Admin initialized from service account file
[2025-11-18T18:05:43.915Z] [INFO] Firebase Admin SDK initialized successfully
[2025-11-18T18:05:45.036Z] [INFO] Auto-reject service started - checking every minute for pending assignments
[2025-11-18T18:05:46.185Z] [INFO] SMTP connection verified successfully
[2025-11-18T18:06:45.098Z] [INFO] Found 0 pending assignments to check for auto-rejection
[2025-11-18T18:07:45.093Z] [INFO] Found 0 pending assignments to check for auto-rejection
[2025-11-18T18:08:45.101Z] [INFO] Found 0 pending assignments to check for auto-rejection
[2025-11-18T18:09:45.108Z] [INFO] Found 0 pending assignments to check for auto-rejection
[2025-11-18T18:10:03.970Z] [INFO] Cloudinary initialized successfully | {"cloud_name":"fixfly"}
[2025-11-18T18:10:04.147Z] [INFO] SMTP Email service initialized successfully | {"host":"smtp.gmail.com","port":587,"user":"fixfly.in@gmail.com"}
[2025-11-18T18:10:04.389Z] [INFO] Firebase Admin initialized from service account file
[2025-11-18T18:10:04.477Z] [INFO] Firebase Admin SDK initialized successfully
[2025-11-18T18:10:05.440Z] [INFO] Auto-reject service started - checking every minute for pending assignments
[2025-11-18T18:10:06.895Z] [INFO] SMTP connection verified successfully
[2025-11-18T18:11:05.496Z] [INFO] Found 0 pending assignments to check for auto-rejection
[2025-11-18T18:12:05.470Z] [INFO] Found 0 pending assignments to check for auto-rejection
[2025-11-18T18:13:05.467Z] [INFO] Found 0 pending assignments to check for auto-rejection
[2025-11-18T18:14:05.467Z] [INFO] Found 0 pending assignments to check for auto-rejection
[2025-11-18T18:14:28.499Z] [INFO] Cloudinary initialized successfully | {"cloud_name":"fixfly"}
[2025-11-18T18:14:28.688Z] [INFO] SMTP Email service initialized successfully | {"host":"smtp.gmail.com","port":587,"user":"fixfly.in@gmail.com"}
[2025-11-18T18:14:28.929Z] [INFO] Firebase Admin initialized from service account file
[2025-11-18T18:14:29.001Z] [INFO] Firebase Admin SDK initialized successfully
[2025-11-18T18:14:29.900Z] [INFO] Auto-reject service started - checking every minute for pending assignments
[2025-11-18T18:14:31.356Z] [INFO] SMTP connection verified successfully
[2025-11-18T18:15:23.498Z] [INFO] Cloudinary initialized successfully | {"cloud_name":"fixfly"}
[2025-11-18T18:15:23.832Z] [INFO] SMTP Email service initialized successfully | {"host":"smtp.gmail.com","port":587,"user":"fixfly.in@gmail.com"}
[2025-11-18T18:15:24.550Z] [INFO] Firebase Admin initialized from service account file
[2025-11-18T18:15:24.713Z] [INFO] Firebase Admin SDK initialized successfully
[2025-11-18T18:15:28.145Z] [INFO] Cloudinary initialized successfully | {"cloud_name":"fixfly"}
[2025-11-18T18:15:28.550Z] [INFO] SMTP Email service initialized successfully | {"host":"smtp.gmail.com","port":587,"user":"fixfly.in@gmail.com"}
[2025-11-18T18:15:30.783Z] [INFO] Cloudinary initialized successfully | {"cloud_name":"fixfly"}
[2025-11-18T18:15:31.130Z] [INFO] SMTP Email service initialized successfully | {"host":"smtp.gmail.com","port":587,"user":"fixfly.in@gmail.com"}
[2025-11-18T18:15:31.789Z] [INFO] Firebase Admin initialized from service account file
[2025-11-18T18:15:31.855Z] [INFO] Firebase Admin SDK initialized successfully
[2025-11-18T18:15:32.745Z] [INFO] Auto-reject service started - checking every minute for pending assignments
[2025-11-18T18:15:34.293Z] [INFO] SMTP connection verified successfully
[2025-11-18T18:15:45.479Z] [INFO] Cloudinary initialized successfully | {"cloud_name":"fixfly"}
[2025-11-18T18:15:45.812Z] [INFO] SMTP Email service initialized successfully | {"host":"smtp.gmail.com","port":587,"user":"fixfly.in@gmail.com"}
[2025-11-18T18:15:46.220Z] [INFO] Firebase Admin initialized from service account file
[2025-11-18T18:15:46.280Z] [INFO] Firebase Admin SDK initialized successfully
[2025-11-18T18:15:47.092Z] [INFO] Auto-reject service started - checking every minute for pending assignments
[2025-11-18T18:15:49.362Z] [INFO] SMTP connection verified successfully
[2025-11-18T18:16:07.156Z] [INFO] Cloudinary initialized successfully | {"cloud_name":"fixfly"}
[2025-11-18T18:16:07.259Z] [INFO] SMTP Email service initialized successfully | {"host":"smtp.gmail.com","port":587,"user":"fixfly.in@gmail.com"}
[2025-11-18T18:16:07.443Z] [INFO] Firebase Admin initialized from service account file
[2025-11-18T18:16:07.509Z] [INFO] Firebase Admin SDK initialized successfully
[2025-11-18T18:16:08.294Z] [INFO] Auto-reject service started - checking every minute for pending assignments
[2025-11-18T18:16:10.329Z] [INFO] SMTP connection verified successfully
[2025-11-18T18:17:08.411Z] [INFO] Found 0 pending assignments to check for auto-rejection
[2025-11-18T18:18:08.375Z] [INFO] Found 0 pending assignments to check for auto-rejection
[2025-11-18T18:19:08.353Z] [INFO] Found 0 pending assignments to check for auto-rejection
[2025-11-18T18:20:08.402Z] [INFO] Found 0 pending assignments to check for auto-rejection
[2025-11-18T18:21:08.382Z] [INFO] Found 0 pending assignments to check for auto-rejection
[2025-11-18T18:21:36.909Z] [INFO] Cloudinary initialized successfully | {"cloud_name":"fixfly"}
[2025-11-18T18:21:37.020Z] [INFO] SMTP Email service initialized successfully | {"host":"smtp.gmail.com","port":587,"user":"fixfly.in@gmail.com"}
[2025-11-18T18:21:37.248Z] [INFO] Firebase Admin initialized from service account file
[2025-11-18T18:21:37.316Z] [INFO] Firebase Admin SDK initialized successfully
[2025-11-18T18:21:38.254Z] [INFO] Auto-reject service started - checking every minute for pending assignments
[2025-11-18T18:21:39.713Z] [INFO] SMTP connection verified successfully
[2025-11-18T18:22:00.116Z] [INFO] Featured products retrieved: 3 | {"productNames":["Laptop | Desktop","Printer Repair","MacBook | Imac"]}
[2025-11-18T18:22:00.150Z] [INFO] Products by service type retrieved: 6 for Home Appliance | {"serviceType":"Home Appliance","productNames":["Fridge Repair","AC Repair","TV Repair","Washing Machine","Electricain","Plumber"]}
[2025-11-18T18:22:00.311Z] [INFO] All active products retrieved: 13 | {"featuredCount":3,"totalCount":13}
[2025-11-18T18:22:38.341Z] [INFO] Found 0 pending assignments to check for auto-rejection
[2025-11-18T18:23:38.417Z] [INFO] Found 0 pending assignments to check for auto-rejection
[2025-11-18T18:24:38.335Z] [INFO] Found 0 pending assignments to check for auto-rejection
[2025-11-18T18:25:38.364Z] [INFO] Found 0 pending assignments to check for auto-rejection
[2025-11-18T18:26:38.356Z] [INFO] Found 0 pending assignments to check for auto-rejection
[2025-11-18T18:27:38.678Z] [INFO] Found 0 pending assignments to check for auto-rejection
[2025-11-18T18:28:38.380Z] [INFO] Found 0 pending assignments to check for auto-rejection
[2025-11-18T18:29:38.383Z] [INFO] Found 0 pending assignments to check for auto-rejection
[2025-11-18T18:30:01.142Z] [INFO] Cloudinary initialized successfully | {"cloud_name":"fixfly"}
[2025-11-18T18:30:01.332Z] [INFO] SMTP Email service initialized successfully | {"host":"smtp.gmail.com","port":587,"user":"fixfly.in@gmail.com"}
[2025-11-18T18:30:01.766Z] [INFO] Firebase Admin initialized from service account file
[2025-11-18T18:30:01.843Z] [INFO] Firebase Admin SDK initialized successfully
[2025-11-18T18:30:02.823Z] [INFO] Auto-reject service started - checking every minute for pending assignments
[2025-11-18T18:30:04.630Z] [INFO] SMTP connection verified successfully
[2025-11-18T18:30:22.975Z] [INFO] Starting OTP send process | {"phone":"7610416911"}
[2025-11-18T18:30:23.049Z] [INFO] Creating new user for OTP | {"phone":"7610416911"}
[2025-11-18T18:30:23.063Z] [INFO] Detected default test number, applying static OTP | {"phone":"7610416911"}
[2025-11-18T18:30:23.142Z] [INFO] Static OTP assigned and user saved | {"phone":"7610416911","userId":"691cbb3ff533c933b91a6b19"}
[2025-11-18T18:30:33.536Z] [INFO] FCM token saved for user 691cbb3ff533c933b91a6b19 (platform: web)
[2025-11-18T18:30:36.314Z] [INFO] Products by service type retrieved: 6 for Home Appliance | {"serviceType":"Home Appliance","productNames":["Fridge Repair","AC Repair","TV Repair","Washing Machine","Electricain","Plumber"]}
[2025-11-18T18:30:36.393Z] [INFO] Featured products retrieved: 3 | {"productNames":["Laptop | Desktop","Printer Repair","MacBook | Imac"]}
[2025-11-18T18:30:36.690Z] [INFO] All active products retrieved: 13 | {"featuredCount":3,"totalCount":13}
[2025-11-18T18:30:37.372Z] [INFO] FCM token saved for user 691cbb3ff533c933b91a6b19 (platform: web)
[2025-11-18T18:30:42.022Z] [INFO] Featured products retrieved: 3 | {"productNames":["Laptop | Desktop","Printer Repair","MacBook | Imac"]}
[2025-11-18T18:30:42.073Z] [INFO] Products by service type retrieved: 6 for Home Appliance | {"serviceType":"Home Appliance","productNames":["Fridge Repair","AC Repair","TV Repair","Washing Machine","Electricain","Plumber"]}
[2025-11-18T18:30:42.157Z] [INFO] All active products retrieved: 13 | {"featuredCount":3,"totalCount":13}
[2025-11-18T18:30:43.084Z] [INFO] FCM token saved for user 691cbb3ff533c933b91a6b19 (platform: web)
[2025-11-18T18:31:02.887Z] [INFO] Found 0 pending assignments to check for auto-rejection
[2025-11-18T18:32:02.879Z] [INFO] Found 0 pending assignments to check for auto-rejection
[2025-11-18T18:32:28.941Z] [INFO] Cloudinary initialized successfully | {"cloud_name":"fixfly"}
[2025-11-18T18:32:29.092Z] [INFO] SMTP Email service initialized successfully | {"host":"smtp.gmail.com","port":587,"user":"fixfly.in@gmail.com"}
[2025-11-18T18:32:29.462Z] [INFO] Firebase Admin initialized from service account file
[2025-11-18T18:32:29.545Z] [INFO] Firebase Admin SDK initialized successfully
[2025-11-18T18:32:30.483Z] [INFO] Auto-reject service started - checking every minute for pending assignments
[2025-11-18T18:32:31.814Z] [INFO] SMTP connection verified successfully
[2025-11-18T18:32:39.495Z] [INFO] Cloudinary initialized successfully | {"cloud_name":"fixfly"}
[2025-11-18T18:32:39.679Z] [INFO] SMTP Email service initialized successfully | {"host":"smtp.gmail.com","port":587,"user":"fixfly.in@gmail.com"}
[2025-11-18T18:32:39.948Z] [INFO] Firebase Admin initialized from service account file
[2025-11-18T18:32:40.033Z] [INFO] Firebase Admin SDK initialized successfully
[2025-11-18T18:32:41.045Z] [INFO] Auto-reject service started - checking every minute for pending assignments
[2025-11-18T18:32:42.539Z] [INFO] SMTP connection verified successfully
[2025-11-18T18:33:03.172Z] [INFO] Cloudinary initialized successfully | {"cloud_name":"fixfly"}
[2025-11-18T18:33:03.282Z] [INFO] SMTP Email service initialized successfully | {"host":"smtp.gmail.com","port":587,"user":"fixfly.in@gmail.com"}
[2025-11-18T18:33:03.933Z] [INFO] Firebase Admin initialized from service account file
[2025-11-18T18:33:03.993Z] [INFO] Firebase Admin SDK initialized successfully
[2025-11-18T18:33:04.709Z] [INFO] Auto-reject service started - checking every minute for pending assignments
[2025-11-18T18:33:06.203Z] [INFO] SMTP connection verified successfully
[2025-11-18T18:34:04.792Z] [INFO] Found 0 pending assignments to check for auto-rejection
[2025-11-18T18:34:13.367Z] [INFO] Cloudinary initialized successfully | {"cloud_name":"fixfly"}
[2025-11-18T18:34:13.505Z] [INFO] SMTP Email service initialized successfully | {"host":"smtp.gmail.com","port":587,"user":"fixfly.in@gmail.com"}
[2025-11-18T18:34:13.661Z] [INFO] Firebase Admin initialized from service account file
[2025-11-18T18:34:13.726Z] [INFO] Firebase Admin SDK initialized successfully
[2025-11-18T18:34:14.494Z] [INFO] Auto-reject service started - checking every minute for pending assignments
[2025-11-18T18:34:15.950Z] [INFO] SMTP connection verified successfully
[2025-11-18T18:34:54.396Z] [INFO] Featured products retrieved: 3 | {"productNames":["Laptop | Desktop","Printer Repair","MacBook | Imac"]}
[2025-11-18T18:34:54.409Z] [INFO] Products by service type retrieved: 6 for Home Appliance | {"serviceType":"Home Appliance","productNames":["Fridge Repair","AC Repair","TV Repair","Washing Machine","Electricain","Plumber"]}
[2025-11-18T18:34:54.587Z] [INFO] All active products retrieved: 13 | {"featuredCount":3,"totalCount":13}
[2025-11-18T18:35:14.550Z] [INFO] Found 0 pending assignments to check for auto-rejection
[2025-11-18T18:35:17.791Z] [INFO] Featured products retrieved: 3 | {"productNames":["Laptop | Desktop","Printer Repair","MacBook | Imac"]}
[2025-11-18T18:35:17.883Z] [INFO] Products by service type retrieved: 6 for Home Appliance | {"serviceType":"Home Appliance","productNames":["Fridge Repair","AC Repair","TV Repair","Washing Machine","Electricain","Plumber"]}
[2025-11-18T18:35:18.040Z] [INFO] All active products retrieved: 13 | {"featuredCount":3,"totalCount":13}
[2025-11-18T18:36:14.562Z] [INFO] Found 0 pending assignments to check for auto-rejection
[2025-11-18T18:36:15.438Z] [INFO] Featured products retrieved: 3 | {"productNames":["Laptop | Desktop","Printer Repair","MacBook | Imac"]}
[2025-11-18T18:36:15.444Z] [INFO] Products by service type retrieved: 6 for Home Appliance | {"serviceType":"Home Appliance","productNames":["Fridge Repair","AC Repair","TV Repair","Washing Machine","Electricain","Plumber"]}
[2025-11-18T18:36:15.547Z] [INFO] All active products retrieved: 13 | {"featuredCount":3,"totalCount":13}
[2025-11-18T18:36:41.397Z] [INFO] Starting OTP send process | {"phone":"7610416911"}
[2025-11-18T18:36:41.485Z] [INFO] User not found for OTP | {"phone":"7610416911"}
[2025-11-18T18:37:14.578Z] [INFO] Found 0 pending assignments to check for auto-rejection
[2025-11-18T18:38:14.585Z] [INFO] Found 0 pending assignments to check for auto-rejection
[2025-11-18T18:38:30.855Z] [INFO] Starting OTP send process | {"phone":"7610416911"}
[2025-11-18T18:38:30.909Z] [INFO] User not found for OTP | {"phone":"7610416911"}
[2025-11-18T18:39:14.597Z] [INFO] Found 0 pending assignments to check for auto-rejection
[2025-11-18T18:40:14.606Z] [INFO] Found 0 pending assignments to check for auto-rejection
[2025-11-18T18:41:14.621Z] [INFO] Found 0 pending assignments to check for auto-rejection
[2025-11-18T18:41:59.609Z] [INFO] Starting OTP send process | {"phone":"7610416911"}
[2025-11-18T18:41:59.649Z] [INFO] User not found for OTP | {"phone":"7610416911"}
[2025-11-18T18:42:14.619Z] [INFO] Found 0 pending assignments to check for auto-rejection
[2025-11-18T18:42:20.656Z] [INFO] Featured products retrieved: 3 | {"productNames":["Laptop | Desktop","Printer Repair","MacBook | Imac"]}
[2025-11-18T18:42:20.674Z] [INFO] Products by service type retrieved: 6 for Home Appliance | {"serviceType":"Home Appliance","productNames":["Fridge Repair","AC Repair","TV Repair","Washing Machine","Electricain","Plumber"]}
[2025-11-18T18:42:20.789Z] [INFO] All active products retrieved: 13 | {"featuredCount":3,"totalCount":13}
[2025-11-18T18:42:34.048Z] [INFO] Starting OTP send process | {"phone":"7610416911"}
[2025-11-18T18:42:34.113Z] [INFO] Existing user found with completed signup | {"userId":"691cbe0737edcf6161adb52c","phone":"7610416911"}
[2025-11-18T18:42:34.114Z] [INFO] Detected default test number, applying static OTP | {"phone":"7610416911"}
[2025-11-18T18:42:34.164Z] [INFO] Static OTP assigned and user saved | {"phone":"7610416911","userId":"691cbe0737edcf6161adb52c"}
[2025-11-18T18:42:38.762Z] [INFO] Featured products retrieved: 3 | {"productNames":["Laptop | Desktop","Printer Repair","MacBook | Imac"]}
[2025-11-18T18:42:38.777Z] [INFO] Products by service type retrieved: 6 for Home Appliance | {"serviceType":"Home Appliance","productNames":["Fridge Repair","AC Repair","TV Repair","Washing Machine","Electricain","Plumber"]}
[2025-11-18T18:42:38.915Z] [INFO] All active products retrieved: 13 | {"featuredCount":3,"totalCount":13}
[2025-11-18T18:42:43.722Z] [INFO] FCM token saved for user 691cbe0737edcf6161adb52c (platform: web)
[2025-11-18T18:43:14.670Z] [INFO] Found 0 pending assignments to check for auto-rejection
[2025-11-18T18:44:10.409Z] [INFO] Cloudinary initialized successfully | {"cloud_name":"fixfly"}
[2025-11-18T18:44:10.919Z] [INFO] SMTP Email service initialized successfully | {"host":"smtp.gmail.com","port":587,"user":"fixfly.in@gmail.com"}
[2025-11-18T18:44:11.430Z] [INFO] Firebase Admin initialized from service account file
[2025-11-18T18:44:11.517Z] [INFO] Firebase Admin SDK initialized successfully
[2025-11-18T18:44:13.746Z] [INFO] Auto-reject service started - checking every minute for pending assignments
[2025-11-18T18:44:14.338Z] [INFO] SMTP connection verified successfully
[2025-11-18T18:44:35.216Z] [INFO] Cloudinary initialized successfully | {"cloud_name":"fixfly"}
[2025-11-18T18:44:35.490Z] [INFO] SMTP Email service initialized successfully | {"host":"smtp.gmail.com","port":587,"user":"fixfly.in@gmail.com"}
[2025-11-18T18:44:35.809Z] [INFO] Firebase Admin initialized from service account file
[2025-11-18T18:44:35.864Z] [INFO] Firebase Admin SDK initialized successfully
[2025-11-18T18:44:37.212Z] [INFO] Auto-reject service started - checking every minute for pending assignments
[2025-11-18T18:44:39.222Z] [INFO] SMTP connection verified successfully
[2025-11-18T18:45:08.575Z] [INFO] Starting OTP send process | {"phone":"7610416911"}
[2025-11-18T18:45:08.658Z] [INFO] Existing user found with completed signup | {"userId":"691cbe0737edcf6161adb52c","phone":"7610416911"}
[2025-11-18T18:45:08.659Z] [INFO] Detected default test number, applying static OTP | {"phone":"7610416911"}
[2025-11-18T18:45:08.776Z] [INFO] Static OTP assigned and user saved | {"phone":"7610416911","userId":"691cbe0737edcf6161adb52c"}
[2025-11-18T18:45:12.986Z] [INFO] Products by service type retrieved: 6 for Home Appliance | {"serviceType":"Home Appliance","productNames":["Fridge Repair","AC Repair","TV Repair","Washing Machine","Electricain","Plumber"]}
[2025-11-18T18:45:13.079Z] [INFO] Featured products retrieved: 3 | {"productNames":["Laptop | Desktop","Printer Repair","MacBook | Imac"]}
[2025-11-18T18:45:13.331Z] [INFO] All active products retrieved: 13 | {"featuredCount":3,"totalCount":13}
[2025-11-18T18:45:18.620Z] [INFO] FCM token saved for user 691cbe0737edcf6161adb52c (platform: web)
[2025-11-18T18:45:37.271Z] [INFO] Found 0 pending assignments to check for auto-rejection
[2025-11-18T18:46:37.274Z] [INFO] Found 0 pending assignments to check for auto-rejection
[2025-11-18T18:47:37.269Z] [INFO] Found 0 pending assignments to check for auto-rejection
[2025-11-18T18:48:37.281Z] [INFO] Found 0 pending assignments to check for auto-rejection
[2025-11-18T18:49:37.312Z] [INFO] Found 0 pending assignments to check for auto-rejection
[2025-11-18T18:50:37.342Z] [INFO] Found 0 pending assignments to check for auto-rejection
[2025-11-18T18:51:37.327Z] [INFO] Found 0 pending assignments to check for auto-rejection
[2025-11-18T18:52:37.317Z] [INFO] Found 0 pending assignments to check for auto-rejection
[2025-11-18T18:53:37.349Z] [INFO] Found 0 pending assignments to check for auto-rejection
[2025-11-18T18:53:49.661Z] [INFO] Cloudinary initialized successfully | {"cloud_name":"fixfly"}
[2025-11-18T18:53:49.978Z] [INFO] SMTP Email service initialized successfully | {"host":"smtp.gmail.com","port":587,"user":"fixfly.in@gmail.com"}
[2025-11-18T18:53:50.561Z] [INFO] Firebase Admin initialized from service account file
[2025-11-18T18:53:50.703Z] [INFO] Firebase Admin SDK initialized successfully
[2025-11-18T18:53:51.842Z] [INFO] Auto-reject service started - checking every minute for pending assignments
[2025-11-18T18:53:53.828Z] [INFO] SMTP connection verified successfully
[2025-11-18T18:54:08.601Z] [INFO] Cloudinary initialized successfully | {"cloud_name":"fixfly"}
[2025-11-18T18:54:08.744Z] [INFO] SMTP Email service initialized successfully | {"host":"smtp.gmail.com","port":587,"user":"fixfly.in@gmail.com"}
[2025-11-18T18:54:08.964Z] [INFO] Firebase Admin initialized from service account file
[2025-11-18T18:54:08.996Z] [INFO] Firebase Admin SDK initialized successfully
[2025-11-18T18:54:09.820Z] [INFO] Auto-reject service started - checking every minute for pending assignments
[2025-11-18T18:54:11.263Z] [INFO] SMTP connection verified successfully
[2025-11-18T18:55:09.921Z] [INFO] Found 0 pending assignments to check for auto-rejection
[2025-11-18T18:55:22.120Z] [INFO] Cloudinary initialized successfully | {"cloud_name":"fixfly"}
[2025-11-18T18:55:22.385Z] [INFO] SMTP Email service initialized successfully | {"host":"smtp.gmail.com","port":587,"user":"fixfly.in@gmail.com"}
[2025-11-18T18:55:22.872Z] [INFO] Firebase Admin initialized from service account file
[2025-11-18T18:55:23.055Z] [INFO] Firebase Admin SDK initialized successfully
[2025-11-18T18:55:24.027Z] [INFO] Auto-reject service started - checking every minute for pending assignments
[2025-11-18T18:55:25.499Z] [INFO] SMTP connection verified successfully
[2025-11-18T18:55:29.393Z] [INFO] Verified saved tokens for user 691cbe0737edcf6161adb52c: 1 tokens
[2025-11-18T18:55:29.396Z] [INFO] FCM mobile token saved for user 691cbe0737edcf6161adb52c (phone: +917610416911, platform: android)
[2025-11-18T18:55:47.047Z] [INFO] Cloudinary initialized successfully | {"cloud_name":"fixfly"}
[2025-11-18T18:55:47.282Z] [INFO] SMTP Email service initialized successfully | {"host":"smtp.gmail.com","port":587,"user":"fixfly.in@gmail.com"}
[2025-11-18T18:55:47.642Z] [INFO] Firebase Admin initialized from service account file
[2025-11-18T18:55:47.825Z] [INFO] Firebase Admin SDK initialized successfully
[2025-11-18T18:55:48.789Z] [INFO] Auto-reject service started - checking every minute for pending assignments
[2025-11-18T18:55:50.294Z] [INFO] SMTP connection verified successfully
[2025-11-18T18:56:09.482Z] [INFO] Cloudinary initialized successfully | {"cloud_name":"fixfly"}
[2025-11-18T18:56:09.621Z] [INFO] SMTP Email service initialized successfully | {"host":"smtp.gmail.com","port":587,"user":"fixfly.in@gmail.com"}
[2025-11-18T18:56:09.824Z] [INFO] Firebase Admin initialized from service account file
[2025-11-18T18:56:09.880Z] [INFO] Firebase Admin SDK initialized successfully
[2025-11-18T18:56:10.586Z] [INFO] Auto-reject service started - checking every minute for pending assignments
[2025-11-18T18:56:12.085Z] [INFO] SMTP connection verified successfully
[2025-11-18T18:57:10.656Z] [INFO] Found 0 pending assignments to check for auto-rejection
[2025-11-18T18:58:10.653Z] [INFO] Found 0 pending assignments to check for auto-rejection
[2025-11-18T18:59:10.662Z] [INFO] Found 0 pending assignments to check for auto-rejection
[2025-11-18T19:00:10.665Z] [INFO] Found 0 pending assignments to check for auto-rejection
[2025-11-18T19:01:10.702Z] [INFO] Found 0 pending assignments to check for auto-rejection
[2025-11-18T19:01:22.619Z] [INFO] Featured products retrieved: 3 | {"productNames":["Laptop | Desktop","Printer Repair","MacBook | Imac"]}
[2025-11-18T19:01:22.750Z] [INFO] Products by service type retrieved: 6 for Home Appliance | {"serviceType":"Home Appliance","productNames":["Fridge Repair","AC Repair","TV Repair","Washing Machine","Electricain","Plumber"]}
[2025-11-18T19:01:23.233Z] [INFO] All active products retrieved: 13 | {"featuredCount":3,"totalCount":13}
[2025-11-18T19:02:10.701Z] [INFO] Found 0 pending assignments to check for auto-rejection
[2025-11-18T19:03:10.699Z] [INFO] Found 0 pending assignments to check for auto-rejection
