[2025-09-29T04:44:43.215Z] [INFO] Cleaned 2 old log files
[2025-09-29T04:44:43.217Z] [INFO] Cloudinary initialized successfully | {"cloud_name":"fixfly"}
[2025-09-29T04:44:43.450Z] [INFO] SMTP Email service initialized successfully | {"host":"smtp.gmail.com","port":587,"user":"fixfly.in@gmail.com"}
[2025-09-29T04:45:04.698Z] [INFO] Cloudinary initialized successfully | {"cloud_name":"fixfly"}
[2025-09-29T04:45:04.852Z] [INFO] SMTP Email service initialized successfully | {"host":"smtp.gmail.com","port":587,"user":"fixfly.in@gmail.com"}
[2025-09-29T04:46:59.099Z] [INFO] Cloudinary initialized successfully | {"cloud_name":"fixfly"}
[2025-09-29T04:46:59.560Z] [INFO] SMTP Email service initialized successfully | {"host":"smtp.gmail.com","port":587,"user":"fixfly.in@gmail.com"}
[2025-09-29T04:47:04.035Z] [INFO] SMTP connection verified successfully
[2025-09-29T04:47:45.303Z] [INFO] Featured products retrieved: 3 | {"productNames":["Laptop","Printers","Monitor"]}
[2025-09-29T04:47:45.316Z] [INFO] Products by service type retrieved: 1 for Home Appliance | {"serviceType":"Home Appliance","productNames":["Plumber"]}
[2025-09-29T04:47:45.562Z] [INFO] All active products retrieved: 4 | {"featuredCount":3,"totalCount":4}
[2025-09-29T05:06:25.129Z] [INFO] Vendor authentication attempt | {"tokenPrefix":"eyJhbGciOiJIUzI1NiIs...","tokenLength":179,"endpoint":"/api/support-tickets/vendor/assigned?"}
[2025-09-29T05:06:25.241Z] [INFO] Vendor authentication attempt | {"tokenPrefix":"eyJhbGciOiJIUzI1NiIs...","tokenLength":179,"endpoint":"/api/bookings/vendor/me"}
[2025-09-29T05:06:29.424Z] [INFO] Vendor authentication attempt | {"tokenPrefix":"eyJhbGciOiJIUzI1NiIs...","tokenLength":179,"endpoint":"/api/support-tickets/vendor/assigned?"}
[2025-09-29T05:06:29.575Z] [INFO] Admin authentication attempt | {"tokenPrefix":"eyJhbGciOiJIUzI1NiIs...","tokenLength":265,"endpoint":"/api/admin/dashboard"}
[2025-09-29T05:06:30.613Z] [INFO] Getting bookings for vendor | {"vendorId":"438","page":1,"limit":10}
[2025-09-29T05:06:30.620Z] [INFO] Booking query | {"query":{"vendor.vendorId":"438"}}
[2025-09-29T05:06:31.389Z] [INFO] Vendor bookings retrieved: 4 for vendor 438 | {"vendorId":"438","totalBookings":4,"page":1}
[2025-09-29T05:06:31.422Z] [INFO] Vendor authentication attempt | {"tokenPrefix":"eyJhbGciOiJIUzI1NiIs...","tokenLength":179,"endpoint":"/api/bookings/vendor/me"}
[2025-09-29T05:06:31.500Z] [INFO] Getting bookings for vendor | {"vendorId":"438","page":1,"limit":10}
[2025-09-29T05:06:31.502Z] [INFO] Booking query | {"query":{"vendor.vendorId":"438"}}
[2025-09-29T05:06:32.108Z] [INFO] Vendor bookings retrieved: 4 for vendor 438 | {"vendorId":"438","totalBookings":4,"page":1}
[2025-09-29T05:06:34.005Z] [INFO] Admin authentication attempt | {"tokenPrefix":"eyJhbGciOiJIUzI1NiIs...","tokenLength":265,"endpoint":"/api/admin/logout"}
[2025-09-29T05:06:45.680Z] [INFO] Admin logged in successfully | {"adminId":"ADMIN001","email":"panchalajay717@gmail.com","ip":"::1"}
[2025-09-29T05:06:45.770Z] [INFO] Admin authentication attempt | {"tokenPrefix":"eyJhbGciOiJIUzI1NiIs...","tokenLength":265,"endpoint":"/api/admin/dashboard"}
[2025-09-29T05:06:46.820Z] [INFO] Dashboard stats fetched successfully | {"adminId":"68ca7f8988ac97b4e9c16645","month":9,"year":2025}
[2025-09-29T05:06:52.819Z] [INFO] Admin authentication attempt | {"tokenPrefix":"eyJhbGciOiJIUzI1NiIs...","tokenLength":265,"endpoint":"/api/admin/cards?page=1&limit=20&sortBy=createdAt&sortOrder=desc"}
[2025-09-29T05:09:02.249Z] [INFO] Admin authentication attempt | {"tokenPrefix":"eyJhbGciOiJIUzI1NiIs...","tokenLength":265,"endpoint":"/api/admin/cards?page=1&limit=20&sortBy=createdAt&sortOrder=desc"}
[2025-09-29T05:09:06.310Z] [INFO] Admin authentication attempt | {"tokenPrefix":"eyJhbGciOiJIUzI1NiIs...","tokenLength":265,"endpoint":"/api/admin/cards?page=1&limit=20&sortBy=createdAt&sortOrder=desc"}
[2025-09-29T05:09:09.128Z] [INFO] Admin authentication attempt | {"tokenPrefix":"eyJhbGciOiJIUzI1NiIs...","tokenLength":265,"endpoint":"/api/admin/cards?page=1&limit=20&sortBy=createdAt&sortOrder=desc"}
[2025-09-29T05:09:11.726Z] [INFO] Admin authentication attempt | {"tokenPrefix":"eyJhbGciOiJIUzI1NiIs...","tokenLength":265,"endpoint":"/api/admin/cards?page=1&limit=20&sortBy=createdAt&sortOrder=desc"}
[2025-09-29T05:09:14.136Z] [INFO] Admin authentication attempt | {"tokenPrefix":"eyJhbGciOiJIUzI1NiIs...","tokenLength":265,"endpoint":"/api/admin/cards?page=1&limit=20&sortBy=createdAt&sortOrder=desc"}
[2025-09-29T05:09:17.123Z] [INFO] Admin authentication attempt | {"tokenPrefix":"eyJhbGciOiJIUzI1NiIs...","tokenLength":265,"endpoint":"/api/admin/cards?page=1&limit=20&sortBy=createdAt&sortOrder=desc"}
[2025-09-29T05:09:23.293Z] [INFO] Admin authentication attempt | {"tokenPrefix":"eyJhbGciOiJIUzI1NiIs...","tokenLength":265,"endpoint":"/api/admin/cards?page=1&limit=20&sortBy=createdAt&sortOrder=desc"}
[2025-09-29T05:09:26.814Z] [INFO] Admin authentication attempt | {"tokenPrefix":"eyJhbGciOiJIUzI1NiIs...","tokenLength":265,"endpoint":"/api/admin/cards?page=1&limit=20&sortBy=createdAt&sortOrder=desc"}
[2025-09-29T05:09:30.581Z] [INFO] Admin authentication attempt | {"tokenPrefix":"eyJhbGciOiJIUzI1NiIs...","tokenLength":265,"endpoint":"/api/admin/cards?page=1&limit=20&sortBy=createdAt&sortOrder=desc"}
[2025-09-29T05:10:01.467Z] [INFO] Cloudinary initialized successfully | {"cloud_name":"fixfly"}
[2025-09-29T05:10:11.136Z] [INFO] Cloudinary initialized successfully | {"cloud_name":"fixfly"}
[2025-09-29T05:10:13.007Z] [INFO] SMTP Email service initialized successfully | {"host":"smtp.gmail.com","port":587,"user":"fixfly.in@gmail.com"}
[2025-09-29T05:10:22.173Z] [INFO] Admin authentication attempt | {"tokenPrefix":"eyJhbGciOiJIUzI1NiIs...","tokenLength":265,"endpoint":"/api/admin/cards?page=1&limit=20&sortBy=createdAt&sortOrder=desc"}
[2025-09-29T05:10:24.842Z] [INFO] SMTP connection verified successfully
[2025-09-29T05:11:21.266Z] [INFO] Cloudinary initialized successfully | {"cloud_name":"fixfly"}
[2025-09-29T05:11:22.219Z] [INFO] SMTP Email service initialized successfully | {"host":"smtp.gmail.com","port":587,"user":"fixfly.in@gmail.com"}
[2025-09-29T05:11:31.699Z] [INFO] SMTP connection verified successfully
[2025-09-29T05:12:24.840Z] [INFO] Admin authentication attempt | {"tokenPrefix":"eyJhbGciOiJIUzI1NiIs...","tokenLength":265,"endpoint":"/api/admin/cards?page=1&limit=20&sortBy=createdAt&sortOrder=desc"}
[2025-09-29T05:19:00.423Z] [INFO] Products by service type retrieved: 1 for Home Appliance | {"serviceType":"Home Appliance","productNames":["Plumber"]}
[2025-09-29T05:19:00.688Z] [INFO] Featured products retrieved: 3 | {"productNames":["Laptop","Printers","Monitor"]}
[2025-09-29T05:19:00.802Z] [INFO] All active products retrieved: 4 | {"featuredCount":3,"totalCount":4}
[2025-09-29T05:22:19.294Z] [INFO] Featured products retrieved: 3 | {"productNames":["Laptop","Printers","Monitor"]}
[2025-09-29T05:22:19.495Z] [INFO] All active products retrieved: 4 | {"featuredCount":3,"totalCount":4}
[2025-09-29T05:22:20.061Z] [INFO] Products by service type retrieved: 1 for Home Appliance | {"serviceType":"Home Appliance","productNames":["Plumber"]}
[2025-09-29T05:22:28.346Z] [INFO] Featured products retrieved: 3 | {"productNames":["Laptop","Printers","Monitor"]}
[2025-09-29T05:22:28.510Z] [INFO] Products by service type retrieved: 1 for Home Appliance | {"serviceType":"Home Appliance","productNames":["Plumber"]}
[2025-09-29T05:22:28.680Z] [INFO] All active products retrieved: 4 | {"featuredCount":3,"totalCount":4}
[2025-09-29T05:24:26.337Z] [INFO] Featured products retrieved: 3 | {"productNames":["Laptop","Printers","Monitor"]}
[2025-09-29T05:24:26.417Z] [INFO] Products by service type retrieved: 1 for Home Appliance | {"serviceType":"Home Appliance","productNames":["Plumber"]}
[2025-09-29T05:24:26.717Z] [INFO] All active products retrieved: 4 | {"featuredCount":3,"totalCount":4}
[2025-09-29T05:25:30.890Z] [INFO] Admin authentication attempt | {"tokenPrefix":"eyJhbGciOiJIUzI1NiIs...","tokenLength":265,"endpoint":"/api/admin/cards/68cba51605224ea434e16a9a"}
[2025-09-29T05:25:31.465Z] [INFO] Deleting image from Cloudinary | {"public_id":"fixifly/card-images/rdwgaxlsqzb7mhf3vfgp"}
[2025-09-29T05:25:35.180Z] [INFO] Image deleted successfully | {"public_id":"fixifly/card-images/rdwgaxlsqzb7mhf3vfgp"}
[2025-09-29T05:25:35.182Z] [INFO] Card image deleted from Cloudinary | {"public_id":"fixifly/card-images/rdwgaxlsqzb7mhf3vfgp"}
[2025-09-29T05:25:35.474Z] [INFO] Card deleted | {"cardId":"68cba51605224ea434e16a9a","name":"Ankit Ahirwar","deletedBy":"68ca7f8988ac97b4e9c16645"}
[2025-09-29T05:25:35.489Z] [INFO] Admin authentication attempt | {"tokenPrefix":"eyJhbGciOiJIUzI1NiIs...","tokenLength":265,"endpoint":"/api/admin/cards?page=1&limit=20&sortBy=createdAt&sortOrder=desc"}
[2025-09-29T05:25:41.296Z] [INFO] Featured products retrieved: 3 | {"productNames":["Laptop","Printers","Monitor"]}
[2025-09-29T05:25:41.305Z] [INFO] Products by service type retrieved: 1 for Home Appliance | {"serviceType":"Home Appliance","productNames":["Plumber"]}
[2025-09-29T05:25:41.390Z] [INFO] All active products retrieved: 4 | {"featuredCount":3,"totalCount":4}
[2025-09-29T05:26:06.576Z] [INFO] Admin authentication attempt | {"tokenPrefix":"eyJhbGciOiJIUzI1NiIs...","tokenLength":265,"endpoint":"/api/admin/cards"}
[2025-09-29T05:26:11.865Z] [INFO] Image uploaded from buffer successfully | {"public_id":"fixifly/card-images/rdpnediqosrzkdzx7kvi","secure_url":"https://res.cloudinary.com/fixfly/image/upload/v1759123570/fixifly/card-images/rdpnediqosrzkdzx7kvi.jpg"}
[2025-09-29T05:26:11.868Z] [INFO] Card image uploaded to Cloudinary | {"public_id":"fixifly/card-images/rdpnediqosrzkdzx7kvi","secure_url":"https://res.cloudinary.com/fixfly/image/upload/v1759123570/fixifly/card-images/rdpnediqosrzkdzx7kvi.jpg"}
[2025-09-29T05:26:11.947Z] [INFO] New card created | {"cardId":"68da187334ed7d95155fd600","name":"Ankit Ahirwar","speciality":"Electronics Repair","createdBy":"68ca7f8988ac97b4e9c16645","imageUrl":"https://res.cloudinary.com/fixfly/image/upload/v1759123570/fixifly/card-images/rdpnediqosrzkdzx7kvi.jpg"}
[2025-09-29T05:26:11.980Z] [INFO] Admin authentication attempt | {"tokenPrefix":"eyJhbGciOiJIUzI1NiIs...","tokenLength":265,"endpoint":"/api/admin/cards?page=1&limit=20&sortBy=createdAt&sortOrder=desc"}
[2025-09-29T05:26:18.260Z] [INFO] Products by service type retrieved: 1 for Home Appliance | {"serviceType":"Home Appliance","productNames":["Plumber"]}
[2025-09-29T05:26:18.274Z] [INFO] Featured products retrieved: 3 | {"productNames":["Laptop","Printers","Monitor"]}
[2025-09-29T05:26:18.559Z] [INFO] All active products retrieved: 4 | {"featuredCount":3,"totalCount":4}
[2025-09-29T05:37:18.164Z] [INFO] Vendor authentication attempt | {"tokenPrefix":"eyJhbGciOiJIUzI1NiIs...","tokenLength":179,"endpoint":"/api/vendor/wallet"}
[2025-09-29T05:37:19.555Z] [INFO] Vendor authentication attempt | {"tokenPrefix":"eyJhbGciOiJIUzI1NiIs...","tokenLength":179,"endpoint":"/api/vendor/wallet"}
[2025-09-29T05:37:20.104Z] [INFO] Vendor authentication attempt | {"tokenPrefix":"eyJhbGciOiJIUzI1NiIs...","tokenLength":179,"endpoint":"/api/vendor/wallet"}
[2025-09-29T05:37:20.555Z] [INFO] Vendor authentication attempt | {"tokenPrefix":"eyJhbGciOiJIUzI1NiIs...","tokenLength":179,"endpoint":"/api/vendor/wallet"}
[2025-09-29T05:37:48.213Z] [INFO] Vendor authentication attempt | {"tokenPrefix":"eyJhbGciOiJIUzI1NiIs...","tokenLength":179,"endpoint":"/api/vendor/wallet"}
[2025-09-29T05:37:49.538Z] [INFO] Vendor authentication attempt | {"tokenPrefix":"eyJhbGciOiJIUzI1NiIs...","tokenLength":179,"endpoint":"/api/vendor/wallet"}
[2025-09-29T05:38:18.207Z] [INFO] Vendor authentication attempt | {"tokenPrefix":"eyJhbGciOiJIUzI1NiIs...","tokenLength":179,"endpoint":"/api/vendor/wallet"}
[2025-09-29T05:38:18.876Z] [INFO] Vendor authentication attempt | {"tokenPrefix":"eyJhbGciOiJIUzI1NiIs...","tokenLength":179,"endpoint":"/api/vendor/wallet"}
[2025-09-29T05:38:48.320Z] [INFO] Vendor authentication attempt | {"tokenPrefix":"eyJhbGciOiJIUzI1NiIs...","tokenLength":179,"endpoint":"/api/vendor/wallet"}
[2025-09-29T05:38:48.585Z] [INFO] Vendor authentication attempt | {"tokenPrefix":"eyJhbGciOiJIUzI1NiIs...","tokenLength":179,"endpoint":"/api/vendor/wallet"}
[2025-09-29T05:39:18.156Z] [INFO] Vendor authentication attempt | {"tokenPrefix":"eyJhbGciOiJIUzI1NiIs...","tokenLength":179,"endpoint":"/api/vendor/wallet"}
[2025-09-29T05:39:18.391Z] [INFO] Vendor authentication attempt | {"tokenPrefix":"eyJhbGciOiJIUzI1NiIs...","tokenLength":179,"endpoint":"/api/vendor/wallet"}
[2025-09-29T05:39:48.191Z] [INFO] Vendor authentication attempt | {"tokenPrefix":"eyJhbGciOiJIUzI1NiIs...","tokenLength":179,"endpoint":"/api/vendor/wallet"}
[2025-09-29T05:39:49.360Z] [INFO] Vendor authentication attempt | {"tokenPrefix":"eyJhbGciOiJIUzI1NiIs...","tokenLength":179,"endpoint":"/api/vendor/wallet"}
[2025-09-29T05:40:18.169Z] [INFO] Vendor authentication attempt | {"tokenPrefix":"eyJhbGciOiJIUzI1NiIs...","tokenLength":179,"endpoint":"/api/vendor/wallet"}
[2025-09-29T05:40:19.237Z] [INFO] Vendor authentication attempt | {"tokenPrefix":"eyJhbGciOiJIUzI1NiIs...","tokenLength":179,"endpoint":"/api/vendor/wallet"}
[2025-09-29T05:40:38.672Z] [INFO] Vendor authentication attempt | {"tokenPrefix":"eyJhbGciOiJIUzI1NiIs...","tokenLength":179,"endpoint":"/api/support-tickets/vendor/assigned?"}
[2025-09-29T05:40:38.686Z] [INFO] Vendor authentication attempt | {"tokenPrefix":"eyJhbGciOiJIUzI1NiIs...","tokenLength":179,"endpoint":"/api/bookings/vendor/me"}
[2025-09-29T05:40:38.809Z] [INFO] Getting bookings for vendor | {"vendorId":"438","page":1,"limit":10}
[2025-09-29T05:40:38.812Z] [INFO] Booking query | {"query":{"vendor.vendorId":"438"}}
[2025-09-29T05:40:39.166Z] [INFO] Vendor authentication attempt | {"tokenPrefix":"eyJhbGciOiJIUzI1NiIs...","tokenLength":179,"endpoint":"/api/support-tickets/vendor/assigned?"}
[2025-09-29T05:40:39.836Z] [INFO] Vendor bookings retrieved: 4 for vendor 438 | {"vendorId":"438","totalBookings":4,"page":1}
[2025-09-29T05:40:39.987Z] [INFO] Vendor authentication attempt | {"tokenPrefix":"eyJhbGciOiJIUzI1NiIs...","tokenLength":179,"endpoint":"/api/bookings/vendor/me"}
[2025-09-29T05:40:40.195Z] [INFO] Getting bookings for vendor | {"vendorId":"438","page":1,"limit":10}
[2025-09-29T05:40:40.196Z] [INFO] Booking query | {"query":{"vendor.vendorId":"438"}}
[2025-09-29T05:40:41.389Z] [INFO] Vendor bookings retrieved: 4 for vendor 438 | {"vendorId":"438","totalBookings":4,"page":1}
[2025-09-29T05:40:43.850Z] [INFO] Vendor authentication attempt | {"tokenPrefix":"eyJhbGciOiJIUzI1NiIs...","tokenLength":179,"endpoint":"/api/bookings/vendor/me"}
[2025-09-29T05:40:43.856Z] [INFO] Vendor authentication attempt | {"tokenPrefix":"eyJhbGciOiJIUzI1NiIs...","tokenLength":179,"endpoint":"/api/support-tickets/vendor/assigned?"}
[2025-09-29T05:40:44.107Z] [INFO] Getting bookings for vendor | {"vendorId":"438","page":1,"limit":10}
[2025-09-29T05:40:44.112Z] [INFO] Booking query | {"query":{"vendor.vendorId":"438"}}
[2025-09-29T05:40:45.570Z] [INFO] Vendor bookings retrieved: 4 for vendor 438 | {"vendorId":"438","totalBookings":4,"page":1}
[2025-09-29T05:40:46.964Z] [INFO] Vendor authentication attempt | {"tokenPrefix":"eyJhbGciOiJIUzI1NiIs...","tokenLength":179,"endpoint":"/api/bookings/vendor/me"}
[2025-09-29T05:40:46.971Z] [INFO] Vendor authentication attempt | {"tokenPrefix":"eyJhbGciOiJIUzI1NiIs...","tokenLength":179,"endpoint":"/api/support-tickets/vendor/assigned?"}
[2025-09-29T05:40:47.034Z] [INFO] Getting bookings for vendor | {"vendorId":"438","page":1,"limit":10}
[2025-09-29T05:40:47.036Z] [INFO] Booking query | {"query":{"vendor.vendorId":"438"}}
[2025-09-29T05:40:47.899Z] [INFO] Vendor bookings retrieved: 4 for vendor 438 | {"vendorId":"438","totalBookings":4,"page":1}
[2025-09-29T05:45:40.117Z] [INFO] Vendor authentication attempt | {"tokenPrefix":"eyJhbGciOiJIUzI1NiIs...","tokenLength":179,"endpoint":"/api/bookings/vendor/me"}
[2025-09-29T05:45:40.139Z] [INFO] Vendor authentication attempt | {"tokenPrefix":"eyJhbGciOiJIUzI1NiIs...","tokenLength":179,"endpoint":"/api/support-tickets/vendor/assigned?"}
[2025-09-29T05:45:40.189Z] [INFO] Getting bookings for vendor | {"vendorId":"438","page":1,"limit":10}
[2025-09-29T05:45:40.198Z] [INFO] Booking query | {"query":{"vendor.vendorId":"438"}}
[2025-09-29T05:45:40.981Z] [INFO] Vendor bookings retrieved: 4 for vendor 438 | {"vendorId":"438","totalBookings":4,"page":1}
[2025-09-29T05:45:43.036Z] [INFO] Vendor authentication attempt | {"tokenPrefix":"eyJhbGciOiJIUzI1NiIs...","tokenLength":179,"endpoint":"/api/bookings/vendor/me"}
[2025-09-29T05:45:43.056Z] [INFO] Vendor authentication attempt | {"tokenPrefix":"eyJhbGciOiJIUzI1NiIs...","tokenLength":179,"endpoint":"/api/support-tickets/vendor/assigned?"}
[2025-09-29T05:45:43.120Z] [INFO] Getting bookings for vendor | {"vendorId":"438","page":1,"limit":10}
[2025-09-29T05:45:43.121Z] [INFO] Booking query | {"query":{"vendor.vendorId":"438"}}
[2025-09-29T05:45:43.948Z] [INFO] Vendor bookings retrieved: 4 for vendor 438 | {"vendorId":"438","totalBookings":4,"page":1}
[2025-09-29T05:46:56.876Z] [INFO] Vendor authentication attempt | {"tokenPrefix":"eyJhbGciOiJIUzI1NiIs...","tokenLength":179,"endpoint":"/api/bookings/vendor/me"}
[2025-09-29T05:46:56.883Z] [INFO] Vendor authentication attempt | {"tokenPrefix":"eyJhbGciOiJIUzI1NiIs...","tokenLength":179,"endpoint":"/api/support-tickets/vendor/assigned?"}
[2025-09-29T05:46:57.012Z] [INFO] Getting bookings for vendor | {"vendorId":"438","page":1,"limit":10}
[2025-09-29T05:46:57.017Z] [INFO] Booking query | {"query":{"vendor.vendorId":"438"}}
[2025-09-29T05:46:58.733Z] [INFO] Vendor bookings retrieved: 4 for vendor 438 | {"vendorId":"438","totalBookings":4,"page":1}
[2025-09-29T05:47:02.907Z] [INFO] Vendor authentication attempt | {"tokenPrefix":"eyJhbGciOiJIUzI1NiIs...","tokenLength":179,"endpoint":"/api/bookings/vendor/me"}
[2025-09-29T05:47:02.915Z] [INFO] Vendor authentication attempt | {"tokenPrefix":"eyJhbGciOiJIUzI1NiIs...","tokenLength":179,"endpoint":"/api/support-tickets/vendor/assigned?"}
[2025-09-29T05:47:03.090Z] [INFO] Getting bookings for vendor | {"vendorId":"438","page":1,"limit":10}
[2025-09-29T05:47:03.096Z] [INFO] Booking query | {"query":{"vendor.vendorId":"438"}}
[2025-09-29T05:47:04.738Z] [INFO] Vendor bookings retrieved: 4 for vendor 438 | {"vendorId":"438","totalBookings":4,"page":1}
[2025-09-29T05:47:14.496Z] [INFO] Vendor authentication attempt | {"tokenPrefix":"eyJhbGciOiJIUzI1NiIs...","tokenLength":179,"endpoint":"/api/bookings/vendor/me"}
[2025-09-29T05:47:14.548Z] [INFO] Vendor authentication attempt | {"tokenPrefix":"eyJhbGciOiJIUzI1NiIs...","tokenLength":179,"endpoint":"/api/support-tickets/vendor/assigned?"}
[2025-09-29T05:47:14.752Z] [INFO] Getting bookings for vendor | {"vendorId":"438","page":1,"limit":10}
[2025-09-29T05:47:14.787Z] [INFO] Booking query | {"query":{"vendor.vendorId":"438"}}
[2025-09-29T05:47:16.545Z] [INFO] Vendor bookings retrieved: 4 for vendor 438 | {"vendorId":"438","totalBookings":4,"page":1}
[2025-09-29T05:47:29.506Z] [INFO] Vendor authentication attempt | {"tokenPrefix":"eyJhbGciOiJIUzI1NiIs...","tokenLength":179,"endpoint":"/api/bookings/vendor/me"}
[2025-09-29T05:47:29.524Z] [INFO] Vendor authentication attempt | {"tokenPrefix":"eyJhbGciOiJIUzI1NiIs...","tokenLength":179,"endpoint":"/api/support-tickets/vendor/assigned?"}
[2025-09-29T05:47:29.639Z] [INFO] Getting bookings for vendor | {"vendorId":"438","page":1,"limit":10}
[2025-09-29T05:47:29.643Z] [INFO] Booking query | {"query":{"vendor.vendorId":"438"}}
[2025-09-29T05:47:30.667Z] [INFO] Vendor bookings retrieved: 4 for vendor 438 | {"vendorId":"438","totalBookings":4,"page":1}
[2025-09-29T05:47:39.320Z] [INFO] Vendor authentication attempt | {"tokenPrefix":"eyJhbGciOiJIUzI1NiIs...","tokenLength":179,"endpoint":"/api/bookings/vendor/me"}
[2025-09-29T05:47:39.369Z] [INFO] Vendor authentication attempt | {"tokenPrefix":"eyJhbGciOiJIUzI1NiIs...","tokenLength":179,"endpoint":"/api/support-tickets/vendor/assigned?"}
[2025-09-29T05:47:39.405Z] [INFO] Getting bookings for vendor | {"vendorId":"438","page":1,"limit":10}
[2025-09-29T05:47:39.424Z] [INFO] Booking query | {"query":{"vendor.vendorId":"438"}}
[2025-09-29T05:47:40.412Z] [INFO] Vendor bookings retrieved: 4 for vendor 438 | {"vendorId":"438","totalBookings":4,"page":1}
[2025-09-29T05:47:49.369Z] [INFO] Vendor authentication attempt | {"tokenPrefix":"eyJhbGciOiJIUzI1NiIs...","tokenLength":179,"endpoint":"/api/bookings/vendor/me"}
[2025-09-29T05:47:49.387Z] [INFO] Vendor authentication attempt | {"tokenPrefix":"eyJhbGciOiJIUzI1NiIs...","tokenLength":179,"endpoint":"/api/support-tickets/vendor/assigned?"}
[2025-09-29T05:47:49.443Z] [INFO] Getting bookings for vendor | {"vendorId":"438","page":1,"limit":10}
[2025-09-29T05:47:49.449Z] [INFO] Booking query | {"query":{"vendor.vendorId":"438"}}
[2025-09-29T05:47:50.437Z] [INFO] Vendor bookings retrieved: 4 for vendor 438 | {"vendorId":"438","totalBookings":4,"page":1}
[2025-09-29T05:57:16.419Z] [INFO] Vendor authentication attempt | {"tokenPrefix":"eyJhbGciOiJIUzI1NiIs...","tokenLength":179,"endpoint":"/api/bookings/vendor/me"}
[2025-09-29T05:57:16.480Z] [INFO] Vendor authentication attempt | {"tokenPrefix":"eyJhbGciOiJIUzI1NiIs...","tokenLength":179,"endpoint":"/api/support-tickets/vendor/assigned?"}
[2025-09-29T05:57:16.800Z] [INFO] Getting bookings for vendor | {"vendorId":"438","page":1,"limit":10}
[2025-09-29T05:57:16.803Z] [INFO] Booking query | {"query":{"vendor.vendorId":"438"}}
[2025-09-29T05:57:17.016Z] [INFO] Vendor bookings retrieved: 0 for vendor 438 | {"vendorId":"438","totalBookings":0,"page":1}
[2025-09-29T05:57:19.176Z] [INFO] Vendor authentication attempt | {"tokenPrefix":"eyJhbGciOiJIUzI1NiIs...","tokenLength":179,"endpoint":"/api/bookings/vendor/me"}
[2025-09-29T05:57:19.209Z] [INFO] Vendor authentication attempt | {"tokenPrefix":"eyJhbGciOiJIUzI1NiIs...","tokenLength":179,"endpoint":"/api/support-tickets/vendor/assigned?"}
[2025-09-29T05:57:19.551Z] [INFO] Getting bookings for vendor | {"vendorId":"438","page":1,"limit":10}
[2025-09-29T05:57:19.559Z] [INFO] Booking query | {"query":{"vendor.vendorId":"438"}}
[2025-09-29T05:57:20.164Z] [INFO] Vendor bookings retrieved: 0 for vendor 438 | {"vendorId":"438","totalBookings":0,"page":1}
[2025-09-29T05:57:21.195Z] [INFO] Vendor authentication attempt | {"tokenPrefix":"eyJhbGciOiJIUzI1NiIs...","tokenLength":179,"endpoint":"/api/vendor/wallet"}
[2025-09-29T05:57:22.092Z] [INFO] Vendor authentication attempt | {"tokenPrefix":"eyJhbGciOiJIUzI1NiIs...","tokenLength":179,"endpoint":"/api/vendor/wallet"}
[2025-09-29T05:57:22.447Z] [INFO] Vendor authentication attempt | {"tokenPrefix":"eyJhbGciOiJIUzI1NiIs...","tokenLength":179,"endpoint":"/api/vendor/wallet"}
[2025-09-29T05:57:22.761Z] [INFO] Vendor authentication attempt | {"tokenPrefix":"eyJhbGciOiJIUzI1NiIs...","tokenLength":179,"endpoint":"/api/vendor/wallet"}
[2025-09-29T05:57:51.788Z] [INFO] Vendor authentication attempt | {"tokenPrefix":"eyJhbGciOiJIUzI1NiIs...","tokenLength":179,"endpoint":"/api/vendor/wallet"}
[2025-09-29T05:57:52.197Z] [INFO] Vendor authentication attempt | {"tokenPrefix":"eyJhbGciOiJIUzI1NiIs...","tokenLength":179,"endpoint":"/api/vendor/wallet"}
[2025-09-29T05:58:21.757Z] [INFO] Vendor authentication attempt | {"tokenPrefix":"eyJhbGciOiJIUzI1NiIs...","tokenLength":179,"endpoint":"/api/vendor/wallet"}
[2025-09-29T05:58:41.787Z] [INFO] Vendor authentication attempt | {"tokenPrefix":"eyJhbGciOiJIUzI1NiIs...","tokenLength":179,"endpoint":"/api/vendor/wallet"}
[2025-09-29T05:58:41.883Z] [WARN] Vendor not found for token | {"vendorId":"68d6266219daa6f59c640f56"}
[2025-09-29T05:58:45.055Z] [WARN] Vendor not found for token | {"vendorId":"68d6266219daa6f59c640f56"}
[2025-09-29T05:58:51.237Z] [INFO] Vendor authentication attempt | {"tokenPrefix":"eyJhbGciOiJIUzI1NiIs...","tokenLength":179,"endpoint":"/api/vendor/wallet"}
[2025-09-29T05:58:51.339Z] [WARN] Vendor not found for token | {"vendorId":"68d6266219daa6f59c640f56"}
[2025-09-29T05:58:51.374Z] [INFO] Vendor authentication attempt | {"tokenPrefix":"eyJhbGciOiJIUzI1NiIs...","tokenLength":179,"endpoint":"/api/vendor/wallet"}
[2025-09-29T05:58:51.469Z] [WARN] Vendor not found for token | {"vendorId":"68d6266219daa6f59c640f56"}
[2025-09-29T05:59:00.054Z] [INFO] Vendor authentication attempt | {"tokenPrefix":"eyJhbGciOiJIUzI1NiIs...","tokenLength":179,"endpoint":"/api/vendor/wallet"}
[2025-09-29T05:59:00.156Z] [WARN] Vendor not found for token | {"vendorId":"68d6266219daa6f59c640f56"}
[2025-09-29T05:59:00.235Z] [INFO] Vendor authentication attempt | {"tokenPrefix":"eyJhbGciOiJIUzI1NiIs...","tokenLength":179,"endpoint":"/api/vendor/wallet"}
[2025-09-29T05:59:00.431Z] [WARN] Vendor not found for token | {"vendorId":"68d6266219daa6f59c640f56"}
[2025-09-29T05:59:00.534Z] [INFO] Vendor authentication attempt | {"tokenPrefix":"eyJhbGciOiJIUzI1NiIs...","tokenLength":179,"endpoint":"/api/vendor/wallet"}
[2025-09-29T05:59:00.633Z] [WARN] Vendor not found for token | {"vendorId":"68d6266219daa6f59c640f56"}
[2025-09-29T05:59:00.652Z] [INFO] Vendor authentication attempt | {"tokenPrefix":"eyJhbGciOiJIUzI1NiIs...","tokenLength":179,"endpoint":"/api/vendor/wallet"}
[2025-09-29T05:59:00.881Z] [WARN] Vendor not found for token | {"vendorId":"68d6266219daa6f59c640f56"}
[2025-09-29T06:03:30.187Z] [INFO] Featured products retrieved: 3 | {"productNames":["Laptop","Printers","Monitor"]}
[2025-09-29T06:03:30.299Z] [INFO] All active products retrieved: 4 | {"featuredCount":3,"totalCount":4}
[2025-09-29T06:03:31.505Z] [INFO] Products by service type retrieved: 1 for Home Appliance | {"serviceType":"Home Appliance","productNames":["Plumber"]}
[2025-09-29T06:06:31.931Z] [INFO] Vendor registered successfully | {"vendorId":"68da21e634ed7d95155fd9c2","email":"panchalajay717@gmail.com","phone":"9752515091"}
[2025-09-29T06:06:39.143Z] [INFO] Admin authentication attempt | {"tokenPrefix":"eyJhbGciOiJIUzI1NiIs...","tokenLength":265,"endpoint":"/api/admin/vendors?page=1&limit=20&sortBy=createdAt&sortOrder=desc"}
[2025-09-29T06:06:39.154Z] [INFO] Admin authentication attempt | {"tokenPrefix":"eyJhbGciOiJIUzI1NiIs...","tokenLength":265,"endpoint":"/api/admin/vendors/stats"}
[2025-09-29T06:06:43.980Z] [INFO] Admin authentication attempt | {"tokenPrefix":"eyJhbGciOiJIUzI1NiIs...","tokenLength":265,"endpoint":"/api/admin/vendors/68da21e634ed7d95155fd9c2/status"}
[2025-09-29T06:06:44.345Z] [INFO] Sending email | {"to":"panchalajay717@gmail.com","subject":"Welcome to Fixifly - Your Account is Approved!","from":"Fixifly <fixfly.in@gmail.com>"}
[2025-09-29T06:06:55.496Z] [INFO] Email sent successfully | {"messageId":"<29db67f3-7aa1-fb2e-1ae3-79e9134ce072@gmail.com>","to":"panchalajay717@gmail.com","subject":"Welcome to Fixifly - Your Account is Approved!"}
[2025-09-29T06:06:55.498Z] [INFO] Vendor approval email sent successfully | {"vendorId":"68da21e634ed7d95155fd9c2","email":"panchalajay717@gmail.com"}
[2025-09-29T06:06:55.501Z] [INFO] Vendor approve by admin | {"vendorId":"68da21e634ed7d95155fd9c2","vendorEmail":"panchalajay717@gmail.com","action":"approve"}
[2025-09-29T06:06:55.535Z] [INFO] Admin authentication attempt | {"tokenPrefix":"eyJhbGciOiJIUzI1NiIs...","tokenLength":265,"endpoint":"/api/admin/vendors?page=1&limit=20&sortBy=createdAt&sortOrder=desc"}
[2025-09-29T06:06:59.254Z] [INFO] Admin authentication attempt | {"tokenPrefix":"eyJhbGciOiJIUzI1NiIs...","tokenLength":265,"endpoint":"/api/admin/logout"}
[2025-09-29T06:07:06.772Z] [INFO] Admin logged in successfully | {"adminId":"ADMIN001","email":"panchalajay717@gmail.com","ip":"::1"}
[2025-09-29T06:07:06.865Z] [INFO] Admin authentication attempt | {"tokenPrefix":"eyJhbGciOiJIUzI1NiIs...","tokenLength":265,"endpoint":"/api/admin/dashboard"}
[2025-09-29T06:07:08.901Z] [INFO] Admin authentication attempt | {"tokenPrefix":"eyJhbGciOiJIUzI1NiIs...","tokenLength":265,"endpoint":"/api/admin/vendors?page=1&limit=20&sortBy=createdAt&sortOrder=desc"}
[2025-09-29T06:07:08.913Z] [INFO] Admin authentication attempt | {"tokenPrefix":"eyJhbGciOiJIUzI1NiIs...","tokenLength":265,"endpoint":"/api/admin/vendors/stats"}
[2025-09-29T06:07:09.241Z] [INFO] Dashboard stats fetched successfully | {"adminId":"68ca7f8988ac97b4e9c16645","month":9,"year":2025}
[2025-09-29T06:07:19.048Z] [INFO] Vendor logged in successfully | {"vendorId":"68da21e634ed7d95155fd9c2","email":"panchalajay717@gmail.com"}
[2025-09-29T06:07:19.273Z] [INFO] Vendor authentication attempt | {"tokenPrefix":"eyJhbGciOiJIUzI1NiIs...","tokenLength":179,"endpoint":"/api/vendor/wallet"}
[2025-09-29T06:07:20.191Z] [INFO] Vendor authentication attempt | {"tokenPrefix":"eyJhbGciOiJIUzI1NiIs...","tokenLength":179,"endpoint":"/api/vendor/wallet"}
[2025-09-29T06:07:20.837Z] [INFO] Vendor authentication attempt | {"tokenPrefix":"eyJhbGciOiJIUzI1NiIs...","tokenLength":179,"endpoint":"/api/vendor/wallet"}
[2025-09-29T06:07:21.090Z] [INFO] Vendor authentication attempt | {"tokenPrefix":"eyJhbGciOiJIUzI1NiIs...","tokenLength":179,"endpoint":"/api/vendor/wallet"}
[2025-09-29T06:07:49.495Z] [INFO] Vendor authentication attempt | {"tokenPrefix":"eyJhbGciOiJIUzI1NiIs...","tokenLength":179,"endpoint":"/api/vendor/wallet"}
[2025-09-29T06:07:49.739Z] [INFO] Vendor authentication attempt | {"tokenPrefix":"eyJhbGciOiJIUzI1NiIs...","tokenLength":179,"endpoint":"/api/vendor/wallet"}
[2025-09-29T06:08:19.514Z] [INFO] Vendor authentication attempt | {"tokenPrefix":"eyJhbGciOiJIUzI1NiIs...","tokenLength":179,"endpoint":"/api/vendor/wallet"}
[2025-09-29T06:08:19.879Z] [INFO] Vendor authentication attempt | {"tokenPrefix":"eyJhbGciOiJIUzI1NiIs...","tokenLength":179,"endpoint":"/api/vendor/wallet"}
[2025-09-29T06:08:50.081Z] [INFO] Vendor authentication attempt | {"tokenPrefix":"eyJhbGciOiJIUzI1NiIs...","tokenLength":179,"endpoint":"/api/vendor/wallet"}
[2025-09-29T06:08:51.021Z] [INFO] Vendor authentication attempt | {"tokenPrefix":"eyJhbGciOiJIUzI1NiIs...","tokenLength":179,"endpoint":"/api/vendor/wallet"}
[2025-09-29T06:09:19.500Z] [INFO] Vendor authentication attempt | {"tokenPrefix":"eyJhbGciOiJIUzI1NiIs...","tokenLength":179,"endpoint":"/api/vendor/wallet"}
[2025-09-29T06:09:21.074Z] [INFO] Vendor authentication attempt | {"tokenPrefix":"eyJhbGciOiJIUzI1NiIs...","tokenLength":179,"endpoint":"/api/vendor/wallet"}
[2025-09-29T06:09:49.818Z] [INFO] Vendor authentication attempt | {"tokenPrefix":"eyJhbGciOiJIUzI1NiIs...","tokenLength":179,"endpoint":"/api/vendor/wallet"}
[2025-09-29T06:09:50.121Z] [INFO] Vendor authentication attempt | {"tokenPrefix":"eyJhbGciOiJIUzI1NiIs...","tokenLength":179,"endpoint":"/api/vendor/wallet"}
[2025-09-29T06:10:20.056Z] [INFO] Vendor authentication attempt | {"tokenPrefix":"eyJhbGciOiJIUzI1NiIs...","tokenLength":179,"endpoint":"/api/vendor/wallet"}
[2025-09-29T06:10:20.338Z] [INFO] Vendor authentication attempt | {"tokenPrefix":"eyJhbGciOiJIUzI1NiIs...","tokenLength":179,"endpoint":"/api/vendor/wallet"}
[2025-09-29T06:11:53.507Z] [INFO] Vendor authentication attempt | {"tokenPrefix":"eyJhbGciOiJIUzI1NiIs...","tokenLength":179,"endpoint":"/api/vendor/wallet"}
[2025-09-29T06:11:55.054Z] [INFO] Vendor authentication attempt | {"tokenPrefix":"eyJhbGciOiJIUzI1NiIs...","tokenLength":179,"endpoint":"/api/vendor/wallet"}
[2025-09-29T06:13:36.687Z] [INFO] Vendor authentication attempt | {"tokenPrefix":"eyJhbGciOiJIUzI1NiIs...","tokenLength":179,"endpoint":"/api/vendor/wallet"}
[2025-09-29T06:13:36.951Z] [INFO] Vendor authentication attempt | {"tokenPrefix":"eyJhbGciOiJIUzI1NiIs...","tokenLength":179,"endpoint":"/api/vendor/wallet"}
[2025-09-29T06:14:45.216Z] [INFO] Cloudinary initialized successfully | {"cloud_name":"fixfly"}
[2025-09-29T06:14:46.005Z] [INFO] SMTP Email service initialized successfully | {"host":"smtp.gmail.com","port":587,"user":"fixfly.in@gmail.com"}
[2025-09-29T06:14:53.235Z] [INFO] Cloudinary initialized successfully | {"cloud_name":"fixfly"}
[2025-09-29T06:14:53.513Z] [INFO] SMTP Email service initialized successfully | {"host":"smtp.gmail.com","port":587,"user":"fixfly.in@gmail.com"}
[2025-09-29T06:15:02.727Z] [INFO] Cloudinary initialized successfully | {"cloud_name":"fixfly"}
[2025-09-29T06:15:03.545Z] [INFO] SMTP Email service initialized successfully | {"host":"smtp.gmail.com","port":587,"user":"fixfly.in@gmail.com"}
[2025-09-29T06:15:11.862Z] [INFO] SMTP connection verified successfully
[2025-09-29T06:15:32.056Z] [INFO] Cloudinary initialized successfully | {"cloud_name":"fixfly"}
[2025-09-29T06:15:32.676Z] [INFO] SMTP Email service initialized successfully | {"host":"smtp.gmail.com","port":587,"user":"fixfly.in@gmail.com"}
[2025-09-29T06:15:35.310Z] [INFO] Cloudinary initialized successfully | {"cloud_name":"fixfly"}
[2025-09-29T06:15:35.582Z] [INFO] SMTP Email service initialized successfully | {"host":"smtp.gmail.com","port":587,"user":"fixfly.in@gmail.com"}
[2025-09-29T06:15:43.373Z] [INFO] SMTP connection verified successfully
[2025-09-29T06:16:09.232Z] [INFO] Cloudinary initialized successfully | {"cloud_name":"fixfly"}
[2025-09-29T06:16:09.399Z] [INFO] SMTP Email service initialized successfully | {"host":"smtp.gmail.com","port":587,"user":"fixfly.in@gmail.com"}
[2025-09-29T06:16:14.363Z] [INFO] Cloudinary initialized successfully | {"cloud_name":"fixfly"}
[2025-09-29T06:16:14.510Z] [INFO] SMTP Email service initialized successfully | {"host":"smtp.gmail.com","port":587,"user":"fixfly.in@gmail.com"}
[2025-09-29T06:16:22.151Z] [INFO] Cloudinary initialized successfully | {"cloud_name":"fixfly"}
[2025-09-29T06:16:22.360Z] [INFO] SMTP Email service initialized successfully | {"host":"smtp.gmail.com","port":587,"user":"fixfly.in@gmail.com"}
[2025-09-29T06:16:29.992Z] [INFO] SMTP connection verified successfully
[2025-09-29T06:16:58.264Z] [INFO] Cloudinary initialized successfully | {"cloud_name":"fixfly"}
[2025-09-29T06:16:58.489Z] [INFO] SMTP Email service initialized successfully | {"host":"smtp.gmail.com","port":587,"user":"fixfly.in@gmail.com"}
[2025-09-29T06:17:05.945Z] [INFO] SMTP connection verified successfully
[2025-09-29T06:17:09.756Z] [INFO] Vendor authentication attempt | {"tokenPrefix":"eyJhbGciOiJIUzI1NiIs...","tokenLength":179,"endpoint":"/api/vendor/wallet"}
[2025-09-29T06:17:09.995Z] [INFO] Vendor authentication attempt | {"tokenPrefix":"eyJhbGciOiJIUzI1NiIs...","tokenLength":179,"endpoint":"/api/vendor/wallet"}
[2025-09-29T06:17:19.725Z] [INFO] Vendor authentication attempt | {"tokenPrefix":"eyJhbGciOiJIUzI1NiIs...","tokenLength":179,"endpoint":"/api/vendor/wallet"}
[2025-09-29T06:17:19.940Z] [INFO] Vendor authentication attempt | {"tokenPrefix":"eyJhbGciOiJIUzI1NiIs...","tokenLength":179,"endpoint":"/api/vendor/wallet"}
[2025-09-29T06:17:52.827Z] [INFO] Cloudinary initialized successfully | {"cloud_name":"fixfly"}
[2025-09-29T06:17:53.171Z] [INFO] SMTP Email service initialized successfully | {"host":"smtp.gmail.com","port":587,"user":"fixfly.in@gmail.com"}
[2025-09-29T06:18:01.906Z] [INFO] SMTP connection verified successfully
[2025-09-29T06:18:06.954Z] [INFO] Cloudinary initialized successfully | {"cloud_name":"fixfly"}
[2025-09-29T06:18:07.154Z] [INFO] SMTP Email service initialized successfully | {"host":"smtp.gmail.com","port":587,"user":"fixfly.in@gmail.com"}
[2025-09-29T06:18:14.605Z] [INFO] SMTP connection verified successfully
[2025-09-29T06:18:17.373Z] [INFO] Cloudinary initialized successfully | {"cloud_name":"fixfly"}
[2025-09-29T06:18:17.575Z] [INFO] SMTP Email service initialized successfully | {"host":"smtp.gmail.com","port":587,"user":"fixfly.in@gmail.com"}
[2025-09-29T06:18:26.296Z] [INFO] SMTP connection verified successfully
[2025-09-29T06:18:33.032Z] [INFO] Cloudinary initialized successfully | {"cloud_name":"fixfly"}
[2025-09-29T06:18:33.192Z] [INFO] SMTP Email service initialized successfully | {"host":"smtp.gmail.com","port":587,"user":"fixfly.in@gmail.com"}
[2025-09-29T06:18:40.872Z] [INFO] SMTP connection verified successfully
[2025-09-29T06:19:15.029Z] [INFO] Cloudinary initialized successfully | {"cloud_name":"fixfly"}
[2025-09-29T06:19:15.235Z] [INFO] SMTP Email service initialized successfully | {"host":"smtp.gmail.com","port":587,"user":"fixfly.in@gmail.com"}
[2025-09-29T06:19:24.409Z] [INFO] SMTP connection verified successfully
[2025-09-29T06:20:15.958Z] [INFO] Cloudinary initialized successfully | {"cloud_name":"fixfly"}
[2025-09-29T06:20:16.080Z] [INFO] SMTP Email service initialized successfully | {"host":"smtp.gmail.com","port":587,"user":"fixfly.in@gmail.com"}
[2025-09-29T06:20:22.690Z] [INFO] Cloudinary initialized successfully | {"cloud_name":"fixfly"}
[2025-09-29T06:20:22.874Z] [INFO] SMTP Email service initialized successfully | {"host":"smtp.gmail.com","port":587,"user":"fixfly.in@gmail.com"}
[2025-09-29T06:20:30.588Z] [INFO] SMTP connection verified successfully
[2025-09-29T06:20:37.028Z] [INFO] Cloudinary initialized successfully | {"cloud_name":"fixfly"}
[2025-09-29T06:20:37.165Z] [INFO] SMTP Email service initialized successfully | {"host":"smtp.gmail.com","port":587,"user":"fixfly.in@gmail.com"}
[2025-09-29T06:20:42.833Z] [INFO] Cloudinary initialized successfully | {"cloud_name":"fixfly"}
[2025-09-29T06:20:42.957Z] [INFO] SMTP Email service initialized successfully | {"host":"smtp.gmail.com","port":587,"user":"fixfly.in@gmail.com"}
[2025-09-29T06:20:49.676Z] [INFO] Cloudinary initialized successfully | {"cloud_name":"fixfly"}
[2025-09-29T06:20:49.782Z] [INFO] SMTP Email service initialized successfully | {"host":"smtp.gmail.com","port":587,"user":"fixfly.in@gmail.com"}
[2025-09-29T06:20:57.285Z] [INFO] SMTP connection verified successfully
[2025-09-29T06:21:02.551Z] [INFO] Cloudinary initialized successfully | {"cloud_name":"fixfly"}
[2025-09-29T06:21:03.021Z] [INFO] SMTP Email service initialized successfully | {"host":"smtp.gmail.com","port":587,"user":"fixfly.in@gmail.com"}
[2025-09-29T06:21:11.485Z] [INFO] SMTP connection verified successfully
[2025-09-29T06:22:54.984Z] [INFO] Cloudinary initialized successfully | {"cloud_name":"fixfly"}
[2025-09-29T06:22:55.099Z] [INFO] SMTP Email service initialized successfully | {"host":"smtp.gmail.com","port":587,"user":"fixfly.in@gmail.com"}
[2025-09-29T06:23:04.815Z] [INFO] Cloudinary initialized successfully | {"cloud_name":"fixfly"}
[2025-09-29T06:23:05.081Z] [INFO] SMTP Email service initialized successfully | {"host":"smtp.gmail.com","port":587,"user":"fixfly.in@gmail.com"}
[2025-09-29T06:23:12.774Z] [INFO] SMTP connection verified successfully
[2025-09-29T06:23:37.929Z] [INFO] Cloudinary initialized successfully | {"cloud_name":"fixfly"}
[2025-09-29T06:23:38.144Z] [INFO] SMTP Email service initialized successfully | {"host":"smtp.gmail.com","port":587,"user":"fixfly.in@gmail.com"}
[2025-09-29T06:23:43.481Z] [INFO] Vendor authentication attempt | {"tokenPrefix":"eyJhbGciOiJIUzI1NiIs...","tokenLength":179,"endpoint":"/api/vendor/wallet"}
[2025-09-29T06:23:45.346Z] [INFO] Vendor authentication attempt | {"tokenPrefix":"eyJhbGciOiJIUzI1NiIs...","tokenLength":179,"endpoint":"/api/vendor/wallet"}
[2025-09-29T06:23:46.957Z] [INFO] SMTP connection verified successfully
[2025-09-29T06:24:02.340Z] [INFO] Cloudinary initialized successfully | {"cloud_name":"fixfly"}
[2025-09-29T06:24:02.436Z] [INFO] SMTP Email service initialized successfully | {"host":"smtp.gmail.com","port":587,"user":"fixfly.in@gmail.com"}
[2025-09-29T06:24:10.006Z] [INFO] SMTP connection verified successfully
[2025-09-29T06:24:29.802Z] [INFO] Vendor authentication attempt | {"tokenPrefix":"eyJhbGciOiJIUzI1NiIs...","tokenLength":179,"endpoint":"/api/vendor/wallet"}
[2025-09-29T06:24:30.092Z] [INFO] Vendor authentication attempt | {"tokenPrefix":"eyJhbGciOiJIUzI1NiIs...","tokenLength":179,"endpoint":"/api/vendor/wallet"}
[2025-09-29T06:24:33.916Z] [INFO] Vendor authentication attempt | {"tokenPrefix":"eyJhbGciOiJIUzI1NiIs...","tokenLength":179,"endpoint":"/api/vendor/wallet"}
[2025-09-29T06:24:34.296Z] [INFO] Vendor authentication attempt | {"tokenPrefix":"eyJhbGciOiJIUzI1NiIs...","tokenLength":179,"endpoint":"/api/vendor/wallet"}
[2025-09-29T06:24:34.539Z] [INFO] Vendor authentication attempt | {"tokenPrefix":"eyJhbGciOiJIUzI1NiIs...","tokenLength":179,"endpoint":"/api/vendor/wallet"}
[2025-09-29T06:24:34.899Z] [INFO] Vendor authentication attempt | {"tokenPrefix":"eyJhbGciOiJIUzI1NiIs...","tokenLength":179,"endpoint":"/api/vendor/wallet"}
[2025-09-29T06:25:04.747Z] [INFO] Vendor authentication attempt | {"tokenPrefix":"eyJhbGciOiJIUzI1NiIs...","tokenLength":179,"endpoint":"/api/vendor/wallet"}
[2025-09-29T06:25:04.973Z] [INFO] Vendor authentication attempt | {"tokenPrefix":"eyJhbGciOiJIUzI1NiIs...","tokenLength":179,"endpoint":"/api/vendor/wallet"}
[2025-09-29T06:25:34.746Z] [INFO] Vendor authentication attempt | {"tokenPrefix":"eyJhbGciOiJIUzI1NiIs...","tokenLength":179,"endpoint":"/api/vendor/wallet"}
[2025-09-29T06:25:35.007Z] [INFO] Vendor authentication attempt | {"tokenPrefix":"eyJhbGciOiJIUzI1NiIs...","tokenLength":179,"endpoint":"/api/vendor/wallet"}
[2025-09-29T06:26:04.752Z] [INFO] Vendor authentication attempt | {"tokenPrefix":"eyJhbGciOiJIUzI1NiIs...","tokenLength":179,"endpoint":"/api/vendor/wallet"}
[2025-09-29T06:26:05.002Z] [INFO] Vendor authentication attempt | {"tokenPrefix":"eyJhbGciOiJIUzI1NiIs...","tokenLength":179,"endpoint":"/api/vendor/wallet"}
[2025-09-29T06:26:32.281Z] [INFO] Cloudinary initialized successfully | {"cloud_name":"fixfly"}
[2025-09-29T06:26:32.909Z] [INFO] SMTP Email service initialized successfully | {"host":"smtp.gmail.com","port":587,"user":"fixfly.in@gmail.com"}
[2025-09-29T06:27:19.981Z] [INFO] Cloudinary initialized successfully | {"cloud_name":"fixfly"}
[2025-09-29T06:27:20.352Z] [INFO] SMTP Email service initialized successfully | {"host":"smtp.gmail.com","port":587,"user":"fixfly.in@gmail.com"}
[2025-09-29T06:27:29.129Z] [INFO] SMTP connection verified successfully
[2025-09-29T06:27:34.780Z] [INFO] Vendor authentication attempt | {"tokenPrefix":"eyJhbGciOiJIUzI1NiIs...","tokenLength":179,"endpoint":"/api/vendor/wallet"}
[2025-09-29T06:27:35.005Z] [INFO] Vendor authentication attempt | {"tokenPrefix":"eyJhbGciOiJIUzI1NiIs...","tokenLength":179,"endpoint":"/api/vendor/wallet"}
[2025-09-29T06:27:56.780Z] [INFO] Cloudinary initialized successfully | {"cloud_name":"fixfly"}
[2025-09-29T06:27:56.880Z] [INFO] SMTP Email service initialized successfully | {"host":"smtp.gmail.com","port":587,"user":"fixfly.in@gmail.com"}
[2025-09-29T06:28:04.402Z] [INFO] SMTP connection verified successfully
[2025-09-29T06:28:04.749Z] [INFO] Vendor authentication attempt | {"tokenPrefix":"eyJhbGciOiJIUzI1NiIs...","tokenLength":179,"endpoint":"/api/vendor/wallet"}
[2025-09-29T06:28:04.997Z] [INFO] Vendor authentication attempt | {"tokenPrefix":"eyJhbGciOiJIUzI1NiIs...","tokenLength":179,"endpoint":"/api/vendor/wallet"}
[2025-09-29T06:28:34.736Z] [INFO] Vendor authentication attempt | {"tokenPrefix":"eyJhbGciOiJIUzI1NiIs...","tokenLength":179,"endpoint":"/api/vendor/wallet"}
[2025-09-29T06:28:35.000Z] [INFO] Vendor authentication attempt | {"tokenPrefix":"eyJhbGciOiJIUzI1NiIs...","tokenLength":179,"endpoint":"/api/vendor/wallet"}
[2025-09-29T06:29:01.450Z] [INFO] Cloudinary initialized successfully | {"cloud_name":"fixfly"}
[2025-09-29T06:29:01.584Z] [INFO] SMTP Email service initialized successfully | {"host":"smtp.gmail.com","port":587,"user":"fixfly.in@gmail.com"}
[2025-09-29T06:29:05.031Z] [INFO] Vendor authentication attempt | {"tokenPrefix":"eyJhbGciOiJIUzI1NiIs...","tokenLength":179,"endpoint":"/api/vendor/wallet"}
[2025-09-29T06:29:06.773Z] [INFO] Vendor authentication attempt | {"tokenPrefix":"eyJhbGciOiJIUzI1NiIs...","tokenLength":179,"endpoint":"/api/vendor/wallet"}
[2025-09-29T06:29:09.218Z] [INFO] SMTP connection verified successfully
[2025-09-29T06:29:32.980Z] [INFO] Cloudinary initialized successfully | {"cloud_name":"fixfly"}
[2025-09-29T06:29:33.137Z] [INFO] SMTP Email service initialized successfully | {"host":"smtp.gmail.com","port":587,"user":"fixfly.in@gmail.com"}
[2025-09-29T06:29:35.534Z] [INFO] SMTP connection verified successfully
[2025-09-29T06:29:36.754Z] [INFO] Vendor authentication attempt | {"tokenPrefix":"eyJhbGciOiJIUzI1NiIs...","tokenLength":179,"endpoint":"/api/vendor/wallet"}
[2025-09-29T06:29:37.037Z] [INFO] Vendor authentication attempt | {"tokenPrefix":"eyJhbGciOiJIUzI1NiIs...","tokenLength":179,"endpoint":"/api/vendor/wallet"}
[2025-09-29T06:29:39.349Z] [INFO] Test info message | {"test":"data"}
[2025-09-29T06:29:45.411Z] [INFO] Logger test from auth context
[2025-09-29T06:29:50.222Z] [INFO] Cloudinary initialized successfully | {"cloud_name":"fixfly"}
[2025-09-29T06:29:50.347Z] [INFO] SMTP Email service initialized successfully | {"host":"smtp.gmail.com","port":587,"user":"fixfly.in@gmail.com"}
[2025-09-29T06:29:52.958Z] [INFO] SMTP connection verified successfully
[2025-09-29T06:30:07.781Z] [INFO] Starting OTP send process | {"phone":"9752515091"}
[2025-09-29T06:30:07.873Z] [INFO] Existing user found | {"userId":"68da214834ed7d95155fd9be","phone":"9752515091"}
[2025-09-29T06:30:07.875Z] [INFO] Generating OTP for real number | {"phone":"9752515091"}
[2025-09-29T06:30:07.955Z] [INFO] OTP generated and user saved | {"phone":"9752515091","userId":"68da214834ed7d95155fd9be"}
[2025-09-29T06:30:07.956Z] [INFO] Attempting to send SMS via SMS India Hub | {"phone":"9752515091"}
[2025-09-29T06:30:08.073Z] [INFO] SMS sending result | {"phone":"9752515091","success":true,"messageId":"dev-1759127408073","provider":"unknown"}
[2025-09-29T06:30:36.741Z] [INFO] Vendor authentication attempt | {"tokenPrefix":"eyJhbGciOiJIUzI1NiIs...","tokenLength":179,"endpoint":"/api/vendor/wallet"}
[2025-09-29T06:30:36.967Z] [INFO] Vendor authentication attempt | {"tokenPrefix":"eyJhbGciOiJIUzI1NiIs...","tokenLength":179,"endpoint":"/api/vendor/wallet"}
[2025-09-29T06:31:36.743Z] [INFO] Vendor authentication attempt | {"tokenPrefix":"eyJhbGciOiJIUzI1NiIs...","tokenLength":179,"endpoint":"/api/vendor/wallet"}
[2025-09-29T06:31:36.965Z] [INFO] Vendor authentication attempt | {"tokenPrefix":"eyJhbGciOiJIUzI1NiIs...","tokenLength":179,"endpoint":"/api/vendor/wallet"}
[2025-09-29T06:32:23.787Z] [INFO] Starting OTP send process | {"phone":"8889948896"}
[2025-09-29T06:32:23.870Z] [INFO] Creating new user for OTP | {"phone":"8889948896"}
[2025-09-29T06:32:23.871Z] [INFO] Generating OTP for real number | {"phone":"8889948896"}
[2025-09-29T06:32:23.958Z] [INFO] OTP generated and user saved | {"phone":"8889948896","userId":"68da27f7b52200e2b0fd3bf4"}
[2025-09-29T06:32:23.959Z] [INFO] Attempting to send SMS via SMS India Hub | {"phone":"8889948896"}
[2025-09-29T06:32:24.107Z] [INFO] SMS sending result | {"phone":"8889948896","success":true,"messageId":"dev-1759127544107","provider":"unknown"}
[2025-09-29T06:32:36.731Z] [INFO] Vendor authentication attempt | {"tokenPrefix":"eyJhbGciOiJIUzI1NiIs...","tokenLength":179,"endpoint":"/api/vendor/wallet"}
[2025-09-29T06:32:37.009Z] [INFO] Vendor authentication attempt | {"tokenPrefix":"eyJhbGciOiJIUzI1NiIs...","tokenLength":179,"endpoint":"/api/vendor/wallet"}
[2025-09-29T06:33:36.732Z] [INFO] Vendor authentication attempt | {"tokenPrefix":"eyJhbGciOiJIUzI1NiIs...","tokenLength":179,"endpoint":"/api/vendor/wallet"}
[2025-09-29T06:33:36.940Z] [INFO] Vendor authentication attempt | {"tokenPrefix":"eyJhbGciOiJIUzI1NiIs...","tokenLength":179,"endpoint":"/api/vendor/wallet"}
[2025-09-29T06:33:54.928Z] [INFO] Cloudinary initialized successfully | {"cloud_name":"fixfly"}
[2025-09-29T06:33:55.164Z] [INFO] SMTP Email service initialized successfully | {"host":"smtp.gmail.com","port":587,"user":"fixfly.in@gmail.com"}
[2025-09-29T06:34:02.951Z] [INFO] SMTP connection verified successfully
[2025-09-29T06:34:07.188Z] [INFO] Cloudinary initialized successfully | {"cloud_name":"fixfly"}
[2025-09-29T06:34:07.315Z] [INFO] SMTP Email service initialized successfully | {"host":"smtp.gmail.com","port":587,"user":"fixfly.in@gmail.com"}
[2025-09-29T06:34:14.798Z] [INFO] SMTP connection verified successfully
[2025-09-29T06:34:35.325Z] [INFO] Cloudinary initialized successfully | {"cloud_name":"fixfly"}
[2025-09-29T06:34:35.482Z] [INFO] SMTP Email service initialized successfully | {"host":"smtp.gmail.com","port":587,"user":"fixfly.in@gmail.com"}
[2025-09-29T06:34:39.024Z] [INFO] Vendor authentication attempt | {"tokenPrefix":"eyJhbGciOiJIUzI1NiIs...","tokenLength":179,"endpoint":"/api/vendor/wallet"}
[2025-09-29T06:34:40.256Z] [INFO] Vendor authentication attempt | {"tokenPrefix":"eyJhbGciOiJIUzI1NiIs...","tokenLength":179,"endpoint":"/api/vendor/wallet"}
[2025-09-29T06:34:43.108Z] [INFO] SMTP connection verified successfully
[2025-09-29T06:35:36.735Z] [INFO] Vendor authentication attempt | {"tokenPrefix":"eyJhbGciOiJIUzI1NiIs...","tokenLength":179,"endpoint":"/api/vendor/wallet"}
[2025-09-29T06:35:36.984Z] [INFO] Vendor authentication attempt | {"tokenPrefix":"eyJhbGciOiJIUzI1NiIs...","tokenLength":179,"endpoint":"/api/vendor/wallet"}
[2025-09-29T06:35:45.833Z] [INFO] Starting OTP send process | {"phone":"7610416911"}
[2025-09-29T06:35:45.932Z] [INFO] Creating new user for OTP | {"phone":"7610416911"}
[2025-09-29T06:35:45.948Z] [INFO] Using test phone number | {"phone":"7610416911"}
[2025-09-29T06:35:46.120Z] [INFO] Test OTP set | {"phone":"7610416911","otp":"110211"}
[2025-09-29T06:36:36.759Z] [INFO] Vendor authentication attempt | {"tokenPrefix":"eyJhbGciOiJIUzI1NiIs...","tokenLength":179,"endpoint":"/api/vendor/wallet"}
[2025-09-29T06:36:36.961Z] [INFO] Vendor authentication attempt | {"tokenPrefix":"eyJhbGciOiJIUzI1NiIs...","tokenLength":179,"endpoint":"/api/vendor/wallet"}
[2025-09-29T06:36:41.286Z] [INFO] Cloudinary initialized successfully | {"cloud_name":"fixfly"}
[2025-09-29T06:36:41.496Z] [INFO] SMTP Email service initialized successfully | {"host":"smtp.gmail.com","port":587,"user":"fixfly.in@gmail.com"}
[2025-09-29T06:36:46.746Z] [INFO] Cloudinary initialized successfully | {"cloud_name":"fixfly"}
[2025-09-29T06:36:46.966Z] [INFO] SMTP Email service initialized successfully | {"host":"smtp.gmail.com","port":587,"user":"fixfly.in@gmail.com"}
[2025-09-29T06:36:54.753Z] [INFO] SMTP connection verified successfully
[2025-09-29T06:37:36.770Z] [INFO] Vendor authentication attempt | {"tokenPrefix":"eyJhbGciOiJIUzI1NiIs...","tokenLength":179,"endpoint":"/api/vendor/wallet"}
[2025-09-29T06:37:37.566Z] [INFO] Vendor authentication attempt | {"tokenPrefix":"eyJhbGciOiJIUzI1NiIs...","tokenLength":179,"endpoint":"/api/vendor/wallet"}
[2025-09-29T06:37:59.770Z] [INFO] Cloudinary initialized successfully | {"cloud_name":"fixfly"}
[2025-09-29T06:37:59.945Z] [INFO] SMTP Email service initialized successfully | {"host":"smtp.gmail.com","port":587,"user":"fixfly.in@gmail.com"}
[2025-09-29T06:38:01.806Z] [INFO] Starting OTP send process | {"phone":"7610416911"}
[2025-09-29T06:38:02.524Z] [INFO] SMTP connection verified successfully
[2025-09-29T06:38:02.723Z] [INFO] Existing user found | {"userId":"68da28c13452ca32c0583232","phone":"7610416911"}
[2025-09-29T06:38:02.724Z] [INFO] Generating random OTP | {"phone":"7610416911"}
[2025-09-29T06:38:03.147Z] [INFO] OTP generated and user saved | {"phone":"7610416911","userId":"68da28c13452ca32c0583232"}
[2025-09-29T06:38:03.149Z] [INFO] Attempting to send SMS via SMS India Hub | {"phone":"7610416911"}
[2025-09-29T06:38:04.140Z] [INFO] SMS sending result | {"phone":"7610416911","success":true,"messageId":"dev-1759127884140","provider":"unknown"}
[2025-09-29T06:38:36.747Z] [INFO] Vendor authentication attempt | {"tokenPrefix":"eyJhbGciOiJIUzI1NiIs...","tokenLength":179,"endpoint":"/api/vendor/wallet"}
[2025-09-29T06:38:37.006Z] [INFO] Vendor authentication attempt | {"tokenPrefix":"eyJhbGciOiJIUzI1NiIs...","tokenLength":179,"endpoint":"/api/vendor/wallet"}
[2025-09-29T06:39:30.731Z] [INFO] Cloudinary initialized successfully | {"cloud_name":"fixfly"}
[2025-09-29T06:39:30.889Z] [INFO] SMTP Email service initialized successfully | {"host":"smtp.gmail.com","port":587,"user":"fixfly.in@gmail.com"}
[2025-09-29T06:39:33.519Z] [INFO] SMTP connection verified successfully
[2025-09-29T06:39:36.766Z] [INFO] Vendor authentication attempt | {"tokenPrefix":"eyJhbGciOiJIUzI1NiIs...","tokenLength":179,"endpoint":"/api/vendor/wallet"}
[2025-09-29T06:39:37.050Z] [INFO] Vendor authentication attempt | {"tokenPrefix":"eyJhbGciOiJIUzI1NiIs...","tokenLength":179,"endpoint":"/api/vendor/wallet"}
[2025-09-29T06:39:41.318Z] [INFO] Cloudinary initialized successfully | {"cloud_name":"fixfly"}
[2025-09-29T06:39:41.467Z] [INFO] SMTP Email service initialized successfully | {"host":"smtp.gmail.com","port":587,"user":"fixfly.in@gmail.com"}
[2025-09-29T06:39:43.935Z] [INFO] SMTP connection verified successfully
[2025-09-29T06:39:52.596Z] [INFO] Cloudinary initialized successfully | {"cloud_name":"fixfly"}
[2025-09-29T06:39:52.864Z] [INFO] SMTP Email service initialized successfully | {"host":"smtp.gmail.com","port":587,"user":"fixfly.in@gmail.com"}
[2025-09-29T06:39:55.976Z] [INFO] SMTP connection verified successfully
[2025-09-29T06:40:36.797Z] [INFO] Vendor authentication attempt | {"tokenPrefix":"eyJhbGciOiJIUzI1NiIs...","tokenLength":179,"endpoint":"/api/vendor/wallet"}
[2025-09-29T06:40:37.071Z] [INFO] Vendor authentication attempt | {"tokenPrefix":"eyJhbGciOiJIUzI1NiIs...","tokenLength":179,"endpoint":"/api/vendor/wallet"}
[2025-09-29T06:41:07.449Z] [INFO] Cloudinary initialized successfully | {"cloud_name":"fixfly"}
[2025-09-29T06:41:07.553Z] [INFO] SMTP Email service initialized successfully | {"host":"smtp.gmail.com","port":587,"user":"fixfly.in@gmail.com"}
[2025-09-29T06:41:09.989Z] [INFO] SMTP connection verified successfully
[2025-09-29T06:41:12.270Z] [INFO] Cloudinary initialized successfully | {"cloud_name":"fixfly"}
[2025-09-29T06:41:12.508Z] [INFO] SMTP Email service initialized successfully | {"host":"smtp.gmail.com","port":587,"user":"fixfly.in@gmail.com"}
[2025-09-29T06:41:15.039Z] [INFO] SMTP connection verified successfully
[2025-09-29T06:41:30.417Z] [INFO] Cloudinary initialized successfully | {"cloud_name":"fixfly"}
[2025-09-29T06:41:30.536Z] [INFO] SMTP Email service initialized successfully | {"host":"smtp.gmail.com","port":587,"user":"fixfly.in@gmail.com"}
[2025-09-29T06:41:32.917Z] [INFO] SMTP connection verified successfully
[2025-09-29T06:41:35.192Z] [INFO] Starting OTP send process | {"phone":"7610416911"}
[2025-09-29T06:41:35.319Z] [INFO] Existing user found | {"userId":"68da28c13452ca32c0583232","phone":"7610416911"}
[2025-09-29T06:41:35.337Z] [INFO] Generating random OTP | {"phone":"7610416911"}
[2025-09-29T06:41:35.449Z] [INFO] OTP generated and user saved | {"phone":"7610416911","userId":"68da28c13452ca32c0583232"}
[2025-09-29T06:41:35.453Z] [INFO] Attempting to send SMS via SMS India Hub | {"phone":"7610416911"}
[2025-09-29T06:41:36.291Z] [INFO] SMS sending result | {"phone":"7610416911","success":true,"messageId":"dev-1759128096290","provider":"unknown"}
[2025-09-29T06:41:36.754Z] [INFO] Vendor authentication attempt | {"tokenPrefix":"eyJhbGciOiJIUzI1NiIs...","tokenLength":179,"endpoint":"/api/vendor/wallet"}
[2025-09-29T06:41:36.990Z] [INFO] Vendor authentication attempt | {"tokenPrefix":"eyJhbGciOiJIUzI1NiIs...","tokenLength":179,"endpoint":"/api/vendor/wallet"}
[2025-09-29T06:42:28.709Z] [INFO] Cloudinary initialized successfully | {"cloud_name":"fixfly"}
[2025-09-29T06:42:28.947Z] [INFO] SMTP Email service initialized successfully | {"host":"smtp.gmail.com","port":587,"user":"fixfly.in@gmail.com"}
[2025-09-29T06:42:32.026Z] [INFO] SMTP connection verified successfully
[2025-09-29T06:42:34.452Z] [INFO] Starting OTP send process | {"phone":"7610416911"}
[2025-09-29T06:42:34.616Z] [INFO] Existing user found | {"userId":"68da28c13452ca32c0583232","phone":"7610416911"}
[2025-09-29T06:42:34.623Z] [INFO] Generating random OTP | {"phone":"7610416911"}
[2025-09-29T06:42:34.731Z] [INFO] OTP generated and user saved | {"phone":"7610416911","userId":"68da28c13452ca32c0583232"}
[2025-09-29T06:42:34.737Z] [INFO] Attempting to send SMS via SMS India Hub | {"phone":"7610416911"}
[2025-09-29T06:42:35.498Z] [INFO] SMS sending result | {"phone":"7610416911","success":true,"messageId":"dev-1759128155497","provider":"unknown"}
[2025-09-29T06:42:36.743Z] [INFO] Vendor authentication attempt | {"tokenPrefix":"eyJhbGciOiJIUzI1NiIs...","tokenLength":179,"endpoint":"/api/vendor/wallet"}
[2025-09-29T06:42:36.995Z] [INFO] Vendor authentication attempt | {"tokenPrefix":"eyJhbGciOiJIUzI1NiIs...","tokenLength":179,"endpoint":"/api/vendor/wallet"}
[2025-09-29T06:43:37.423Z] [INFO] Vendor authentication attempt | {"tokenPrefix":"eyJhbGciOiJIUzI1NiIs...","tokenLength":179,"endpoint":"/api/vendor/wallet"}
[2025-09-29T06:43:37.724Z] [INFO] Vendor authentication attempt | {"tokenPrefix":"eyJhbGciOiJIUzI1NiIs...","tokenLength":179,"endpoint":"/api/vendor/wallet"}
[2025-09-29T06:44:36.757Z] [INFO] Vendor authentication attempt | {"tokenPrefix":"eyJhbGciOiJIUzI1NiIs...","tokenLength":179,"endpoint":"/api/vendor/wallet"}
[2025-09-29T06:44:37.025Z] [INFO] Vendor authentication attempt | {"tokenPrefix":"eyJhbGciOiJIUzI1NiIs...","tokenLength":179,"endpoint":"/api/vendor/wallet"}
[2025-09-29T06:45:36.756Z] [INFO] Vendor authentication attempt | {"tokenPrefix":"eyJhbGciOiJIUzI1NiIs...","tokenLength":179,"endpoint":"/api/vendor/wallet"}
[2025-09-29T06:45:37.021Z] [INFO] Vendor authentication attempt | {"tokenPrefix":"eyJhbGciOiJIUzI1NiIs...","tokenLength":179,"endpoint":"/api/vendor/wallet"}
[2025-09-29T06:46:36.782Z] [INFO] Vendor authentication attempt | {"tokenPrefix":"eyJhbGciOiJIUzI1NiIs...","tokenLength":179,"endpoint":"/api/vendor/wallet"}
[2025-09-29T06:46:37.049Z] [INFO] Vendor authentication attempt | {"tokenPrefix":"eyJhbGciOiJIUzI1NiIs...","tokenLength":179,"endpoint":"/api/vendor/wallet"}
[2025-09-29T06:47:36.746Z] [INFO] Vendor authentication attempt | {"tokenPrefix":"eyJhbGciOiJIUzI1NiIs...","tokenLength":179,"endpoint":"/api/vendor/wallet"}
[2025-09-29T06:47:36.943Z] [INFO] Vendor authentication attempt | {"tokenPrefix":"eyJhbGciOiJIUzI1NiIs...","tokenLength":179,"endpoint":"/api/vendor/wallet"}
[2025-09-29T06:47:50.326Z] [INFO] Cloudinary initialized successfully | {"cloud_name":"fixfly"}
[2025-09-29T06:47:50.662Z] [INFO] SMTP Email service initialized successfully | {"host":"smtp.gmail.com","port":587,"user":"fixfly.in@gmail.com"}
[2025-09-29T06:47:58.332Z] [INFO] SMTP connection verified successfully
[2025-09-29T06:48:25.071Z] [INFO] Cloudinary initialized successfully | {"cloud_name":"fixfly"}
[2025-09-29T06:48:25.365Z] [INFO] SMTP Email service initialized successfully | {"host":"smtp.gmail.com","port":587,"user":"fixfly.in@gmail.com"}
[2025-09-29T06:48:33.059Z] [INFO] SMTP connection verified successfully
[2025-09-29T06:48:36.785Z] [INFO] Vendor authentication attempt | {"tokenPrefix":"eyJhbGciOiJIUzI1NiIs...","tokenLength":179,"endpoint":"/api/vendor/wallet"}
[2025-09-29T06:48:37.179Z] [INFO] Vendor authentication attempt | {"tokenPrefix":"eyJhbGciOiJIUzI1NiIs...","tokenLength":179,"endpoint":"/api/vendor/wallet"}
[2025-09-29T06:48:47.216Z] [INFO] Cloudinary initialized successfully | {"cloud_name":"fixfly"}
[2025-09-29T06:48:47.494Z] [INFO] SMTP Email service initialized successfully | {"host":"smtp.gmail.com","port":587,"user":"fixfly.in@gmail.com"}
[2025-09-29T06:48:51.044Z] [INFO] Starting OTP send process | {"phone":"7610416911"}
[2025-09-29T06:48:51.691Z] [INFO] Existing user found | {"userId":"68da28c13452ca32c0583232","phone":"7610416911"}
[2025-09-29T06:48:51.692Z] [INFO] Generating random OTP | {"phone":"7610416911"}
[2025-09-29T06:48:52.037Z] [INFO] OTP generated and user saved | {"phone":"7610416911","userId":"68da28c13452ca32c0583232"}
[2025-09-29T06:48:52.040Z] [INFO] Attempting to send SMS via SMS India Hub | {"phone":"7610416911"}
[2025-09-29T06:48:52.640Z] [INFO] SMS sending result | {"phone":"7610416911","success":true,"messageId":"dev-1759128532639","provider":"unknown"}
[2025-09-29T06:48:55.159Z] [INFO] SMTP connection verified successfully
[2025-09-29T06:49:18.757Z] [INFO] Cloudinary initialized successfully | {"cloud_name":"fixfly"}
[2025-09-29T06:49:18.915Z] [INFO] SMTP Email service initialized successfully | {"host":"smtp.gmail.com","port":587,"user":"fixfly.in@gmail.com"}
[2025-09-29T06:49:26.709Z] [INFO] SMTP connection verified successfully
[2025-09-29T06:49:36.748Z] [INFO] Vendor authentication attempt | {"tokenPrefix":"eyJhbGciOiJIUzI1NiIs...","tokenLength":179,"endpoint":"/api/vendor/wallet"}
[2025-09-29T06:49:37.019Z] [INFO] Vendor authentication attempt | {"tokenPrefix":"eyJhbGciOiJIUzI1NiIs...","tokenLength":179,"endpoint":"/api/vendor/wallet"}
[2025-09-29T06:50:36.735Z] [INFO] Vendor authentication attempt | {"tokenPrefix":"eyJhbGciOiJIUzI1NiIs...","tokenLength":179,"endpoint":"/api/vendor/wallet"}
[2025-09-29T06:50:36.954Z] [INFO] Vendor authentication attempt | {"tokenPrefix":"eyJhbGciOiJIUzI1NiIs...","tokenLength":179,"endpoint":"/api/vendor/wallet"}
[2025-09-29T06:51:54.239Z] [INFO] Vendor authentication attempt | {"tokenPrefix":"eyJhbGciOiJIUzI1NiIs...","tokenLength":179,"endpoint":"/api/vendor/wallet"}
[2025-09-29T06:51:54.578Z] [INFO] Vendor authentication attempt | {"tokenPrefix":"eyJhbGciOiJIUzI1NiIs...","tokenLength":179,"endpoint":"/api/vendor/wallet"}
[2025-09-29T06:53:18.078Z] [INFO] Cloudinary initialized successfully | {"cloud_name":"fixfly"}
[2025-09-29T06:53:19.381Z] [INFO] SMTP Email service initialized successfully | {"host":"smtp.gmail.com","port":587,"user":"fixfly.in@gmail.com"}
[2025-09-29T06:53:27.038Z] [INFO] Cloudinary initialized successfully | {"cloud_name":"fixfly"}
[2025-09-29T06:53:27.695Z] [INFO] SMTP Email service initialized successfully | {"host":"smtp.gmail.com","port":587,"user":"fixfly.in@gmail.com"}
[2025-09-29T06:53:35.577Z] [INFO] Cloudinary initialized successfully | {"cloud_name":"fixfly"}
[2025-09-29T06:53:36.212Z] [INFO] SMTP Email service initialized successfully | {"host":"smtp.gmail.com","port":587,"user":"fixfly.in@gmail.com"}
[2025-09-29T06:53:51.143Z] [INFO] Cloudinary initialized successfully | {"cloud_name":"fixfly"}
[2025-09-29T06:53:51.994Z] [INFO] SMTP Email service initialized successfully | {"host":"smtp.gmail.com","port":587,"user":"fixfly.in@gmail.com"}
[2025-09-29T06:54:09.510Z] [INFO] Cloudinary initialized successfully | {"cloud_name":"fixfly"}
[2025-09-29T06:54:09.817Z] [INFO] SMTP Email service initialized successfully | {"host":"smtp.gmail.com","port":587,"user":"fixfly.in@gmail.com"}
[2025-09-29T06:54:18.688Z] [INFO] SMTP connection verified successfully
[2025-09-29T06:54:40.086Z] [INFO] Cloudinary initialized successfully | {"cloud_name":"fixfly"}
[2025-09-29T06:54:40.550Z] [INFO] SMTP Email service initialized successfully | {"host":"smtp.gmail.com","port":587,"user":"fixfly.in@gmail.com"}
[2025-09-29T06:54:48.502Z] [INFO] Cloudinary initialized successfully | {"cloud_name":"fixfly"}
[2025-09-29T06:54:48.828Z] [INFO] SMTP Email service initialized successfully | {"host":"smtp.gmail.com","port":587,"user":"fixfly.in@gmail.com"}
[2025-09-29T06:54:56.087Z] [INFO] Starting OTP send process | {"phone":"7610416911"}
[2025-09-29T06:54:56.221Z] [INFO] Existing user found | {"userId":"68da28c13452ca32c0583232","phone":"7610416911"}
[2025-09-29T06:54:56.237Z] [INFO] Generating random OTP | {"phone":"7610416911"}
[2025-09-29T06:54:56.347Z] [INFO] OTP generated and user saved | {"phone":"7610416911","userId":"68da28c13452ca32c0583232"}
[2025-09-29T06:54:56.358Z] [INFO] Attempting to send SMS via SMS India Hub | {"phone":"7610416911"}
[2025-09-29T06:54:56.648Z] [INFO] SMS sending result | {"phone":"7610416911","success":true,"messageId":"sms_1759128896643","provider":"SMSIndia Hub"}
[2025-09-29T06:54:58.402Z] [INFO] SMTP connection verified successfully
[2025-09-29T06:55:15.623Z] [INFO] Featured products retrieved: 3 | {"productNames":["Laptop","Printers","Monitor"]}
[2025-09-29T06:55:15.702Z] [INFO] Products by service type retrieved: 1 for Home Appliance | {"serviceType":"Home Appliance","productNames":["Plumber"]}
[2025-09-29T06:55:16.114Z] [INFO] All active products retrieved: 4 | {"featuredCount":3,"totalCount":4}
[2025-09-29T06:55:48.278Z] [INFO] Cloudinary initialized successfully | {"cloud_name":"fixfly"}
[2025-09-29T06:55:48.530Z] [INFO] SMTP Email service initialized successfully | {"host":"smtp.gmail.com","port":587,"user":"fixfly.in@gmail.com"}
[2025-09-29T06:55:51.171Z] [INFO] SMTP connection verified successfully
[2025-09-29T06:56:08.999Z] [INFO] Starting OTP send process | {"phone":"7610416911"}
[2025-09-29T06:56:09.141Z] [INFO] Existing user found | {"userId":"68da28c13452ca32c0583232","phone":"7610416911"}
[2025-09-29T06:56:09.142Z] [INFO] Generating random OTP | {"phone":"7610416911"}
[2025-09-29T06:56:09.294Z] [INFO] OTP generated and user saved | {"phone":"7610416911","userId":"68da28c13452ca32c0583232"}
[2025-09-29T06:56:09.297Z] [INFO] Attempting to send SMS via SMS India Hub | {"phone":"7610416911"}
[2025-09-29T06:56:09.650Z] [INFO] SMS sending result | {"phone":"7610416911","success":true,"messageId":"sms_1759128969649","provider":"SMSIndia Hub"}
[2025-09-29T06:56:24.267Z] [INFO] Featured products retrieved: 3 | {"productNames":["Laptop","Printers","Monitor"]}
[2025-09-29T06:56:24.302Z] [INFO] Products by service type retrieved: 1 for Home Appliance | {"serviceType":"Home Appliance","productNames":["Plumber"]}
[2025-09-29T06:56:24.439Z] [INFO] All active products retrieved: 4 | {"featuredCount":3,"totalCount":4}
